2024-12-02 00:55:54,163 [INFO] Activator:176 - 


2024-12-02 00:55:54,166 [INFO] Activator:177 - !SESSION log4j initialized
2024-12-02 00:56:05,248 [INFO] LogOutputStream:77 - [STDOUT_REDIRECT] 
2024-12-02 00:56:16,223 [INFO] ApplicationProperties:184 - Using Application install path: C:\ST\STM32CubeIDE_1.15.1\STM32CubeIDE\plugins\com.st.stm32cube.common.mx_6.11.1.202404110753
2024-12-02 00:56:16,348 [INFO] DbMcusXml:78 - Set database path to: C:\ST\STM32CubeIDE_1.15.1\STM32CubeIDE\plugins\com.st.stm32cube.common.mx_6.11.1.202404110753\\db\/mcu/
2024-12-02 00:56:16,349 [INFO] ApiDb:274 - Set plugin database path to: C:\ST\STM32CubeIDE_1.15.1\STM32CubeIDE\plugins\com.st.stm32cube.common.mx_6.11.1.202404110753\\db\/plugins/boardmanager/
2024-12-02 00:56:16,349 [WARN] ApiDb:259 - Overriding images path with different value:  => C:\ST\STM32CubeIDE_1.15.1\STM32CubeIDE\plugins\com.st.stm32cube.common.mx_6.11.1.202404110753\\db\/plugins/mcufinder/images/
2024-12-02 00:56:16,517 [INFO] ApiDb:250 - Set database path to: C:\Users\marcelo\.stmcufinder\plugins\mcufinder//mcu/
2024-12-02 00:56:16,520 [INFO] DbMcusAds:125 - Set database path to: C:\Users\marcelo\.stmcufinder\plugins\mcufinder//mcu/
2024-12-02 00:56:16,527 [INFO] CrossReferenceDbSqlite:203 - Set database path to: C:\Users\marcelo\.stmcufinder\plugins\mcufinder//mcu/cs/
2024-12-02 00:56:16,867 [INFO] RulesReader:64 - Compatibility file has been processed (297 Rules)
2024-12-02 00:56:17,227 [INFO] DbMcusXml:78 - Set database path to: C:\ST\STM32CubeIDE_1.15.1\STM32CubeIDE\plugins\com.st.stm32cube.common.mx_6.11.1.202404110753\\db\/mcu/
2024-12-02 00:56:17,227 [INFO] ApiDb:274 - Set plugin database path to: C:\ST\STM32CubeIDE_1.15.1\STM32CubeIDE\plugins\com.st.stm32cube.common.mx_6.11.1.202404110753\\db\/plugins/boardmanager/
2024-12-02 00:56:17,227 [INFO] ApiDb:261 - Set plugin images path to: C:\ST\STM32CubeIDE_1.15.1\STM32CubeIDE\plugins\com.st.stm32cube.common.mx_6.11.1.202404110753\\db\/plugins/mcufinder/images/
2024-12-02 00:56:17,228 [WARN] DbFile:41 - Overriding database path with different value: C:\Users\marcelo\.stmcufinder\plugins\mcufinder/ => C:\Users\marcelo\.stmcufinder\plugins\mcufinder
2024-12-02 00:56:17,228 [INFO] ApiDb:250 - Set database path to: C:\Users\marcelo\.stmcufinder\plugins\mcufinder//mcu/
2024-12-02 00:56:17,228 [WARN] DbFile:41 - Overriding database path with different value: C:\Users\marcelo\.stmcufinder\plugins\mcufinder/ => C:\Users\marcelo\.stmcufinder\plugins\mcufinder
2024-12-02 00:56:17,228 [INFO] DbMcusAds:125 - Set database path to: C:\Users\marcelo\.stmcufinder\plugins\mcufinder//mcu/
2024-12-02 00:56:17,228 [WARN] DbFile:41 - Overriding database path with different value: C:\Users\marcelo\.stmcufinder\plugins\mcufinder/ => C:\Users\marcelo\.stmcufinder\plugins\mcufinder
2024-12-02 00:56:17,228 [WARN] DbFile:41 - Overriding database path with different value: C:\Users\marcelo\.stmcufinder\plugins\mcufinder/ => C:\Users\marcelo\.stmcufinder\plugins\mcufinder
2024-12-02 00:56:17,229 [INFO] CrossReferenceDbSqlite:203 - Set database path to: C:\Users\marcelo\.stmcufinder\plugins\mcufinder//mcu/cs/
2024-12-02 00:56:17,708 [INFO] MainPanel:264 - HeapMemory: 268435456
2024-12-02 00:56:18,443 [INFO] DbMcusXml:78 - Set database path to: C:\ST\STM32CubeIDE_1.15.1\STM32CubeIDE\plugins\com.st.stm32cube.common.mx_6.11.1.202404110753\\db\/mcu/
2024-12-02 00:56:18,444 [INFO] ApiDb:274 - Set plugin database path to: C:\ST\STM32CubeIDE_1.15.1\STM32CubeIDE\plugins\com.st.stm32cube.common.mx_6.11.1.202404110753\\db\/plugins/boardmanager/
2024-12-02 00:56:18,444 [INFO] ApiDb:261 - Set plugin images path to: C:\ST\STM32CubeIDE_1.15.1\STM32CubeIDE\plugins\com.st.stm32cube.common.mx_6.11.1.202404110753\\db\/plugins/mcufinder/images/
2024-12-02 00:56:18,445 [WARN] DbFile:41 - Overriding database path with different value: C:\Users\marcelo\.stmcufinder\plugins\mcufinder/ => C:\Users\marcelo\.stmcufinder\plugins\mcufinder
2024-12-02 00:56:18,445 [INFO] ApiDb:250 - Set database path to: C:\Users\marcelo\.stmcufinder\plugins\mcufinder//mcu/
2024-12-02 00:56:18,445 [WARN] DbFile:41 - Overriding database path with different value: C:\Users\marcelo\.stmcufinder\plugins\mcufinder/ => C:\Users\marcelo\.stmcufinder\plugins\mcufinder
2024-12-02 00:56:18,445 [INFO] DbMcusAds:125 - Set database path to: C:\Users\marcelo\.stmcufinder\plugins\mcufinder//mcu/
2024-12-02 00:56:18,445 [WARN] DbFile:41 - Overriding database path with different value: C:\Users\marcelo\.stmcufinder\plugins\mcufinder/ => C:\Users\marcelo\.stmcufinder\plugins\mcufinder
2024-12-02 00:56:18,445 [WARN] DbFile:41 - Overriding database path with different value: C:\Users\marcelo\.stmcufinder\plugins\mcufinder/ => C:\Users\marcelo\.stmcufinder\plugins\mcufinder
2024-12-02 00:56:18,446 [INFO] CrossReferenceDbSqlite:203 - Set database path to: C:\Users\marcelo\.stmcufinder\plugins\mcufinder//mcu/cs/
2024-12-02 00:56:18,555 [INFO] ApplicationProperties:184 - Using Application install path: C:\ST\STM32CubeIDE_1.15.1\STM32CubeIDE\plugins\com.st.stm32cube.common.mx_6.11.1.202404110753
2024-12-02 00:56:18,604 [INFO] PluginManage:196 - Search for loadable plugins [exclusion list=, ]
2024-12-02 00:56:18,620 [INFO] PluginManage:310 - Check plugin analytics
2024-12-02 00:56:23,635 [INFO] AnalyticsPlugin:253 - Accepted Software Licenses: STM32CubeMX.5.6.1
2024-12-02 00:56:23,636 [INFO] AnalyticsPlugin:255 - Accepted CMSIS Pack Licenses: 
2024-12-02 00:56:23,636 [INFO] AnalyticsPlugin:257 - Accepted Firmware Licenses: 
2024-12-02 00:56:23,641 [INFO] PluginManage:359 - Loaded plugin analytics (category:tool,tabindex:-1)
2024-12-02 00:56:23,641 [INFO] PluginManage:310 - Check plugin cadmodel
2024-12-02 00:56:23,752 [INFO] CADModel:105 - Init CAD model plugin
2024-12-02 00:56:23,753 [INFO] PluginManage:359 - Loaded plugin cadmodel (category:power,tabindex:5)
2024-12-02 00:56:23,753 [INFO] PluginManage:310 - Check plugin clock
2024-12-02 00:56:23,895 [INFO] PluginManage:359 - Loaded plugin clock (category:base,tabindex:2)
2024-12-02 00:56:23,896 [INFO] PluginManage:310 - Check plugin ddr
2024-12-02 00:56:23,939 [INFO] PluginManage:359 - Loaded plugin ddr (category:tool,tabindex:6)
2024-12-02 00:56:23,941 [INFO] PluginManage:310 - Check plugin filemanager
2024-12-02 00:56:24,446 [INFO] PluginManage:359 - Loaded plugin filemanager (category:base,tabindex:10)
2024-12-02 00:56:24,446 [INFO] PluginManage:310 - Check plugin ipmanager
2024-12-02 00:56:24,504 [INFO] PluginManage:359 - Loaded plugin ipmanager (category:base,tabindex:5)
2024-12-02 00:56:24,504 [INFO] PluginManage:310 - Check plugin lpbam
2024-12-02 00:56:24,546 [INFO] PluginManage:359 - Loaded plugin lpbam (category:base,tabindex:0)
2024-12-02 00:56:24,546 [INFO] PluginManage:310 - Check plugin memorymap
2024-12-02 00:56:24,659 [INFO] PluginManage:359 - Loaded plugin memorymap (category:base,tabindex:4)
2024-12-02 00:56:24,659 [INFO] PluginManage:310 - Check plugin pinoutandconfiguration
2024-12-02 00:56:24,703 [INFO] PluginManage:359 - Loaded plugin pinoutandconfiguration (category:base,tabindex:1)
2024-12-02 00:56:24,703 [INFO] PluginManage:310 - Check plugin pinoutconfig
2024-12-02 00:56:24,966 [WARN] SupportedApi:132 - Cannot load RTOS API schema: s4s-elt-must-match.1: The content of 'definitions' must match (annotation?, (simpleType | complexType)?, (unique | key | keyref)*)). A problem was found starting at: attribute.
2024-12-02 00:56:25,234 [INFO] PluginManage:359 - Loaded plugin pinoutconfig (category:base,tabindex:0)
2024-12-02 00:56:25,234 [INFO] PluginManage:310 - Check plugin power
2024-12-02 00:56:25,307 [INFO] PluginManage:359 - Loaded plugin power (category:power,tabindex:4)
2024-12-02 00:56:25,308 [INFO] PluginManage:310 - Check plugin projectmanager
2024-12-02 00:56:25,399 [INFO] PluginManage:359 - Loaded plugin projectmanager (category:projectmanager,tabindex:3)
2024-12-02 00:56:25,399 [INFO] PluginManage:310 - Check plugin thirdparty
2024-12-02 00:56:26,103 [INFO] PluginManage:359 - Loaded plugin thirdparty (category:base,tabindex:-1)
2024-12-02 00:56:26,104 [INFO] PluginManage:310 - Check plugin tools
2024-12-02 00:56:26,103 [WARN] IntegrityCheckThread:84 - waiting for thirdparty lock release [integrity check]
2024-12-02 00:56:26,104 [INFO] IntegrityCheckThread:86 - entering critical section [integrity check]
2024-12-02 00:56:26,105 [INFO] ThirdPartyUpdaterWithRetryManager:70 - Updater plugin not ready yet. [1/15]
2024-12-02 00:56:26,118 [INFO] PluginManage:359 - Loaded plugin tools (category:base,tabindex:7)
2024-12-02 00:56:26,118 [INFO] PluginManage:310 - Check plugin tutovideos
2024-12-02 00:56:26,564 [INFO] PluginManage:359 - Loaded plugin tutovideos (category:base,tabindex:-1)
2024-12-02 00:56:26,565 [INFO] PluginManage:310 - Check plugin updater
2024-12-02 00:56:26,605 [INFO] PluginManage:359 - Loaded plugin updater (category:base,tabindex:12)
2024-12-02 00:56:26,605 [INFO] PluginManage:310 - Check plugin userauth
2024-12-02 00:56:26,639 [INFO] UserAuth:114 - Init User Auth plugin
2024-12-02 00:56:26,639 [INFO] PluginManage:359 - Loaded plugin userauth (category:base,tabindex:14)
2024-12-02 00:56:26,640 [INFO] PluginManage:283 - PluginManage : Loaded plugins [17]
2024-12-02 00:56:27,583 [INFO] PinOutPanel:1561 - setPackage(No Configuration,No Configuration)
2024-12-02 00:56:27,878 [INFO] CADModel:165 - CPN selected for project level
2024-12-02 00:56:27,879 [INFO] CADModel:114 - Register for checkConnection events
2024-12-02 00:56:28,109 [INFO] IPUIPlugin:80 - create IPUIPlugin
2024-12-02 00:56:28,110 [INFO] PluginManager:220 - loadIPPluginJar : add adc
2024-12-02 00:56:28,129 [INFO] IPUIPlugin:80 - create IPUIPlugin
2024-12-02 00:56:28,129 [INFO] PluginManager:220 - loadIPPluginJar : add aes
2024-12-02 00:56:28,145 [INFO] IPUIPlugin:80 - create IPUIPlugin
2024-12-02 00:56:28,146 [INFO] PluginManager:220 - loadIPPluginJar : add can
2024-12-02 00:56:28,194 [INFO] IPUIPlugin:80 - create IPUIPlugin
2024-12-02 00:56:28,194 [INFO] PluginManager:220 - loadIPPluginJar : add comp
2024-12-02 00:56:28,221 [INFO] IPUIPlugin:80 - create IPUIPlugin
2024-12-02 00:56:28,221 [INFO] PluginManager:220 - loadIPPluginJar : add cryp
2024-12-02 00:56:28,241 [INFO] IPUIPlugin:80 - create IPUIPlugin
2024-12-02 00:56:28,241 [INFO] PluginManager:220 - loadIPPluginJar : add dfsdm
2024-12-02 00:56:28,268 [INFO] IPUIPlugin:80 - create IPUIPlugin
2024-12-02 00:56:28,270 [INFO] PluginManager:220 - loadIPPluginJar : add dma
2024-12-02 00:56:28,286 [INFO] IPUIPlugin:80 - create IPUIPlugin
2024-12-02 00:56:28,286 [INFO] PluginManager:220 - loadIPPluginJar : add dma3
2024-12-02 00:56:28,305 [INFO] IPUIPlugin:80 - create IPUIPlugin
2024-12-02 00:56:28,305 [INFO] PluginManager:220 - loadIPPluginJar : add extmemmanager
2024-12-02 00:56:28,324 [INFO] IPUIPlugin:80 - create IPUIPlugin
2024-12-02 00:56:28,324 [INFO] PluginManager:220 - loadIPPluginJar : add fatfs
2024-12-02 00:56:28,342 [INFO] IPUIPlugin:80 - create IPUIPlugin
2024-12-02 00:56:28,343 [INFO] PluginManager:220 - loadIPPluginJar : add fmc
2024-12-02 00:56:28,401 [INFO] IPUIPlugin:80 - create IPUIPlugin
2024-12-02 00:56:28,401 [INFO] PluginManager:220 - loadIPPluginJar : add freertos
2024-12-02 00:56:28,422 [INFO] IPUIPlugin:80 - create IPUIPlugin
2024-12-02 00:56:28,423 [INFO] PluginManager:220 - loadIPPluginJar : add genericplugin
2024-12-02 00:56:28,444 [INFO] IPUIPlugin:80 - create IPUIPlugin
2024-12-02 00:56:28,444 [INFO] PluginManager:220 - loadIPPluginJar : add gfxmmu
2024-12-02 00:56:28,470 [INFO] IPUIPlugin:80 - create IPUIPlugin
2024-12-02 00:56:28,470 [INFO] PluginManager:220 - loadIPPluginJar : add gic
2024-12-02 00:56:28,495 [INFO] IPUIPlugin:80 - create IPUIPlugin
2024-12-02 00:56:28,495 [INFO] PluginManager:220 - loadIPPluginJar : add gpio
2024-12-02 00:56:28,510 [INFO] IPUIPlugin:80 - create IPUIPlugin
2024-12-02 00:56:28,510 [INFO] PluginManager:220 - loadIPPluginJar : add gtzc
2024-12-02 00:56:28,529 [INFO] IPUIPlugin:80 - create IPUIPlugin
2024-12-02 00:56:28,529 [INFO] PluginManager:220 - loadIPPluginJar : add hash
2024-12-02 00:56:28,550 [INFO] IPUIPlugin:80 - create IPUIPlugin
2024-12-02 00:56:28,550 [INFO] PluginManager:220 - loadIPPluginJar : add i2c
2024-12-02 00:56:28,569 [INFO] IPUIPlugin:80 - create IPUIPlugin
2024-12-02 00:56:28,569 [INFO] PluginManager:220 - loadIPPluginJar : add i2s
2024-12-02 00:56:28,588 [INFO] IPUIPlugin:80 - create IPUIPlugin
2024-12-02 00:56:28,589 [INFO] PluginManager:220 - loadIPPluginJar : add i3c
2024-12-02 00:56:28,636 [INFO] IPUIPlugin:80 - create IPUIPlugin
2024-12-02 00:56:28,636 [INFO] PluginManager:220 - loadIPPluginJar : add ipddr
2024-12-02 00:56:28,673 [INFO] IPUIPlugin:80 - create IPUIPlugin
2024-12-02 00:56:28,674 [INFO] PluginManager:220 - loadIPPluginJar : add linkedlist
2024-12-02 00:56:28,694 [INFO] IPUIPlugin:80 - create IPUIPlugin
2024-12-02 00:56:28,694 [INFO] PluginManager:220 - loadIPPluginJar : add lorawan
2024-12-02 00:56:28,709 [INFO] IPUIPlugin:80 - create IPUIPlugin
2024-12-02 00:56:28,710 [INFO] PluginManager:220 - loadIPPluginJar : add ltdc
2024-12-02 00:56:28,744 [INFO] IPUIPlugin:80 - create IPUIPlugin
2024-12-02 00:56:28,744 [INFO] PluginManager:220 - loadIPPluginJar : add mdma
2024-12-02 00:56:28,769 [INFO] IPUIPlugin:80 - create IPUIPlugin
2024-12-02 00:56:28,769 [INFO] PluginManager:220 - loadIPPluginJar : add nvic
2024-12-02 00:56:28,793 [INFO] IPUIPlugin:80 - create IPUIPlugin
2024-12-02 00:56:28,793 [INFO] PluginManager:220 - loadIPPluginJar : add opamp
2024-12-02 00:56:28,813 [INFO] IPUIPlugin:80 - create IPUIPlugin
2024-12-02 00:56:28,814 [INFO] PluginManager:220 - loadIPPluginJar : add openamp
2024-12-02 00:56:28,862 [INFO] IPUIPlugin:80 - create IPUIPlugin
2024-12-02 00:56:28,863 [INFO] PluginManager:220 - loadIPPluginJar : add pdm2pcm
2024-12-02 00:56:28,900 [INFO] IPUIPlugin:80 - create IPUIPlugin
2024-12-02 00:56:28,906 [INFO] PluginManager:220 - loadIPPluginJar : add plateformsettings
2024-12-02 00:56:28,927 [INFO] IPUIPlugin:80 - create IPUIPlugin
2024-12-02 00:56:28,927 [INFO] PluginManager:220 - loadIPPluginJar : add quadspi
2024-12-02 00:56:28,954 [INFO] IPUIPlugin:80 - create IPUIPlugin
2024-12-02 00:56:28,954 [INFO] PluginManager:220 - loadIPPluginJar : add resmgrutility
2024-12-02 00:56:28,975 [INFO] IPUIPlugin:80 - create IPUIPlugin
2024-12-02 00:56:28,976 [INFO] PluginManager:220 - loadIPPluginJar : add sai
2024-12-02 00:56:29,001 [INFO] IPUIPlugin:80 - create IPUIPlugin
2024-12-02 00:56:29,002 [INFO] PluginManager:220 - loadIPPluginJar : add spi
2024-12-02 00:56:29,055 [INFO] IPUIPlugin:80 - create IPUIPlugin
2024-12-02 00:56:29,055 [INFO] PluginManager:220 - loadIPPluginJar : add stm32_wpan
2024-12-02 00:56:29,097 [INFO] IPUIPlugin:80 - create IPUIPlugin
2024-12-02 00:56:29,098 [INFO] PluginManager:220 - loadIPPluginJar : add tim
2024-12-02 00:56:29,107 [INFO] ThirdPartyUpdaterWithRetryManager:70 - Updater plugin not ready yet. [2/15]
2024-12-02 00:56:29,120 [INFO] IPUIPlugin:80 - create IPUIPlugin
2024-12-02 00:56:29,121 [INFO] PluginManager:220 - loadIPPluginJar : add touchsensing
2024-12-02 00:56:29,139 [INFO] IPUIPlugin:80 - create IPUIPlugin
2024-12-02 00:56:29,139 [INFO] PluginManager:220 - loadIPPluginJar : add tracer_emb
2024-12-02 00:56:29,152 [INFO] IPUIPlugin:80 - create IPUIPlugin
2024-12-02 00:56:29,152 [INFO] PluginManager:220 - loadIPPluginJar : add ts
2024-12-02 00:56:29,183 [INFO] IPUIPlugin:80 - create IPUIPlugin
2024-12-02 00:56:29,183 [INFO] PluginManager:220 - loadIPPluginJar : add tsc
2024-12-02 00:56:29,188 [INFO] IPUIPlugin:80 - create IPUIPlugin
2024-12-02 00:56:29,189 [INFO] PluginManager:220 - loadIPPluginJar : add ucpd
2024-12-02 00:56:29,215 [INFO] IPUIPlugin:80 - create IPUIPlugin
2024-12-02 00:56:29,215 [INFO] PluginManager:220 - loadIPPluginJar : add usart
2024-12-02 00:56:29,229 [INFO] IPUIPlugin:80 - create IPUIPlugin
2024-12-02 00:56:29,230 [INFO] PluginManager:220 - loadIPPluginJar : add usbx
2024-12-02 00:56:29,468 [INFO] CADModel:165 - CPN selected for project level
2024-12-02 00:56:29,468 [INFO] CADModel:114 - Register for checkConnection events
2024-12-02 00:56:29,469 [FATAL] Updater:308 - Updater called before beeing initialized
2024-12-02 00:56:29,469 [ERROR] CADModel:125 - Updater not yet initialized, retry later 
2024-12-02 00:56:30,269 [INFO] CADModel:165 - CPN selected for project level
2024-12-02 00:56:30,270 [INFO] CADModel:114 - Register for checkConnection events
2024-12-02 00:56:30,270 [FATAL] Updater:308 - Updater called before beeing initialized
2024-12-02 00:56:30,271 [ERROR] CADModel:125 - Updater not yet initialized, retry later 
2024-12-02 00:56:30,288 [FATAL] Updater:308 - Updater called before beeing initialized
2024-12-02 00:56:30,594 [FATAL] Updater:308 - Updater called before beeing initialized
2024-12-02 00:56:30,600 [INFO] DbMcusAds:53 - JSON generation date=Fri Sep 20 10:04:38 ART 2024 (1726837478367)
2024-12-02 00:56:30,601 [FATAL] Updater:308 - Updater called before beeing initialized
2024-12-02 00:56:30,819 [WARN] DetailPanel:346 - Failed to get advertising image, set to default
2024-12-02 00:56:30,986 [FATAL] Updater:308 - Updater called before beeing initialized
2024-12-02 00:56:30,999 [FATAL] Updater:308 - Updater called before beeing initialized
2024-12-02 00:56:30,999 [FATAL] Updater:308 - Updater called before beeing initialized
2024-12-02 00:56:30,999 [WARN] DetailPanel:346 - Failed to get advertising image, set to default
2024-12-02 00:56:31,000 [FATAL] Updater:308 - Updater called before beeing initialized
2024-12-02 00:56:31,214 [ERROR] Updater:1120 - MainUpdater not yet initialized. External WinMGr cannot be set.
2024-12-02 00:56:31,236 [INFO] Updater:1056 - Updater Version found : 6.11.1
2024-12-02 00:56:31,326 [INFO] ApplicationProperties:184 - Using Application install path: C:\ST\STM32CubeIDE_1.15.1\STM32CubeIDE\plugins\com.st.stm32cube.common.mx_6.11.1.202404110753
2024-12-02 00:56:32,108 [INFO] ThirdPartyUpdaterWithRetryManager:70 - Updater plugin not ready yet. [3/15]
2024-12-02 00:56:32,941 [ERROR] LogOutputStream:75 - [STDERR_REDIRECT] Dec 02, 2024 12:56:32 AM java.util.prefs.WindowsPreferences <init>
2024-12-02 00:56:32,945 [ERROR] LogOutputStream:75 - [STDERR_REDIRECT] WARNING: Could not open/create prefs root node Software\JavaSoft\Prefs at root 0xffffffff80000002. Windows RegCreateKeyEx(...) returned error code 5.
2024-12-02 00:56:32,945 [ERROR] LogOutputStream:75 - [STDERR_REDIRECT] 
2024-12-02 00:56:33,858 [INFO] MainUpdater:2873 - connection check result : 10
2024-12-02 00:56:33,860 [INFO] MainUpdater:3567 - Updater definition file requires update
2024-12-02 00:56:33,863 [INFO] MainUpdater:290 - Updater Check For Update Now.
2024-12-02 00:56:33,864 [INFO] MicroXplorer:498 - Change Database Version : DB.6.0.111
2024-12-02 00:56:33,919 [INFO] McuFinderGlobals:63 - Set McuFinder mode to 2 (CubeIDE integrated)
2024-12-02 00:56:33,919 [INFO] UserAuth:179 - activating auth plugin
2024-12-02 00:56:33,937 [INFO] UserAuth:415 - Internet connection configuration mode: 1
2024-12-02 00:56:33,969 [INFO] ServerAccessManage:473 - Download File updaters.zip
2024-12-02 00:56:34,106 [INFO] JxBrowserEngine:152 - Initiate JxBrowser Engine with user profile folder
2024-12-02 00:56:34,226 [INFO] FileExtend:240 - Unzip File : updaters.zip
2024-12-02 00:56:34,227 [INFO] FileExtend:255 - Standard Zip Deflate
2024-12-02 00:56:34,986 [ERROR] JxBrowserEngine:70 - Can't initiate JxBrowser engine com.teamdev.jxbrowser.os.EnvironmentException: Unsupported operating system. Supported OS: Windows 10 and higher, Windows Server 2016 and higher, macOS 10.13 and higher, Linux 64-bit. Current OS: Windows 8.1, version: 6.3
2024-12-02 00:56:35,109 [WARN] MainUpdater:1194 - Updater busy. Cannot search thirdparties
2024-12-02 00:56:35,110 [INFO] ThirdPartyUpdaterWithRetryManager:96 - Updater plugin is busy. [1/15]
2024-12-02 00:56:35,795 [INFO] ServerAccessManage:473 - Download File PacksControlFlags.xml
2024-12-02 00:56:36,021 [INFO] ServerAccessManage:473 - Download File cubemx.pidx
2024-12-02 00:56:36,372 [INFO] LoadServerUpdatesThread:375 - End of LoadServerUpdate Thread
2024-12-02 00:56:36,656 [INFO] CheckServerUpdateThread:120 - End of CheckServer Thread
2024-12-02 00:56:39,415 [WARN] PackLoader:240 - Cannot read IP mode file for STMicroelectronics.FP-ATR-ASTRA1.2.0.1
2024-12-02 00:56:39,442 [WARN] PackLoader:240 - Cannot read IP mode file for STMicroelectronics.X-CUBE-WB05N.1.1.0
2024-12-02 00:56:39,534 [WARN] PackLoader:240 - Cannot read IP mode file for STMicroelectronics.X-CUBE-AZRTOS-F7.1.1.0
2024-12-02 00:56:39,815 [WARN] PackLoader:240 - Cannot read IP mode file for STMicroelectronics.X-CUBE-MEMS1.11.0.0
2024-12-02 00:56:40,211 [WARN] PackLoader:240 - Cannot read IP mode file for STMicroelectronics.X-CUBE-NFC10.1.0.0
2024-12-02 00:56:40,243 [WARN] PackLoader:240 - Cannot read IP mode file for emotas.I-CUBE-CANOPEN.1.3.0
2024-12-02 00:56:40,280 [INFO] LogOutputStream:77 - [STDOUT_REDIRECT] 1 : Invalid condition id : UX_CORESTACK_Condition cause : null
2024-12-02 00:56:40,281 [INFO] LogOutputStream:77 - [STDOUT_REDIRECT] 1 : Invalid condition id : UX_CORESTACK_Condition cause : null
2024-12-02 00:56:40,284 [INFO] LogOutputStream:77 - [STDOUT_REDIRECT] 1 : Invalid condition id : UX_CORESTACK_Condition cause : null
2024-12-02 00:56:40,287 [INFO] LogOutputStream:77 - [STDOUT_REDIRECT] 1 : Invalid condition id : UX_CORESTACK_Condition cause : null
2024-12-02 00:56:40,289 [INFO] LogOutputStream:77 - [STDOUT_REDIRECT] 1 : Invalid condition id : UX_CORESTACK_Condition cause : null
2024-12-02 00:56:40,298 [WARN] PackLoader:240 - Cannot read IP mode file for STMicroelectronics.X-CUBE-AZRTOS-WL.2.0.0
2024-12-02 00:56:40,325 [WARN] PackLoader:240 - Cannot read IP mode file for wolfSSL.I-CUBE-wolfMQTT.1.19.0
2024-12-02 00:56:40,358 [WARN] PackLoader:240 - Cannot read IP mode file for WES.I-CUBE-Cesium.1.3.0
2024-12-02 00:56:40,375 [WARN] PackLoader:240 - Cannot read IP mode file for STMicroelectronics.X-CUBE-NFC9.1.0.0
2024-12-02 00:56:40,440 [WARN] PackLoader:240 - Cannot read IP mode file for STMicroelectronics.X-CUBE-AZRTOS-G0.1.1.0
2024-12-02 00:56:40,488 [WARN] PackLoader:240 - Cannot read IP mode file for EmbeddedOffice.I-CUBE-FS-RTOS.1.0.1
2024-12-02 00:56:40,488 [ERROR] ConditionMgr:805 - Attr not supported : Dmpu
2024-12-02 00:56:40,488 [ERROR] ConditionMgr:805 - Attr not supported : Dmpu
2024-12-02 00:56:40,489 [ERROR] ConditionMgr:805 - Attr not supported : Dmpu
2024-12-02 00:56:40,489 [ERROR] ConditionMgr:805 - Attr not supported : Dmpu
2024-12-02 00:56:40,489 [ERROR] ConditionMgr:805 - Attr not supported : Dmpu
2024-12-02 00:56:40,489 [ERROR] ConditionMgr:805 - Attr not supported : Dmpu
2024-12-02 00:56:40,489 [ERROR] ConditionMgr:805 - Attr not supported : Dmpu
2024-12-02 00:56:40,489 [ERROR] ConditionMgr:805 - Attr not supported : Dmpu
2024-12-02 00:56:40,489 [ERROR] ConditionMgr:805 - Attr not supported : Dmpu
2024-12-02 00:56:40,489 [ERROR] ConditionMgr:805 - Attr not supported : Dmpu
2024-12-02 00:56:40,490 [ERROR] ConditionMgr:805 - Attr not supported : Dmpu
2024-12-02 00:56:40,490 [ERROR] ConditionMgr:805 - Attr not supported : Dmpu
2024-12-02 00:56:40,490 [ERROR] ConditionMgr:805 - Attr not supported : Dmpu
2024-12-02 00:56:40,490 [ERROR] ConditionMgr:805 - Attr not supported : Dmpu
2024-12-02 00:56:40,490 [ERROR] ConditionMgr:805 - Attr not supported : Dmpu
2024-12-02 00:56:40,490 [ERROR] ConditionMgr:805 - Attr not supported : Dmpu
2024-12-02 00:56:40,491 [ERROR] ConditionMgr:805 - Attr not supported : Dmpu
2024-12-02 00:56:40,491 [ERROR] ConditionMgr:805 - Attr not supported : Dmpu
2024-12-02 00:56:40,491 [ERROR] ConditionMgr:805 - Attr not supported : Dmpu
2024-12-02 00:56:40,492 [ERROR] ConditionMgr:805 - Attr not supported : Dmpu
2024-12-02 00:56:40,492 [ERROR] ConditionMgr:805 - Attr not supported : Dmpu
2024-12-02 00:56:40,492 [ERROR] ConditionMgr:805 - Attr not supported : Dmpu
2024-12-02 00:56:40,492 [ERROR] ConditionMgr:805 - Attr not supported : Dmpu
2024-12-02 00:56:40,492 [ERROR] ConditionMgr:805 - Attr not supported : Dmpu
2024-12-02 00:56:40,492 [ERROR] ConditionMgr:805 - Attr not supported : Dmpu
2024-12-02 00:56:40,493 [ERROR] ConditionMgr:805 - Attr not supported : Dmpu
2024-12-02 00:56:40,493 [ERROR] ConditionMgr:805 - Attr not supported : Dmpu
2024-12-02 00:56:40,493 [ERROR] ConditionMgr:805 - Attr not supported : Dmpu
2024-12-02 00:56:40,493 [ERROR] ConditionMgr:805 - Attr not supported : Dmpu
2024-12-02 00:56:40,494 [ERROR] ConditionMgr:805 - Attr not supported : Dmpu
2024-12-02 00:56:40,494 [ERROR] ConditionMgr:805 - Attr not supported : Dmpu
2024-12-02 00:56:40,494 [ERROR] ConditionMgr:805 - Attr not supported : Dmpu
2024-12-02 00:56:40,495 [ERROR] ConditionMgr:805 - Attr not supported : Dmpu
2024-12-02 00:56:40,495 [ERROR] ConditionMgr:805 - Attr not supported : Dmpu
2024-12-02 00:56:40,495 [ERROR] ConditionMgr:805 - Attr not supported : Dmpu
2024-12-02 00:56:40,495 [ERROR] ConditionMgr:805 - Attr not supported : Dmpu
2024-12-02 00:56:40,495 [ERROR] ConditionMgr:805 - Attr not supported : Dmpu
2024-12-02 00:56:40,496 [ERROR] ConditionMgr:805 - Attr not supported : Dmpu
2024-12-02 00:56:40,496 [ERROR] ConditionMgr:805 - Attr not supported : Dmpu
2024-12-02 00:56:40,497 [ERROR] ConditionMgr:805 - Attr not supported : Dmpu
2024-12-02 00:56:40,497 [ERROR] ConditionMgr:805 - Attr not supported : Dmpu
2024-12-02 00:56:40,497 [ERROR] ConditionMgr:805 - Attr not supported : Dmpu
2024-12-02 00:56:40,497 [ERROR] ConditionMgr:805 - Attr not supported : Dmpu
2024-12-02 00:56:40,498 [ERROR] ConditionMgr:805 - Attr not supported : Dmpu
2024-12-02 00:56:40,498 [ERROR] ConditionMgr:805 - Attr not supported : Dmpu
2024-12-02 00:56:40,498 [ERROR] ConditionMgr:805 - Attr not supported : Dmpu
2024-12-02 00:56:40,498 [ERROR] ConditionMgr:805 - Attr not supported : Dmpu
2024-12-02 00:56:40,499 [ERROR] ConditionMgr:805 - Attr not supported : Dmpu
2024-12-02 00:56:40,499 [ERROR] ConditionMgr:805 - Attr not supported : Dmpu
2024-12-02 00:56:40,499 [ERROR] ConditionMgr:805 - Attr not supported : Dmpu
2024-12-02 00:56:40,499 [ERROR] ConditionMgr:805 - Attr not supported : Dmpu
2024-12-02 00:56:40,499 [ERROR] ConditionMgr:805 - Attr not supported : Dmpu
2024-12-02 00:56:40,499 [ERROR] ConditionMgr:805 - Attr not supported : Dmpu
2024-12-02 00:56:40,500 [ERROR] ConditionMgr:805 - Attr not supported : Dmpu
2024-12-02 00:56:40,500 [ERROR] ConditionMgr:805 - Attr not supported : Dmpu
2024-12-02 00:56:40,500 [ERROR] ConditionMgr:805 - Attr not supported : Dmpu
2024-12-02 00:56:40,500 [ERROR] ConditionMgr:805 - Attr not supported : Dmpu
2024-12-02 00:56:40,500 [ERROR] ConditionMgr:805 - Attr not supported : Dmpu
2024-12-02 00:56:40,500 [ERROR] ConditionMgr:805 - Attr not supported : Dmpu
2024-12-02 00:56:40,500 [ERROR] ConditionMgr:805 - Attr not supported : Dmpu
2024-12-02 00:56:40,501 [ERROR] ConditionMgr:805 - Attr not supported : Dmpu
2024-12-02 00:56:40,501 [ERROR] ConditionMgr:805 - Attr not supported : Dmpu
2024-12-02 00:56:40,501 [ERROR] ConditionMgr:805 - Attr not supported : Dmpu
2024-12-02 00:56:40,501 [ERROR] ConditionMgr:805 - Attr not supported : Dmpu
2024-12-02 00:56:40,519 [WARN] PackLoader:240 - Cannot read IP mode file for RealThread.X-CUBE-RT-Thread_Nano.4.1.1
2024-12-02 00:56:40,541 [WARN] PackLoader:240 - Cannot read IP mode file for wolfSSL.I-CUBE-wolfSSL.5.7.0
2024-12-02 00:56:40,565 [WARN] ConditionMgr:438 - getConditionDescription Invalid condition id : Cortex-A Device cause : null
2024-12-02 00:56:40,588 [WARN] ConditionMgr:1039 - genDependencies : Invalid condition id : Cortex-A Device cause : null
2024-12-02 00:56:40,589 [WARN] ConditionMgr:1039 - genDependencies : Invalid condition id : Cortex-A Device cause : null
2024-12-02 00:56:40,589 [WARN] ConditionMgr:1039 - genDependencies : Invalid condition id : Cortex-A Device cause : null
2024-12-02 00:56:40,618 [WARN] PackLoader:240 - Cannot read IP mode file for ITTIA_DB.I-CUBE-ITTIADB.8.9.0
2024-12-02 00:56:40,730 [WARN] PackLoader:240 - Cannot read IP mode file for SEGGER.I-CUBE-embOS.1.3.1
2024-12-02 00:56:40,986 [WARN] PackLoader:240 - Cannot read IP mode file for STMicroelectronics.X-CUBE-AZRTOS-F4.1.1.0
2024-12-02 00:56:41,022 [WARN] PackLoader:240 - Cannot read IP mode file for STMicroelectronics.X-CUBE-ISPU.2.1.0
2024-12-02 00:56:41,154 [WARN] PackLoader:240 - Cannot read IP mode file for STMicroelectronics.X-CUBE-AZRTOS-L5.2.0.0
2024-12-02 00:56:41,226 [WARN] PackLoader:240 - Cannot read IP mode file for STMicroelectronics.X-CUBE-DPower.1.2.0
2024-12-02 00:56:41,295 [WARN] PackLoader:240 - Cannot read IP mode file for wolfSSL.I-CUBE-wolfTPM.3.2.0
2024-12-02 00:56:41,398 [WARN] ConditionMgr:438 - getConditionDescription Invalid condition id : LAN8742 Phy interface Condition cause : null
2024-12-02 00:56:41,400 [WARN] PackLoader:240 - Cannot read IP mode file for STMicroelectronics.X-CUBE-AZRTOS-L4.2.0.0
2024-12-02 00:56:41,403 [WARN] ConditionMgr:1039 - genDependencies : Invalid condition id : LAN8742 Phy interface Condition cause : null
2024-12-02 00:56:41,404 [WARN] ConditionMgr:1039 - genDependencies : Invalid condition id : LAN8742 Phy interface Condition cause : null
2024-12-02 00:56:41,406 [WARN] ConditionMgr:1039 - genDependencies : Invalid condition id : LAN8742 Phy interface Condition cause : null
2024-12-02 00:56:41,477 [WARN] PackLoader:240 - Cannot read IP mode file for STMicroelectronics.X-CUBE-AZRTOS-H7.3.3.0
2024-12-02 00:56:41,535 [WARN] PackLoader:240 - Cannot read IP mode file for STMicroelectronics.X-CUBE-IPS.3.0.0
2024-12-02 00:56:41,584 [WARN] ConditionMgr:438 - getConditionDescription Invalid condition id : UX DEVICE CLASS RTOS Condition cause : null
2024-12-02 00:56:41,584 [WARN] ConditionMgr:438 - getConditionDescription Invalid condition id : UX DEVICE CLASS RTOS Condition cause : null
2024-12-02 00:56:41,590 [WARN] PackLoader:240 - Cannot read IP mode file for STMicroelectronics.X-CUBE-AZRTOS-WB.2.0.0
2024-12-02 00:56:41,592 [WARN] ConditionMgr:1039 - genDependencies : Invalid condition id : UX DEVICE CLASS RTOS Condition cause : null
2024-12-02 00:56:41,592 [WARN] ConditionMgr:1039 - genDependencies : Invalid condition id : UX DEVICE CLASS RTOS Condition cause : null
2024-12-02 00:56:41,593 [WARN] ConditionMgr:1039 - genDependencies : Invalid condition id : UX DEVICE CLASS RTOS Condition cause : null
2024-12-02 00:56:41,594 [WARN] ConditionMgr:1039 - genDependencies : Invalid condition id : UX DEVICE CLASS RTOS Condition cause : null
2024-12-02 00:56:41,595 [WARN] ConditionMgr:1039 - genDependencies : Invalid condition id : UX DEVICE CLASS RTOS Condition cause : null
2024-12-02 00:56:41,616 [WARN] PackLoader:240 - Cannot read IP mode file for STMicroelectronics.X-CUBE-GNSS1.7.0.0
2024-12-02 00:56:41,662 [WARN] PackLoader:240 - Cannot read IP mode file for STMicroelectronics.FP-SNS-STBOX1.2.0.0
2024-12-02 00:56:41,704 [WARN] PackLoader:240 - Cannot read IP mode file for Cesanta.I-CUBE-Mongoose.7.13.0
2024-12-02 00:56:41,747 [WARN] PackLoader:240 - Cannot read IP mode file for STMicroelectronics.X-CUBE-AZRTOS-G4.2.0.0
2024-12-02 00:56:41,774 [WARN] PackLoader:240 - Cannot read IP mode file for STMicroelectronics.X-CUBE-TOUCHGFX.4.24.0
2024-12-02 00:56:41,791 [WARN] PackLoader:240 - Cannot read IP mode file for portGmbH.I-Cube-SoM-uGOAL.1.1.0
2024-12-02 00:56:41,900 [WARN] PackLoader:240 - Cannot read IP mode file for STMicroelectronics.X-CUBE-AZRTOS-H7RS.1.0.0
2024-12-02 00:56:41,946 [WARN] PackLoader:240 - Cannot read IP mode file for STMicroelectronics.X-CUBE-TOF1.3.4.2
2024-12-02 00:56:42,038 [WARN] PackLoader:240 - Cannot read IP mode file for Infineon.AIROC-Wi-Fi-Bluetooth-STM32.1.6.0
2024-12-02 00:56:42,089 [WARN] PackLoader:240 - Cannot read IP mode file for wolfSSL.I-CUBE-wolfSSH.1.4.17
2024-12-02 00:56:42,090 [INFO] ThirdParty:978 - Integrity check success = true
2024-12-02 00:56:42,090 [INFO] IntegrityCheckThread:100 - exiting critical section [integrity check]
2024-12-02 00:56:42,090 [INFO] IntegrityCheckThread:103 - End integrity checks thread
2024-12-02 00:58:56,655 [INFO] McuFinderGlobals:63 - Set McuFinder mode to 2 (CubeIDE integrated)
2024-12-02 00:58:56,728 [INFO] MainUpdater:2873 - connection check result : 10
2024-12-02 00:58:56,761 [INFO] McuFinderGlobals:76 - Set McuFinderConnectedMode to true
2024-12-02 00:58:57,157 [INFO] ServerAccessManage:473 - Download File mcusAds.json._tmp_
2024-12-02 00:58:57,283 [INFO] LoadUrlFilesThread:156 - End of LoadUrlFiles Thread
2024-12-02 00:58:57,657 [INFO] ServerAccessManage:473 - Download File cube-finder-db.zip
2024-12-02 00:59:05,048 [INFO] FileExtend:240 - Unzip File : cube-finder-db.zip
2024-12-02 00:59:05,049 [INFO] FileExtend:255 - Standard Zip Deflate
2024-12-02 00:59:11,623 [INFO] LoadUrlFilesThread:156 - End of LoadUrlFiles Thread
2024-12-02 00:59:13,021 [INFO] ServerAccessManage:473 - Download File crdb.zip
2024-12-02 00:59:14,691 [INFO] FileExtend:240 - Unzip File : crdb.zip
2024-12-02 00:59:14,692 [INFO] FileExtend:255 - Standard Zip Deflate
2024-12-02 00:59:14,840 [INFO] LoadUrlFilesThread:156 - End of LoadUrlFiles Thread
2024-12-02 00:59:15,050 [INFO] ServerAccessManage:473 - Download File tutoVideoDB.zip
2024-12-02 00:59:15,121 [INFO] FileExtend:240 - Unzip File : tutoVideoDB.zip
2024-12-02 00:59:15,121 [INFO] FileExtend:255 - Standard Zip Deflate
2024-12-02 00:59:15,234 [INFO] LoadUrlFilesThread:156 - End of LoadUrlFiles Thread
2024-12-02 00:59:15,240 [WARN] DbFile:41 - Overriding database path with different value: C:\Users\marcelo\.stmcufinder\plugins\mcufinder/ => C:\Users\marcelo\.stmcufinder\plugins\mcufinder
2024-12-02 00:59:15,291 [INFO] ServerAccessManage:473 - Download File api_config.json
2024-12-02 00:59:15,403 [INFO] LoadUrlFilesThread:156 - End of LoadUrlFiles Thread
2024-12-02 00:59:15,404 [INFO] DbMcusAds:53 - JSON generation date=Fri Sep 20 10:04:23 ART 2024 (1726837463109)
2024-12-02 00:59:15,460 [INFO] LoadUrlFilesThread:185 - End of LoadServerUrlFiles without Thread
2024-12-02 00:59:15,461 [INFO] TargetSelectorAdapter:259 - Refresh data is successful
2024-12-02 00:59:15,884 [INFO] ApiDb:581 - Connected to CubeFinder SQLite database (C:\Users\marcelo\.stmcufinder\plugins\mcufinder\mcu\cube-finder-db.db)
2024-12-02 00:59:16,007 [INFO] ApiDb:668 - CubeFinder database Data Model version=2.1
2024-12-02 00:59:16,007 [INFO] ApiDb:669 - CubeFinder database Configuration version=3.0.39
2024-12-02 00:59:16,008 [INFO] ApiDb:670 - CubeFinder database generation date=2024-11-21 (1732182206)
2024-12-02 00:59:16,008 [INFO] ApiDb:671 - CubeFinder database FW Pack versions=[FP-ATR-ASTRA1_V2.0.0, FP-SNS-FLIGHT1_V5.0.2, FP-SNS-MOTENV1_V5.0.0, FP-SNS-MOTENVWB1_V1.4.0, FP-SNS-SMARTAG2_V1.2.0, FP-SNS-STBOX1_V2.0.0, STM32Cube_FW_C0_V1.3.0, STM32Cube_FW_F4_V1.28.1, STM32Cube_FW_F7_V1.17.2, STM32Cube_FW_G0_V1.6.2, STM32Cube_FW_G4_V1.6.1, STM32Cube_FW_H5_V1.4.0, STM32Cube_FW_H7RS_V1.1.0, STM32Cube_FW_H7_V1.12.0, STM32Cube_FW_L0_V1.12.2, STM32Cube_FW_L4_V1.18.1, STM32Cube_FW_L5_V1.5.1, STM32Cube_FW_N6_V1.0.0, STM32Cube_FW_U0_V1.2.0, STM32Cube_FW_U3_V1.0.0, STM32Cube_FW_U5_V1.7.0, STM32Cube_FW_WB0_V1.1.0, STM32Cube_FW_WBA_V1.5.0, STM32Cube_FW_WB_V1.21.0, STM32Cube_FW_WL3_V1.0.0, STM32Cube_FW_WL_V1.3.0, X-CUBE-ALGOBUILD_V1.4.0, X-CUBE-ALS_V1.0.2, X-CUBE-AZRTOS-F4_V1.1.0, X-CUBE-AZRTOS-F7_V1.1.0, X-CUBE-AZRTOS-G0_V1.1.0, X-CUBE-AZRTOS-G4_V2.0.0, X-CUBE-AZRTOS-H7RS_V1.0.0, X-CUBE-AZRTOS-H7_V3.3.0, X-CUBE-AZRTOS-L4_V2.0.0, X-CUBE-AZRTOS-L5_V2.0.0, X-CUBE-AZRTOS-WB_V2.0.0, X-CUBE-AZRTOS-WL_V2.0.0, X-CUBE-BLE1_V7.0.0, X-CUBE-BLE2_V3.3.0, X-CUBE-BLEMGR_V3.1.0, X-CUBE-EEPRMA1_V5.1.0, X-CUBE-FREERTOS_V1.2.0, X-CUBE-GNSS1_V6.0.0, X-CUBE-MEMS1_V11.0.0, X-CUBE-NFC4_V3.0.0, X-CUBE-NFC7_V1.0.1, X-CUBE-SFXS2LP1_V4.0.0, X-CUBE-SUBG2_V5.0.0, X-CUBE-TOF1_V3.4.2]
2024-12-02 00:59:19,843 [INFO] ApiDb:240 - Found 483 in-development CPN: [B-G473E-ZEST1S, B-WB1M-WPAN1, B-WL5M-SUBG1, NUCLEO-C031C6, NUCLEO-H503RB, NUCLEO-H533RE, NUCLEO-H563ZI, NUCLEO-H7S3L8, NUCLEO-U031R8, NUCLEO-U083RC, NUCLEO-U545RE-Q, NUCLEO-U5A5ZJ-Q, NUCLEO-WBA52CG, NUCLEO-WBA55CG, STEVAL-PROTEUS1, STEVAL-SMARTAG2, STEVAL-STWINBX1, STM320518-EVAL, STM32C0116-DK, STM32C011D6Y3TR, STM32C011D6Y6TR, STM32C011F4P3, STM32C011F4P6, STM32C011F4U3, STM32C011F4U6TR, STM32C011F6P3, STM32C011F6P6, STM32C011F6U3, STM32C011F6U6TR, STM32C011J4M3, STM32C011J4M6, STM32C011J6M3, STM32C011J6M6, STM32C0316-DK, STM32C031C4T3, STM32C031C4T6, STM32C031C4U3, STM32C031C4U6, STM32C031C6T3, STM32C031C6T6, STM32C031C6U3, STM32C031C6U6, STM32C031F4P3, STM32C031F4P6, STM32C031F6P3, STM32C031F6P6, STM32C031G4U3, STM32C031G4U6, STM32C031G6U3, STM32C031G6U6, STM32C031K4T3, STM32C031K4T6, STM32C031K4U3, STM32C031K4U6, STM32C031K6T3, STM32C031K6T6, STM32C031K6U3, STM32C031K6U6, STM32G071K8TXN, STM32G071K8UXN, STM32G081GBU6N, STM32G081KBT6N, STM32G081KBUXN, STM32G0B1CCT6N, STM32G0B1KCT6, STM32G0B1NEY6TR, STM32G0B1RCT6N, STM32G0C1CCT6, STM32G0C1CCT6N, STM32G0C1CCU6N, STM32G0C1CET6N, STM32G0C1CEU6N, STM32G0C1KCT6, STM32G0C1NEY6TR, STM32G0C1RCI6N, STM32G0C1RCT6N, STM32G0C1REI6N, STM32G0C1RET6N, STM32G0C1VCI6, STM32G0C1VEI6, STM32G471CCT6, STM32G471CCU6, STM32G471CET3, STM32G471CET6, STM32G471CEU3, STM32G471CEU6, STM32G471MCT6, STM32G471MET3, STM32G471MET6, STM32G471MEY6TR, STM32G471QCT6, STM32G471QET3, STM32G471RCT6, STM32G471RET3, STM32G471RET6, STM32G471VCH6, STM32G471VCI6, STM32G471VCT6, STM32G471VEH3, STM32G471VEH6, STM32G471VEI3, STM32G471VEI6, STM32G471VET3, STM32G471VET6, STM32G474CCT6, STM32H503CBT6, STM32H503CBU6, STM32H503EBY6TR, STM32H503KBU6, STM32H503RBT6, STM32H523CCT6, STM32H523CCU6, STM32H523CET6, STM32H523CEU6, STM32H523HEY6TR, STM32H523RCT6, STM32H523RET6, STM32H523VCI6, STM32H523VCT6, STM32H523VEI6, STM32H523VET6, STM32H523ZCJ6, STM32H523ZCT6, STM32H523ZEJ6, STM32H523ZET6, STM32H533CET6, STM32H533CEU6, STM32H533HEY6TR, STM32H533RET6, STM32H533VEI6, STM32H533VET6, STM32H533ZEJ6, STM32H533ZET6, STM32H562AGI6, STM32H562AII6, STM32H562IGK6, STM32H562IGT6, STM32H562IIK6, STM32H562IIT6, STM32H562RGT6, STM32H562RGV6, STM32H562RIT6, STM32H562RIV6, STM32H562VGT6, STM32H562VIT6, STM32H562ZGT6, STM32H562ZIT6, STM32H563AGI6, STM32H563AII3Q, STM32H563AII6, STM32H563IGK6, STM32H563IGT6, STM32H563IIK3Q, STM32H563IIK6, STM32H563IIT3Q, STM32H563IIT6, STM32H563MIY3QTR, STM32H563RGT6, STM32H563RGV6, STM32H563RIT6, STM32H563RIV6, STM32H563VGT6, STM32H563VIT3Q, STM32H563VIT6, STM32H563ZGT6, STM32H563ZIT3Q, STM32H563ZIT6, STM32H573AII3Q, STM32H573AII6, STM32H573I-DK, STM32H573IIK3Q, STM32H573IIK6, STM32H573IIT3Q, STM32H573IIT6, STM32H573MIY3QTR, STM32H573RIT6, STM32H573RIV6, STM32H573VIT3Q, STM32H573VIT6, STM32H573ZIT3Q, STM32H573ZIT6, STM32H7R3A8I6, STM32H7R3I8K6, STM32H7R3I8T6, STM32H7R3L8H6, STM32H7R3L8H6H, STM32H7R3R8V6, STM32H7R3V8H6, STM32H7R3V8T6, STM32H7R3V8Y6, STM32H7R3Z8J6, STM32H7R3Z8T6, STM32H7R7A8I6, STM32H7R7I8K6, STM32H7R7I8T6, STM32H7R7L8H6, STM32H7R7L8H6H, STM32H7R7Z8J6, STM32H7S3A8I6, STM32H7S3I8K6, STM32H7S3I8T6, STM32H7S3L8H6, STM32H7S3L8H6H, STM32H7S3R8V6, STM32H7S3V8H6, STM32H7S3V8T6, STM32H7S3V8Y6, STM32H7S3Z8J6, STM32H7S3Z8T6, STM32H7S78-DK, STM32H7S7A8I6, STM32H7S7I8K6, STM32H7S7I8T6, STM32H7S7L8H6, STM32H7S7L8H6H, STM32H7S7Z8J6, STM32L4R5QGI6STR, STM32MP131AAE3, STM32MP131AAF3, STM32MP131AAG3, STM32MP131CAE3, STM32MP131CAF3, STM32MP131CAG3, STM32MP131DAE7, STM32MP131DAF7, STM32MP131DAG7, STM32MP131FAE7, STM32MP131FAF7, STM32MP131FAG7, STM32MP133AAE3, STM32MP133AAF3, STM32MP133AAG3, STM32MP133CAE3, STM32MP133CAF3, STM32MP133CAG3, STM32MP133DAE7, STM32MP133DAF7, STM32MP133DAG7, STM32MP133FAE7, STM32MP133FAF7, STM32MP133FAG7, STM32MP135AAE3, STM32MP135AAF3, STM32MP135AAG3, STM32MP135CAE3, STM32MP135CAF3, STM32MP135CAG3, STM32MP135DAE7, STM32MP135DAF7, STM32MP135DAG7, STM32MP135F-DK, STM32MP135FAE7, STM32MP135FAF7, STM32MP135FAF7T, STM32MP135FAF7U, STM32MP135FAG7, STM32U031C6T6, STM32U031C6U6, STM32U031C8T6, STM32U031C8U6, STM32U031F4P6, STM32U031F6P6, STM32U031F8P6, STM32U031G6Y6TR, STM32U031G8Y6TR, STM32U031K4U6, STM32U031K6U6, STM32U031K8U6, STM32U031R6I6, STM32U031R6T6, STM32U031R8I6, STM32U031R8T6, STM32U073C8T6, STM32U073C8U6, STM32U073CBT6, STM32U073CBU6, STM32U073CCT6, STM32U073CCU6, STM32U073H8Y6TR, STM32U073HBY6TR, STM32U073HCY6TR, STM32U073K8U6, STM32U073KBU6, STM32U073KCU6, STM32U073M8I6, STM32U073M8T6, STM32U073MBI6, STM32U073MBT6, STM32U073MCI6, STM32U073MCT6, STM32U073R8I6, STM32U073R8T6, STM32U073RBI6, STM32U073RBT6, STM32U073RCI6, STM32U073RCT6, STM32U083C-DK, STM32U083CCT6, STM32U083CCU6, STM32U083HCY6TR, STM32U083KCU6, STM32U083MCI6, STM32U083MCT6, STM32U083RCI6, STM32U083RCT6, STM32U535CBT6, STM32U535CBT6Q, STM32U535CBU6, STM32U535CBU6Q, STM32U535CCT6, STM32U535CCT6Q, STM32U535CCU6, STM32U535CCU6Q, STM32U535CET6, STM32U535CET6Q, STM32U535CEU6, STM32U535CEU6Q, STM32U535JEY6QTR, STM32U535NCY6QTR, STM32U535NEY6QTR, STM32U535RBI6, STM32U535RBI6Q, STM32U535RBT6, STM32U535RBT6Q, STM32U535RCI6, STM32U535RCI6Q, STM32U535RCT6, STM32U535RCT6Q, STM32U535REI6, STM32U535REI6Q, STM32U535RET6, STM32U535RET6Q, STM32U535VCI6, STM32U535VCI6Q, STM32U535VCT6, STM32U535VCT6Q, STM32U535VEI6, STM32U535VEI6Q, STM32U535VET6, STM32U535VET6Q, STM32U545CET6, STM32U545CET6Q, STM32U545CEU6, STM32U545CEU6Q, STM32U545JEY6QTR, STM32U545NEY6QTR, STM32U545REI6, STM32U545REI6Q, STM32U545RET6, STM32U545RET6Q, STM32U545VEI6, STM32U545VEI6Q, STM32U545VET6, STM32U545VET6Q, STM32U595AIH6, STM32U595AIH6Q, STM32U595AJH6, STM32U595AJH6Q, STM32U595QII6, STM32U595QII6Q, STM32U595QJI6, STM32U595QJI6Q, STM32U595RIT6, STM32U595RIT6Q, STM32U595RJT6, STM32U595RJT6Q, STM32U595VIT6, STM32U595VIT6Q, STM32U595VJT6, STM32U595VJT6Q, STM32U595ZIT6, STM32U595ZIT6Q, STM32U595ZIY6QTR, STM32U595ZJT6, STM32U595ZJT6Q, STM32U595ZJY6QTR, STM32U599BJY6QTR, STM32U599NIH6Q, STM32U599NJH6Q, STM32U599VIT6Q, STM32U599VJT6, STM32U599VJT6Q, STM32U599ZIT6Q, STM32U599ZIY6QTR, STM32U599ZJT6Q, STM32U599ZJY6QTR, STM32U5A5AJH6, STM32U5A5AJH6Q, STM32U5A5QII3Q , STM32U5A5QJI6, STM32U5A5QJI6Q, STM32U5A5RJT6, STM32U5A5RJT6Q, STM32U5A5VJT6, STM32U5A5VJT6Q, STM32U5A5ZJT6, STM32U5A5ZJT6Q, STM32U5A5ZJY6QTR, STM32U5A9BJY6QTR, STM32U5A9J-DK, STM32U5A9NJH6Q, STM32U5A9VJT6Q, STM32U5A9ZJT6Q, STM32U5A9ZJY6QTR, STM32U5F7VIT6, STM32U5F7VIT6Q, STM32U5F7VJT6, STM32U5F7VJT6Q, STM32U5F9BJY6QTR, STM32U5F9NJH6Q, STM32U5F9VIT6Q, STM32U5F9VJT6Q, STM32U5F9ZIJ6QTR, STM32U5F9ZIT6Q, STM32U5F9ZJJ6QTR, STM32U5F9ZJT6Q, STM32U5G7VJT6, STM32U5G7VJT6Q, STM32U5G9BJY6QTR, STM32U5G9J-DK1, STM32U5G9J-DK2, STM32U5G9NJH6Q, STM32U5G9VJT6Q, STM32U5G9ZJJ6QTR, STM32U5G9ZJT6Q, STM32WB1MMCH6, STM32WBA50KEU6, STM32WBA50KEU6TR, STM32WBA50KGU6, STM32WBA50KGU6TR, STM32WBA52CEU6, STM32WBA52CEU6TR, STM32WBA52CEU7, STM32WBA52CEU7TR, STM32WBA52CGU6, STM32WBA52CGU6TR, STM32WBA52CGU6U, STM32WBA52CGU7, STM32WBA52CGU7TR, STM32WBA52KEU6, STM32WBA52KEU6TR, STM32WBA52KGU6, STM32WBA52KGU6TR, STM32WBA54CEU6, STM32WBA54CEU6TR, STM32WBA54CEU7, STM32WBA54CEU7TR, STM32WBA54CGU6, STM32WBA54CGU6TR, STM32WBA54CGU7, STM32WBA54CGU7TR, STM32WBA54KEU6, STM32WBA54KEU6TR, STM32WBA54KEU7, STM32WBA54KEU7TR, STM32WBA54KGU6, STM32WBA54KGU6TR, STM32WBA54KGU7, STM32WBA54KGU7TR, STM32WBA55CEU6, STM32WBA55CEU6TR, STM32WBA55CEU7, STM32WBA55CEU7TR, STM32WBA55CGU6, STM32WBA55CGU6TR, STM32WBA55CGU6U, STM32WBA55CGU7, STM32WBA55CGU7TR, STM32WBA55G-DK1, STM32WBA55HEF6, STM32WBA55HEF7, STM32WBA55HGF6, STM32WBA55HGF7, STM32WBA55UEI6, STM32WBA55UEI6TR, STM32WBA55UEI7, STM32WBA55UEI7TR, STM32WBA55UGI6, STM32WBA55UGI6TR, STM32WBA55UGI7, STM32WBA55UGI7TR, STM32WL5MOCH6, STM32WL5MOCH6TR]
2024-12-02 00:59:19,857 [INFO] DbMcus:218 - Found 4389 MCUs, 4389 are supported
2024-12-02 00:59:19,895 [INFO] ApiDb:423 - Load user favorites file C:\Users\marcelo/.stm32cubeide/favorites.mcus.txt: 0 item(s)
2024-12-02 00:59:19,896 [INFO] ApiDb:427 - User favorites MCUs=[]
2024-12-02 00:59:19,896 [INFO] DbMcus:224 - Set 0 / 0 favorites MCUs
2024-12-02 00:59:20,545 [INFO] ApiDb:668 - CubeFinder database Data Model version=2.1
2024-12-02 00:59:20,546 [INFO] ApiDb:669 - CubeFinder database Configuration version=3.0.39
2024-12-02 00:59:20,546 [INFO] ApiDb:670 - CubeFinder database generation date=2024-11-21 (1732182206)
2024-12-02 00:59:20,546 [INFO] ApiDb:671 - CubeFinder database FW Pack versions=[FP-ATR-ASTRA1_V2.0.0, FP-SNS-FLIGHT1_V5.0.2, FP-SNS-MOTENV1_V5.0.0, FP-SNS-MOTENVWB1_V1.4.0, FP-SNS-SMARTAG2_V1.2.0, FP-SNS-STBOX1_V2.0.0, STM32Cube_FW_C0_V1.3.0, STM32Cube_FW_F4_V1.28.1, STM32Cube_FW_F7_V1.17.2, STM32Cube_FW_G0_V1.6.2, STM32Cube_FW_G4_V1.6.1, STM32Cube_FW_H5_V1.4.0, STM32Cube_FW_H7RS_V1.1.0, STM32Cube_FW_H7_V1.12.0, STM32Cube_FW_L0_V1.12.2, STM32Cube_FW_L4_V1.18.1, STM32Cube_FW_L5_V1.5.1, STM32Cube_FW_N6_V1.0.0, STM32Cube_FW_U0_V1.2.0, STM32Cube_FW_U3_V1.0.0, STM32Cube_FW_U5_V1.7.0, STM32Cube_FW_WB0_V1.1.0, STM32Cube_FW_WBA_V1.5.0, STM32Cube_FW_WB_V1.21.0, STM32Cube_FW_WL3_V1.0.0, STM32Cube_FW_WL_V1.3.0, X-CUBE-ALGOBUILD_V1.4.0, X-CUBE-ALS_V1.0.2, X-CUBE-AZRTOS-F4_V1.1.0, X-CUBE-AZRTOS-F7_V1.1.0, X-CUBE-AZRTOS-G0_V1.1.0, X-CUBE-AZRTOS-G4_V2.0.0, X-CUBE-AZRTOS-H7RS_V1.0.0, X-CUBE-AZRTOS-H7_V3.3.0, X-CUBE-AZRTOS-L4_V2.0.0, X-CUBE-AZRTOS-L5_V2.0.0, X-CUBE-AZRTOS-WB_V2.0.0, X-CUBE-AZRTOS-WL_V2.0.0, X-CUBE-BLE1_V7.0.0, X-CUBE-BLE2_V3.3.0, X-CUBE-BLEMGR_V3.1.0, X-CUBE-EEPRMA1_V5.1.0, X-CUBE-FREERTOS_V1.2.0, X-CUBE-GNSS1_V6.0.0, X-CUBE-MEMS1_V11.0.0, X-CUBE-NFC4_V3.0.0, X-CUBE-NFC7_V1.0.1, X-CUBE-SFXS2LP1_V4.0.0, X-CUBE-SUBG2_V5.0.0, X-CUBE-TOF1_V3.4.2]
2024-12-02 00:59:20,625 [INFO] DbBoardsSqlite:226 - include board P-NUCLEO-WB55-NUCLEO as a kit item of type 'Nucleo-64'
2024-12-02 00:59:20,625 [INFO] DbBoardsSqlite:226 - include board P-NUCLEO-WB55-USBDONGLE as a kit item of type 'Nucleo USB Dongle'
2024-12-02 00:59:20,626 [INFO] DbBoardsSqlite:226 - include board STEVAL-IDP005V1 as a kit item of type 'Evaluation Board'
2024-12-02 00:59:20,626 [INFO] DbBoardsSqlite:226 - include board STEVAL-IDP005V2 as a kit item of type 'Evaluation Board'
2024-12-02 00:59:20,713 [INFO] ApiDb:240 - Found 483 in-development CPN: [B-G473E-ZEST1S, B-WB1M-WPAN1, B-WL5M-SUBG1, NUCLEO-C031C6, NUCLEO-H503RB, NUCLEO-H533RE, NUCLEO-H563ZI, NUCLEO-H7S3L8, NUCLEO-U031R8, NUCLEO-U083RC, NUCLEO-U545RE-Q, NUCLEO-U5A5ZJ-Q, NUCLEO-WBA52CG, NUCLEO-WBA55CG, STEVAL-PROTEUS1, STEVAL-SMARTAG2, STEVAL-STWINBX1, STM320518-EVAL, STM32C0116-DK, STM32C011D6Y3TR, STM32C011D6Y6TR, STM32C011F4P3, STM32C011F4P6, STM32C011F4U3, STM32C011F4U6TR, STM32C011F6P3, STM32C011F6P6, STM32C011F6U3, STM32C011F6U6TR, STM32C011J4M3, STM32C011J4M6, STM32C011J6M3, STM32C011J6M6, STM32C0316-DK, STM32C031C4T3, STM32C031C4T6, STM32C031C4U3, STM32C031C4U6, STM32C031C6T3, STM32C031C6T6, STM32C031C6U3, STM32C031C6U6, STM32C031F4P3, STM32C031F4P6, STM32C031F6P3, STM32C031F6P6, STM32C031G4U3, STM32C031G4U6, STM32C031G6U3, STM32C031G6U6, STM32C031K4T3, STM32C031K4T6, STM32C031K4U3, STM32C031K4U6, STM32C031K6T3, STM32C031K6T6, STM32C031K6U3, STM32C031K6U6, STM32G071K8TXN, STM32G071K8UXN, STM32G081GBU6N, STM32G081KBT6N, STM32G081KBUXN, STM32G0B1CCT6N, STM32G0B1KCT6, STM32G0B1NEY6TR, STM32G0B1RCT6N, STM32G0C1CCT6, STM32G0C1CCT6N, STM32G0C1CCU6N, STM32G0C1CET6N, STM32G0C1CEU6N, STM32G0C1KCT6, STM32G0C1NEY6TR, STM32G0C1RCI6N, STM32G0C1RCT6N, STM32G0C1REI6N, STM32G0C1RET6N, STM32G0C1VCI6, STM32G0C1VEI6, STM32G471CCT6, STM32G471CCU6, STM32G471CET3, STM32G471CET6, STM32G471CEU3, STM32G471CEU6, STM32G471MCT6, STM32G471MET3, STM32G471MET6, STM32G471MEY6TR, STM32G471QCT6, STM32G471QET3, STM32G471RCT6, STM32G471RET3, STM32G471RET6, STM32G471VCH6, STM32G471VCI6, STM32G471VCT6, STM32G471VEH3, STM32G471VEH6, STM32G471VEI3, STM32G471VEI6, STM32G471VET3, STM32G471VET6, STM32G474CCT6, STM32H503CBT6, STM32H503CBU6, STM32H503EBY6TR, STM32H503KBU6, STM32H503RBT6, STM32H523CCT6, STM32H523CCU6, STM32H523CET6, STM32H523CEU6, STM32H523HEY6TR, STM32H523RCT6, STM32H523RET6, STM32H523VCI6, STM32H523VCT6, STM32H523VEI6, STM32H523VET6, STM32H523ZCJ6, STM32H523ZCT6, STM32H523ZEJ6, STM32H523ZET6, STM32H533CET6, STM32H533CEU6, STM32H533HEY6TR, STM32H533RET6, STM32H533VEI6, STM32H533VET6, STM32H533ZEJ6, STM32H533ZET6, STM32H562AGI6, STM32H562AII6, STM32H562IGK6, STM32H562IGT6, STM32H562IIK6, STM32H562IIT6, STM32H562RGT6, STM32H562RGV6, STM32H562RIT6, STM32H562RIV6, STM32H562VGT6, STM32H562VIT6, STM32H562ZGT6, STM32H562ZIT6, STM32H563AGI6, STM32H563AII3Q, STM32H563AII6, STM32H563IGK6, STM32H563IGT6, STM32H563IIK3Q, STM32H563IIK6, STM32H563IIT3Q, STM32H563IIT6, STM32H563MIY3QTR, STM32H563RGT6, STM32H563RGV6, STM32H563RIT6, STM32H563RIV6, STM32H563VGT6, STM32H563VIT3Q, STM32H563VIT6, STM32H563ZGT6, STM32H563ZIT3Q, STM32H563ZIT6, STM32H573AII3Q, STM32H573AII6, STM32H573I-DK, STM32H573IIK3Q, STM32H573IIK6, STM32H573IIT3Q, STM32H573IIT6, STM32H573MIY3QTR, STM32H573RIT6, STM32H573RIV6, STM32H573VIT3Q, STM32H573VIT6, STM32H573ZIT3Q, STM32H573ZIT6, STM32H7R3A8I6, STM32H7R3I8K6, STM32H7R3I8T6, STM32H7R3L8H6, STM32H7R3L8H6H, STM32H7R3R8V6, STM32H7R3V8H6, STM32H7R3V8T6, STM32H7R3V8Y6, STM32H7R3Z8J6, STM32H7R3Z8T6, STM32H7R7A8I6, STM32H7R7I8K6, STM32H7R7I8T6, STM32H7R7L8H6, STM32H7R7L8H6H, STM32H7R7Z8J6, STM32H7S3A8I6, STM32H7S3I8K6, STM32H7S3I8T6, STM32H7S3L8H6, STM32H7S3L8H6H, STM32H7S3R8V6, STM32H7S3V8H6, STM32H7S3V8T6, STM32H7S3V8Y6, STM32H7S3Z8J6, STM32H7S3Z8T6, STM32H7S78-DK, STM32H7S7A8I6, STM32H7S7I8K6, STM32H7S7I8T6, STM32H7S7L8H6, STM32H7S7L8H6H, STM32H7S7Z8J6, STM32L4R5QGI6STR, STM32MP131AAE3, STM32MP131AAF3, STM32MP131AAG3, STM32MP131CAE3, STM32MP131CAF3, STM32MP131CAG3, STM32MP131DAE7, STM32MP131DAF7, STM32MP131DAG7, STM32MP131FAE7, STM32MP131FAF7, STM32MP131FAG7, STM32MP133AAE3, STM32MP133AAF3, STM32MP133AAG3, STM32MP133CAE3, STM32MP133CAF3, STM32MP133CAG3, STM32MP133DAE7, STM32MP133DAF7, STM32MP133DAG7, STM32MP133FAE7, STM32MP133FAF7, STM32MP133FAG7, STM32MP135AAE3, STM32MP135AAF3, STM32MP135AAG3, STM32MP135CAE3, STM32MP135CAF3, STM32MP135CAG3, STM32MP135DAE7, STM32MP135DAF7, STM32MP135DAG7, STM32MP135F-DK, STM32MP135FAE7, STM32MP135FAF7, STM32MP135FAF7T, STM32MP135FAF7U, STM32MP135FAG7, STM32U031C6T6, STM32U031C6U6, STM32U031C8T6, STM32U031C8U6, STM32U031F4P6, STM32U031F6P6, STM32U031F8P6, STM32U031G6Y6TR, STM32U031G8Y6TR, STM32U031K4U6, STM32U031K6U6, STM32U031K8U6, STM32U031R6I6, STM32U031R6T6, STM32U031R8I6, STM32U031R8T6, STM32U073C8T6, STM32U073C8U6, STM32U073CBT6, STM32U073CBU6, STM32U073CCT6, STM32U073CCU6, STM32U073H8Y6TR, STM32U073HBY6TR, STM32U073HCY6TR, STM32U073K8U6, STM32U073KBU6, STM32U073KCU6, STM32U073M8I6, STM32U073M8T6, STM32U073MBI6, STM32U073MBT6, STM32U073MCI6, STM32U073MCT6, STM32U073R8I6, STM32U073R8T6, STM32U073RBI6, STM32U073RBT6, STM32U073RCI6, STM32U073RCT6, STM32U083C-DK, STM32U083CCT6, STM32U083CCU6, STM32U083HCY6TR, STM32U083KCU6, STM32U083MCI6, STM32U083MCT6, STM32U083RCI6, STM32U083RCT6, STM32U535CBT6, STM32U535CBT6Q, STM32U535CBU6, STM32U535CBU6Q, STM32U535CCT6, STM32U535CCT6Q, STM32U535CCU6, STM32U535CCU6Q, STM32U535CET6, STM32U535CET6Q, STM32U535CEU6, STM32U535CEU6Q, STM32U535JEY6QTR, STM32U535NCY6QTR, STM32U535NEY6QTR, STM32U535RBI6, STM32U535RBI6Q, STM32U535RBT6, STM32U535RBT6Q, STM32U535RCI6, STM32U535RCI6Q, STM32U535RCT6, STM32U535RCT6Q, STM32U535REI6, STM32U535REI6Q, STM32U535RET6, STM32U535RET6Q, STM32U535VCI6, STM32U535VCI6Q, STM32U535VCT6, STM32U535VCT6Q, STM32U535VEI6, STM32U535VEI6Q, STM32U535VET6, STM32U535VET6Q, STM32U545CET6, STM32U545CET6Q, STM32U545CEU6, STM32U545CEU6Q, STM32U545JEY6QTR, STM32U545NEY6QTR, STM32U545REI6, STM32U545REI6Q, STM32U545RET6, STM32U545RET6Q, STM32U545VEI6, STM32U545VEI6Q, STM32U545VET6, STM32U545VET6Q, STM32U595AIH6, STM32U595AIH6Q, STM32U595AJH6, STM32U595AJH6Q, STM32U595QII6, STM32U595QII6Q, STM32U595QJI6, STM32U595QJI6Q, STM32U595RIT6, STM32U595RIT6Q, STM32U595RJT6, STM32U595RJT6Q, STM32U595VIT6, STM32U595VIT6Q, STM32U595VJT6, STM32U595VJT6Q, STM32U595ZIT6, STM32U595ZIT6Q, STM32U595ZIY6QTR, STM32U595ZJT6, STM32U595ZJT6Q, STM32U595ZJY6QTR, STM32U599BJY6QTR, STM32U599NIH6Q, STM32U599NJH6Q, STM32U599VIT6Q, STM32U599VJT6, STM32U599VJT6Q, STM32U599ZIT6Q, STM32U599ZIY6QTR, STM32U599ZJT6Q, STM32U599ZJY6QTR, STM32U5A5AJH6, STM32U5A5AJH6Q, STM32U5A5QII3Q , STM32U5A5QJI6, STM32U5A5QJI6Q, STM32U5A5RJT6, STM32U5A5RJT6Q, STM32U5A5VJT6, STM32U5A5VJT6Q, STM32U5A5ZJT6, STM32U5A5ZJT6Q, STM32U5A5ZJY6QTR, STM32U5A9BJY6QTR, STM32U5A9J-DK, STM32U5A9NJH6Q, STM32U5A9VJT6Q, STM32U5A9ZJT6Q, STM32U5A9ZJY6QTR, STM32U5F7VIT6, STM32U5F7VIT6Q, STM32U5F7VJT6, STM32U5F7VJT6Q, STM32U5F9BJY6QTR, STM32U5F9NJH6Q, STM32U5F9VIT6Q, STM32U5F9VJT6Q, STM32U5F9ZIJ6QTR, STM32U5F9ZIT6Q, STM32U5F9ZJJ6QTR, STM32U5F9ZJT6Q, STM32U5G7VJT6, STM32U5G7VJT6Q, STM32U5G9BJY6QTR, STM32U5G9J-DK1, STM32U5G9J-DK2, STM32U5G9NJH6Q, STM32U5G9VJT6Q, STM32U5G9ZJJ6QTR, STM32U5G9ZJT6Q, STM32WB1MMCH6, STM32WBA50KEU6, STM32WBA50KEU6TR, STM32WBA50KGU6, STM32WBA50KGU6TR, STM32WBA52CEU6, STM32WBA52CEU6TR, STM32WBA52CEU7, STM32WBA52CEU7TR, STM32WBA52CGU6, STM32WBA52CGU6TR, STM32WBA52CGU6U, STM32WBA52CGU7, STM32WBA52CGU7TR, STM32WBA52KEU6, STM32WBA52KEU6TR, STM32WBA52KGU6, STM32WBA52KGU6TR, STM32WBA54CEU6, STM32WBA54CEU6TR, STM32WBA54CEU7, STM32WBA54CEU7TR, STM32WBA54CGU6, STM32WBA54CGU6TR, STM32WBA54CGU7, STM32WBA54CGU7TR, STM32WBA54KEU6, STM32WBA54KEU6TR, STM32WBA54KEU7, STM32WBA54KEU7TR, STM32WBA54KGU6, STM32WBA54KGU6TR, STM32WBA54KGU7, STM32WBA54KGU7TR, STM32WBA55CEU6, STM32WBA55CEU6TR, STM32WBA55CEU7, STM32WBA55CEU7TR, STM32WBA55CGU6, STM32WBA55CGU6TR, STM32WBA55CGU6U, STM32WBA55CGU7, STM32WBA55CGU7TR, STM32WBA55G-DK1, STM32WBA55HEF6, STM32WBA55HEF7, STM32WBA55HGF6, STM32WBA55HGF7, STM32WBA55UEI6, STM32WBA55UEI6TR, STM32WBA55UEI7, STM32WBA55UEI7TR, STM32WBA55UGI6, STM32WBA55UGI6TR, STM32WBA55UGI7, STM32WBA55UGI7TR, STM32WL5MOCH6, STM32WL5MOCH6TR]
2024-12-02 00:59:22,139 [INFO] BoardInfo:889 - No configuration file found for board NUCLEO-C071RB
2024-12-02 00:59:22,140 [INFO] DbBoards:161 - Board is not supported: NUCLEO-C071RB
2024-12-02 00:59:22,281 [INFO] BoardInfo:889 - No configuration file found for board NUCLEO-WB05KZ
2024-12-02 00:59:22,282 [INFO] DbBoards:161 - Board is not supported: NUCLEO-WB05KZ
2024-12-02 00:59:22,283 [INFO] BoardInfo:889 - No configuration file found for board NUCLEO-WB07CC
2024-12-02 00:59:22,284 [INFO] DbBoards:161 - Board is not supported: NUCLEO-WB07CC
2024-12-02 00:59:22,285 [INFO] BoardInfo:889 - No configuration file found for board NUCLEO-WB09KE
2024-12-02 00:59:22,286 [INFO] DbBoards:161 - Board is not supported: NUCLEO-WB09KE
2024-12-02 00:59:22,300 [INFO] BoardInfo:889 - No configuration file found for board P-NUCLEO-WB55
2024-12-02 00:59:22,301 [INFO] DbBoards:161 - Kit is not supported: P-NUCLEO-WB55
2024-12-02 00:59:22,308 [INFO] BoardInfo:889 - No configuration file found for board STEVAL-BFA001V1B
2024-12-02 00:59:22,308 [INFO] DbBoards:161 - Kit is not supported: STEVAL-BFA001V1B
2024-12-02 00:59:22,310 [INFO] BoardInfo:889 - No configuration file found for board STEVAL-BFA001V2B
2024-12-02 00:59:22,310 [INFO] DbBoards:161 - Kit is not supported: STEVAL-BFA001V2B
2024-12-02 00:59:22,506 [INFO] BoardInfo:889 - No configuration file found for board STM32MP257F-DK
2024-12-02 00:59:22,506 [INFO] DbBoards:161 - Board is not supported: STM32MP257F-DK
2024-12-02 00:59:22,509 [INFO] BoardInfo:889 - No configuration file found for board STM32MP257F-EV1
2024-12-02 00:59:22,510 [INFO] DbBoards:161 - Board is not supported: STM32MP257F-EV1
2024-12-02 00:59:22,527 [INFO] DbBoards:168 - Found 201 boards, 192 are supported
2024-12-02 00:59:22,527 [INFO] DbBoards:169 - Found 201 boards, 8 of them is supported for  Bsp
2024-12-02 00:59:22,532 [INFO] ApiDb:423 - Load user favorites file C:\Users\marcelo/.stm32cubeide/favorites.boards.txt: 1 item(s)
2024-12-02 00:59:22,532 [INFO] ApiDb:427 - User favorites Boards=[NUCLEO-F429ZI]
2024-12-02 00:59:22,532 [INFO] DbBoards:198 - Set 1 / 1 favorites Boards
2024-12-02 00:59:22,535 [INFO] ApiDb:668 - CubeFinder database Data Model version=2.1
2024-12-02 00:59:22,535 [INFO] ApiDb:669 - CubeFinder database Configuration version=3.0.39
2024-12-02 00:59:22,536 [INFO] ApiDb:670 - CubeFinder database generation date=2024-11-21 (1732182206)
2024-12-02 00:59:22,536 [INFO] ApiDb:671 - CubeFinder database FW Pack versions=[FP-ATR-ASTRA1_V2.0.0, FP-SNS-FLIGHT1_V5.0.2, FP-SNS-MOTENV1_V5.0.0, FP-SNS-MOTENVWB1_V1.4.0, FP-SNS-SMARTAG2_V1.2.0, FP-SNS-STBOX1_V2.0.0, STM32Cube_FW_C0_V1.3.0, STM32Cube_FW_F4_V1.28.1, STM32Cube_FW_F7_V1.17.2, STM32Cube_FW_G0_V1.6.2, STM32Cube_FW_G4_V1.6.1, STM32Cube_FW_H5_V1.4.0, STM32Cube_FW_H7RS_V1.1.0, STM32Cube_FW_H7_V1.12.0, STM32Cube_FW_L0_V1.12.2, STM32Cube_FW_L4_V1.18.1, STM32Cube_FW_L5_V1.5.1, STM32Cube_FW_N6_V1.0.0, STM32Cube_FW_U0_V1.2.0, STM32Cube_FW_U3_V1.0.0, STM32Cube_FW_U5_V1.7.0, STM32Cube_FW_WB0_V1.1.0, STM32Cube_FW_WBA_V1.5.0, STM32Cube_FW_WB_V1.21.0, STM32Cube_FW_WL3_V1.0.0, STM32Cube_FW_WL_V1.3.0, X-CUBE-ALGOBUILD_V1.4.0, X-CUBE-ALS_V1.0.2, X-CUBE-AZRTOS-F4_V1.1.0, X-CUBE-AZRTOS-F7_V1.1.0, X-CUBE-AZRTOS-G0_V1.1.0, X-CUBE-AZRTOS-G4_V2.0.0, X-CUBE-AZRTOS-H7RS_V1.0.0, X-CUBE-AZRTOS-H7_V3.3.0, X-CUBE-AZRTOS-L4_V2.0.0, X-CUBE-AZRTOS-L5_V2.0.0, X-CUBE-AZRTOS-WB_V2.0.0, X-CUBE-AZRTOS-WL_V2.0.0, X-CUBE-BLE1_V7.0.0, X-CUBE-BLE2_V3.3.0, X-CUBE-BLEMGR_V3.1.0, X-CUBE-EEPRMA1_V5.1.0, X-CUBE-FREERTOS_V1.2.0, X-CUBE-GNSS1_V6.0.0, X-CUBE-MEMS1_V11.0.0, X-CUBE-NFC4_V3.0.0, X-CUBE-NFC7_V1.0.1, X-CUBE-SFXS2LP1_V4.0.0, X-CUBE-SUBG2_V5.0.0, X-CUBE-TOF1_V3.4.2]
2024-12-02 00:59:24,175 [ERROR] DbExamplesSqlite:437 - Missing JSON key: board_cpn
2024-12-02 00:59:24,176 [ERROR] DbExamplesSqlite:437 - Missing JSON key: board_cpn
2024-12-02 00:59:24,176 [ERROR] DbExamplesSqlite:437 - Missing JSON key: board_cpn
2024-12-02 00:59:24,177 [ERROR] DbExamplesSqlite:437 - Missing JSON key: board_cpn
2024-12-02 00:59:24,533 [ERROR] DbExamplesSqlite:437 - Missing JSON key: board_cpn
2024-12-02 00:59:24,534 [ERROR] DbExamplesSqlite:437 - Missing JSON key: board_cpn
2024-12-02 00:59:24,534 [ERROR] DbExamplesSqlite:437 - Missing JSON key: board_cpn
2024-12-02 00:59:24,535 [ERROR] DbExamplesSqlite:437 - Missing JSON key: board_cpn
2024-12-02 00:59:24,535 [ERROR] DbExamplesSqlite:437 - Missing JSON key: board_cpn
2024-12-02 00:59:24,536 [ERROR] DbExamplesSqlite:437 - Missing JSON key: board_cpn
2024-12-02 00:59:24,536 [ERROR] DbExamplesSqlite:437 - Missing JSON key: board_cpn
2024-12-02 00:59:24,537 [ERROR] DbExamplesSqlite:437 - Missing JSON key: board_cpn
2024-12-02 00:59:24,537 [ERROR] DbExamplesSqlite:437 - Missing JSON key: board_cpn
2024-12-02 00:59:24,880 [INFO] DbExamplesSqlite:395 - Ignored 77 examples not supported by CubeIDE
2024-12-02 00:59:24,881 [INFO] DbExamplesSqlite:396 - Found 10474 examples active
2024-12-02 00:59:24,881 [INFO] DbExamplesSqlite:397 - Found 0 examples obsolete
2024-12-02 00:59:24,882 [INFO] DbExamplesSqlite:398 - Found 0 examples under development
2024-12-02 00:59:24,882 [INFO] DbExamplesSqlite:399 - Found 43 examples not building
2024-12-02 00:59:24,886 [INFO] DbExamples:125 - Found 10440 examples
2024-12-02 00:59:25,548 [ERROR] DbExamples:208 - Found 682 examples with invalid data (board or MCU)
2024-12-02 00:59:25,549 [INFO] DbExamples:222 - Found 124 boards with related examples
2024-12-02 00:59:25,551 [INFO] DbExamples:235 - Found 105 MCUs with related examples
2024-12-02 00:59:25,601 [INFO] ApiDb:423 - Load user favorites file C:\Users\marcelo/.stm32cubeide/favorites.examples.txt: 0 item(s)
2024-12-02 00:59:25,601 [INFO] ApiDb:427 - User favorites Examples=[]
2024-12-02 00:59:25,601 [INFO] DbExamples:250 - Set 0 / 0 favorites Examples
2024-12-02 00:59:26,357 [INFO] McuFinderGlobals:76 - Set McuFinderConnectedMode to true
2024-12-02 00:59:26,370 [INFO] MultiScanPanel:200 - Auto-refresh data requested => check proxy status ongoing
2024-12-02 00:59:26,375 [INFO] FinderPluginLoader:95 - Searching for filters in installed packs
2024-12-02 00:59:30,113 [INFO] LoadUrlFilesThread:185 - End of LoadServerUrlFiles without Thread
2024-12-02 00:59:30,285 [INFO] DetailPanel:341 - Set advertising image to C:/Users/marcelo/STM32Cube/Repository/\en.prom-stm32c071-usb-memories-mcu-finder.png
2024-12-02 00:59:36,010 [INFO] McuFinderGlobals:76 - Set McuFinderConnectedMode to true
2024-12-02 00:59:37,221 [INFO] ApiDb:448 - Save user favorites file C:\Users\marcelo/.stm32cubeide/favorites.mcus.txt: 0 item(s)
2024-12-02 00:59:37,222 [INFO] ApiDb:452 - User favorites MCUs=[]
2024-12-02 00:59:37,890 [ERROR] LogOutputStream:75 - [STDERR_REDIRECT] Exception in thread "AWT-EventQueue-0" java.lang.NullPointerException: Cannot invoke "com.st.stm32cube.common.mx.targetselector.IdeMcuFinder.cleanUp(boolean)" because "this.this$0.mcuFinder" is null
2024-12-02 00:59:37,895 [ERROR] LogOutputStream:75 - [STDERR_REDIRECT] 	at com.st.stm32cube.common.mx.targetselector.TargetSelectorAdapter$7.run(TargetSelectorAdapter.java:353)
2024-12-02 00:59:37,900 [ERROR] LogOutputStream:75 - [STDERR_REDIRECT] 	at com.st.stm32cube.common.mx.oss.core.awtswtbridge.AwtEnvironment$2.run(AwtEnvironment.java:166)
2024-12-02 00:59:37,904 [ERROR] LogOutputStream:75 - [STDERR_REDIRECT] 	at java.desktop/java.awt.event.InvocationEvent.dispatch(InvocationEvent.java:318)
2024-12-02 00:59:37,908 [ERROR] LogOutputStream:75 - [STDERR_REDIRECT] 	at java.desktop/java.awt.EventQueue.dispatchEventImpl(EventQueue.java:773)
2024-12-02 00:59:37,912 [ERROR] LogOutputStream:75 - [STDERR_REDIRECT] 	at java.desktop/java.awt.EventQueue$4.run(EventQueue.java:720)
2024-12-02 00:59:37,915 [ERROR] LogOutputStream:75 - [STDERR_REDIRECT] 	at java.desktop/java.awt.EventQueue$4.run(EventQueue.java:714)
2024-12-02 00:59:37,921 [ERROR] LogOutputStream:75 - [STDERR_REDIRECT] 	at java.base/java.security.AccessController.doPrivileged(AccessController.java:399)
2024-12-02 00:59:37,926 [ERROR] LogOutputStream:75 - [STDERR_REDIRECT] 	at java.base/java.security.ProtectionDomain$JavaSecurityAccessImpl.doIntersectionPrivilege(ProtectionDomain.java:86)
2024-12-02 00:59:37,930 [ERROR] LogOutputStream:75 - [STDERR_REDIRECT] 	at java.desktop/java.awt.EventQueue.dispatchEvent(EventQueue.java:742)
2024-12-02 00:59:37,934 [ERROR] LogOutputStream:75 - [STDERR_REDIRECT] 	at java.desktop/java.awt.EventDispatchThread.pumpOneEventForFilters(EventDispatchThread.java:203)
2024-12-02 00:59:37,939 [ERROR] LogOutputStream:75 - [STDERR_REDIRECT] 	at java.desktop/java.awt.EventDispatchThread.pumpEventsForFilter(EventDispatchThread.java:124)
2024-12-02 00:59:37,943 [ERROR] LogOutputStream:75 - [STDERR_REDIRECT] 	at java.desktop/java.awt.EventDispatchThread.pumpEventsForHierarchy(EventDispatchThread.java:113)
2024-12-02 00:59:37,946 [ERROR] LogOutputStream:75 - [STDERR_REDIRECT] 	at java.desktop/java.awt.EventDispatchThread.pumpEvents(EventDispatchThread.java:109)
2024-12-02 00:59:37,948 [ERROR] LogOutputStream:75 - [STDERR_REDIRECT] 	at java.desktop/java.awt.EventDispatchThread.pumpEvents(EventDispatchThread.java:101)
2024-12-02 00:59:37,952 [ERROR] LogOutputStream:75 - [STDERR_REDIRECT] 	at java.desktop/java.awt.EventDispatchThread.run(EventDispatchThread.java:90)
