2024-11-10 15:55:44,066 [INFO] Activator:176 - 


2024-11-10 15:55:44,144 [INFO] Activator:177 - !SESSION log4j initialized
2024-11-10 15:56:29,839 [INFO] LogOutputStream:77 - [STDOUT_REDIRECT] 
2024-11-10 15:57:10,120 [INFO] ApplicationProperties:184 - Using Application install path: C:\ST\STM32CubeIDE_1.15.1\STM32CubeIDE\plugins\com.st.stm32cube.common.mx_6.11.1.202404110753
2024-11-10 15:57:10,457 [INFO] DbMcusXml:78 - Set database path to: C:\ST\STM32CubeIDE_1.15.1\STM32CubeIDE\plugins\com.st.stm32cube.common.mx_6.11.1.202404110753\\db\/mcu/
2024-11-10 15:57:10,457 [INFO] ApiDb:274 - Set plugin database path to: C:\ST\STM32CubeIDE_1.15.1\STM32CubeIDE\plugins\com.st.stm32cube.common.mx_6.11.1.202404110753\\db\/plugins/boardmanager/
2024-11-10 15:57:10,458 [WARN] ApiDb:259 - Overriding images path with different value:  => C:\ST\STM32CubeIDE_1.15.1\STM32CubeIDE\plugins\com.st.stm32cube.common.mx_6.11.1.202404110753\\db\/plugins/mcufinder/images/
2024-11-10 15:57:11,311 [INFO] ApiDb:250 - Set database path to: C:\Users\marcelo\.stmcufinder\plugins\mcufinder//mcu/
2024-11-10 15:57:11,313 [INFO] DbMcusAds:125 - Set database path to: C:\Users\marcelo\.stmcufinder\plugins\mcufinder//mcu/
2024-11-10 15:57:11,317 [INFO] CrossReferenceDbSqlite:203 - Set database path to: C:\Users\marcelo\.stmcufinder\plugins\mcufinder//mcu/cs/
2024-11-10 15:57:12,366 [INFO] RulesReader:64 - Compatibility file has been processed (297 Rules)
2024-11-10 15:57:13,437 [INFO] DbMcusXml:78 - Set database path to: C:\ST\STM32CubeIDE_1.15.1\STM32CubeIDE\plugins\com.st.stm32cube.common.mx_6.11.1.202404110753\\db\/mcu/
2024-11-10 15:57:13,437 [INFO] ApiDb:274 - Set plugin database path to: C:\ST\STM32CubeIDE_1.15.1\STM32CubeIDE\plugins\com.st.stm32cube.common.mx_6.11.1.202404110753\\db\/plugins/boardmanager/
2024-11-10 15:57:13,438 [INFO] ApiDb:261 - Set plugin images path to: C:\ST\STM32CubeIDE_1.15.1\STM32CubeIDE\plugins\com.st.stm32cube.common.mx_6.11.1.202404110753\\db\/plugins/mcufinder/images/
2024-11-10 15:57:13,438 [WARN] DbFile:41 - Overriding database path with different value: C:\Users\marcelo\.stmcufinder\plugins\mcufinder/ => C:\Users\marcelo\.stmcufinder\plugins\mcufinder
2024-11-10 15:57:13,439 [INFO] ApiDb:250 - Set database path to: C:\Users\marcelo\.stmcufinder\plugins\mcufinder//mcu/
2024-11-10 15:57:13,439 [WARN] DbFile:41 - Overriding database path with different value: C:\Users\marcelo\.stmcufinder\plugins\mcufinder/ => C:\Users\marcelo\.stmcufinder\plugins\mcufinder
2024-11-10 15:57:13,439 [INFO] DbMcusAds:125 - Set database path to: C:\Users\marcelo\.stmcufinder\plugins\mcufinder//mcu/
2024-11-10 15:57:13,439 [WARN] DbFile:41 - Overriding database path with different value: C:\Users\marcelo\.stmcufinder\plugins\mcufinder/ => C:\Users\marcelo\.stmcufinder\plugins\mcufinder
2024-11-10 15:57:13,440 [WARN] DbFile:41 - Overriding database path with different value: C:\Users\marcelo\.stmcufinder\plugins\mcufinder/ => C:\Users\marcelo\.stmcufinder\plugins\mcufinder
2024-11-10 15:57:13,440 [INFO] CrossReferenceDbSqlite:203 - Set database path to: C:\Users\marcelo\.stmcufinder\plugins\mcufinder//mcu/cs/
2024-11-10 15:57:14,817 [INFO] MainPanel:264 - HeapMemory: 268435456
2024-11-10 15:57:18,186 [INFO] DbMcusXml:78 - Set database path to: C:\ST\STM32CubeIDE_1.15.1\STM32CubeIDE\plugins\com.st.stm32cube.common.mx_6.11.1.202404110753\\db\/mcu/
2024-11-10 15:57:18,187 [INFO] ApiDb:274 - Set plugin database path to: C:\ST\STM32CubeIDE_1.15.1\STM32CubeIDE\plugins\com.st.stm32cube.common.mx_6.11.1.202404110753\\db\/plugins/boardmanager/
2024-11-10 15:57:18,187 [INFO] ApiDb:261 - Set plugin images path to: C:\ST\STM32CubeIDE_1.15.1\STM32CubeIDE\plugins\com.st.stm32cube.common.mx_6.11.1.202404110753\\db\/plugins/mcufinder/images/
2024-11-10 15:57:18,188 [WARN] DbFile:41 - Overriding database path with different value: C:\Users\marcelo\.stmcufinder\plugins\mcufinder/ => C:\Users\marcelo\.stmcufinder\plugins\mcufinder
2024-11-10 15:57:18,188 [INFO] ApiDb:250 - Set database path to: C:\Users\marcelo\.stmcufinder\plugins\mcufinder//mcu/
2024-11-10 15:57:18,189 [WARN] DbFile:41 - Overriding database path with different value: C:\Users\marcelo\.stmcufinder\plugins\mcufinder/ => C:\Users\marcelo\.stmcufinder\plugins\mcufinder
2024-11-10 15:57:18,189 [INFO] DbMcusAds:125 - Set database path to: C:\Users\marcelo\.stmcufinder\plugins\mcufinder//mcu/
2024-11-10 15:57:18,189 [WARN] DbFile:41 - Overriding database path with different value: C:\Users\marcelo\.stmcufinder\plugins\mcufinder/ => C:\Users\marcelo\.stmcufinder\plugins\mcufinder
2024-11-10 15:57:18,190 [WARN] DbFile:41 - Overriding database path with different value: C:\Users\marcelo\.stmcufinder\plugins\mcufinder/ => C:\Users\marcelo\.stmcufinder\plugins\mcufinder
2024-11-10 15:57:18,190 [INFO] CrossReferenceDbSqlite:203 - Set database path to: C:\Users\marcelo\.stmcufinder\plugins\mcufinder//mcu/cs/
2024-11-10 15:57:18,520 [INFO] ApplicationProperties:184 - Using Application install path: C:\ST\STM32CubeIDE_1.15.1\STM32CubeIDE\plugins\com.st.stm32cube.common.mx_6.11.1.202404110753
2024-11-10 15:57:18,557 [INFO] PluginManage:196 - Search for loadable plugins [exclusion list=, ]
2024-11-10 15:57:18,585 [INFO] PluginManage:310 - Check plugin analytics
2024-11-10 15:57:25,004 [INFO] AnalyticsPlugin:253 - Accepted Software Licenses: STM32CubeMX.5.6.1
2024-11-10 15:57:25,005 [INFO] AnalyticsPlugin:255 - Accepted CMSIS Pack Licenses: 
2024-11-10 15:57:25,005 [INFO] AnalyticsPlugin:257 - Accepted Firmware Licenses: 
2024-11-10 15:57:25,011 [INFO] PluginManage:359 - Loaded plugin analytics (category:tool,tabindex:-1)
2024-11-10 15:57:25,012 [INFO] PluginManage:310 - Check plugin cadmodel
2024-11-10 15:57:25,481 [INFO] CADModel:105 - Init CAD model plugin
2024-11-10 15:57:25,482 [INFO] PluginManage:359 - Loaded plugin cadmodel (category:power,tabindex:5)
2024-11-10 15:57:25,482 [INFO] PluginManage:310 - Check plugin clock
2024-11-10 15:57:25,910 [INFO] PluginManage:359 - Loaded plugin clock (category:base,tabindex:2)
2024-11-10 15:57:25,910 [INFO] PluginManage:310 - Check plugin ddr
2024-11-10 15:57:26,050 [INFO] PluginManage:359 - Loaded plugin ddr (category:tool,tabindex:6)
2024-11-10 15:57:26,050 [INFO] PluginManage:310 - Check plugin filemanager
2024-11-10 15:57:28,217 [INFO] PluginManage:359 - Loaded plugin filemanager (category:base,tabindex:10)
2024-11-10 15:57:28,218 [INFO] PluginManage:310 - Check plugin ipmanager
2024-11-10 15:57:28,414 [INFO] PluginManage:359 - Loaded plugin ipmanager (category:base,tabindex:5)
2024-11-10 15:57:28,414 [INFO] PluginManage:310 - Check plugin lpbam
2024-11-10 15:57:28,601 [INFO] PluginManage:359 - Loaded plugin lpbam (category:base,tabindex:0)
2024-11-10 15:57:28,602 [INFO] PluginManage:310 - Check plugin memorymap
2024-11-10 15:57:28,903 [INFO] PluginManage:359 - Loaded plugin memorymap (category:base,tabindex:4)
2024-11-10 15:57:28,903 [INFO] PluginManage:310 - Check plugin pinoutandconfiguration
2024-11-10 15:57:29,064 [INFO] PluginManage:359 - Loaded plugin pinoutandconfiguration (category:base,tabindex:1)
2024-11-10 15:57:29,064 [INFO] PluginManage:310 - Check plugin pinoutconfig
2024-11-10 15:57:30,631 [WARN] SupportedApi:132 - Cannot load RTOS API schema: s4s-elt-must-match.1: The content of 'definitions' must match (annotation?, (simpleType | complexType)?, (unique | key | keyref)*)). A problem was found starting at: attribute.
2024-11-10 15:57:31,842 [INFO] PluginManage:359 - Loaded plugin pinoutconfig (category:base,tabindex:0)
2024-11-10 15:57:31,843 [INFO] PluginManage:310 - Check plugin power
2024-11-10 15:57:32,017 [INFO] PluginManage:359 - Loaded plugin power (category:power,tabindex:4)
2024-11-10 15:57:32,017 [INFO] PluginManage:310 - Check plugin projectmanager
2024-11-10 15:57:32,272 [INFO] PluginManage:359 - Loaded plugin projectmanager (category:projectmanager,tabindex:3)
2024-11-10 15:57:32,272 [INFO] PluginManage:310 - Check plugin thirdparty
2024-11-10 15:57:38,871 [INFO] PluginManage:359 - Loaded plugin thirdparty (category:base,tabindex:-1)
2024-11-10 15:57:38,871 [WARN] IntegrityCheckThread:84 - waiting for thirdparty lock release [integrity check]
2024-11-10 15:57:38,872 [INFO] PluginManage:310 - Check plugin tools
2024-11-10 15:57:38,872 [INFO] IntegrityCheckThread:86 - entering critical section [integrity check]
2024-11-10 15:57:38,872 [INFO] ThirdPartyUpdaterWithRetryManager:70 - Updater plugin not ready yet. [1/15]
2024-11-10 15:57:39,035 [INFO] PluginManage:359 - Loaded plugin tools (category:base,tabindex:7)
2024-11-10 15:57:39,035 [INFO] PluginManage:310 - Check plugin tutovideos
2024-11-10 15:57:41,876 [INFO] ThirdPartyUpdaterWithRetryManager:70 - Updater plugin not ready yet. [2/15]
2024-11-10 15:57:44,149 [INFO] PluginManage:359 - Loaded plugin tutovideos (category:base,tabindex:-1)
2024-11-10 15:57:44,149 [INFO] PluginManage:310 - Check plugin updater
2024-11-10 15:57:44,274 [INFO] PluginManage:359 - Loaded plugin updater (category:base,tabindex:12)
2024-11-10 15:57:44,275 [INFO] PluginManage:310 - Check plugin userauth
2024-11-10 15:57:44,306 [INFO] UserAuth:114 - Init User Auth plugin
2024-11-10 15:57:44,306 [INFO] PluginManage:359 - Loaded plugin userauth (category:base,tabindex:14)
2024-11-10 15:57:44,307 [INFO] PluginManage:283 - PluginManage : Loaded plugins [17]
2024-11-10 15:57:44,877 [INFO] ThirdPartyUpdaterWithRetryManager:70 - Updater plugin not ready yet. [3/15]
2024-11-10 15:57:45,829 [INFO] PinOutPanel:1561 - setPackage(No Configuration,No Configuration)
2024-11-10 15:57:46,203 [INFO] CADModel:165 - CPN selected for project level
2024-11-10 15:57:46,203 [INFO] CADModel:114 - Register for checkConnection events
2024-11-10 15:57:46,574 [INFO] IPUIPlugin:80 - create IPUIPlugin
2024-11-10 15:57:46,575 [INFO] PluginManager:220 - loadIPPluginJar : add adc
2024-11-10 15:57:46,594 [INFO] IPUIPlugin:80 - create IPUIPlugin
2024-11-10 15:57:46,594 [INFO] PluginManager:220 - loadIPPluginJar : add aes
2024-11-10 15:57:46,613 [INFO] IPUIPlugin:80 - create IPUIPlugin
2024-11-10 15:57:46,613 [INFO] PluginManager:220 - loadIPPluginJar : add can
2024-11-10 15:57:46,649 [INFO] IPUIPlugin:80 - create IPUIPlugin
2024-11-10 15:57:46,649 [INFO] PluginManager:220 - loadIPPluginJar : add comp
2024-11-10 15:57:46,674 [INFO] IPUIPlugin:80 - create IPUIPlugin
2024-11-10 15:57:46,674 [INFO] PluginManager:220 - loadIPPluginJar : add cryp
2024-11-10 15:57:46,694 [INFO] IPUIPlugin:80 - create IPUIPlugin
2024-11-10 15:57:46,695 [INFO] PluginManager:220 - loadIPPluginJar : add dfsdm
2024-11-10 15:57:46,717 [INFO] IPUIPlugin:80 - create IPUIPlugin
2024-11-10 15:57:46,718 [INFO] PluginManager:220 - loadIPPluginJar : add dma
2024-11-10 15:57:46,742 [INFO] IPUIPlugin:80 - create IPUIPlugin
2024-11-10 15:57:46,742 [INFO] PluginManager:220 - loadIPPluginJar : add dma3
2024-11-10 15:57:46,761 [INFO] IPUIPlugin:80 - create IPUIPlugin
2024-11-10 15:57:46,762 [INFO] PluginManager:220 - loadIPPluginJar : add extmemmanager
2024-11-10 15:57:46,779 [INFO] IPUIPlugin:80 - create IPUIPlugin
2024-11-10 15:57:46,779 [INFO] PluginManager:220 - loadIPPluginJar : add fatfs
2024-11-10 15:57:46,800 [INFO] IPUIPlugin:80 - create IPUIPlugin
2024-11-10 15:57:46,801 [INFO] PluginManager:220 - loadIPPluginJar : add fmc
2024-11-10 15:57:46,869 [INFO] IPUIPlugin:80 - create IPUIPlugin
2024-11-10 15:57:46,869 [INFO] PluginManager:220 - loadIPPluginJar : add freertos
2024-11-10 15:57:46,889 [INFO] IPUIPlugin:80 - create IPUIPlugin
2024-11-10 15:57:46,890 [INFO] PluginManager:220 - loadIPPluginJar : add genericplugin
2024-11-10 15:57:46,911 [INFO] IPUIPlugin:80 - create IPUIPlugin
2024-11-10 15:57:46,912 [INFO] PluginManager:220 - loadIPPluginJar : add gfxmmu
2024-11-10 15:57:46,938 [INFO] IPUIPlugin:80 - create IPUIPlugin
2024-11-10 15:57:46,938 [INFO] PluginManager:220 - loadIPPluginJar : add gic
2024-11-10 15:57:46,963 [INFO] IPUIPlugin:80 - create IPUIPlugin
2024-11-10 15:57:46,964 [INFO] PluginManager:220 - loadIPPluginJar : add gpio
2024-11-10 15:57:46,978 [INFO] IPUIPlugin:80 - create IPUIPlugin
2024-11-10 15:57:46,978 [INFO] PluginManager:220 - loadIPPluginJar : add gtzc
2024-11-10 15:57:46,996 [INFO] IPUIPlugin:80 - create IPUIPlugin
2024-11-10 15:57:46,997 [INFO] PluginManager:220 - loadIPPluginJar : add hash
2024-11-10 15:57:47,018 [INFO] IPUIPlugin:80 - create IPUIPlugin
2024-11-10 15:57:47,019 [INFO] PluginManager:220 - loadIPPluginJar : add i2c
2024-11-10 15:57:47,037 [INFO] IPUIPlugin:80 - create IPUIPlugin
2024-11-10 15:57:47,037 [INFO] PluginManager:220 - loadIPPluginJar : add i2s
2024-11-10 15:57:47,056 [INFO] IPUIPlugin:80 - create IPUIPlugin
2024-11-10 15:57:47,057 [INFO] PluginManager:220 - loadIPPluginJar : add i3c
2024-11-10 15:57:47,110 [INFO] IPUIPlugin:80 - create IPUIPlugin
2024-11-10 15:57:47,111 [INFO] PluginManager:220 - loadIPPluginJar : add ipddr
2024-11-10 15:57:47,156 [INFO] IPUIPlugin:80 - create IPUIPlugin
2024-11-10 15:57:47,157 [INFO] PluginManager:220 - loadIPPluginJar : add linkedlist
2024-11-10 15:57:47,174 [INFO] IPUIPlugin:80 - create IPUIPlugin
2024-11-10 15:57:47,175 [INFO] PluginManager:220 - loadIPPluginJar : add lorawan
2024-11-10 15:57:47,188 [INFO] IPUIPlugin:80 - create IPUIPlugin
2024-11-10 15:57:47,189 [INFO] PluginManager:220 - loadIPPluginJar : add ltdc
2024-11-10 15:57:47,228 [INFO] IPUIPlugin:80 - create IPUIPlugin
2024-11-10 15:57:47,228 [INFO] PluginManager:220 - loadIPPluginJar : add mdma
2024-11-10 15:57:47,250 [INFO] IPUIPlugin:80 - create IPUIPlugin
2024-11-10 15:57:47,250 [INFO] PluginManager:220 - loadIPPluginJar : add nvic
2024-11-10 15:57:47,272 [INFO] IPUIPlugin:80 - create IPUIPlugin
2024-11-10 15:57:47,273 [INFO] PluginManager:220 - loadIPPluginJar : add opamp
2024-11-10 15:57:47,291 [INFO] IPUIPlugin:80 - create IPUIPlugin
2024-11-10 15:57:47,292 [INFO] PluginManager:220 - loadIPPluginJar : add openamp
2024-11-10 15:57:47,353 [INFO] IPUIPlugin:80 - create IPUIPlugin
2024-11-10 15:57:47,353 [INFO] PluginManager:220 - loadIPPluginJar : add pdm2pcm
2024-11-10 15:57:47,384 [INFO] IPUIPlugin:80 - create IPUIPlugin
2024-11-10 15:57:47,390 [INFO] PluginManager:220 - loadIPPluginJar : add plateformsettings
2024-11-10 15:57:47,413 [INFO] IPUIPlugin:80 - create IPUIPlugin
2024-11-10 15:57:47,413 [INFO] PluginManager:220 - loadIPPluginJar : add quadspi
2024-11-10 15:57:47,440 [INFO] IPUIPlugin:80 - create IPUIPlugin
2024-11-10 15:57:47,440 [INFO] PluginManager:220 - loadIPPluginJar : add resmgrutility
2024-11-10 15:57:47,463 [INFO] IPUIPlugin:80 - create IPUIPlugin
2024-11-10 15:57:47,463 [INFO] PluginManager:220 - loadIPPluginJar : add sai
2024-11-10 15:57:47,490 [INFO] IPUIPlugin:80 - create IPUIPlugin
2024-11-10 15:57:47,490 [INFO] PluginManager:220 - loadIPPluginJar : add spi
2024-11-10 15:57:47,819 [INFO] IPUIPlugin:80 - create IPUIPlugin
2024-11-10 15:57:47,819 [INFO] PluginManager:220 - loadIPPluginJar : add stm32_wpan
2024-11-10 15:57:47,833 [INFO] IPUIPlugin:80 - create IPUIPlugin
2024-11-10 15:57:47,833 [INFO] PluginManager:220 - loadIPPluginJar : add tim
2024-11-10 15:57:47,853 [INFO] IPUIPlugin:80 - create IPUIPlugin
2024-11-10 15:57:47,853 [INFO] PluginManager:220 - loadIPPluginJar : add touchsensing
2024-11-10 15:57:47,872 [INFO] IPUIPlugin:80 - create IPUIPlugin
2024-11-10 15:57:47,872 [INFO] PluginManager:220 - loadIPPluginJar : add tracer_emb
2024-11-10 15:57:47,877 [INFO] ThirdPartyUpdaterWithRetryManager:70 - Updater plugin not ready yet. [4/15]
2024-11-10 15:57:47,886 [INFO] IPUIPlugin:80 - create IPUIPlugin
2024-11-10 15:57:47,886 [INFO] PluginManager:220 - loadIPPluginJar : add ts
2024-11-10 15:57:47,916 [INFO] IPUIPlugin:80 - create IPUIPlugin
2024-11-10 15:57:47,917 [INFO] PluginManager:220 - loadIPPluginJar : add tsc
2024-11-10 15:57:47,921 [INFO] IPUIPlugin:80 - create IPUIPlugin
2024-11-10 15:57:47,922 [INFO] PluginManager:220 - loadIPPluginJar : add ucpd
2024-11-10 15:57:47,949 [INFO] IPUIPlugin:80 - create IPUIPlugin
2024-11-10 15:57:47,950 [INFO] PluginManager:220 - loadIPPluginJar : add usart
2024-11-10 15:57:47,964 [INFO] IPUIPlugin:80 - create IPUIPlugin
2024-11-10 15:57:47,964 [INFO] PluginManager:220 - loadIPPluginJar : add usbx
2024-11-10 15:57:48,226 [INFO] CADModel:165 - CPN selected for project level
2024-11-10 15:57:48,226 [INFO] CADModel:114 - Register for checkConnection events
2024-11-10 15:57:48,227 [FATAL] Updater:308 - Updater called before beeing initialized
2024-11-10 15:57:48,227 [ERROR] CADModel:125 - Updater not yet initialized, retry later 
2024-11-10 15:57:48,769 [INFO] CADModel:165 - CPN selected for project level
2024-11-10 15:57:48,770 [INFO] CADModel:114 - Register for checkConnection events
2024-11-10 15:57:48,770 [FATAL] Updater:308 - Updater called before beeing initialized
2024-11-10 15:57:48,770 [ERROR] CADModel:125 - Updater not yet initialized, retry later 
2024-11-10 15:57:48,790 [FATAL] Updater:308 - Updater called before beeing initialized
2024-11-10 15:57:49,363 [FATAL] Updater:308 - Updater called before beeing initialized
2024-11-10 15:57:49,370 [INFO] DbMcusAds:53 - JSON generation date=Fri Sep 20 10:04:38 ART 2024 (1726837478367)
2024-11-10 15:57:49,370 [FATAL] Updater:308 - Updater called before beeing initialized
2024-11-10 15:57:49,606 [WARN] DetailPanel:346 - Failed to get advertising image, set to default
2024-11-10 15:57:49,786 [FATAL] Updater:308 - Updater called before beeing initialized
2024-11-10 15:57:49,799 [FATAL] Updater:308 - Updater called before beeing initialized
2024-11-10 15:57:49,799 [FATAL] Updater:308 - Updater called before beeing initialized
2024-11-10 15:57:49,799 [WARN] DetailPanel:346 - Failed to get advertising image, set to default
2024-11-10 15:57:49,802 [FATAL] Updater:308 - Updater called before beeing initialized
2024-11-10 15:57:50,007 [ERROR] Updater:1120 - MainUpdater not yet initialized. External WinMGr cannot be set.
2024-11-10 15:57:50,026 [INFO] Updater:1056 - Updater Version found : 6.11.1
2024-11-10 15:57:50,085 [INFO] ApplicationProperties:184 - Using Application install path: C:\ST\STM32CubeIDE_1.15.1\STM32CubeIDE\plugins\com.st.stm32cube.common.mx_6.11.1.202404110753
2024-11-10 15:57:50,878 [INFO] ThirdPartyUpdaterWithRetryManager:70 - Updater plugin not ready yet. [5/15]
2024-11-10 15:57:51,875 [ERROR] LogOutputStream:75 - [STDERR_REDIRECT] Nov 10, 2024 3:57:51 PM java.util.prefs.WindowsPreferences <init>
2024-11-10 15:57:51,880 [ERROR] LogOutputStream:75 - [STDERR_REDIRECT] WARNING: Could not open/create prefs root node Software\JavaSoft\Prefs at root 0xffffffff80000002. Windows RegCreateKeyEx(...) returned error code 5.
2024-11-10 15:57:51,880 [ERROR] LogOutputStream:75 - [STDERR_REDIRECT] 
2024-11-10 15:57:53,236 [INFO] MainUpdater:2873 - connection check result : 10
2024-11-10 15:57:53,237 [INFO] MainUpdater:3567 - Updater definition file requires update
2024-11-10 15:57:53,239 [INFO] MainUpdater:290 - Updater Check For Update Now.
2024-11-10 15:57:53,239 [INFO] MicroXplorer:498 - Change Database Version : DB.6.0.111
2024-11-10 15:57:53,297 [INFO] McuFinderGlobals:63 - Set McuFinder mode to 2 (CubeIDE integrated)
2024-11-10 15:57:53,298 [INFO] UserAuth:179 - activating auth plugin
2024-11-10 15:57:53,316 [INFO] UserAuth:415 - Internet connection configuration mode: 1
2024-11-10 15:57:53,398 [INFO] ServerAccessManage:473 - Download File updaters.zip
2024-11-10 15:57:53,487 [INFO] JxBrowserEngine:152 - Initiate JxBrowser Engine with user profile folder
2024-11-10 15:57:53,736 [INFO] FileExtend:240 - Unzip File : updaters.zip
2024-11-10 15:57:53,737 [INFO] FileExtend:255 - Standard Zip Deflate
2024-11-10 15:57:53,879 [WARN] MainUpdater:1194 - Updater busy. Cannot search thirdparties
2024-11-10 15:57:53,879 [INFO] ThirdPartyUpdaterWithRetryManager:96 - Updater plugin is busy. [1/15]
2024-11-10 15:57:54,305 [ERROR] JxBrowserEngine:70 - Can't initiate JxBrowser engine com.teamdev.jxbrowser.os.EnvironmentException: Unsupported operating system. Supported OS: Windows 10 and higher, Windows Server 2016 and higher, macOS 10.13 and higher, Linux 64-bit. Current OS: Windows 8.1, version: 6.3
2024-11-10 15:57:56,880 [WARN] MainUpdater:1194 - Updater busy. Cannot search thirdparties
2024-11-10 15:57:56,880 [INFO] ThirdPartyUpdaterWithRetryManager:96 - Updater plugin is busy. [2/15]
2024-11-10 15:57:59,882 [WARN] MainUpdater:1194 - Updater busy. Cannot search thirdparties
2024-11-10 15:57:59,883 [INFO] ThirdPartyUpdaterWithRetryManager:96 - Updater plugin is busy. [3/15]
2024-11-10 15:58:02,884 [WARN] MainUpdater:1194 - Updater busy. Cannot search thirdparties
2024-11-10 15:58:02,884 [INFO] ThirdPartyUpdaterWithRetryManager:96 - Updater plugin is busy. [4/15]
2024-11-10 15:58:05,886 [WARN] MainUpdater:1194 - Updater busy. Cannot search thirdparties
2024-11-10 15:58:05,886 [INFO] ThirdPartyUpdaterWithRetryManager:96 - Updater plugin is busy. [5/15]
2024-11-10 15:58:08,889 [WARN] MainUpdater:1194 - Updater busy. Cannot search thirdparties
2024-11-10 15:58:08,890 [INFO] ThirdPartyUpdaterWithRetryManager:96 - Updater plugin is busy. [6/15]
2024-11-10 15:58:11,892 [WARN] MainUpdater:1194 - Updater busy. Cannot search thirdparties
2024-11-10 15:58:11,892 [INFO] ThirdPartyUpdaterWithRetryManager:96 - Updater plugin is busy. [7/15]
2024-11-10 15:58:14,712 [INFO] ServerAccessManage:473 - Download File PacksControlFlags.xml
2024-11-10 15:58:14,893 [WARN] MainUpdater:1194 - Updater busy. Cannot search thirdparties
2024-11-10 15:58:14,893 [INFO] ThirdPartyUpdaterWithRetryManager:96 - Updater plugin is busy. [8/15]
2024-11-10 15:58:15,626 [INFO] ServerAccessManage:473 - Download File cubemx.pidx
2024-11-10 15:58:16,124 [INFO] LoadServerUpdatesThread:375 - End of LoadServerUpdate Thread
2024-11-10 15:58:16,389 [INFO] CheckServerUpdateThread:120 - End of CheckServer Thread
2024-11-10 15:58:27,762 [WARN] PackLoader:240 - Cannot read IP mode file for STMicroelectronics.X-CUBE-AZRTOS-F7.1.1.0
2024-11-10 15:58:28,664 [WARN] PackLoader:240 - Cannot read IP mode file for STMicroelectronics.X-CUBE-MEMS1.11.0.0
2024-11-10 15:58:30,432 [WARN] PackLoader:240 - Cannot read IP mode file for emotas.I-CUBE-CANOPEN.1.3.0
2024-11-10 15:58:31,288 [INFO] LogOutputStream:77 - [STDOUT_REDIRECT] 1 : Invalid condition id : UX_CORESTACK_Condition cause : null
2024-11-10 15:58:31,290 [INFO] LogOutputStream:77 - [STDOUT_REDIRECT] 1 : Invalid condition id : UX_CORESTACK_Condition cause : null
2024-11-10 15:58:31,294 [INFO] LogOutputStream:77 - [STDOUT_REDIRECT] 1 : Invalid condition id : UX_CORESTACK_Condition cause : null
2024-11-10 15:58:31,297 [INFO] LogOutputStream:77 - [STDOUT_REDIRECT] 1 : Invalid condition id : UX_CORESTACK_Condition cause : null
2024-11-10 15:58:31,300 [INFO] LogOutputStream:77 - [STDOUT_REDIRECT] 1 : Invalid condition id : UX_CORESTACK_Condition cause : null
2024-11-10 15:58:31,305 [WARN] PackLoader:240 - Cannot read IP mode file for STMicroelectronics.X-CUBE-AZRTOS-WL.2.0.0
2024-11-10 15:58:31,870 [WARN] PackLoader:240 - Cannot read IP mode file for wolfSSL.I-CUBE-wolfMQTT.1.19.0
2024-11-10 15:58:32,427 [WARN] PackLoader:240 - Cannot read IP mode file for WES.I-CUBE-Cesium.1.3.0
2024-11-10 15:58:33,538 [WARN] PackLoader:240 - Cannot read IP mode file for STMicroelectronics.X-CUBE-AZRTOS-G0.1.1.0
2024-11-10 15:58:34,530 [WARN] PackLoader:240 - Cannot read IP mode file for EmbeddedOffice.I-CUBE-FS-RTOS.1.0.1
2024-11-10 15:58:34,531 [ERROR] ConditionMgr:805 - Attr not supported : Dmpu
2024-11-10 15:58:34,531 [ERROR] ConditionMgr:805 - Attr not supported : Dmpu
2024-11-10 15:58:34,531 [ERROR] ConditionMgr:805 - Attr not supported : Dmpu
2024-11-10 15:58:34,531 [ERROR] ConditionMgr:805 - Attr not supported : Dmpu
2024-11-10 15:58:34,532 [ERROR] ConditionMgr:805 - Attr not supported : Dmpu
2024-11-10 15:58:34,532 [ERROR] ConditionMgr:805 - Attr not supported : Dmpu
2024-11-10 15:58:34,532 [ERROR] ConditionMgr:805 - Attr not supported : Dmpu
2024-11-10 15:58:34,532 [ERROR] ConditionMgr:805 - Attr not supported : Dmpu
2024-11-10 15:58:34,532 [ERROR] ConditionMgr:805 - Attr not supported : Dmpu
2024-11-10 15:58:34,532 [ERROR] ConditionMgr:805 - Attr not supported : Dmpu
2024-11-10 15:58:34,532 [ERROR] ConditionMgr:805 - Attr not supported : Dmpu
2024-11-10 15:58:34,532 [ERROR] ConditionMgr:805 - Attr not supported : Dmpu
2024-11-10 15:58:34,533 [ERROR] ConditionMgr:805 - Attr not supported : Dmpu
2024-11-10 15:58:34,533 [ERROR] ConditionMgr:805 - Attr not supported : Dmpu
2024-11-10 15:58:34,533 [ERROR] ConditionMgr:805 - Attr not supported : Dmpu
2024-11-10 15:58:34,533 [ERROR] ConditionMgr:805 - Attr not supported : Dmpu
2024-11-10 15:58:34,533 [ERROR] ConditionMgr:805 - Attr not supported : Dmpu
2024-11-10 15:58:34,533 [ERROR] ConditionMgr:805 - Attr not supported : Dmpu
2024-11-10 15:58:34,533 [ERROR] ConditionMgr:805 - Attr not supported : Dmpu
2024-11-10 15:58:34,534 [ERROR] ConditionMgr:805 - Attr not supported : Dmpu
2024-11-10 15:58:34,534 [ERROR] ConditionMgr:805 - Attr not supported : Dmpu
2024-11-10 15:58:34,534 [ERROR] ConditionMgr:805 - Attr not supported : Dmpu
2024-11-10 15:58:34,534 [ERROR] ConditionMgr:805 - Attr not supported : Dmpu
2024-11-10 15:58:34,534 [ERROR] ConditionMgr:805 - Attr not supported : Dmpu
2024-11-10 15:58:34,534 [ERROR] ConditionMgr:805 - Attr not supported : Dmpu
2024-11-10 15:58:34,535 [ERROR] ConditionMgr:805 - Attr not supported : Dmpu
2024-11-10 15:58:34,535 [ERROR] ConditionMgr:805 - Attr not supported : Dmpu
2024-11-10 15:58:34,535 [ERROR] ConditionMgr:805 - Attr not supported : Dmpu
2024-11-10 15:58:34,535 [ERROR] ConditionMgr:805 - Attr not supported : Dmpu
2024-11-10 15:58:34,535 [ERROR] ConditionMgr:805 - Attr not supported : Dmpu
2024-11-10 15:58:34,535 [ERROR] ConditionMgr:805 - Attr not supported : Dmpu
2024-11-10 15:58:34,535 [ERROR] ConditionMgr:805 - Attr not supported : Dmpu
2024-11-10 15:58:34,535 [ERROR] ConditionMgr:805 - Attr not supported : Dmpu
2024-11-10 15:58:34,537 [ERROR] ConditionMgr:805 - Attr not supported : Dmpu
2024-11-10 15:58:34,537 [ERROR] ConditionMgr:805 - Attr not supported : Dmpu
2024-11-10 15:58:34,537 [ERROR] ConditionMgr:805 - Attr not supported : Dmpu
2024-11-10 15:58:34,537 [ERROR] ConditionMgr:805 - Attr not supported : Dmpu
2024-11-10 15:58:34,537 [ERROR] ConditionMgr:805 - Attr not supported : Dmpu
2024-11-10 15:58:34,537 [ERROR] ConditionMgr:805 - Attr not supported : Dmpu
2024-11-10 15:58:34,538 [ERROR] ConditionMgr:805 - Attr not supported : Dmpu
2024-11-10 15:58:34,538 [ERROR] ConditionMgr:805 - Attr not supported : Dmpu
2024-11-10 15:58:34,538 [ERROR] ConditionMgr:805 - Attr not supported : Dmpu
2024-11-10 15:58:34,538 [ERROR] ConditionMgr:805 - Attr not supported : Dmpu
2024-11-10 15:58:34,538 [ERROR] ConditionMgr:805 - Attr not supported : Dmpu
2024-11-10 15:58:34,538 [ERROR] ConditionMgr:805 - Attr not supported : Dmpu
2024-11-10 15:58:34,538 [ERROR] ConditionMgr:805 - Attr not supported : Dmpu
2024-11-10 15:58:34,539 [ERROR] ConditionMgr:805 - Attr not supported : Dmpu
2024-11-10 15:58:34,539 [ERROR] ConditionMgr:805 - Attr not supported : Dmpu
2024-11-10 15:58:34,539 [ERROR] ConditionMgr:805 - Attr not supported : Dmpu
2024-11-10 15:58:34,539 [ERROR] ConditionMgr:805 - Attr not supported : Dmpu
2024-11-10 15:58:34,539 [ERROR] ConditionMgr:805 - Attr not supported : Dmpu
2024-11-10 15:58:34,539 [ERROR] ConditionMgr:805 - Attr not supported : Dmpu
2024-11-10 15:58:34,540 [ERROR] ConditionMgr:805 - Attr not supported : Dmpu
2024-11-10 15:58:34,540 [ERROR] ConditionMgr:805 - Attr not supported : Dmpu
2024-11-10 15:58:34,540 [ERROR] ConditionMgr:805 - Attr not supported : Dmpu
2024-11-10 15:58:34,540 [ERROR] ConditionMgr:805 - Attr not supported : Dmpu
2024-11-10 15:58:34,540 [ERROR] ConditionMgr:805 - Attr not supported : Dmpu
2024-11-10 15:58:34,540 [ERROR] ConditionMgr:805 - Attr not supported : Dmpu
2024-11-10 15:58:34,541 [ERROR] ConditionMgr:805 - Attr not supported : Dmpu
2024-11-10 15:58:34,541 [ERROR] ConditionMgr:805 - Attr not supported : Dmpu
2024-11-10 15:58:34,541 [ERROR] ConditionMgr:805 - Attr not supported : Dmpu
2024-11-10 15:58:34,541 [ERROR] ConditionMgr:805 - Attr not supported : Dmpu
2024-11-10 15:58:34,541 [ERROR] ConditionMgr:805 - Attr not supported : Dmpu
2024-11-10 15:58:34,541 [ERROR] ConditionMgr:805 - Attr not supported : Dmpu
2024-11-10 15:58:35,435 [WARN] PackLoader:240 - Cannot read IP mode file for RealThread.X-CUBE-RT-Thread_Nano.4.1.1
2024-11-10 15:58:36,808 [WARN] PackLoader:240 - Cannot read IP mode file for wolfSSL.I-CUBE-wolfSSL.5.7.0
2024-11-10 15:58:37,079 [WARN] PackLoader:240 - Cannot read IP mode file for ITTIA_DB.I-CUBE-ITTIADB.8.9.0
2024-11-10 15:58:38,365 [WARN] PackLoader:240 - Cannot read IP mode file for SEGGER.I-CUBE-embOS.1.3.1
2024-11-10 15:58:39,075 [WARN] PackLoader:240 - Cannot read IP mode file for STMicroelectronics.X-CUBE-AZRTOS-F4.1.1.0
2024-11-10 15:58:39,203 [WARN] PackLoader:240 - Cannot read IP mode file for STMicroelectronics.X-CUBE-ISPU.2.1.0
2024-11-10 15:58:40,227 [WARN] PackLoader:240 - Cannot read IP mode file for STMicroelectronics.X-CUBE-AZRTOS-L5.2.0.0
2024-11-10 15:58:40,313 [WARN] PackLoader:240 - Cannot read IP mode file for STMicroelectronics.X-CUBE-DPower.1.2.0
2024-11-10 15:58:40,526 [WARN] PackLoader:240 - Cannot read IP mode file for wolfSSL.I-CUBE-wolfTPM.3.2.0
2024-11-10 15:58:41,699 [WARN] ConditionMgr:438 - getConditionDescription Invalid condition id : LAN8742 Phy interface Condition cause : null
2024-11-10 15:58:41,703 [WARN] PackLoader:240 - Cannot read IP mode file for STMicroelectronics.X-CUBE-AZRTOS-L4.2.0.0
2024-11-10 15:58:41,706 [WARN] ConditionMgr:1039 - genDependencies : Invalid condition id : LAN8742 Phy interface Condition cause : null
2024-11-10 15:58:41,707 [WARN] ConditionMgr:1039 - genDependencies : Invalid condition id : LAN8742 Phy interface Condition cause : null
2024-11-10 15:58:41,708 [WARN] ConditionMgr:1039 - genDependencies : Invalid condition id : LAN8742 Phy interface Condition cause : null
2024-11-10 15:58:41,962 [WARN] PackLoader:240 - Cannot read IP mode file for STMicroelectronics.X-CUBE-AZRTOS-H7.3.3.0
2024-11-10 15:58:42,102 [WARN] ConditionMgr:438 - getConditionDescription Invalid condition id : UX DEVICE CLASS RTOS Condition cause : null
2024-11-10 15:58:42,102 [WARN] ConditionMgr:438 - getConditionDescription Invalid condition id : UX DEVICE CLASS RTOS Condition cause : null
2024-11-10 15:58:42,107 [WARN] PackLoader:240 - Cannot read IP mode file for STMicroelectronics.X-CUBE-AZRTOS-WB.2.0.0
2024-11-10 15:58:42,109 [WARN] ConditionMgr:1039 - genDependencies : Invalid condition id : UX DEVICE CLASS RTOS Condition cause : null
2024-11-10 15:58:42,109 [WARN] ConditionMgr:1039 - genDependencies : Invalid condition id : UX DEVICE CLASS RTOS Condition cause : null
2024-11-10 15:58:42,110 [WARN] ConditionMgr:1039 - genDependencies : Invalid condition id : UX DEVICE CLASS RTOS Condition cause : null
2024-11-10 15:58:42,111 [WARN] ConditionMgr:1039 - genDependencies : Invalid condition id : UX DEVICE CLASS RTOS Condition cause : null
2024-11-10 15:58:42,111 [WARN] ConditionMgr:1039 - genDependencies : Invalid condition id : UX DEVICE CLASS RTOS Condition cause : null
2024-11-10 15:58:42,186 [WARN] PackLoader:240 - Cannot read IP mode file for STMicroelectronics.X-CUBE-GNSS1.7.0.0
2024-11-10 15:58:42,287 [WARN] PackLoader:240 - Cannot read IP mode file for STMicroelectronics.FP-SNS-STBOX1.2.0.0
2024-11-10 15:58:42,331 [WARN] PackLoader:240 - Cannot read IP mode file for Cesanta.I-CUBE-Mongoose.7.13.0
2024-11-10 15:58:42,884 [WARN] PackLoader:240 - Cannot read IP mode file for STMicroelectronics.X-CUBE-AZRTOS-G4.2.0.0
2024-11-10 15:58:42,906 [WARN] PackLoader:240 - Cannot read IP mode file for STMicroelectronics.X-CUBE-TOUCHGFX.4.24.0
2024-11-10 15:58:43,012 [WARN] PackLoader:240 - Cannot read IP mode file for portGmbH.I-Cube-SoM-uGOAL.1.1.0
2024-11-10 15:58:43,287 [WARN] PackLoader:240 - Cannot read IP mode file for STMicroelectronics.X-CUBE-AZRTOS-H7RS.1.0.0
2024-11-10 15:58:43,637 [WARN] PackLoader:240 - Cannot read IP mode file for STMicroelectronics.X-CUBE-TOF1.3.4.2
2024-11-10 15:58:43,728 [WARN] PackLoader:240 - Cannot read IP mode file for Infineon.AIROC-Wi-Fi-Bluetooth-STM32.1.6.0
2024-11-10 15:58:43,784 [WARN] PackLoader:240 - Cannot read IP mode file for wolfSSL.I-CUBE-wolfSSH.1.4.17
2024-11-10 15:58:43,785 [INFO] ThirdParty:978 - Integrity check success = true
2024-11-10 15:58:43,785 [INFO] IntegrityCheckThread:100 - exiting critical section [integrity check]
2024-11-10 15:58:43,786 [INFO] IntegrityCheckThread:103 - End integrity checks thread
2024-11-10 21:41:34,868 [INFO] McuFinderGlobals:63 - Set McuFinder mode to 2 (CubeIDE integrated)
2024-11-10 21:41:34,951 [INFO] MainUpdater:2873 - connection check result : 10
2024-11-10 21:41:35,020 [INFO] MainUpdater:2873 - connection check result : 10
2024-11-10 21:41:35,947 [INFO] MicroXplorer:468 - Change Database Path : 
2024-11-10 21:41:35,948 [INFO] MicroXplorer:498 - Change Database Version : DB.6.0.111
2024-11-10 21:41:36,069 [WARN] ThirdParty:871 - waiting for thirdparty lock release [close project]
2024-11-10 21:41:36,069 [INFO] ThirdParty:873 - entering critical section [close project]
2024-11-10 21:41:36,074 [INFO] ThirdParty:883 - exiting critical section [close project]
2024-11-10 21:41:36,079 [INFO] PinOutPanel:1561 - setPackage(No Configuration,No Configuration)
2024-11-10 21:41:36,092 [INFO] UtilMem:75 - Begin LoadConfig() Used Memory: 757697800 Bytes (1073741824)
2024-11-10 21:41:36,093 [INFO] MicroXplorer:468 - Change Database Path : 
2024-11-10 21:41:36,094 [INFO] MicroXplorer:498 - Change Database Version : DB.6.0.111
2024-11-10 21:41:36,094 [INFO] OpenFileManager:312 - Change cursor
2024-11-10 21:41:36,670 [INFO] Mcu:2021 - Initializing MCU STM32F429ZITx STM32F429ZITx STM32F429ZIT6
2024-11-10 21:41:44,381 [INFO] Context:663 - Trying to add GPIOservice into a context  which must be forbidden
2024-11-10 21:41:46,625 [INFO] RtosManager:555 - Registered RTOS mode: class=CMSIS, group=RTOS, mode=CMSIS_V1, owner=FREERTOS
2024-11-10 21:41:46,626 [INFO] RtosManager:555 - Registered RTOS mode: class=CMSIS, group=RTOS2, mode=CMSIS_V2, owner=FREERTOS
2024-11-10 21:41:46,626 [INFO] RtosManager:555 - Registered RTOS mode: class=RTOS, group=Core, mode=CMSIS_V1, owner=FREERTOS
2024-11-10 21:41:46,626 [INFO] RtosManager:555 - Registered RTOS mode: class=RTOS, group=Core, mode=CMSIS_V2, owner=FREERTOS
2024-11-10 21:41:46,626 [WARN] ModelIntegratedComponent:184 - Missing modes for component STMicroelectronics:FreeRTOS:0.0.1:STMicroelectronics:RTOS:FreeRTOS:Core:::10.2.0:
2024-11-10 21:41:46,636 [WARN] ModelIntegratedComponent:63 - No mode defined for component null
2024-11-10 21:41:46,636 [WARN] ModelIntegratedComponent:63 - No mode defined for component null
2024-11-10 21:41:46,636 [WARN] ModelIntegratedComponent:63 - No mode defined for component null
2024-11-10 21:41:46,637 [WARN] ModelIntegratedComponent:63 - No mode defined for component null
2024-11-10 21:41:46,637 [WARN] ModelIntegratedComponent:63 - No mode defined for component null
2024-11-10 21:41:46,637 [WARN] ModelIntegratedComponent:63 - No mode defined for component null
2024-11-10 21:41:46,637 [WARN] ModelIntegratedComponent:63 - No mode defined for component null
2024-11-10 21:41:46,637 [WARN] ModelIntegratedComponent:63 - No mode defined for component null
2024-11-10 21:41:46,637 [WARN] ModelIntegratedComponent:63 - No mode defined for component null
2024-11-10 21:41:46,637 [WARN] ModelIntegratedComponent:63 - No mode defined for component null
2024-11-10 21:41:46,637 [WARN] ModelIntegratedComponent:63 - No mode defined for component null
2024-11-10 21:41:46,637 [WARN] ModelIntegratedComponent:63 - No mode defined for component null
2024-11-10 21:41:46,637 [WARN] ModelIntegratedComponent:63 - No mode defined for component null
2024-11-10 21:41:46,637 [WARN] ModelIntegratedComponent:63 - No mode defined for component null
2024-11-10 21:41:46,637 [WARN] ModelIntegratedComponent:63 - No mode defined for component null
2024-11-10 21:41:46,638 [WARN] ModelIntegratedComponent:63 - No mode defined for component null
2024-11-10 21:41:46,638 [WARN] ModelIntegratedComponent:63 - No mode defined for component null
2024-11-10 21:41:46,638 [WARN] ModelIntegratedComponent:63 - No mode defined for component null
2024-11-10 21:41:46,638 [WARN] ModelIntegratedComponent:63 - No mode defined for component null
2024-11-10 21:41:46,638 [WARN] ModelIntegratedComponent:63 - No mode defined for component null
2024-11-10 21:41:46,638 [WARN] ModelIntegratedComponent:63 - No mode defined for component null
2024-11-10 21:41:46,638 [WARN] ModelIntegratedComponent:63 - No mode defined for component null
2024-11-10 21:41:46,638 [WARN] ModelIntegratedComponent:63 - No mode defined for component null
2024-11-10 21:41:46,638 [WARN] ModelIntegratedComponent:63 - No mode defined for component null
2024-11-10 21:41:46,638 [WARN] ModelIntegratedComponent:63 - No mode defined for component null
2024-11-10 21:41:46,639 [WARN] ModelIntegratedComponent:63 - No mode defined for component null
2024-11-10 21:41:46,639 [WARN] ModelIntegratedComponent:63 - No mode defined for component null
2024-11-10 21:41:46,639 [WARN] ModelIntegratedComponent:63 - No mode defined for component null
2024-11-10 21:41:46,639 [WARN] ModelIntegratedComponent:63 - No mode defined for component null
2024-11-10 21:41:46,639 [WARN] ModelIntegratedComponent:63 - No mode defined for component null
2024-11-10 21:41:46,639 [WARN] ModelIntegratedComponent:63 - No mode defined for component null
2024-11-10 21:41:46,639 [WARN] ModelIntegratedComponent:63 - No mode defined for component null
2024-11-10 21:41:46,639 [WARN] ModelIntegratedComponent:63 - No mode defined for component null
2024-11-10 21:41:46,640 [WARN] ModelIntegratedComponent:63 - No mode defined for component null
2024-11-10 21:41:46,726 [INFO] ThirdPartyModel:298 - Start build external matchings
2024-11-10 21:41:47,025 [INFO] ThirdPartyModel:316 - End build external matchings
2024-11-10 21:41:47,038 [INFO] ImportTextPane:194 - (OptionalMessage_ERROR) IP (ETH) : Invalid parameter (PHY_Name)
2024-11-10 21:41:47,038 [INFO] ImportTextPane:194 - (OptionalMessage_ERROR) IP (ETH) : Invalid parameter (PHY_Value)
2024-11-10 21:41:47,038 [INFO] ImportTextPane:194 - (OptionalMessage_ERROR) IP (ETH) : Invalid parameter (PhyAddress)
2024-11-10 21:41:47,042 [INFO] ImportTextPane:194 - (OptionalMessage_ERROR) IP (RCC) : Invalid parameter (ADC12outputFreq_Value)
2024-11-10 21:41:47,043 [INFO] ImportTextPane:194 - (OptionalMessage_ERROR) IP (RCC) : Invalid parameter (ADC34outputFreq_Value)
2024-11-10 21:41:47,043 [INFO] ImportTextPane:194 - (OptionalMessage_ERROR) IP (RCC) : Invalid parameter (FamilyName)
2024-11-10 21:41:47,043 [INFO] ImportTextPane:194 - (OptionalMessage_ERROR) IP (RCC) : Invalid parameter (I2C1Freq_Value)
2024-11-10 21:41:47,044 [INFO] ImportTextPane:194 - (OptionalMessage_ERROR) IP (RCC) : Invalid parameter (I2C2Freq_Value)
2024-11-10 21:41:47,044 [INFO] ImportTextPane:194 - (OptionalMessage_ERROR) IP (RCC) : Invalid parameter (I2C3Freq_Value)
2024-11-10 21:41:47,044 [INFO] ImportTextPane:194 - (OptionalMessage_ERROR) IP (RCC) : Parameter (MCO2PinFreq_Value) has invalid value (168000000)
2024-11-10 21:41:47,044 [INFO] ImportTextPane:194 - (OptionalMessage_ERROR) IP (RCC) : Invalid parameter (MCOFreq_Value)
2024-11-10 21:41:47,045 [INFO] ImportTextPane:194 - (OptionalMessage_ERROR) IP (RCC) : Invalid parameter (PLLMCOFreq_Value)
2024-11-10 21:41:47,045 [INFO] ImportTextPane:194 - (OptionalMessage_ERROR) IP (RCC) : Invalid parameter (PLLMUL)
2024-11-10 21:41:47,046 [INFO] ImportTextPane:194 - (OptionalMessage_ERROR) IP (RCC) : Invalid parameter (PRESCALERUSB)
2024-11-10 21:41:47,046 [INFO] ImportTextPane:194 - (OptionalMessage_ERROR) IP (RCC) : Parameter (RTCHSEDivFreq_Value) has invalid value (4000000)
2024-11-10 21:41:47,046 [INFO] ImportTextPane:194 - (OptionalMessage_ERROR) IP (RCC) : Invalid parameter (SYSCLKSourceVirtual)
2024-11-10 21:41:47,047 [INFO] ImportTextPane:194 - (OptionalMessage_ERROR) IP (RCC) : Invalid parameter (TIM15Freq_Value)
2024-11-10 21:41:47,047 [INFO] ImportTextPane:194 - (OptionalMessage_ERROR) IP (RCC) : Invalid parameter (TIM16Freq_Value)
2024-11-10 21:41:47,047 [INFO] ImportTextPane:194 - (OptionalMessage_ERROR) IP (RCC) : Invalid parameter (TIM17Freq_Value)
2024-11-10 21:41:47,047 [INFO] ImportTextPane:194 - (OptionalMessage_ERROR) IP (RCC) : Invalid parameter (TIM1Freq_Value)
2024-11-10 21:41:47,047 [INFO] ImportTextPane:194 - (OptionalMessage_ERROR) IP (RCC) : Invalid parameter (TIM20Freq_Value)
2024-11-10 21:41:47,047 [INFO] ImportTextPane:194 - (OptionalMessage_ERROR) IP (RCC) : Invalid parameter (TIM2Freq_Value)
2024-11-10 21:41:47,048 [INFO] ImportTextPane:194 - (OptionalMessage_ERROR) IP (RCC) : Invalid parameter (TIM3Freq_Value)
2024-11-10 21:41:47,048 [INFO] ImportTextPane:194 - (OptionalMessage_ERROR) IP (RCC) : Invalid parameter (TIM8Freq_Value)
2024-11-10 21:41:47,048 [INFO] ImportTextPane:194 - (OptionalMessage_ERROR) IP (RCC) : Invalid parameter (UART4Freq_Value)
2024-11-10 21:41:47,048 [INFO] ImportTextPane:194 - (OptionalMessage_ERROR) IP (RCC) : Invalid parameter (UART5Freq_Value)
2024-11-10 21:41:47,048 [INFO] ImportTextPane:194 - (OptionalMessage_ERROR) IP (RCC) : Invalid parameter (USART1Freq_Value)
2024-11-10 21:41:47,048 [INFO] ImportTextPane:194 - (OptionalMessage_ERROR) IP (RCC) : Invalid parameter (USART2Freq_Value)
2024-11-10 21:41:47,048 [INFO] ImportTextPane:194 - (OptionalMessage_ERROR) IP (RCC) : Invalid parameter (USART3Freq_Value)
2024-11-10 21:41:47,049 [INFO] ImportTextPane:194 - (OptionalMessage_ERROR) IP (RCC) : Invalid parameter (USBFreq_Value)
2024-11-10 21:41:47,050 [INFO] ImportTextPane:194 - (OptionalMessage_ERROR) IP (RCC) : Invalid parameter (VCOOutput2Freq_Value)
2024-11-10 21:41:48,104 [INFO] ApiDb:581 - Connected to CubeFinder SQLite database (C:\Users\marcelo\.stmcufinder\plugins\mcufinder\mcu\cube-finder-db.db)
2024-11-10 21:41:49,661 [INFO] ApiDb:668 - CubeFinder database Data Model version=2.1
2024-11-10 21:41:49,661 [INFO] ApiDb:669 - CubeFinder database Configuration version=3.0.39
2024-11-10 21:41:49,665 [INFO] ApiDb:670 - CubeFinder database generation date=2024-10-15 (1729006872)
2024-11-10 21:41:49,665 [INFO] ApiDb:671 - CubeFinder database FW Pack versions=[FP-ATR-ASTRA1_V2.0.0, FP-SNS-FLIGHT1_V5.0.2, FP-SNS-MOTENV1_V5.0.0, FP-SNS-MOTENVWB1_V1.4.0, FP-SNS-SMARTAG2_V1.2.0, FP-SNS-STBOX1_V2.0.0, STM32Cube_FW_C0_V1.2.0, STM32Cube_FW_F4_V1.28.1, STM32Cube_FW_F7_V1.17.2, STM32Cube_FW_G0_V1.6.2, STM32Cube_FW_G4_V1.6.0, STM32Cube_FW_H5_V1.3.0, STM32Cube_FW_H7RS_V1.1.0, STM32Cube_FW_H7_V1.11.2, STM32Cube_FW_L0_V1.12.2, STM32Cube_FW_L5_V1.5.1, STM32Cube_FW_U0_V1.1.0, STM32Cube_FW_U5_V1.6.0, STM32Cube_FW_WB0_V1.0.0, STM32Cube_FW_WBA_V1.4.1, STM32Cube_FW_WB_V1.20.0, STM32Cube_FW_WL_V1.3.0, X-CUBE-ALGOBUILD_V1.4.0, X-CUBE-ALS_V1.0.2, X-CUBE-AZRTOS-F4_V1.1.0, X-CUBE-AZRTOS-F7_V1.1.0, X-CUBE-AZRTOS-G0_V1.1.0, X-CUBE-AZRTOS-G4_V2.0.0, X-CUBE-AZRTOS-H7RS_V1.0.0, X-CUBE-AZRTOS-H7_V3.3.0, X-CUBE-AZRTOS-L4_V2.0.0, X-CUBE-AZRTOS-L5_V2.0.0, X-CUBE-AZRTOS-WB_V2.0.0, X-CUBE-AZRTOS-WL_V2.0.0, X-CUBE-BLE1_V7.0.0, X-CUBE-BLE2_V3.3.0, X-CUBE-BLEMGR_V3.1.0, X-CUBE-EEPRMA1_V5.1.0, X-CUBE-FREERTOS_V1.2.0, X-CUBE-GNSS1_V6.0.0, X-CUBE-MEMS1_V11.0.0, X-CUBE-NFC4_V3.0.0, X-CUBE-NFC7_V1.0.1, X-CUBE-SFXS2LP1_V4.0.0, X-CUBE-SUBG2_V5.0.0, X-CUBE-TOF1_V3.4.2]
2024-11-10 21:41:52,373 [INFO] DbBoardsSqlite:226 - include board P-NUCLEO-WB55-NUCLEO as a kit item of type 'Nucleo-64'
2024-11-10 21:41:52,374 [INFO] DbBoardsSqlite:226 - include board P-NUCLEO-WB55-USBDONGLE as a kit item of type 'Nucleo USB Dongle'
2024-11-10 21:41:52,486 [INFO] DbBoardsSqlite:226 - include board STEVAL-IDP005V1 as a kit item of type 'Evaluation Board'
2024-11-10 21:41:52,487 [INFO] DbBoardsSqlite:226 - include board STEVAL-IDP005V2 as a kit item of type 'Evaluation Board'
2024-11-10 21:41:58,550 [INFO] ApiDb:240 - Found 483 in-development CPN: [B-G473E-ZEST1S, B-WB1M-WPAN1, B-WL5M-SUBG1, NUCLEO-C031C6, NUCLEO-H503RB, NUCLEO-H533RE, NUCLEO-H563ZI, NUCLEO-H7S3L8, NUCLEO-U031R8, NUCLEO-U083RC, NUCLEO-U545RE-Q, NUCLEO-U5A5ZJ-Q, NUCLEO-WBA52CG, NUCLEO-WBA55CG, STEVAL-PROTEUS1, STEVAL-SMARTAG2, STEVAL-STWINBX1, STM320518-EVAL, STM32C0116-DK, STM32C011D6Y3TR, STM32C011D6Y6TR, STM32C011F4P3, STM32C011F4P6, STM32C011F4U3, STM32C011F4U6TR, STM32C011F6P3, STM32C011F6P6, STM32C011F6U3, STM32C011F6U6TR, STM32C011J4M3, STM32C011J4M6, STM32C011J6M3, STM32C011J6M6, STM32C0316-DK, STM32C031C4T3, STM32C031C4T6, STM32C031C4U3, STM32C031C4U6, STM32C031C6T3, STM32C031C6T6, STM32C031C6U3, STM32C031C6U6, STM32C031F4P3, STM32C031F4P6, STM32C031F6P3, STM32C031F6P6, STM32C031G4U3, STM32C031G4U6, STM32C031G6U3, STM32C031G6U6, STM32C031K4T3, STM32C031K4T6, STM32C031K4U3, STM32C031K4U6, STM32C031K6T3, STM32C031K6T6, STM32C031K6U3, STM32C031K6U6, STM32G071K8TXN, STM32G071K8UXN, STM32G081GBU6N, STM32G081KBT6N, STM32G081KBUXN, STM32G0B1CCT6N, STM32G0B1KCT6, STM32G0B1NEY6TR, STM32G0B1RCT6N, STM32G0C1CCT6, STM32G0C1CCT6N, STM32G0C1CCU6N, STM32G0C1CET6N, STM32G0C1CEU6N, STM32G0C1KCT6, STM32G0C1NEY6TR, STM32G0C1RCI6N, STM32G0C1RCT6N, STM32G0C1REI6N, STM32G0C1RET6N, STM32G0C1VCI6, STM32G0C1VEI6, STM32G471CCT6, STM32G471CCU6, STM32G471CET3, STM32G471CET6, STM32G471CEU3, STM32G471CEU6, STM32G471MCT6, STM32G471MET3, STM32G471MET6, STM32G471MEY6TR, STM32G471QCT6, STM32G471QET3, STM32G471RCT6, STM32G471RET3, STM32G471RET6, STM32G471VCH6, STM32G471VCI6, STM32G471VCT6, STM32G471VEH3, STM32G471VEH6, STM32G471VEI3, STM32G471VEI6, STM32G471VET3, STM32G471VET6, STM32G474CCT6, STM32H503CBT6, STM32H503CBU6, STM32H503EBY6TR, STM32H503KBU6, STM32H503RBT6, STM32H523CCT6, STM32H523CCU6, STM32H523CET6, STM32H523CEU6, STM32H523HEY6TR, STM32H523RCT6, STM32H523RET6, STM32H523VCI6, STM32H523VCT6, STM32H523VEI6, STM32H523VET6, STM32H523ZCJ6, STM32H523ZCT6, STM32H523ZEJ6, STM32H523ZET6, STM32H533CET6, STM32H533CEU6, STM32H533HEY6TR, STM32H533RET6, STM32H533VEI6, STM32H533VET6, STM32H533ZEJ6, STM32H533ZET6, STM32H562AGI6, STM32H562AII6, STM32H562IGK6, STM32H562IGT6, STM32H562IIK6, STM32H562IIT6, STM32H562RGT6, STM32H562RGV6, STM32H562RIT6, STM32H562RIV6, STM32H562VGT6, STM32H562VIT6, STM32H562ZGT6, STM32H562ZIT6, STM32H563AGI6, STM32H563AII3Q, STM32H563AII6, STM32H563IGK6, STM32H563IGT6, STM32H563IIK3Q, STM32H563IIK6, STM32H563IIT3Q, STM32H563IIT6, STM32H563MIY3QTR, STM32H563RGT6, STM32H563RGV6, STM32H563RIT6, STM32H563RIV6, STM32H563VGT6, STM32H563VIT3Q, STM32H563VIT6, STM32H563ZGT6, STM32H563ZIT3Q, STM32H563ZIT6, STM32H573AII3Q, STM32H573AII6, STM32H573I-DK, STM32H573IIK3Q, STM32H573IIK6, STM32H573IIT3Q, STM32H573IIT6, STM32H573MIY3QTR, STM32H573RIT6, STM32H573RIV6, STM32H573VIT3Q, STM32H573VIT6, STM32H573ZIT3Q, STM32H573ZIT6, STM32H7R3A8I6, STM32H7R3I8K6, STM32H7R3I8T6, STM32H7R3L8H6, STM32H7R3L8H6H, STM32H7R3R8V6, STM32H7R3V8H6, STM32H7R3V8T6, STM32H7R3V8Y6, STM32H7R3Z8J6, STM32H7R3Z8T6, STM32H7R7A8I6, STM32H7R7I8K6, STM32H7R7I8T6, STM32H7R7L8H6, STM32H7R7L8H6H, STM32H7R7Z8J6, STM32H7S3A8I6, STM32H7S3I8K6, STM32H7S3I8T6, STM32H7S3L8H6, STM32H7S3L8H6H, STM32H7S3R8V6, STM32H7S3V8H6, STM32H7S3V8T6, STM32H7S3V8Y6, STM32H7S3Z8J6, STM32H7S3Z8T6, STM32H7S78-DK, STM32H7S7A8I6, STM32H7S7I8K6, STM32H7S7I8T6, STM32H7S7L8H6, STM32H7S7L8H6H, STM32H7S7Z8J6, STM32L4R5QGI6STR, STM32MP131AAE3, STM32MP131AAF3, STM32MP131AAG3, STM32MP131CAE3, STM32MP131CAF3, STM32MP131CAG3, STM32MP131DAE7, STM32MP131DAF7, STM32MP131DAG7, STM32MP131FAE7, STM32MP131FAF7, STM32MP131FAG7, STM32MP133AAE3, STM32MP133AAF3, STM32MP133AAG3, STM32MP133CAE3, STM32MP133CAF3, STM32MP133CAG3, STM32MP133DAE7, STM32MP133DAF7, STM32MP133DAG7, STM32MP133FAE7, STM32MP133FAF7, STM32MP133FAG7, STM32MP135AAE3, STM32MP135AAF3, STM32MP135AAG3, STM32MP135CAE3, STM32MP135CAF3, STM32MP135CAG3, STM32MP135DAE7, STM32MP135DAF7, STM32MP135DAG7, STM32MP135F-DK, STM32MP135FAE7, STM32MP135FAF7, STM32MP135FAF7T, STM32MP135FAF7U, STM32MP135FAG7, STM32U031C6T6, STM32U031C6U6, STM32U031C8T6, STM32U031C8U6, STM32U031F4P6, STM32U031F6P6, STM32U031F8P6, STM32U031G6Y6TR, STM32U031G8Y6TR, STM32U031K4U6, STM32U031K6U6, STM32U031K8U6, STM32U031R6I6, STM32U031R6T6, STM32U031R8I6, STM32U031R8T6, STM32U073C8T6, STM32U073C8U6, STM32U073CBT6, STM32U073CBU6, STM32U073CCT6, STM32U073CCU6, STM32U073H8Y6TR, STM32U073HBY6TR, STM32U073HCY6TR, STM32U073K8U6, STM32U073KBU6, STM32U073KCU6, STM32U073M8I6, STM32U073M8T6, STM32U073MBI6, STM32U073MBT6, STM32U073MCI6, STM32U073MCT6, STM32U073R8I6, STM32U073R8T6, STM32U073RBI6, STM32U073RBT6, STM32U073RCI6, STM32U073RCT6, STM32U083C-DK, STM32U083CCT6, STM32U083CCU6, STM32U083HCY6TR, STM32U083KCU6, STM32U083MCI6, STM32U083MCT6, STM32U083RCI6, STM32U083RCT6, STM32U535CBT6, STM32U535CBT6Q, STM32U535CBU6, STM32U535CBU6Q, STM32U535CCT6, STM32U535CCT6Q, STM32U535CCU6, STM32U535CCU6Q, STM32U535CET6, STM32U535CET6Q, STM32U535CEU6, STM32U535CEU6Q, STM32U535JEY6QTR, STM32U535NCY6QTR, STM32U535NEY6QTR, STM32U535RBI6, STM32U535RBI6Q, STM32U535RBT6, STM32U535RBT6Q, STM32U535RCI6, STM32U535RCI6Q, STM32U535RCT6, STM32U535RCT6Q, STM32U535REI6, STM32U535REI6Q, STM32U535RET6, STM32U535RET6Q, STM32U535VCI6, STM32U535VCI6Q, STM32U535VCT6, STM32U535VCT6Q, STM32U535VEI6, STM32U535VEI6Q, STM32U535VET6, STM32U535VET6Q, STM32U545CET6, STM32U545CET6Q, STM32U545CEU6, STM32U545CEU6Q, STM32U545JEY6QTR, STM32U545NEY6QTR, STM32U545REI6, STM32U545REI6Q, STM32U545RET6, STM32U545RET6Q, STM32U545VEI6, STM32U545VEI6Q, STM32U545VET6, STM32U545VET6Q, STM32U595AIH6, STM32U595AIH6Q, STM32U595AJH6, STM32U595AJH6Q, STM32U595QII6, STM32U595QII6Q, STM32U595QJI6, STM32U595QJI6Q, STM32U595RIT6, STM32U595RIT6Q, STM32U595RJT6, STM32U595RJT6Q, STM32U595VIT6, STM32U595VIT6Q, STM32U595VJT6, STM32U595VJT6Q, STM32U595ZIT6, STM32U595ZIT6Q, STM32U595ZIY6QTR, STM32U595ZJT6, STM32U595ZJT6Q, STM32U595ZJY6QTR, STM32U599BJY6QTR, STM32U599NIH6Q, STM32U599NJH6Q, STM32U599VIT6Q, STM32U599VJT6, STM32U599VJT6Q, STM32U599ZIT6Q, STM32U599ZIY6QTR, STM32U599ZJT6Q, STM32U599ZJY6QTR, STM32U5A5AJH6, STM32U5A5AJH6Q, STM32U5A5QII3Q , STM32U5A5QJI6, STM32U5A5QJI6Q, STM32U5A5RJT6, STM32U5A5RJT6Q, STM32U5A5VJT6, STM32U5A5VJT6Q, STM32U5A5ZJT6, STM32U5A5ZJT6Q, STM32U5A5ZJY6QTR, STM32U5A9BJY6QTR, STM32U5A9J-DK, STM32U5A9NJH6Q, STM32U5A9VJT6Q, STM32U5A9ZJT6Q, STM32U5A9ZJY6QTR, STM32U5F7VIT6, STM32U5F7VIT6Q, STM32U5F7VJT6, STM32U5F7VJT6Q, STM32U5F9BJY6QTR, STM32U5F9NJH6Q, STM32U5F9VIT6Q, STM32U5F9VJT6Q, STM32U5F9ZIJ6QTR, STM32U5F9ZIT6Q, STM32U5F9ZJJ6QTR, STM32U5F9ZJT6Q, STM32U5G7VJT6, STM32U5G7VJT6Q, STM32U5G9BJY6QTR, STM32U5G9J-DK1, STM32U5G9J-DK2, STM32U5G9NJH6Q, STM32U5G9VJT6Q, STM32U5G9ZJJ6QTR, STM32U5G9ZJT6Q, STM32WB1MMCH6, STM32WBA50KEU6, STM32WBA50KEU6TR, STM32WBA50KGU6, STM32WBA50KGU6TR, STM32WBA52CEU6, STM32WBA52CEU6TR, STM32WBA52CEU7, STM32WBA52CEU7TR, STM32WBA52CGU6, STM32WBA52CGU6TR, STM32WBA52CGU6U, STM32WBA52CGU7, STM32WBA52CGU7TR, STM32WBA52KEU6, STM32WBA52KEU6TR, STM32WBA52KGU6, STM32WBA52KGU6TR, STM32WBA54CEU6, STM32WBA54CEU6TR, STM32WBA54CEU7, STM32WBA54CEU7TR, STM32WBA54CGU6, STM32WBA54CGU6TR, STM32WBA54CGU7, STM32WBA54CGU7TR, STM32WBA54KEU6, STM32WBA54KEU6TR, STM32WBA54KEU7, STM32WBA54KEU7TR, STM32WBA54KGU6, STM32WBA54KGU6TR, STM32WBA54KGU7, STM32WBA54KGU7TR, STM32WBA55CEU6, STM32WBA55CEU6TR, STM32WBA55CEU7, STM32WBA55CEU7TR, STM32WBA55CGU6, STM32WBA55CGU6TR, STM32WBA55CGU6U, STM32WBA55CGU7, STM32WBA55CGU7TR, STM32WBA55G-DK1, STM32WBA55HEF6, STM32WBA55HEF7, STM32WBA55HGF6, STM32WBA55HGF7, STM32WBA55UEI6, STM32WBA55UEI6TR, STM32WBA55UEI7, STM32WBA55UEI7TR, STM32WBA55UGI6, STM32WBA55UGI6TR, STM32WBA55UGI7, STM32WBA55UGI7TR, STM32WL5MOCH6, STM32WL5MOCH6TR]
2024-11-10 21:41:58,777 [INFO] BoardInfo:889 - No configuration file found for board NUCLEO-C071RB
2024-11-10 21:41:58,778 [INFO] DbBoards:161 - Board is not supported: NUCLEO-C071RB
2024-11-10 21:41:58,915 [INFO] BoardInfo:889 - No configuration file found for board NUCLEO-WB05KZ
2024-11-10 21:41:58,915 [INFO] DbBoards:161 - Board is not supported: NUCLEO-WB05KZ
2024-11-10 21:41:58,917 [INFO] BoardInfo:889 - No configuration file found for board NUCLEO-WB07CC
2024-11-10 21:41:58,918 [INFO] DbBoards:161 - Board is not supported: NUCLEO-WB07CC
2024-11-10 21:41:58,919 [INFO] BoardInfo:889 - No configuration file found for board NUCLEO-WB09KE
2024-11-10 21:41:58,920 [INFO] DbBoards:161 - Board is not supported: NUCLEO-WB09KE
2024-11-10 21:41:58,936 [INFO] BoardInfo:889 - No configuration file found for board P-NUCLEO-WB55
2024-11-10 21:41:58,936 [INFO] DbBoards:161 - Kit is not supported: P-NUCLEO-WB55
2024-11-10 21:41:58,943 [INFO] BoardInfo:889 - No configuration file found for board STEVAL-BFA001V1B
2024-11-10 21:41:58,944 [INFO] DbBoards:161 - Kit is not supported: STEVAL-BFA001V1B
2024-11-10 21:41:58,945 [INFO] BoardInfo:889 - No configuration file found for board STEVAL-BFA001V2B
2024-11-10 21:41:58,946 [INFO] DbBoards:161 - Kit is not supported: STEVAL-BFA001V2B
2024-11-10 21:41:59,172 [INFO] BoardInfo:889 - No configuration file found for board STM32MP257F-DK
2024-11-10 21:41:59,173 [INFO] DbBoards:161 - Board is not supported: STM32MP257F-DK
2024-11-10 21:41:59,175 [INFO] BoardInfo:889 - No configuration file found for board STM32MP257F-EV1
2024-11-10 21:41:59,176 [INFO] DbBoards:161 - Board is not supported: STM32MP257F-EV1
2024-11-10 21:41:59,195 [INFO] DbBoards:168 - Found 201 boards, 192 are supported
2024-11-10 21:41:59,195 [INFO] DbBoards:169 - Found 201 boards, 8 of them is supported for  Bsp
2024-11-10 21:41:59,200 [INFO] ApiDb:668 - CubeFinder database Data Model version=2.1
2024-11-10 21:41:59,200 [INFO] ApiDb:669 - CubeFinder database Configuration version=3.0.39
2024-11-10 21:41:59,200 [INFO] ApiDb:670 - CubeFinder database generation date=2024-10-15 (1729006872)
2024-11-10 21:41:59,200 [INFO] ApiDb:671 - CubeFinder database FW Pack versions=[FP-ATR-ASTRA1_V2.0.0, FP-SNS-FLIGHT1_V5.0.2, FP-SNS-MOTENV1_V5.0.0, FP-SNS-MOTENVWB1_V1.4.0, FP-SNS-SMARTAG2_V1.2.0, FP-SNS-STBOX1_V2.0.0, STM32Cube_FW_C0_V1.2.0, STM32Cube_FW_F4_V1.28.1, STM32Cube_FW_F7_V1.17.2, STM32Cube_FW_G0_V1.6.2, STM32Cube_FW_G4_V1.6.0, STM32Cube_FW_H5_V1.3.0, STM32Cube_FW_H7RS_V1.1.0, STM32Cube_FW_H7_V1.11.2, STM32Cube_FW_L0_V1.12.2, STM32Cube_FW_L5_V1.5.1, STM32Cube_FW_U0_V1.1.0, STM32Cube_FW_U5_V1.6.0, STM32Cube_FW_WB0_V1.0.0, STM32Cube_FW_WBA_V1.4.1, STM32Cube_FW_WB_V1.20.0, STM32Cube_FW_WL_V1.3.0, X-CUBE-ALGOBUILD_V1.4.0, X-CUBE-ALS_V1.0.2, X-CUBE-AZRTOS-F4_V1.1.0, X-CUBE-AZRTOS-F7_V1.1.0, X-CUBE-AZRTOS-G0_V1.1.0, X-CUBE-AZRTOS-G4_V2.0.0, X-CUBE-AZRTOS-H7RS_V1.0.0, X-CUBE-AZRTOS-H7_V3.3.0, X-CUBE-AZRTOS-L4_V2.0.0, X-CUBE-AZRTOS-L5_V2.0.0, X-CUBE-AZRTOS-WB_V2.0.0, X-CUBE-AZRTOS-WL_V2.0.0, X-CUBE-BLE1_V7.0.0, X-CUBE-BLE2_V3.3.0, X-CUBE-BLEMGR_V3.1.0, X-CUBE-EEPRMA1_V5.1.0, X-CUBE-FREERTOS_V1.2.0, X-CUBE-GNSS1_V6.0.0, X-CUBE-MEMS1_V11.0.0, X-CUBE-NFC4_V3.0.0, X-CUBE-NFC7_V1.0.1, X-CUBE-SFXS2LP1_V4.0.0, X-CUBE-SUBG2_V5.0.0, X-CUBE-TOF1_V3.4.2]
2024-11-10 21:42:06,063 [INFO] ApiDb:240 - Found 483 in-development CPN: [B-G473E-ZEST1S, B-WB1M-WPAN1, B-WL5M-SUBG1, NUCLEO-C031C6, NUCLEO-H503RB, NUCLEO-H533RE, NUCLEO-H563ZI, NUCLEO-H7S3L8, NUCLEO-U031R8, NUCLEO-U083RC, NUCLEO-U545RE-Q, NUCLEO-U5A5ZJ-Q, NUCLEO-WBA52CG, NUCLEO-WBA55CG, STEVAL-PROTEUS1, STEVAL-SMARTAG2, STEVAL-STWINBX1, STM320518-EVAL, STM32C0116-DK, STM32C011D6Y3TR, STM32C011D6Y6TR, STM32C011F4P3, STM32C011F4P6, STM32C011F4U3, STM32C011F4U6TR, STM32C011F6P3, STM32C011F6P6, STM32C011F6U3, STM32C011F6U6TR, STM32C011J4M3, STM32C011J4M6, STM32C011J6M3, STM32C011J6M6, STM32C0316-DK, STM32C031C4T3, STM32C031C4T6, STM32C031C4U3, STM32C031C4U6, STM32C031C6T3, STM32C031C6T6, STM32C031C6U3, STM32C031C6U6, STM32C031F4P3, STM32C031F4P6, STM32C031F6P3, STM32C031F6P6, STM32C031G4U3, STM32C031G4U6, STM32C031G6U3, STM32C031G6U6, STM32C031K4T3, STM32C031K4T6, STM32C031K4U3, STM32C031K4U6, STM32C031K6T3, STM32C031K6T6, STM32C031K6U3, STM32C031K6U6, STM32G071K8TXN, STM32G071K8UXN, STM32G081GBU6N, STM32G081KBT6N, STM32G081KBUXN, STM32G0B1CCT6N, STM32G0B1KCT6, STM32G0B1NEY6TR, STM32G0B1RCT6N, STM32G0C1CCT6, STM32G0C1CCT6N, STM32G0C1CCU6N, STM32G0C1CET6N, STM32G0C1CEU6N, STM32G0C1KCT6, STM32G0C1NEY6TR, STM32G0C1RCI6N, STM32G0C1RCT6N, STM32G0C1REI6N, STM32G0C1RET6N, STM32G0C1VCI6, STM32G0C1VEI6, STM32G471CCT6, STM32G471CCU6, STM32G471CET3, STM32G471CET6, STM32G471CEU3, STM32G471CEU6, STM32G471MCT6, STM32G471MET3, STM32G471MET6, STM32G471MEY6TR, STM32G471QCT6, STM32G471QET3, STM32G471RCT6, STM32G471RET3, STM32G471RET6, STM32G471VCH6, STM32G471VCI6, STM32G471VCT6, STM32G471VEH3, STM32G471VEH6, STM32G471VEI3, STM32G471VEI6, STM32G471VET3, STM32G471VET6, STM32G474CCT6, STM32H503CBT6, STM32H503CBU6, STM32H503EBY6TR, STM32H503KBU6, STM32H503RBT6, STM32H523CCT6, STM32H523CCU6, STM32H523CET6, STM32H523CEU6, STM32H523HEY6TR, STM32H523RCT6, STM32H523RET6, STM32H523VCI6, STM32H523VCT6, STM32H523VEI6, STM32H523VET6, STM32H523ZCJ6, STM32H523ZCT6, STM32H523ZEJ6, STM32H523ZET6, STM32H533CET6, STM32H533CEU6, STM32H533HEY6TR, STM32H533RET6, STM32H533VEI6, STM32H533VET6, STM32H533ZEJ6, STM32H533ZET6, STM32H562AGI6, STM32H562AII6, STM32H562IGK6, STM32H562IGT6, STM32H562IIK6, STM32H562IIT6, STM32H562RGT6, STM32H562RGV6, STM32H562RIT6, STM32H562RIV6, STM32H562VGT6, STM32H562VIT6, STM32H562ZGT6, STM32H562ZIT6, STM32H563AGI6, STM32H563AII3Q, STM32H563AII6, STM32H563IGK6, STM32H563IGT6, STM32H563IIK3Q, STM32H563IIK6, STM32H563IIT3Q, STM32H563IIT6, STM32H563MIY3QTR, STM32H563RGT6, STM32H563RGV6, STM32H563RIT6, STM32H563RIV6, STM32H563VGT6, STM32H563VIT3Q, STM32H563VIT6, STM32H563ZGT6, STM32H563ZIT3Q, STM32H563ZIT6, STM32H573AII3Q, STM32H573AII6, STM32H573I-DK, STM32H573IIK3Q, STM32H573IIK6, STM32H573IIT3Q, STM32H573IIT6, STM32H573MIY3QTR, STM32H573RIT6, STM32H573RIV6, STM32H573VIT3Q, STM32H573VIT6, STM32H573ZIT3Q, STM32H573ZIT6, STM32H7R3A8I6, STM32H7R3I8K6, STM32H7R3I8T6, STM32H7R3L8H6, STM32H7R3L8H6H, STM32H7R3R8V6, STM32H7R3V8H6, STM32H7R3V8T6, STM32H7R3V8Y6, STM32H7R3Z8J6, STM32H7R3Z8T6, STM32H7R7A8I6, STM32H7R7I8K6, STM32H7R7I8T6, STM32H7R7L8H6, STM32H7R7L8H6H, STM32H7R7Z8J6, STM32H7S3A8I6, STM32H7S3I8K6, STM32H7S3I8T6, STM32H7S3L8H6, STM32H7S3L8H6H, STM32H7S3R8V6, STM32H7S3V8H6, STM32H7S3V8T6, STM32H7S3V8Y6, STM32H7S3Z8J6, STM32H7S3Z8T6, STM32H7S78-DK, STM32H7S7A8I6, STM32H7S7I8K6, STM32H7S7I8T6, STM32H7S7L8H6, STM32H7S7L8H6H, STM32H7S7Z8J6, STM32L4R5QGI6STR, STM32MP131AAE3, STM32MP131AAF3, STM32MP131AAG3, STM32MP131CAE3, STM32MP131CAF3, STM32MP131CAG3, STM32MP131DAE7, STM32MP131DAF7, STM32MP131DAG7, STM32MP131FAE7, STM32MP131FAF7, STM32MP131FAG7, STM32MP133AAE3, STM32MP133AAF3, STM32MP133AAG3, STM32MP133CAE3, STM32MP133CAF3, STM32MP133CAG3, STM32MP133DAE7, STM32MP133DAF7, STM32MP133DAG7, STM32MP133FAE7, STM32MP133FAF7, STM32MP133FAG7, STM32MP135AAE3, STM32MP135AAF3, STM32MP135AAG3, STM32MP135CAE3, STM32MP135CAF3, STM32MP135CAG3, STM32MP135DAE7, STM32MP135DAF7, STM32MP135DAG7, STM32MP135F-DK, STM32MP135FAE7, STM32MP135FAF7, STM32MP135FAF7T, STM32MP135FAF7U, STM32MP135FAG7, STM32U031C6T6, STM32U031C6U6, STM32U031C8T6, STM32U031C8U6, STM32U031F4P6, STM32U031F6P6, STM32U031F8P6, STM32U031G6Y6TR, STM32U031G8Y6TR, STM32U031K4U6, STM32U031K6U6, STM32U031K8U6, STM32U031R6I6, STM32U031R6T6, STM32U031R8I6, STM32U031R8T6, STM32U073C8T6, STM32U073C8U6, STM32U073CBT6, STM32U073CBU6, STM32U073CCT6, STM32U073CCU6, STM32U073H8Y6TR, STM32U073HBY6TR, STM32U073HCY6TR, STM32U073K8U6, STM32U073KBU6, STM32U073KCU6, STM32U073M8I6, STM32U073M8T6, STM32U073MBI6, STM32U073MBT6, STM32U073MCI6, STM32U073MCT6, STM32U073R8I6, STM32U073R8T6, STM32U073RBI6, STM32U073RBT6, STM32U073RCI6, STM32U073RCT6, STM32U083C-DK, STM32U083CCT6, STM32U083CCU6, STM32U083HCY6TR, STM32U083KCU6, STM32U083MCI6, STM32U083MCT6, STM32U083RCI6, STM32U083RCT6, STM32U535CBT6, STM32U535CBT6Q, STM32U535CBU6, STM32U535CBU6Q, STM32U535CCT6, STM32U535CCT6Q, STM32U535CCU6, STM32U535CCU6Q, STM32U535CET6, STM32U535CET6Q, STM32U535CEU6, STM32U535CEU6Q, STM32U535JEY6QTR, STM32U535NCY6QTR, STM32U535NEY6QTR, STM32U535RBI6, STM32U535RBI6Q, STM32U535RBT6, STM32U535RBT6Q, STM32U535RCI6, STM32U535RCI6Q, STM32U535RCT6, STM32U535RCT6Q, STM32U535REI6, STM32U535REI6Q, STM32U535RET6, STM32U535RET6Q, STM32U535VCI6, STM32U535VCI6Q, STM32U535VCT6, STM32U535VCT6Q, STM32U535VEI6, STM32U535VEI6Q, STM32U535VET6, STM32U535VET6Q, STM32U545CET6, STM32U545CET6Q, STM32U545CEU6, STM32U545CEU6Q, STM32U545JEY6QTR, STM32U545NEY6QTR, STM32U545REI6, STM32U545REI6Q, STM32U545RET6, STM32U545RET6Q, STM32U545VEI6, STM32U545VEI6Q, STM32U545VET6, STM32U545VET6Q, STM32U595AIH6, STM32U595AIH6Q, STM32U595AJH6, STM32U595AJH6Q, STM32U595QII6, STM32U595QII6Q, STM32U595QJI6, STM32U595QJI6Q, STM32U595RIT6, STM32U595RIT6Q, STM32U595RJT6, STM32U595RJT6Q, STM32U595VIT6, STM32U595VIT6Q, STM32U595VJT6, STM32U595VJT6Q, STM32U595ZIT6, STM32U595ZIT6Q, STM32U595ZIY6QTR, STM32U595ZJT6, STM32U595ZJT6Q, STM32U595ZJY6QTR, STM32U599BJY6QTR, STM32U599NIH6Q, STM32U599NJH6Q, STM32U599VIT6Q, STM32U599VJT6, STM32U599VJT6Q, STM32U599ZIT6Q, STM32U599ZIY6QTR, STM32U599ZJT6Q, STM32U599ZJY6QTR, STM32U5A5AJH6, STM32U5A5AJH6Q, STM32U5A5QII3Q , STM32U5A5QJI6, STM32U5A5QJI6Q, STM32U5A5RJT6, STM32U5A5RJT6Q, STM32U5A5VJT6, STM32U5A5VJT6Q, STM32U5A5ZJT6, STM32U5A5ZJT6Q, STM32U5A5ZJY6QTR, STM32U5A9BJY6QTR, STM32U5A9J-DK, STM32U5A9NJH6Q, STM32U5A9VJT6Q, STM32U5A9ZJT6Q, STM32U5A9ZJY6QTR, STM32U5F7VIT6, STM32U5F7VIT6Q, STM32U5F7VJT6, STM32U5F7VJT6Q, STM32U5F9BJY6QTR, STM32U5F9NJH6Q, STM32U5F9VIT6Q, STM32U5F9VJT6Q, STM32U5F9ZIJ6QTR, STM32U5F9ZIT6Q, STM32U5F9ZJJ6QTR, STM32U5F9ZJT6Q, STM32U5G7VJT6, STM32U5G7VJT6Q, STM32U5G9BJY6QTR, STM32U5G9J-DK1, STM32U5G9J-DK2, STM32U5G9NJH6Q, STM32U5G9VJT6Q, STM32U5G9ZJJ6QTR, STM32U5G9ZJT6Q, STM32WB1MMCH6, STM32WBA50KEU6, STM32WBA50KEU6TR, STM32WBA50KGU6, STM32WBA50KGU6TR, STM32WBA52CEU6, STM32WBA52CEU6TR, STM32WBA52CEU7, STM32WBA52CEU7TR, STM32WBA52CGU6, STM32WBA52CGU6TR, STM32WBA52CGU6U, STM32WBA52CGU7, STM32WBA52CGU7TR, STM32WBA52KEU6, STM32WBA52KEU6TR, STM32WBA52KGU6, STM32WBA52KGU6TR, STM32WBA54CEU6, STM32WBA54CEU6TR, STM32WBA54CEU7, STM32WBA54CEU7TR, STM32WBA54CGU6, STM32WBA54CGU6TR, STM32WBA54CGU7, STM32WBA54CGU7TR, STM32WBA54KEU6, STM32WBA54KEU6TR, STM32WBA54KEU7, STM32WBA54KEU7TR, STM32WBA54KGU6, STM32WBA54KGU6TR, STM32WBA54KGU7, STM32WBA54KGU7TR, STM32WBA55CEU6, STM32WBA55CEU6TR, STM32WBA55CEU7, STM32WBA55CEU7TR, STM32WBA55CGU6, STM32WBA55CGU6TR, STM32WBA55CGU6U, STM32WBA55CGU7, STM32WBA55CGU7TR, STM32WBA55G-DK1, STM32WBA55HEF6, STM32WBA55HEF7, STM32WBA55HGF6, STM32WBA55HGF7, STM32WBA55UEI6, STM32WBA55UEI6TR, STM32WBA55UEI7, STM32WBA55UEI7TR, STM32WBA55UGI6, STM32WBA55UGI6TR, STM32WBA55UGI7, STM32WBA55UGI7TR, STM32WL5MOCH6, STM32WL5MOCH6TR]
2024-11-10 21:42:06,068 [INFO] DbMcus:218 - Found 4204 MCUs, 4204 are supported
2024-11-10 21:42:06,069 [INFO] ApiDb:423 - Load user favorites file C:\Users\marcelo/.stm32cubeide/favorites.mcus.txt: 0 item(s)
2024-11-10 21:42:06,069 [INFO] ApiDb:427 - User favorites MCUs=[]
2024-11-10 21:42:06,069 [INFO] DbMcus:224 - Set 0 / 0 favorites MCUs
2024-11-10 21:42:06,801 [INFO] ApiDb:423 - Load user favorites file C:\Users\marcelo/.stm32cubeide/favorites.boards.txt: 1 item(s)
2024-11-10 21:42:06,801 [INFO] ApiDb:427 - User favorites Boards=[NUCLEO-F429ZI]
2024-11-10 21:42:06,801 [INFO] DbBoards:198 - Set 1 / 1 favorites Boards
2024-11-10 21:42:06,911 [INFO] UtilMem:75 - End LoadConfig() Used Memory: 728069496 Bytes (1073741824)
2024-11-10 21:42:07,968 [WARN] ThirdParty:833 - waiting for thirdparty lock release [change project]
2024-11-10 21:42:07,968 [INFO] ThirdParty:835 - entering critical section [change project]
2024-11-10 21:42:07,969 [INFO] ThirdParty:1030 - CMSIS Pack Vendor :STMicroelectronics USBPD 4.1
2024-11-10 21:42:07,969 [INFO] ThirdParty:1030 - CMSIS Pack Vendor :STMicroelectronics X-CUBE-AZRTOS-H7 3.3.0
2024-11-10 21:42:07,969 [INFO] ThirdParty:1030 - CMSIS Pack Vendor :STMicroelectronics USB_HOST 2.0.0
2024-11-10 21:42:07,969 [INFO] ThirdParty:1030 - CMSIS Pack Vendor :STMicroelectronics X-CUBE-AZRTOS-F4 1.1.0
2024-11-10 21:42:07,969 [INFO] ThirdParty:1030 - CMSIS Pack Vendor :STMicroelectronics LIBJPEG 8.0.0
2024-11-10 21:42:07,969 [INFO] ThirdParty:1030 - CMSIS Pack Vendor :STMicroelectronics USB_DEVICE 3.0.0
2024-11-10 21:42:07,970 [INFO] ThirdParty:1030 - CMSIS Pack Vendor :STMicroelectronics X-CUBE-ISPU 2.1.0
2024-11-10 21:42:07,970 [INFO] ThirdParty:1030 - CMSIS Pack Vendor :STMicroelectronics X-CUBE-AZRTOS-WB 2.0.0
2024-11-10 21:42:07,970 [INFO] ThirdParty:1030 - CMSIS Pack Vendor :STMicroelectronics X-CUBE-GNSS1 7.0.0
2024-11-10 21:42:07,970 [INFO] ThirdParty:1030 - CMSIS Pack Vendor :STMicroelectronics X-CUBE-AZRTOS-F7 1.1.0
2024-11-10 21:42:07,970 [INFO] ThirdParty:1030 - CMSIS Pack Vendor :STMicroelectronics X-CUBE-AZRTOS-L5 2.0.0
2024-11-10 21:42:07,970 [INFO] ThirdParty:1030 - CMSIS Pack Vendor :STMicroelectronics USB_DEVICE 2.0.0
2024-11-10 21:42:07,970 [INFO] ThirdParty:1030 - CMSIS Pack Vendor :STMicroelectronics FP-SNS-STBOX1 2.0.0
2024-11-10 21:42:07,970 [INFO] ThirdParty:1030 - CMSIS Pack Vendor :STMicroelectronics X-CUBE-MEMS1 11.0.0
2024-11-10 21:42:07,970 [INFO] ThirdParty:1030 - CMSIS Pack Vendor :STMicroelectronics FreeRTOS 0.0.1
2024-11-10 21:42:07,970 [INFO] ThirdParty:1030 - CMSIS Pack Vendor :STMicroelectronics X-CUBE-AZRTOS-G0 1.1.0
2024-11-10 21:42:07,971 [INFO] ThirdParty:1030 - CMSIS Pack Vendor :STMicroelectronics X-CUBE-DPower 1.2.0
2024-11-10 21:42:07,971 [INFO] ThirdParty:1030 - CMSIS Pack Vendor :STMicroelectronics STM32_WPAN 1.0.0
2024-11-10 21:42:07,971 [INFO] ThirdParty:1030 - CMSIS Pack Vendor :EmbeddedOffice I-CUBE-FS-RTOS 1.0.1
2024-11-10 21:42:07,971 [INFO] ThirdParty:1030 - CMSIS Pack Vendor :STMicroelectronics lwIP 2.0.3
2024-11-10 21:42:07,971 [INFO] ThirdParty:1030 - CMSIS Pack Vendor :Cesanta I-CUBE-Mongoose 7.13.0
2024-11-10 21:42:07,971 [INFO] ThirdParty:1030 - CMSIS Pack Vendor :STMicroelectronics USB_HOST 1.0.0
2024-11-10 21:42:07,971 [INFO] ThirdParty:1030 - CMSIS Pack Vendor :STMicroelectronics X-CUBE-AZRTOS-G4 2.0.0
2024-11-10 21:42:07,971 [INFO] ThirdParty:1030 - CMSIS Pack Vendor :STMicroelectronics PDM2PCM 3.1.0
2024-11-10 21:42:07,971 [INFO] ThirdParty:1030 - CMSIS Pack Vendor :STMicroelectronics PDM2PCM 3.3.0
2024-11-10 21:42:07,971 [INFO] ThirdParty:1030 - CMSIS Pack Vendor :RealThread X-CUBE-RT-Thread_Nano 4.1.1
2024-11-10 21:42:07,971 [INFO] ThirdParty:1030 - CMSIS Pack Vendor :wolfSSL I-CUBE-wolfSSL 5.7.0
2024-11-10 21:42:07,971 [INFO] ThirdParty:1030 - CMSIS Pack Vendor :STMicroelectronics HAL Drivers 0.0.0
2024-11-10 21:42:07,972 [INFO] ThirdParty:1030 - CMSIS Pack Vendor :STMicroelectronics MBEDTLS 2.16.2
2024-11-10 21:42:07,972 [INFO] ThirdParty:1030 - CMSIS Pack Vendor :emotas I-CUBE-CANOPEN 1.3.0
2024-11-10 21:42:07,972 [INFO] ThirdParty:1030 - CMSIS Pack Vendor :STMicroelectronics MBEDTLS 2.14.1
2024-11-10 21:42:07,972 [INFO] ThirdParty:1030 - CMSIS Pack Vendor :STMicroelectronics X-CUBE-TOUCHGFX 4.24.0
2024-11-10 21:42:07,972 [INFO] ThirdParty:1030 - CMSIS Pack Vendor :ITTIA_DB I-CUBE-ITTIADB 8.9.0
2024-11-10 21:42:07,972 [INFO] ThirdParty:1030 - CMSIS Pack Vendor :wolfSSL I-CUBE-wolfTPM 3.2.0
2024-11-10 21:42:07,972 [INFO] ThirdParty:1030 - CMSIS Pack Vendor :portGmbH I-Cube-SoM-uGOAL 1.1.0
2024-11-10 21:42:07,972 [INFO] ThirdParty:1030 - CMSIS Pack Vendor :STMicroelectronics ThreadX 1.0.0
2024-11-10 21:42:07,972 [INFO] ThirdParty:1030 - CMSIS Pack Vendor :STMicroelectronics X-CUBE-AZRTOS-WL 2.0.0
2024-11-10 21:42:07,972 [INFO] ThirdParty:1030 - CMSIS Pack Vendor :SEGGER I-CUBE-embOS 1.3.1
2024-11-10 21:42:07,972 [INFO] ThirdParty:1030 - CMSIS Pack Vendor :STMicroelectronics USB_DEVICE 1.0.0
2024-11-10 21:42:07,972 [INFO] ThirdParty:1030 - CMSIS Pack Vendor :STMicroelectronics X-CUBE-AZRTOS-H7RS 1.0.0
2024-11-10 21:42:07,972 [INFO] ThirdParty:1030 - CMSIS Pack Vendor :wolfSSL I-CUBE-wolfMQTT 1.19.0
2024-11-10 21:42:07,973 [INFO] ThirdParty:1030 - CMSIS Pack Vendor :STMicroelectronics X-CUBE-AZRTOS-L4 2.0.0
2024-11-10 21:42:07,973 [INFO] ThirdParty:1030 - CMSIS Pack Vendor :STMicroelectronics ThreadX 0.0.2
2024-11-10 21:42:07,973 [INFO] ThirdParty:1030 - CMSIS Pack Vendor :WES I-CUBE-Cesium 1.3.0
2024-11-10 21:42:07,973 [INFO] ThirdParty:1030 - CMSIS Pack Vendor :STMicroelectronics lwIP 2.1.2
2024-11-10 21:42:07,973 [INFO] ThirdParty:1030 - CMSIS Pack Vendor :STMicroelectronics X-CUBE-TOF1 3.4.2
2024-11-10 21:42:07,973 [INFO] ThirdParty:1030 - CMSIS Pack Vendor :Infineon AIROC-Wi-Fi-Bluetooth-STM32 1.6.0
2024-11-10 21:42:07,973 [INFO] ThirdParty:1030 - CMSIS Pack Vendor :STMicroelectronics PDM2PCM 3.2.0
2024-11-10 21:42:07,973 [INFO] ThirdParty:1030 - CMSIS Pack Vendor :wolfSSL I-CUBE-wolfSSH 1.4.17
2024-11-10 21:42:07,974 [INFO] ThirdParty:841 - exiting critical section [change project]
2024-11-10 21:42:09,716 [INFO] PinOutPanel:1561 - setPackage(No Configuration,No Configuration)
2024-11-10 21:42:09,721 [INFO] PinOutPanel:1561 - setPackage(STM32F429ZITx,LQFP144)
2024-11-10 21:42:11,741 [INFO] UtilMem:75 - Before build in PCC Used Memory: 695962152 Bytes (1073741824)
2024-11-10 21:42:15,304 [INFO] UtilMem:75 - After build in PCC Used Memory: 859540008 Bytes (1073741824)
2024-11-10 21:42:15,406 [INFO] IPUIPlugin:80 - create IPUIPlugin
2024-11-10 21:42:15,406 [INFO] IPUIPlugin:80 - create IPUIPlugin
2024-11-10 21:42:15,406 [INFO] IPUIPlugin:80 - create IPUIPlugin
2024-11-10 21:42:15,406 [INFO] IPUIPlugin:80 - create IPUIPlugin
2024-11-10 21:42:15,406 [INFO] IPUIPlugin:80 - create IPUIPlugin
2024-11-10 21:42:15,407 [INFO] IPUIPlugin:80 - create IPUIPlugin
2024-11-10 21:42:15,407 [INFO] IPUIPlugin:80 - create IPUIPlugin
2024-11-10 21:42:15,408 [INFO] IPUIPlugin:80 - create IPUIPlugin
2024-11-10 21:42:15,408 [INFO] IPUIPlugin:80 - create IPUIPlugin
2024-11-10 21:42:15,408 [INFO] IPUIPlugin:80 - create IPUIPlugin
2024-11-10 21:42:15,409 [INFO] IPUIPlugin:80 - create IPUIPlugin
2024-11-10 21:42:15,409 [INFO] IPUIPlugin:80 - create IPUIPlugin
2024-11-10 21:42:15,409 [INFO] IPUIPlugin:80 - create IPUIPlugin
2024-11-10 21:42:15,410 [INFO] IPUIPlugin:80 - create IPUIPlugin
2024-11-10 21:42:15,410 [INFO] IPUIPlugin:80 - create IPUIPlugin
2024-11-10 21:42:15,410 [INFO] IPUIPlugin:80 - create IPUIPlugin
2024-11-10 21:42:15,411 [INFO] IPUIPlugin:80 - create IPUIPlugin
2024-11-10 21:42:15,411 [INFO] IPUIPlugin:80 - create IPUIPlugin
2024-11-10 21:42:15,411 [INFO] IPUIPlugin:80 - create IPUIPlugin
2024-11-10 21:42:15,412 [INFO] IPUIPlugin:80 - create IPUIPlugin
2024-11-10 21:42:15,412 [INFO] IPUIPlugin:80 - create IPUIPlugin
2024-11-10 21:42:15,413 [INFO] IPUIPlugin:80 - create IPUIPlugin
2024-11-10 21:42:15,414 [INFO] IPUIPlugin:80 - create IPUIPlugin
2024-11-10 21:42:15,414 [INFO] IPUIPlugin:80 - create IPUIPlugin
2024-11-10 21:42:15,415 [INFO] IPUIPlugin:80 - create IPUIPlugin
2024-11-10 21:42:15,415 [INFO] IPUIPlugin:80 - create IPUIPlugin
2024-11-10 21:42:15,416 [INFO] IPUIPlugin:80 - create IPUIPlugin
2024-11-10 21:42:15,416 [INFO] IPUIPlugin:80 - create IPUIPlugin
2024-11-10 21:42:15,417 [INFO] IPUIPlugin:80 - create IPUIPlugin
2024-11-10 21:42:15,418 [INFO] IPUIPlugin:80 - create IPUIPlugin
2024-11-10 21:42:15,419 [INFO] IPUIPlugin:80 - create IPUIPlugin
2024-11-10 21:42:15,419 [INFO] IPUIPlugin:80 - create IPUIPlugin
2024-11-10 21:42:15,420 [INFO] IPUIPlugin:80 - create IPUIPlugin
2024-11-10 21:42:15,421 [INFO] IPUIPlugin:80 - create IPUIPlugin
2024-11-10 21:42:15,421 [INFO] IPUIPlugin:80 - create IPUIPlugin
2024-11-10 21:42:15,422 [INFO] IPUIPlugin:80 - create IPUIPlugin
2024-11-10 21:42:15,422 [INFO] IPUIPlugin:80 - create IPUIPlugin
2024-11-10 21:42:15,423 [INFO] IPUIPlugin:80 - create IPUIPlugin
2024-11-10 21:42:15,424 [INFO] IPUIPlugin:80 - create IPUIPlugin
2024-11-10 21:42:15,425 [INFO] IPUIPlugin:80 - create IPUIPlugin
2024-11-10 21:42:15,425 [INFO] IPUIPlugin:80 - create IPUIPlugin
2024-11-10 21:42:15,426 [INFO] IPUIPlugin:80 - create IPUIPlugin
2024-11-10 21:42:15,427 [INFO] IPUIPlugin:80 - create IPUIPlugin
2024-11-10 21:42:15,428 [INFO] IPUIPlugin:80 - create IPUIPlugin
2024-11-10 21:42:15,428 [INFO] IPUIPlugin:80 - create IPUIPlugin
2024-11-10 21:42:15,429 [INFO] IPUIPlugin:80 - create IPUIPlugin
2024-11-10 21:42:15,430 [INFO] IPUIPlugin:80 - create IPUIPlugin
2024-11-10 21:42:15,431 [INFO] IPUIPlugin:80 - create IPUIPlugin
2024-11-10 21:42:15,432 [INFO] IPUIPlugin:80 - create IPUIPlugin
2024-11-10 21:42:15,432 [INFO] IPUIPlugin:80 - create IPUIPlugin
2024-11-10 21:42:15,433 [INFO] IPUIPlugin:80 - create IPUIPlugin
2024-11-10 21:42:15,434 [INFO] IPUIPlugin:80 - create IPUIPlugin
2024-11-10 21:42:15,435 [INFO] IPUIPlugin:80 - create IPUIPlugin
2024-11-10 21:42:15,436 [INFO] IPUIPlugin:80 - create IPUIPlugin
2024-11-10 21:42:15,437 [INFO] IPUIPlugin:80 - create IPUIPlugin
2024-11-10 21:42:15,438 [INFO] IPUIPlugin:80 - create IPUIPlugin
2024-11-10 21:42:15,439 [INFO] IPUIPlugin:80 - create IPUIPlugin
2024-11-10 21:42:15,440 [INFO] IPUIPlugin:80 - create IPUIPlugin
2024-11-10 21:42:15,441 [INFO] IPUIPlugin:80 - create IPUIPlugin
2024-11-10 21:42:15,442 [INFO] IPUIPlugin:80 - create IPUIPlugin
2024-11-10 21:42:15,443 [INFO] IPUIPlugin:80 - create IPUIPlugin
2024-11-10 21:42:15,444 [INFO] IPUIPlugin:80 - create IPUIPlugin
2024-11-10 21:42:15,446 [INFO] IPUIPlugin:80 - create IPUIPlugin
2024-11-10 21:42:15,448 [INFO] IPUIPlugin:80 - create IPUIPlugin
2024-11-10 21:42:15,449 [INFO] IPUIPlugin:80 - create IPUIPlugin
2024-11-10 21:42:15,450 [INFO] IPUIPlugin:80 - create IPUIPlugin
2024-11-10 21:42:15,765 [INFO] ApiDbMcu:508 - Load IP Config File for PDM2PCM
2024-11-10 21:42:16,569 [INFO] CADModel:165 - CPN selected for project levelSTM32F429ZIT6
2024-11-10 21:42:16,569 [INFO] CADModel:114 - Register for checkConnection events
2024-11-10 21:42:16,624 [INFO] OpenFileManager:343 - Restore cursor
