2024-12-05 19:49:15,127 [INFO] Activator:176 - 


2024-12-05 19:49:15,141 [INFO] Activator:177 - !SESSION log4j initialized
2024-12-05 19:49:31,459 [INFO] LogOutputStream:77 - [STDOUT_REDIRECT] 
2024-12-05 19:49:32,320 [ERROR] ConfigurationRetriever:142 - IOException on connection: sw-center.st.com
2024-12-05 19:49:32,322 [ERROR] ConfigurationRetriever:142 - IOException on connection: sw-center.st.com
2024-12-05 19:49:32,323 [ERROR] ConfigurationRetriever:142 - IOException on connection: sw-center.st.com
2024-12-05 19:49:32,328 [ERROR] ConfigurationRetriever:142 - IOException on connection: sw-center.st.com
2024-12-05 19:49:32,329 [ERROR] ConfigurationRetriever:142 - IOException on connection: sw-center.st.com
2024-12-05 19:49:32,333 [ERROR] ConfigurationRetriever:142 - IOException on connection: sw-center.st.com
2024-12-05 19:49:43,108 [INFO] ApplicationProperties:184 - Using Application install path: C:\ST\STM32CubeIDE_1.15.1\STM32CubeIDE\plugins\com.st.stm32cube.common.mx_6.11.1.202404110753
2024-12-05 19:49:43,178 [INFO] DbMcusXml:78 - Set database path to: C:\ST\STM32CubeIDE_1.15.1\STM32CubeIDE\plugins\com.st.stm32cube.common.mx_6.11.1.202404110753\\db\/mcu/
2024-12-05 19:49:43,179 [INFO] ApiDb:274 - Set plugin database path to: C:\ST\STM32CubeIDE_1.15.1\STM32CubeIDE\plugins\com.st.stm32cube.common.mx_6.11.1.202404110753\\db\/plugins/boardmanager/
2024-12-05 19:49:43,179 [WARN] ApiDb:259 - Overriding images path with different value:  => C:\ST\STM32CubeIDE_1.15.1\STM32CubeIDE\plugins\com.st.stm32cube.common.mx_6.11.1.202404110753\\db\/plugins/mcufinder/images/
2024-12-05 19:49:43,369 [INFO] ApiDb:250 - Set database path to: C:\Users\marcelo\.stmcufinder\plugins\mcufinder//mcu/
2024-12-05 19:49:43,371 [INFO] DbMcusAds:125 - Set database path to: C:\Users\marcelo\.stmcufinder\plugins\mcufinder//mcu/
2024-12-05 19:49:43,375 [INFO] CrossReferenceDbSqlite:203 - Set database path to: C:\Users\marcelo\.stmcufinder\plugins\mcufinder//mcu/cs/
2024-12-05 19:49:43,786 [INFO] RulesReader:64 - Compatibility file has been processed (297 Rules)
2024-12-05 19:49:44,178 [INFO] DbMcusXml:78 - Set database path to: C:\ST\STM32CubeIDE_1.15.1\STM32CubeIDE\plugins\com.st.stm32cube.common.mx_6.11.1.202404110753\\db\/mcu/
2024-12-05 19:49:44,179 [INFO] ApiDb:274 - Set plugin database path to: C:\ST\STM32CubeIDE_1.15.1\STM32CubeIDE\plugins\com.st.stm32cube.common.mx_6.11.1.202404110753\\db\/plugins/boardmanager/
2024-12-05 19:49:44,179 [INFO] ApiDb:261 - Set plugin images path to: C:\ST\STM32CubeIDE_1.15.1\STM32CubeIDE\plugins\com.st.stm32cube.common.mx_6.11.1.202404110753\\db\/plugins/mcufinder/images/
2024-12-05 19:49:44,179 [WARN] DbFile:41 - Overriding database path with different value: C:\Users\marcelo\.stmcufinder\plugins\mcufinder/ => C:\Users\marcelo\.stmcufinder\plugins\mcufinder
2024-12-05 19:49:44,179 [INFO] ApiDb:250 - Set database path to: C:\Users\marcelo\.stmcufinder\plugins\mcufinder//mcu/
2024-12-05 19:49:44,179 [WARN] DbFile:41 - Overriding database path with different value: C:\Users\marcelo\.stmcufinder\plugins\mcufinder/ => C:\Users\marcelo\.stmcufinder\plugins\mcufinder
2024-12-05 19:49:44,180 [INFO] DbMcusAds:125 - Set database path to: C:\Users\marcelo\.stmcufinder\plugins\mcufinder//mcu/
2024-12-05 19:49:44,180 [WARN] DbFile:41 - Overriding database path with different value: C:\Users\marcelo\.stmcufinder\plugins\mcufinder/ => C:\Users\marcelo\.stmcufinder\plugins\mcufinder
2024-12-05 19:49:44,180 [WARN] DbFile:41 - Overriding database path with different value: C:\Users\marcelo\.stmcufinder\plugins\mcufinder/ => C:\Users\marcelo\.stmcufinder\plugins\mcufinder
2024-12-05 19:49:44,180 [INFO] CrossReferenceDbSqlite:203 - Set database path to: C:\Users\marcelo\.stmcufinder\plugins\mcufinder//mcu/cs/
2024-12-05 19:49:44,682 [INFO] MainPanel:264 - HeapMemory: 268435456
2024-12-05 19:49:45,362 [INFO] DbMcusXml:78 - Set database path to: C:\ST\STM32CubeIDE_1.15.1\STM32CubeIDE\plugins\com.st.stm32cube.common.mx_6.11.1.202404110753\\db\/mcu/
2024-12-05 19:49:45,363 [INFO] ApiDb:274 - Set plugin database path to: C:\ST\STM32CubeIDE_1.15.1\STM32CubeIDE\plugins\com.st.stm32cube.common.mx_6.11.1.202404110753\\db\/plugins/boardmanager/
2024-12-05 19:49:45,363 [INFO] ApiDb:261 - Set plugin images path to: C:\ST\STM32CubeIDE_1.15.1\STM32CubeIDE\plugins\com.st.stm32cube.common.mx_6.11.1.202404110753\\db\/plugins/mcufinder/images/
2024-12-05 19:49:45,364 [WARN] DbFile:41 - Overriding database path with different value: C:\Users\marcelo\.stmcufinder\plugins\mcufinder/ => C:\Users\marcelo\.stmcufinder\plugins\mcufinder
2024-12-05 19:49:45,365 [INFO] ApiDb:250 - Set database path to: C:\Users\marcelo\.stmcufinder\plugins\mcufinder//mcu/
2024-12-05 19:49:45,365 [WARN] DbFile:41 - Overriding database path with different value: C:\Users\marcelo\.stmcufinder\plugins\mcufinder/ => C:\Users\marcelo\.stmcufinder\plugins\mcufinder
2024-12-05 19:49:45,365 [INFO] DbMcusAds:125 - Set database path to: C:\Users\marcelo\.stmcufinder\plugins\mcufinder//mcu/
2024-12-05 19:49:45,365 [WARN] DbFile:41 - Overriding database path with different value: C:\Users\marcelo\.stmcufinder\plugins\mcufinder/ => C:\Users\marcelo\.stmcufinder\plugins\mcufinder
2024-12-05 19:49:45,365 [WARN] DbFile:41 - Overriding database path with different value: C:\Users\marcelo\.stmcufinder\plugins\mcufinder/ => C:\Users\marcelo\.stmcufinder\plugins\mcufinder
2024-12-05 19:49:45,366 [INFO] CrossReferenceDbSqlite:203 - Set database path to: C:\Users\marcelo\.stmcufinder\plugins\mcufinder//mcu/cs/
2024-12-05 19:49:45,523 [INFO] ApplicationProperties:184 - Using Application install path: C:\ST\STM32CubeIDE_1.15.1\STM32CubeIDE\plugins\com.st.stm32cube.common.mx_6.11.1.202404110753
2024-12-05 19:49:45,599 [INFO] PluginManage:196 - Search for loadable plugins [exclusion list=, ]
2024-12-05 19:49:45,627 [INFO] PluginManage:310 - Check plugin analytics
2024-12-05 19:49:46,153 [INFO] AnalyticsPlugin:253 - Accepted Software Licenses: STM32CubeMX.5.6.1
2024-12-05 19:49:46,153 [INFO] AnalyticsPlugin:255 - Accepted CMSIS Pack Licenses: 
2024-12-05 19:49:46,154 [INFO] AnalyticsPlugin:257 - Accepted Firmware Licenses: 
2024-12-05 19:49:46,159 [INFO] PluginManage:359 - Loaded plugin analytics (category:tool,tabindex:-1)
2024-12-05 19:49:46,159 [INFO] PluginManage:310 - Check plugin cadmodel
2024-12-05 19:49:46,161 [ERROR] ConfigurationRetriever:142 - IOException on connection: sw-center.st.com
2024-12-05 19:49:46,162 [ERROR] ConfigurationRetriever:142 - IOException on connection: sw-center.st.com
2024-12-05 19:49:46,163 [ERROR] ConfigurationRetriever:142 - IOException on connection: sw-center.st.com
2024-12-05 19:49:46,292 [INFO] CADModel:105 - Init CAD model plugin
2024-12-05 19:49:46,293 [INFO] PluginManage:359 - Loaded plugin cadmodel (category:power,tabindex:5)
2024-12-05 19:49:46,293 [INFO] PluginManage:310 - Check plugin clock
2024-12-05 19:49:46,355 [INFO] PluginManage:359 - Loaded plugin clock (category:base,tabindex:2)
2024-12-05 19:49:46,355 [INFO] PluginManage:310 - Check plugin ddr
2024-12-05 19:49:46,385 [INFO] PluginManage:359 - Loaded plugin ddr (category:tool,tabindex:6)
2024-12-05 19:49:46,385 [INFO] PluginManage:310 - Check plugin filemanager
2024-12-05 19:49:47,051 [INFO] PluginManage:359 - Loaded plugin filemanager (category:base,tabindex:10)
2024-12-05 19:49:47,052 [INFO] PluginManage:310 - Check plugin ipmanager
2024-12-05 19:49:47,111 [INFO] PluginManage:359 - Loaded plugin ipmanager (category:base,tabindex:5)
2024-12-05 19:49:47,112 [INFO] PluginManage:310 - Check plugin lpbam
2024-12-05 19:49:47,164 [INFO] PluginManage:359 - Loaded plugin lpbam (category:base,tabindex:0)
2024-12-05 19:49:47,165 [INFO] PluginManage:310 - Check plugin memorymap
2024-12-05 19:49:47,272 [INFO] PluginManage:359 - Loaded plugin memorymap (category:base,tabindex:4)
2024-12-05 19:49:47,272 [INFO] PluginManage:310 - Check plugin pinoutandconfiguration
2024-12-05 19:49:47,325 [INFO] PluginManage:359 - Loaded plugin pinoutandconfiguration (category:base,tabindex:1)
2024-12-05 19:49:47,326 [INFO] PluginManage:310 - Check plugin pinoutconfig
2024-12-05 19:49:47,548 [WARN] SupportedApi:132 - Cannot load RTOS API schema: s4s-elt-must-match.1: The content of 'definitions' must match (annotation?, (simpleType | complexType)?, (unique | key | keyref)*)). A problem was found starting at: attribute.
2024-12-05 19:49:47,794 [INFO] PluginManage:359 - Loaded plugin pinoutconfig (category:base,tabindex:0)
2024-12-05 19:49:47,794 [INFO] PluginManage:310 - Check plugin power
2024-12-05 19:49:47,864 [INFO] PluginManage:359 - Loaded plugin power (category:power,tabindex:4)
2024-12-05 19:49:47,865 [INFO] PluginManage:310 - Check plugin projectmanager
2024-12-05 19:49:47,935 [INFO] PluginManage:359 - Loaded plugin projectmanager (category:projectmanager,tabindex:3)
2024-12-05 19:49:47,935 [INFO] PluginManage:310 - Check plugin thirdparty
2024-12-05 19:49:48,533 [INFO] PluginManage:359 - Loaded plugin thirdparty (category:base,tabindex:-1)
2024-12-05 19:49:48,533 [WARN] IntegrityCheckThread:84 - waiting for thirdparty lock release [integrity check]
2024-12-05 19:49:48,533 [INFO] IntegrityCheckThread:86 - entering critical section [integrity check]
2024-12-05 19:49:48,533 [INFO] PluginManage:310 - Check plugin tools
2024-12-05 19:49:48,534 [INFO] ThirdPartyUpdaterWithRetryManager:70 - Updater plugin not ready yet. [1/15]
2024-12-05 19:49:48,547 [INFO] PluginManage:359 - Loaded plugin tools (category:base,tabindex:7)
2024-12-05 19:49:48,548 [INFO] PluginManage:310 - Check plugin tutovideos
2024-12-05 19:49:48,919 [INFO] PluginManage:359 - Loaded plugin tutovideos (category:base,tabindex:-1)
2024-12-05 19:49:48,919 [INFO] PluginManage:310 - Check plugin updater
2024-12-05 19:49:48,961 [INFO] PluginManage:359 - Loaded plugin updater (category:base,tabindex:12)
2024-12-05 19:49:48,962 [INFO] PluginManage:310 - Check plugin userauth
2024-12-05 19:49:48,991 [INFO] UserAuth:114 - Init User Auth plugin
2024-12-05 19:49:48,991 [INFO] PluginManage:359 - Loaded plugin userauth (category:base,tabindex:14)
2024-12-05 19:49:48,992 [INFO] PluginManage:283 - PluginManage : Loaded plugins [17]
2024-12-05 19:49:50,045 [INFO] PinOutPanel:1561 - setPackage(No Configuration,No Configuration)
2024-12-05 19:49:50,350 [INFO] CADModel:165 - CPN selected for project level
2024-12-05 19:49:50,350 [INFO] CADModel:114 - Register for checkConnection events
2024-12-05 19:49:50,471 [INFO] IPUIPlugin:80 - create IPUIPlugin
2024-12-05 19:49:50,471 [INFO] PluginManager:220 - loadIPPluginJar : add adc
2024-12-05 19:49:50,491 [INFO] IPUIPlugin:80 - create IPUIPlugin
2024-12-05 19:49:50,491 [INFO] PluginManager:220 - loadIPPluginJar : add aes
2024-12-05 19:49:50,510 [INFO] IPUIPlugin:80 - create IPUIPlugin
2024-12-05 19:49:50,511 [INFO] PluginManager:220 - loadIPPluginJar : add can
2024-12-05 19:49:50,556 [INFO] IPUIPlugin:80 - create IPUIPlugin
2024-12-05 19:49:50,557 [INFO] PluginManager:220 - loadIPPluginJar : add comp
2024-12-05 19:49:50,583 [INFO] IPUIPlugin:80 - create IPUIPlugin
2024-12-05 19:49:50,583 [INFO] PluginManager:220 - loadIPPluginJar : add cryp
2024-12-05 19:49:50,603 [INFO] IPUIPlugin:80 - create IPUIPlugin
2024-12-05 19:49:50,603 [INFO] PluginManager:220 - loadIPPluginJar : add dfsdm
2024-12-05 19:49:50,632 [INFO] IPUIPlugin:80 - create IPUIPlugin
2024-12-05 19:49:50,634 [INFO] PluginManager:220 - loadIPPluginJar : add dma
2024-12-05 19:49:50,670 [INFO] IPUIPlugin:80 - create IPUIPlugin
2024-12-05 19:49:50,670 [INFO] PluginManager:220 - loadIPPluginJar : add dma3
2024-12-05 19:49:50,690 [INFO] IPUIPlugin:80 - create IPUIPlugin
2024-12-05 19:49:50,690 [INFO] PluginManager:220 - loadIPPluginJar : add extmemmanager
2024-12-05 19:49:50,707 [INFO] IPUIPlugin:80 - create IPUIPlugin
2024-12-05 19:49:50,708 [INFO] PluginManager:220 - loadIPPluginJar : add fatfs
2024-12-05 19:49:50,744 [INFO] IPUIPlugin:80 - create IPUIPlugin
2024-12-05 19:49:50,744 [INFO] PluginManager:220 - loadIPPluginJar : add fmc
2024-12-05 19:49:50,811 [INFO] IPUIPlugin:80 - create IPUIPlugin
2024-12-05 19:49:50,811 [INFO] PluginManager:220 - loadIPPluginJar : add freertos
2024-12-05 19:49:50,831 [INFO] IPUIPlugin:80 - create IPUIPlugin
2024-12-05 19:49:50,831 [INFO] PluginManager:220 - loadIPPluginJar : add genericplugin
2024-12-05 19:49:50,853 [INFO] IPUIPlugin:80 - create IPUIPlugin
2024-12-05 19:49:50,853 [INFO] PluginManager:220 - loadIPPluginJar : add gfxmmu
2024-12-05 19:49:50,881 [INFO] IPUIPlugin:80 - create IPUIPlugin
2024-12-05 19:49:50,881 [INFO] PluginManager:220 - loadIPPluginJar : add gic
2024-12-05 19:49:50,954 [INFO] IPUIPlugin:80 - create IPUIPlugin
2024-12-05 19:49:50,954 [INFO] PluginManager:220 - loadIPPluginJar : add gpio
2024-12-05 19:49:50,971 [INFO] IPUIPlugin:80 - create IPUIPlugin
2024-12-05 19:49:50,972 [INFO] PluginManager:220 - loadIPPluginJar : add gtzc
2024-12-05 19:49:50,991 [INFO] IPUIPlugin:80 - create IPUIPlugin
2024-12-05 19:49:50,991 [INFO] PluginManager:220 - loadIPPluginJar : add hash
2024-12-05 19:49:51,013 [INFO] IPUIPlugin:80 - create IPUIPlugin
2024-12-05 19:49:51,013 [INFO] PluginManager:220 - loadIPPluginJar : add i2c
2024-12-05 19:49:51,032 [INFO] IPUIPlugin:80 - create IPUIPlugin
2024-12-05 19:49:51,032 [INFO] PluginManager:220 - loadIPPluginJar : add i2s
2024-12-05 19:49:51,050 [INFO] IPUIPlugin:80 - create IPUIPlugin
2024-12-05 19:49:51,051 [INFO] PluginManager:220 - loadIPPluginJar : add i3c
2024-12-05 19:49:51,075 [INFO] IPUIPlugin:80 - create IPUIPlugin
2024-12-05 19:49:51,075 [INFO] PluginManager:220 - loadIPPluginJar : add ipddr
2024-12-05 19:49:51,113 [INFO] IPUIPlugin:80 - create IPUIPlugin
2024-12-05 19:49:51,114 [INFO] PluginManager:220 - loadIPPluginJar : add linkedlist
2024-12-05 19:49:51,135 [INFO] IPUIPlugin:80 - create IPUIPlugin
2024-12-05 19:49:51,135 [INFO] PluginManager:220 - loadIPPluginJar : add lorawan
2024-12-05 19:49:51,150 [INFO] IPUIPlugin:80 - create IPUIPlugin
2024-12-05 19:49:51,150 [INFO] PluginManager:220 - loadIPPluginJar : add ltdc
2024-12-05 19:49:51,207 [INFO] IPUIPlugin:80 - create IPUIPlugin
2024-12-05 19:49:51,207 [INFO] PluginManager:220 - loadIPPluginJar : add mdma
2024-12-05 19:49:51,232 [INFO] IPUIPlugin:80 - create IPUIPlugin
2024-12-05 19:49:51,232 [INFO] PluginManager:220 - loadIPPluginJar : add nvic
2024-12-05 19:49:51,255 [INFO] IPUIPlugin:80 - create IPUIPlugin
2024-12-05 19:49:51,255 [INFO] PluginManager:220 - loadIPPluginJar : add opamp
2024-12-05 19:49:51,276 [INFO] IPUIPlugin:80 - create IPUIPlugin
2024-12-05 19:49:51,276 [INFO] PluginManager:220 - loadIPPluginJar : add openamp
2024-12-05 19:49:51,304 [INFO] IPUIPlugin:80 - create IPUIPlugin
2024-12-05 19:49:51,304 [INFO] PluginManager:220 - loadIPPluginJar : add pdm2pcm
2024-12-05 19:49:51,338 [INFO] IPUIPlugin:80 - create IPUIPlugin
2024-12-05 19:49:51,344 [INFO] PluginManager:220 - loadIPPluginJar : add plateformsettings
2024-12-05 19:49:51,368 [INFO] IPUIPlugin:80 - create IPUIPlugin
2024-12-05 19:49:51,368 [INFO] PluginManager:220 - loadIPPluginJar : add quadspi
2024-12-05 19:49:51,394 [INFO] IPUIPlugin:80 - create IPUIPlugin
2024-12-05 19:49:51,394 [INFO] PluginManager:220 - loadIPPluginJar : add resmgrutility
2024-12-05 19:49:51,449 [INFO] IPUIPlugin:80 - create IPUIPlugin
2024-12-05 19:49:51,449 [INFO] PluginManager:220 - loadIPPluginJar : add sai
2024-12-05 19:49:51,475 [INFO] IPUIPlugin:80 - create IPUIPlugin
2024-12-05 19:49:51,475 [INFO] PluginManager:220 - loadIPPluginJar : add spi
2024-12-05 19:49:51,494 [INFO] IPUIPlugin:80 - create IPUIPlugin
2024-12-05 19:49:51,494 [INFO] PluginManager:220 - loadIPPluginJar : add stm32_wpan
2024-12-05 19:49:51,503 [INFO] IPUIPlugin:80 - create IPUIPlugin
2024-12-05 19:49:51,503 [INFO] PluginManager:220 - loadIPPluginJar : add tim
2024-12-05 19:49:51,523 [INFO] IPUIPlugin:80 - create IPUIPlugin
2024-12-05 19:49:51,524 [INFO] PluginManager:220 - loadIPPluginJar : add touchsensing
2024-12-05 19:49:51,536 [INFO] ThirdPartyUpdaterWithRetryManager:70 - Updater plugin not ready yet. [2/15]
2024-12-05 19:49:51,544 [INFO] IPUIPlugin:80 - create IPUIPlugin
2024-12-05 19:49:51,544 [INFO] PluginManager:220 - loadIPPluginJar : add tracer_emb
2024-12-05 19:49:51,557 [INFO] IPUIPlugin:80 - create IPUIPlugin
2024-12-05 19:49:51,557 [INFO] PluginManager:220 - loadIPPluginJar : add ts
2024-12-05 19:49:51,567 [INFO] IPUIPlugin:80 - create IPUIPlugin
2024-12-05 19:49:51,568 [INFO] PluginManager:220 - loadIPPluginJar : add tsc
2024-12-05 19:49:51,573 [INFO] IPUIPlugin:80 - create IPUIPlugin
2024-12-05 19:49:51,573 [INFO] PluginManager:220 - loadIPPluginJar : add ucpd
2024-12-05 19:49:51,600 [INFO] IPUIPlugin:80 - create IPUIPlugin
2024-12-05 19:49:51,601 [INFO] PluginManager:220 - loadIPPluginJar : add usart
2024-12-05 19:49:51,614 [INFO] IPUIPlugin:80 - create IPUIPlugin
2024-12-05 19:49:51,614 [INFO] PluginManager:220 - loadIPPluginJar : add usbx
2024-12-05 19:49:51,866 [INFO] CADModel:165 - CPN selected for project level
2024-12-05 19:49:51,867 [INFO] CADModel:114 - Register for checkConnection events
2024-12-05 19:49:51,867 [FATAL] Updater:308 - Updater called before beeing initialized
2024-12-05 19:49:51,868 [ERROR] CADModel:125 - Updater not yet initialized, retry later 
2024-12-05 19:49:52,387 [INFO] CADModel:165 - CPN selected for project level
2024-12-05 19:49:52,387 [INFO] CADModel:114 - Register for checkConnection events
2024-12-05 19:49:52,387 [FATAL] Updater:308 - Updater called before beeing initialized
2024-12-05 19:49:52,387 [ERROR] CADModel:125 - Updater not yet initialized, retry later 
2024-12-05 19:49:52,406 [FATAL] Updater:308 - Updater called before beeing initialized
2024-12-05 19:49:52,701 [FATAL] Updater:308 - Updater called before beeing initialized
2024-12-05 19:49:52,712 [INFO] DbMcusAds:53 - JSON generation date=Fri Sep 20 10:04:23 ART 2024 (1726837463109)
2024-12-05 19:49:52,712 [FATAL] Updater:308 - Updater called before beeing initialized
2024-12-05 19:49:52,930 [WARN] DetailPanel:346 - Failed to get advertising image, set to default
2024-12-05 19:49:53,094 [FATAL] Updater:308 - Updater called before beeing initialized
2024-12-05 19:49:53,106 [FATAL] Updater:308 - Updater called before beeing initialized
2024-12-05 19:49:53,106 [FATAL] Updater:308 - Updater called before beeing initialized
2024-12-05 19:49:53,106 [WARN] DetailPanel:346 - Failed to get advertising image, set to default
2024-12-05 19:49:53,108 [FATAL] Updater:308 - Updater called before beeing initialized
2024-12-05 19:49:53,366 [ERROR] Updater:1120 - MainUpdater not yet initialized. External WinMGr cannot be set.
2024-12-05 19:49:53,388 [INFO] Updater:1056 - Updater Version found : 6.11.1
2024-12-05 19:49:53,440 [INFO] ApplicationProperties:184 - Using Application install path: C:\ST\STM32CubeIDE_1.15.1\STM32CubeIDE\plugins\com.st.stm32cube.common.mx_6.11.1.202404110753
2024-12-05 19:49:54,537 [INFO] ThirdPartyUpdaterWithRetryManager:70 - Updater plugin not ready yet. [3/15]
2024-12-05 19:49:55,124 [ERROR] LogOutputStream:75 - [STDERR_REDIRECT] Dec 05, 2024 7:49:55 PM java.util.prefs.WindowsPreferences <init>
2024-12-05 19:49:55,127 [ERROR] LogOutputStream:75 - [STDERR_REDIRECT] WARNING: Could not open/create prefs root node Software\JavaSoft\Prefs at root 0xffffffff80000002. Windows RegCreateKeyEx(...) returned error code 5.
2024-12-05 19:49:55,128 [ERROR] LogOutputStream:75 - [STDERR_REDIRECT] 
2024-12-05 19:49:55,758 [INFO] MainUpdater:2873 - connection check result : 22
2024-12-05 19:49:55,759 [INFO] MainUpdater:290 - Updater Check For Update Now.
2024-12-05 19:49:55,759 [INFO] MicroXplorer:498 - Change Database Version : DB.6.0.111
2024-12-05 19:49:55,804 [INFO] McuFinderGlobals:63 - Set McuFinder mode to 2 (CubeIDE integrated)
2024-12-05 19:49:55,805 [INFO] UserAuth:179 - activating auth plugin
2024-12-05 19:49:55,822 [INFO] UserAuth:415 - Internet connection configuration mode: 2
2024-12-05 19:49:55,852 [INFO] UserAuth:415 - Internet connection configuration mode: 2
2024-12-05 19:49:56,159 [INFO] CheckServerUpdateThread:120 - End of CheckServer Thread
2024-12-05 19:49:58,403 [WARN] PackLoader:240 - Cannot read IP mode file for STMicroelectronics.FP-ATR-ASTRA1.2.0.1
2024-12-05 19:49:58,439 [WARN] PackLoader:240 - Cannot read IP mode file for STMicroelectronics.X-CUBE-WB05N.1.1.0
2024-12-05 19:49:58,531 [WARN] PackLoader:240 - Cannot read IP mode file for STMicroelectronics.X-CUBE-AZRTOS-F7.1.1.0
2024-12-05 19:49:58,748 [WARN] PackLoader:240 - Cannot read IP mode file for STMicroelectronics.X-CUBE-MEMS1.11.0.0
2024-12-05 19:49:59,172 [WARN] PackLoader:240 - Cannot read IP mode file for STMicroelectronics.X-CUBE-NFC10.1.0.0
2024-12-05 19:49:59,202 [WARN] PackLoader:240 - Cannot read IP mode file for emotas.I-CUBE-CANOPEN.1.3.0
2024-12-05 19:49:59,230 [INFO] LogOutputStream:77 - [STDOUT_REDIRECT] 1 : Invalid condition id : UX_CORESTACK_Condition cause : null
2024-12-05 19:49:59,231 [INFO] LogOutputStream:77 - [STDOUT_REDIRECT] 1 : Invalid condition id : UX_CORESTACK_Condition cause : null
2024-12-05 19:49:59,234 [INFO] LogOutputStream:77 - [STDOUT_REDIRECT] 1 : Invalid condition id : UX_CORESTACK_Condition cause : null
2024-12-05 19:49:59,238 [INFO] LogOutputStream:77 - [STDOUT_REDIRECT] 1 : Invalid condition id : UX_CORESTACK_Condition cause : null
2024-12-05 19:49:59,241 [INFO] LogOutputStream:77 - [STDOUT_REDIRECT] 1 : Invalid condition id : UX_CORESTACK_Condition cause : null
2024-12-05 19:49:59,247 [WARN] PackLoader:240 - Cannot read IP mode file for STMicroelectronics.X-CUBE-AZRTOS-WL.2.0.0
2024-12-05 19:49:59,264 [WARN] PackLoader:240 - Cannot read IP mode file for wolfSSL.I-CUBE-wolfMQTT.1.19.0
2024-12-05 19:49:59,301 [WARN] PackLoader:240 - Cannot read IP mode file for WES.I-CUBE-Cesium.1.3.0
2024-12-05 19:49:59,327 [WARN] PackLoader:240 - Cannot read IP mode file for STMicroelectronics.X-CUBE-NFC9.1.0.0
2024-12-05 19:49:59,411 [WARN] PackLoader:240 - Cannot read IP mode file for STMicroelectronics.X-CUBE-AZRTOS-G0.1.1.0
2024-12-05 19:49:59,455 [WARN] PackLoader:240 - Cannot read IP mode file for EmbeddedOffice.I-CUBE-FS-RTOS.1.0.1
2024-12-05 19:49:59,455 [ERROR] ConditionMgr:805 - Attr not supported : Dmpu
2024-12-05 19:49:59,456 [ERROR] ConditionMgr:805 - Attr not supported : Dmpu
2024-12-05 19:49:59,456 [ERROR] ConditionMgr:805 - Attr not supported : Dmpu
2024-12-05 19:49:59,456 [ERROR] ConditionMgr:805 - Attr not supported : Dmpu
2024-12-05 19:49:59,456 [ERROR] ConditionMgr:805 - Attr not supported : Dmpu
2024-12-05 19:49:59,456 [ERROR] ConditionMgr:805 - Attr not supported : Dmpu
2024-12-05 19:49:59,456 [ERROR] ConditionMgr:805 - Attr not supported : Dmpu
2024-12-05 19:49:59,456 [ERROR] ConditionMgr:805 - Attr not supported : Dmpu
2024-12-05 19:49:59,457 [ERROR] ConditionMgr:805 - Attr not supported : Dmpu
2024-12-05 19:49:59,457 [ERROR] ConditionMgr:805 - Attr not supported : Dmpu
2024-12-05 19:49:59,457 [ERROR] ConditionMgr:805 - Attr not supported : Dmpu
2024-12-05 19:49:59,457 [ERROR] ConditionMgr:805 - Attr not supported : Dmpu
2024-12-05 19:49:59,457 [ERROR] ConditionMgr:805 - Attr not supported : Dmpu
2024-12-05 19:49:59,457 [ERROR] ConditionMgr:805 - Attr not supported : Dmpu
2024-12-05 19:49:59,457 [ERROR] ConditionMgr:805 - Attr not supported : Dmpu
2024-12-05 19:49:59,458 [ERROR] ConditionMgr:805 - Attr not supported : Dmpu
2024-12-05 19:49:59,458 [ERROR] ConditionMgr:805 - Attr not supported : Dmpu
2024-12-05 19:49:59,458 [ERROR] ConditionMgr:805 - Attr not supported : Dmpu
2024-12-05 19:49:59,458 [ERROR] ConditionMgr:805 - Attr not supported : Dmpu
2024-12-05 19:49:59,458 [ERROR] ConditionMgr:805 - Attr not supported : Dmpu
2024-12-05 19:49:59,458 [ERROR] ConditionMgr:805 - Attr not supported : Dmpu
2024-12-05 19:49:59,458 [ERROR] ConditionMgr:805 - Attr not supported : Dmpu
2024-12-05 19:49:59,459 [ERROR] ConditionMgr:805 - Attr not supported : Dmpu
2024-12-05 19:49:59,459 [ERROR] ConditionMgr:805 - Attr not supported : Dmpu
2024-12-05 19:49:59,459 [ERROR] ConditionMgr:805 - Attr not supported : Dmpu
2024-12-05 19:49:59,459 [ERROR] ConditionMgr:805 - Attr not supported : Dmpu
2024-12-05 19:49:59,459 [ERROR] ConditionMgr:805 - Attr not supported : Dmpu
2024-12-05 19:49:59,459 [ERROR] ConditionMgr:805 - Attr not supported : Dmpu
2024-12-05 19:49:59,460 [ERROR] ConditionMgr:805 - Attr not supported : Dmpu
2024-12-05 19:49:59,460 [ERROR] ConditionMgr:805 - Attr not supported : Dmpu
2024-12-05 19:49:59,460 [ERROR] ConditionMgr:805 - Attr not supported : Dmpu
2024-12-05 19:49:59,460 [ERROR] ConditionMgr:805 - Attr not supported : Dmpu
2024-12-05 19:49:59,460 [ERROR] ConditionMgr:805 - Attr not supported : Dmpu
2024-12-05 19:49:59,460 [ERROR] ConditionMgr:805 - Attr not supported : Dmpu
2024-12-05 19:49:59,460 [ERROR] ConditionMgr:805 - Attr not supported : Dmpu
2024-12-05 19:49:59,460 [ERROR] ConditionMgr:805 - Attr not supported : Dmpu
2024-12-05 19:49:59,461 [ERROR] ConditionMgr:805 - Attr not supported : Dmpu
2024-12-05 19:49:59,461 [ERROR] ConditionMgr:805 - Attr not supported : Dmpu
2024-12-05 19:49:59,461 [ERROR] ConditionMgr:805 - Attr not supported : Dmpu
2024-12-05 19:49:59,461 [ERROR] ConditionMgr:805 - Attr not supported : Dmpu
2024-12-05 19:49:59,462 [ERROR] ConditionMgr:805 - Attr not supported : Dmpu
2024-12-05 19:49:59,462 [ERROR] ConditionMgr:805 - Attr not supported : Dmpu
2024-12-05 19:49:59,462 [ERROR] ConditionMgr:805 - Attr not supported : Dmpu
2024-12-05 19:49:59,462 [ERROR] ConditionMgr:805 - Attr not supported : Dmpu
2024-12-05 19:49:59,463 [ERROR] ConditionMgr:805 - Attr not supported : Dmpu
2024-12-05 19:49:59,463 [ERROR] ConditionMgr:805 - Attr not supported : Dmpu
2024-12-05 19:49:59,463 [ERROR] ConditionMgr:805 - Attr not supported : Dmpu
2024-12-05 19:49:59,464 [ERROR] ConditionMgr:805 - Attr not supported : Dmpu
2024-12-05 19:49:59,464 [ERROR] ConditionMgr:805 - Attr not supported : Dmpu
2024-12-05 19:49:59,464 [ERROR] ConditionMgr:805 - Attr not supported : Dmpu
2024-12-05 19:49:59,464 [ERROR] ConditionMgr:805 - Attr not supported : Dmpu
2024-12-05 19:49:59,465 [ERROR] ConditionMgr:805 - Attr not supported : Dmpu
2024-12-05 19:49:59,465 [ERROR] ConditionMgr:805 - Attr not supported : Dmpu
2024-12-05 19:49:59,465 [ERROR] ConditionMgr:805 - Attr not supported : Dmpu
2024-12-05 19:49:59,465 [ERROR] ConditionMgr:805 - Attr not supported : Dmpu
2024-12-05 19:49:59,465 [ERROR] ConditionMgr:805 - Attr not supported : Dmpu
2024-12-05 19:49:59,465 [ERROR] ConditionMgr:805 - Attr not supported : Dmpu
2024-12-05 19:49:59,465 [ERROR] ConditionMgr:805 - Attr not supported : Dmpu
2024-12-05 19:49:59,466 [ERROR] ConditionMgr:805 - Attr not supported : Dmpu
2024-12-05 19:49:59,466 [ERROR] ConditionMgr:805 - Attr not supported : Dmpu
2024-12-05 19:49:59,466 [ERROR] ConditionMgr:805 - Attr not supported : Dmpu
2024-12-05 19:49:59,466 [ERROR] ConditionMgr:805 - Attr not supported : Dmpu
2024-12-05 19:49:59,466 [ERROR] ConditionMgr:805 - Attr not supported : Dmpu
2024-12-05 19:49:59,466 [ERROR] ConditionMgr:805 - Attr not supported : Dmpu
2024-12-05 19:49:59,481 [WARN] PackLoader:240 - Cannot read IP mode file for RealThread.X-CUBE-RT-Thread_Nano.4.1.1
2024-12-05 19:49:59,542 [WARN] PackLoader:240 - Cannot read IP mode file for wolfSSL.I-CUBE-wolfSSL.5.7.0
2024-12-05 19:49:59,569 [WARN] ConditionMgr:438 - getConditionDescription Invalid condition id : Cortex-A Device cause : null
2024-12-05 19:49:59,727 [WARN] ConditionMgr:1039 - genDependencies : Invalid condition id : Cortex-A Device cause : null
2024-12-05 19:49:59,727 [WARN] ConditionMgr:1039 - genDependencies : Invalid condition id : Cortex-A Device cause : null
2024-12-05 19:49:59,727 [WARN] ConditionMgr:1039 - genDependencies : Invalid condition id : Cortex-A Device cause : null
2024-12-05 19:49:59,779 [WARN] PackLoader:240 - Cannot read IP mode file for ITTIA_DB.I-CUBE-ITTIADB.8.9.0
2024-12-05 19:49:59,866 [WARN] PackLoader:240 - Cannot read IP mode file for SEGGER.I-CUBE-embOS.1.3.1
2024-12-05 19:50:00,030 [WARN] PackLoader:240 - Cannot read IP mode file for STMicroelectronics.X-CUBE-AZRTOS-F4.1.1.0
2024-12-05 19:50:00,051 [WARN] PackLoader:240 - Cannot read IP mode file for STMicroelectronics.X-CUBE-ISPU.2.1.0
2024-12-05 19:50:00,104 [WARN] PackLoader:240 - Cannot read IP mode file for STMicroelectronics.X-CUBE-AZRTOS-L5.2.0.0
2024-12-05 19:50:00,176 [WARN] PackLoader:240 - Cannot read IP mode file for STMicroelectronics.X-CUBE-DPower.1.2.0
2024-12-05 19:50:00,197 [WARN] PackLoader:240 - Cannot read IP mode file for wolfSSL.I-CUBE-wolfTPM.3.2.0
2024-12-05 19:50:00,254 [WARN] ConditionMgr:438 - getConditionDescription Invalid condition id : LAN8742 Phy interface Condition cause : null
2024-12-05 19:50:00,255 [WARN] PackLoader:240 - Cannot read IP mode file for STMicroelectronics.X-CUBE-AZRTOS-L4.2.0.0
2024-12-05 19:50:00,258 [WARN] ConditionMgr:1039 - genDependencies : Invalid condition id : LAN8742 Phy interface Condition cause : null
2024-12-05 19:50:00,258 [WARN] ConditionMgr:1039 - genDependencies : Invalid condition id : LAN8742 Phy interface Condition cause : null
2024-12-05 19:50:00,260 [WARN] ConditionMgr:1039 - genDependencies : Invalid condition id : LAN8742 Phy interface Condition cause : null
2024-12-05 19:50:00,316 [WARN] PackLoader:240 - Cannot read IP mode file for STMicroelectronics.X-CUBE-AZRTOS-H7.3.3.0
2024-12-05 19:50:00,383 [WARN] PackLoader:240 - Cannot read IP mode file for STMicroelectronics.X-CUBE-IPS.3.0.0
2024-12-05 19:50:00,446 [WARN] ConditionMgr:438 - getConditionDescription Invalid condition id : UX DEVICE CLASS RTOS Condition cause : null
2024-12-05 19:50:00,447 [WARN] ConditionMgr:438 - getConditionDescription Invalid condition id : UX DEVICE CLASS RTOS Condition cause : null
2024-12-05 19:50:00,452 [WARN] PackLoader:240 - Cannot read IP mode file for STMicroelectronics.X-CUBE-AZRTOS-WB.2.0.0
2024-12-05 19:50:00,453 [WARN] ConditionMgr:1039 - genDependencies : Invalid condition id : UX DEVICE CLASS RTOS Condition cause : null
2024-12-05 19:50:00,454 [WARN] ConditionMgr:1039 - genDependencies : Invalid condition id : UX DEVICE CLASS RTOS Condition cause : null
2024-12-05 19:50:00,455 [WARN] ConditionMgr:1039 - genDependencies : Invalid condition id : UX DEVICE CLASS RTOS Condition cause : null
2024-12-05 19:50:00,456 [WARN] ConditionMgr:1039 - genDependencies : Invalid condition id : UX DEVICE CLASS RTOS Condition cause : null
2024-12-05 19:50:00,456 [WARN] ConditionMgr:1039 - genDependencies : Invalid condition id : UX DEVICE CLASS RTOS Condition cause : null
2024-12-05 19:50:00,477 [WARN] PackLoader:240 - Cannot read IP mode file for STMicroelectronics.X-CUBE-GNSS1.7.0.0
2024-12-05 19:50:00,503 [WARN] PackLoader:240 - Cannot read IP mode file for STMicroelectronics.FP-SNS-STBOX1.2.0.0
2024-12-05 19:50:00,522 [WARN] PackLoader:240 - Cannot read IP mode file for Cesanta.I-CUBE-Mongoose.7.13.0
2024-12-05 19:50:00,570 [WARN] PackLoader:240 - Cannot read IP mode file for STMicroelectronics.X-CUBE-AZRTOS-G4.2.0.0
2024-12-05 19:50:00,653 [WARN] PackLoader:240 - Cannot read IP mode file for STMicroelectronics.X-CUBE-TOUCHGFX.4.24.0
2024-12-05 19:50:00,676 [WARN] PackLoader:240 - Cannot read IP mode file for portGmbH.I-Cube-SoM-uGOAL.1.1.0
2024-12-05 19:50:00,724 [WARN] PackLoader:240 - Cannot read IP mode file for STMicroelectronics.X-CUBE-AZRTOS-H7RS.1.0.0
2024-12-05 19:50:00,774 [WARN] PackLoader:240 - Cannot read IP mode file for STMicroelectronics.X-CUBE-TOF1.3.4.2
2024-12-05 19:50:00,848 [WARN] PackLoader:240 - Cannot read IP mode file for Infineon.AIROC-Wi-Fi-Bluetooth-STM32.1.6.0
2024-12-05 19:50:00,879 [WARN] PackLoader:240 - Cannot read IP mode file for wolfSSL.I-CUBE-wolfSSH.1.4.17
2024-12-05 19:50:00,880 [INFO] ThirdParty:978 - Integrity check success = true
2024-12-05 19:50:00,880 [INFO] IntegrityCheckThread:100 - exiting critical section [integrity check]
2024-12-05 19:50:00,881 [INFO] IntegrityCheckThread:103 - End integrity checks thread
2024-12-05 19:59:58,636 [ERROR] ConfigurationRetriever:142 - IOException on connection: sw-center.st.com
2024-12-05 19:59:58,638 [ERROR] ConfigurationRetriever:142 - IOException on connection: sw-center.st.com
2024-12-05 19:59:58,639 [ERROR] ConfigurationRetriever:142 - IOException on connection: sw-center.st.com
2024-12-05 20:07:56,857 [ERROR] ConfigurationRetriever:142 - IOException on connection: sw-center.st.com
2024-12-05 20:07:56,858 [ERROR] ConfigurationRetriever:142 - IOException on connection: sw-center.st.com
2024-12-05 20:07:56,860 [ERROR] ConfigurationRetriever:142 - IOException on connection: sw-center.st.com
2024-12-05 20:09:27,819 [ERROR] ConfigurationRetriever:142 - IOException on connection: sw-center.st.com
2024-12-05 20:09:27,820 [ERROR] ConfigurationRetriever:142 - IOException on connection: sw-center.st.com
2024-12-05 20:09:27,821 [ERROR] ConfigurationRetriever:142 - IOException on connection: sw-center.st.com
2024-12-05 20:12:42,640 [ERROR] ConfigurationRetriever:142 - IOException on connection: sw-center.st.com
2024-12-05 20:12:42,641 [ERROR] ConfigurationRetriever:142 - IOException on connection: sw-center.st.com
2024-12-05 20:12:42,641 [ERROR] ConfigurationRetriever:142 - IOException on connection: sw-center.st.com
2024-12-05 20:12:51,264 [ERROR] ConfigurationRetriever:142 - IOException on connection: sw-center.st.com
2024-12-05 20:12:51,265 [ERROR] ConfigurationRetriever:142 - IOException on connection: sw-center.st.com
2024-12-05 20:12:51,265 [ERROR] ConfigurationRetriever:142 - IOException on connection: sw-center.st.com
2024-12-05 20:17:49,376 [ERROR] LogOutputStream:75 - [STDERR_REDIRECT] 
2024-12-05 21:09:10,060 [INFO] Activator:176 - 


2024-12-05 21:09:10,064 [INFO] Activator:177 - !SESSION log4j initialized
2024-12-05 21:09:19,987 [INFO] LogOutputStream:77 - [STDOUT_REDIRECT] 
2024-12-05 21:09:27,995 [INFO] ApplicationProperties:184 - Using Application install path: C:\ST\STM32CubeIDE_1.15.1\STM32CubeIDE\plugins\com.st.stm32cube.common.mx_6.11.1.202404110753
2024-12-05 21:09:28,030 [INFO] DbMcusXml:78 - Set database path to: C:\ST\STM32CubeIDE_1.15.1\STM32CubeIDE\plugins\com.st.stm32cube.common.mx_6.11.1.202404110753\\db\/mcu/
2024-12-05 21:09:28,031 [INFO] ApiDb:274 - Set plugin database path to: C:\ST\STM32CubeIDE_1.15.1\STM32CubeIDE\plugins\com.st.stm32cube.common.mx_6.11.1.202404110753\\db\/plugins/boardmanager/
2024-12-05 21:09:28,031 [WARN] ApiDb:259 - Overriding images path with different value:  => C:\ST\STM32CubeIDE_1.15.1\STM32CubeIDE\plugins\com.st.stm32cube.common.mx_6.11.1.202404110753\\db\/plugins/mcufinder/images/
2024-12-05 21:09:28,051 [INFO] ApiDb:250 - Set database path to: C:\Users\marcelo\.stmcufinder\plugins\mcufinder//mcu/
2024-12-05 21:09:28,053 [INFO] DbMcusAds:125 - Set database path to: C:\Users\marcelo\.stmcufinder\plugins\mcufinder//mcu/
2024-12-05 21:09:28,058 [INFO] CrossReferenceDbSqlite:203 - Set database path to: C:\Users\marcelo\.stmcufinder\plugins\mcufinder//mcu/cs/
2024-12-05 21:09:28,307 [INFO] RulesReader:64 - Compatibility file has been processed (297 Rules)
2024-12-05 21:09:28,459 [INFO] DbMcusXml:78 - Set database path to: C:\ST\STM32CubeIDE_1.15.1\STM32CubeIDE\plugins\com.st.stm32cube.common.mx_6.11.1.202404110753\\db\/mcu/
2024-12-05 21:09:28,459 [INFO] ApiDb:274 - Set plugin database path to: C:\ST\STM32CubeIDE_1.15.1\STM32CubeIDE\plugins\com.st.stm32cube.common.mx_6.11.1.202404110753\\db\/plugins/boardmanager/
2024-12-05 21:09:28,460 [INFO] ApiDb:261 - Set plugin images path to: C:\ST\STM32CubeIDE_1.15.1\STM32CubeIDE\plugins\com.st.stm32cube.common.mx_6.11.1.202404110753\\db\/plugins/mcufinder/images/
2024-12-05 21:09:28,460 [WARN] DbFile:41 - Overriding database path with different value: C:\Users\marcelo\.stmcufinder\plugins\mcufinder/ => C:\Users\marcelo\.stmcufinder\plugins\mcufinder
2024-12-05 21:09:28,460 [INFO] ApiDb:250 - Set database path to: C:\Users\marcelo\.stmcufinder\plugins\mcufinder//mcu/
2024-12-05 21:09:28,460 [WARN] DbFile:41 - Overriding database path with different value: C:\Users\marcelo\.stmcufinder\plugins\mcufinder/ => C:\Users\marcelo\.stmcufinder\plugins\mcufinder
2024-12-05 21:09:28,461 [INFO] DbMcusAds:125 - Set database path to: C:\Users\marcelo\.stmcufinder\plugins\mcufinder//mcu/
2024-12-05 21:09:28,461 [WARN] DbFile:41 - Overriding database path with different value: C:\Users\marcelo\.stmcufinder\plugins\mcufinder/ => C:\Users\marcelo\.stmcufinder\plugins\mcufinder
2024-12-05 21:09:28,461 [WARN] DbFile:41 - Overriding database path with different value: C:\Users\marcelo\.stmcufinder\plugins\mcufinder/ => C:\Users\marcelo\.stmcufinder\plugins\mcufinder
2024-12-05 21:09:28,461 [INFO] CrossReferenceDbSqlite:203 - Set database path to: C:\Users\marcelo\.stmcufinder\plugins\mcufinder//mcu/cs/
2024-12-05 21:09:28,695 [INFO] MainPanel:264 - HeapMemory: 268435456
2024-12-05 21:09:28,846 [INFO] DbMcusXml:78 - Set database path to: C:\ST\STM32CubeIDE_1.15.1\STM32CubeIDE\plugins\com.st.stm32cube.common.mx_6.11.1.202404110753\\db\/mcu/
2024-12-05 21:09:28,846 [INFO] ApiDb:274 - Set plugin database path to: C:\ST\STM32CubeIDE_1.15.1\STM32CubeIDE\plugins\com.st.stm32cube.common.mx_6.11.1.202404110753\\db\/plugins/boardmanager/
2024-12-05 21:09:28,846 [INFO] ApiDb:261 - Set plugin images path to: C:\ST\STM32CubeIDE_1.15.1\STM32CubeIDE\plugins\com.st.stm32cube.common.mx_6.11.1.202404110753\\db\/plugins/mcufinder/images/
2024-12-05 21:09:28,847 [WARN] DbFile:41 - Overriding database path with different value: C:\Users\marcelo\.stmcufinder\plugins\mcufinder/ => C:\Users\marcelo\.stmcufinder\plugins\mcufinder
2024-12-05 21:09:28,847 [INFO] ApiDb:250 - Set database path to: C:\Users\marcelo\.stmcufinder\plugins\mcufinder//mcu/
2024-12-05 21:09:28,848 [WARN] DbFile:41 - Overriding database path with different value: C:\Users\marcelo\.stmcufinder\plugins\mcufinder/ => C:\Users\marcelo\.stmcufinder\plugins\mcufinder
2024-12-05 21:09:28,848 [INFO] DbMcusAds:125 - Set database path to: C:\Users\marcelo\.stmcufinder\plugins\mcufinder//mcu/
2024-12-05 21:09:28,848 [WARN] DbFile:41 - Overriding database path with different value: C:\Users\marcelo\.stmcufinder\plugins\mcufinder/ => C:\Users\marcelo\.stmcufinder\plugins\mcufinder
2024-12-05 21:09:28,848 [WARN] DbFile:41 - Overriding database path with different value: C:\Users\marcelo\.stmcufinder\plugins\mcufinder/ => C:\Users\marcelo\.stmcufinder\plugins\mcufinder
2024-12-05 21:09:28,849 [INFO] CrossReferenceDbSqlite:203 - Set database path to: C:\Users\marcelo\.stmcufinder\plugins\mcufinder//mcu/cs/
2024-12-05 21:09:28,880 [INFO] ApplicationProperties:184 - Using Application install path: C:\ST\STM32CubeIDE_1.15.1\STM32CubeIDE\plugins\com.st.stm32cube.common.mx_6.11.1.202404110753
2024-12-05 21:09:28,883 [INFO] PluginManage:196 - Search for loadable plugins [exclusion list=, ]
2024-12-05 21:09:28,885 [INFO] PluginManage:310 - Check plugin analytics
2024-12-05 21:09:33,718 [INFO] AnalyticsPlugin:253 - Accepted Software Licenses: STM32CubeMX.5.6.1
2024-12-05 21:09:33,720 [INFO] AnalyticsPlugin:255 - Accepted CMSIS Pack Licenses: 
2024-12-05 21:09:33,722 [INFO] AnalyticsPlugin:257 - Accepted Firmware Licenses: 
2024-12-05 21:09:33,727 [INFO] PluginManage:359 - Loaded plugin analytics (category:tool,tabindex:-1)
2024-12-05 21:09:33,728 [INFO] PluginManage:310 - Check plugin cadmodel
2024-12-05 21:09:33,736 [INFO] CADModel:105 - Init CAD model plugin
2024-12-05 21:09:33,736 [INFO] PluginManage:359 - Loaded plugin cadmodel (category:power,tabindex:5)
2024-12-05 21:09:33,737 [INFO] PluginManage:310 - Check plugin clock
2024-12-05 21:09:33,754 [INFO] PluginManage:359 - Loaded plugin clock (category:base,tabindex:2)
2024-12-05 21:09:33,755 [INFO] PluginManage:310 - Check plugin ddr
2024-12-05 21:09:33,758 [INFO] PluginManage:359 - Loaded plugin ddr (category:tool,tabindex:6)
2024-12-05 21:09:33,759 [INFO] PluginManage:310 - Check plugin filemanager
2024-12-05 21:09:33,978 [INFO] PluginManage:359 - Loaded plugin filemanager (category:base,tabindex:10)
2024-12-05 21:09:33,979 [INFO] PluginManage:310 - Check plugin ipmanager
2024-12-05 21:09:33,991 [INFO] PluginManage:359 - Loaded plugin ipmanager (category:base,tabindex:5)
2024-12-05 21:09:33,991 [INFO] PluginManage:310 - Check plugin lpbam
2024-12-05 21:09:34,003 [INFO] PluginManage:359 - Loaded plugin lpbam (category:base,tabindex:0)
2024-12-05 21:09:34,003 [INFO] PluginManage:310 - Check plugin memorymap
2024-12-05 21:09:34,021 [INFO] PluginManage:359 - Loaded plugin memorymap (category:base,tabindex:4)
2024-12-05 21:09:34,021 [INFO] PluginManage:310 - Check plugin pinoutandconfiguration
2024-12-05 21:09:34,036 [INFO] PluginManage:359 - Loaded plugin pinoutandconfiguration (category:base,tabindex:1)
2024-12-05 21:09:34,036 [INFO] PluginManage:310 - Check plugin pinoutconfig
2024-12-05 21:09:34,198 [WARN] SupportedApi:132 - Cannot load RTOS API schema: s4s-elt-must-match.1: The content of 'definitions' must match (annotation?, (simpleType | complexType)?, (unique | key | keyref)*)). A problem was found starting at: attribute.
2024-12-05 21:09:34,462 [INFO] PluginManage:359 - Loaded plugin pinoutconfig (category:base,tabindex:0)
2024-12-05 21:09:34,462 [INFO] PluginManage:310 - Check plugin power
2024-12-05 21:09:34,481 [INFO] PluginManage:359 - Loaded plugin power (category:power,tabindex:4)
2024-12-05 21:09:34,482 [INFO] PluginManage:310 - Check plugin projectmanager
2024-12-05 21:09:34,516 [INFO] PluginManage:359 - Loaded plugin projectmanager (category:projectmanager,tabindex:3)
2024-12-05 21:09:34,516 [INFO] PluginManage:310 - Check plugin thirdparty
2024-12-05 21:09:34,871 [INFO] PluginManage:359 - Loaded plugin thirdparty (category:base,tabindex:-1)
2024-12-05 21:09:34,871 [WARN] IntegrityCheckThread:84 - waiting for thirdparty lock release [integrity check]
2024-12-05 21:09:34,872 [INFO] IntegrityCheckThread:86 - entering critical section [integrity check]
2024-12-05 21:09:34,872 [INFO] PluginManage:310 - Check plugin tools
2024-12-05 21:09:34,873 [INFO] ThirdPartyUpdaterWithRetryManager:70 - Updater plugin not ready yet. [1/15]
2024-12-05 21:09:34,877 [INFO] PluginManage:359 - Loaded plugin tools (category:base,tabindex:7)
2024-12-05 21:09:34,877 [INFO] PluginManage:310 - Check plugin tutovideos
2024-12-05 21:09:35,148 [INFO] PluginManage:359 - Loaded plugin tutovideos (category:base,tabindex:-1)
2024-12-05 21:09:35,149 [INFO] PluginManage:310 - Check plugin updater
2024-12-05 21:09:35,167 [INFO] PluginManage:359 - Loaded plugin updater (category:base,tabindex:12)
2024-12-05 21:09:35,167 [INFO] PluginManage:310 - Check plugin userauth
2024-12-05 21:09:35,176 [INFO] UserAuth:114 - Init User Auth plugin
2024-12-05 21:09:35,176 [INFO] PluginManage:359 - Loaded plugin userauth (category:base,tabindex:14)
2024-12-05 21:09:35,186 [INFO] PluginManage:283 - PluginManage : Loaded plugins [17]
2024-12-05 21:09:35,612 [INFO] PinOutPanel:1561 - setPackage(No Configuration,No Configuration)
2024-12-05 21:09:35,749 [INFO] CADModel:165 - CPN selected for project level
2024-12-05 21:09:35,749 [INFO] CADModel:114 - Register for checkConnection events
2024-12-05 21:09:35,771 [INFO] IPUIPlugin:80 - create IPUIPlugin
2024-12-05 21:09:35,771 [INFO] PluginManager:220 - loadIPPluginJar : add adc
2024-12-05 21:09:35,775 [INFO] IPUIPlugin:80 - create IPUIPlugin
2024-12-05 21:09:35,775 [INFO] PluginManager:220 - loadIPPluginJar : add aes
2024-12-05 21:09:35,782 [INFO] IPUIPlugin:80 - create IPUIPlugin
2024-12-05 21:09:35,782 [INFO] PluginManager:220 - loadIPPluginJar : add can
2024-12-05 21:09:35,786 [INFO] IPUIPlugin:80 - create IPUIPlugin
2024-12-05 21:09:35,786 [INFO] PluginManager:220 - loadIPPluginJar : add comp
2024-12-05 21:09:35,792 [INFO] IPUIPlugin:80 - create IPUIPlugin
2024-12-05 21:09:35,792 [INFO] PluginManager:220 - loadIPPluginJar : add cryp
2024-12-05 21:09:35,798 [INFO] IPUIPlugin:80 - create IPUIPlugin
2024-12-05 21:09:35,798 [INFO] PluginManager:220 - loadIPPluginJar : add dfsdm
2024-12-05 21:09:35,806 [INFO] IPUIPlugin:80 - create IPUIPlugin
2024-12-05 21:09:35,807 [INFO] PluginManager:220 - loadIPPluginJar : add dma
2024-12-05 21:09:35,812 [INFO] IPUIPlugin:80 - create IPUIPlugin
2024-12-05 21:09:35,812 [INFO] PluginManager:220 - loadIPPluginJar : add dma3
2024-12-05 21:09:35,817 [INFO] IPUIPlugin:80 - create IPUIPlugin
2024-12-05 21:09:35,817 [INFO] PluginManager:220 - loadIPPluginJar : add extmemmanager
2024-12-05 21:09:35,821 [INFO] IPUIPlugin:80 - create IPUIPlugin
2024-12-05 21:09:35,821 [INFO] PluginManager:220 - loadIPPluginJar : add fatfs
2024-12-05 21:09:35,830 [INFO] IPUIPlugin:80 - create IPUIPlugin
2024-12-05 21:09:35,830 [INFO] PluginManager:220 - loadIPPluginJar : add fmc
2024-12-05 21:09:35,838 [INFO] IPUIPlugin:80 - create IPUIPlugin
2024-12-05 21:09:35,839 [INFO] PluginManager:220 - loadIPPluginJar : add freertos
2024-12-05 21:09:35,842 [INFO] IPUIPlugin:80 - create IPUIPlugin
2024-12-05 21:09:35,843 [INFO] PluginManager:220 - loadIPPluginJar : add genericplugin
2024-12-05 21:09:35,847 [INFO] IPUIPlugin:80 - create IPUIPlugin
2024-12-05 21:09:35,847 [INFO] PluginManager:220 - loadIPPluginJar : add gfxmmu
2024-12-05 21:09:35,855 [INFO] IPUIPlugin:80 - create IPUIPlugin
2024-12-05 21:09:35,855 [INFO] PluginManager:220 - loadIPPluginJar : add gic
2024-12-05 21:09:35,862 [INFO] IPUIPlugin:80 - create IPUIPlugin
2024-12-05 21:09:35,863 [INFO] PluginManager:220 - loadIPPluginJar : add gpio
2024-12-05 21:09:35,868 [INFO] IPUIPlugin:80 - create IPUIPlugin
2024-12-05 21:09:35,869 [INFO] PluginManager:220 - loadIPPluginJar : add gtzc
2024-12-05 21:09:35,874 [INFO] IPUIPlugin:80 - create IPUIPlugin
2024-12-05 21:09:35,875 [INFO] PluginManager:220 - loadIPPluginJar : add hash
2024-12-05 21:09:35,880 [INFO] IPUIPlugin:80 - create IPUIPlugin
2024-12-05 21:09:35,881 [INFO] PluginManager:220 - loadIPPluginJar : add i2c
2024-12-05 21:09:35,886 [INFO] IPUIPlugin:80 - create IPUIPlugin
2024-12-05 21:09:35,887 [INFO] PluginManager:220 - loadIPPluginJar : add i2s
2024-12-05 21:09:35,892 [INFO] IPUIPlugin:80 - create IPUIPlugin
2024-12-05 21:09:35,892 [INFO] PluginManager:220 - loadIPPluginJar : add i3c
2024-12-05 21:09:35,896 [INFO] IPUIPlugin:80 - create IPUIPlugin
2024-12-05 21:09:35,897 [INFO] PluginManager:220 - loadIPPluginJar : add ipddr
2024-12-05 21:09:35,905 [INFO] IPUIPlugin:80 - create IPUIPlugin
2024-12-05 21:09:35,905 [INFO] PluginManager:220 - loadIPPluginJar : add linkedlist
2024-12-05 21:09:35,910 [INFO] IPUIPlugin:80 - create IPUIPlugin
2024-12-05 21:09:35,910 [INFO] PluginManager:220 - loadIPPluginJar : add lorawan
2024-12-05 21:09:35,913 [INFO] IPUIPlugin:80 - create IPUIPlugin
2024-12-05 21:09:35,913 [INFO] PluginManager:220 - loadIPPluginJar : add ltdc
2024-12-05 21:09:35,922 [INFO] IPUIPlugin:80 - create IPUIPlugin
2024-12-05 21:09:35,922 [INFO] PluginManager:220 - loadIPPluginJar : add mdma
2024-12-05 21:09:35,927 [INFO] IPUIPlugin:80 - create IPUIPlugin
2024-12-05 21:09:35,927 [INFO] PluginManager:220 - loadIPPluginJar : add nvic
2024-12-05 21:09:35,932 [INFO] IPUIPlugin:80 - create IPUIPlugin
2024-12-05 21:09:35,932 [INFO] PluginManager:220 - loadIPPluginJar : add opamp
2024-12-05 21:09:35,938 [INFO] IPUIPlugin:80 - create IPUIPlugin
2024-12-05 21:09:35,938 [INFO] PluginManager:220 - loadIPPluginJar : add openamp
2024-12-05 21:09:35,944 [INFO] IPUIPlugin:80 - create IPUIPlugin
2024-12-05 21:09:35,944 [INFO] PluginManager:220 - loadIPPluginJar : add pdm2pcm
2024-12-05 21:09:35,956 [INFO] IPUIPlugin:80 - create IPUIPlugin
2024-12-05 21:09:35,961 [INFO] PluginManager:220 - loadIPPluginJar : add plateformsettings
2024-12-05 21:09:35,964 [INFO] IPUIPlugin:80 - create IPUIPlugin
2024-12-05 21:09:35,964 [INFO] PluginManager:220 - loadIPPluginJar : add quadspi
2024-12-05 21:09:35,971 [INFO] IPUIPlugin:80 - create IPUIPlugin
2024-12-05 21:09:35,971 [INFO] PluginManager:220 - loadIPPluginJar : add resmgrutility
2024-12-05 21:09:35,977 [INFO] IPUIPlugin:80 - create IPUIPlugin
2024-12-05 21:09:35,978 [INFO] PluginManager:220 - loadIPPluginJar : add sai
2024-12-05 21:09:35,983 [INFO] IPUIPlugin:80 - create IPUIPlugin
2024-12-05 21:09:35,984 [INFO] PluginManager:220 - loadIPPluginJar : add spi
2024-12-05 21:09:35,992 [INFO] IPUIPlugin:80 - create IPUIPlugin
2024-12-05 21:09:35,993 [INFO] PluginManager:220 - loadIPPluginJar : add stm32_wpan
2024-12-05 21:09:35,997 [INFO] IPUIPlugin:80 - create IPUIPlugin
2024-12-05 21:09:35,997 [INFO] PluginManager:220 - loadIPPluginJar : add tim
2024-12-05 21:09:36,004 [INFO] IPUIPlugin:80 - create IPUIPlugin
2024-12-05 21:09:36,004 [INFO] PluginManager:220 - loadIPPluginJar : add touchsensing
2024-12-05 21:09:36,009 [INFO] IPUIPlugin:80 - create IPUIPlugin
2024-12-05 21:09:36,009 [INFO] PluginManager:220 - loadIPPluginJar : add tracer_emb
2024-12-05 21:09:36,013 [INFO] IPUIPlugin:80 - create IPUIPlugin
2024-12-05 21:09:36,013 [INFO] PluginManager:220 - loadIPPluginJar : add ts
2024-12-05 21:09:36,017 [INFO] IPUIPlugin:80 - create IPUIPlugin
2024-12-05 21:09:36,018 [INFO] PluginManager:220 - loadIPPluginJar : add tsc
2024-12-05 21:09:36,022 [INFO] IPUIPlugin:80 - create IPUIPlugin
2024-12-05 21:09:36,023 [INFO] PluginManager:220 - loadIPPluginJar : add ucpd
2024-12-05 21:09:36,029 [INFO] IPUIPlugin:80 - create IPUIPlugin
2024-12-05 21:09:36,030 [INFO] PluginManager:220 - loadIPPluginJar : add usart
2024-12-05 21:09:36,036 [INFO] IPUIPlugin:80 - create IPUIPlugin
2024-12-05 21:09:36,036 [INFO] PluginManager:220 - loadIPPluginJar : add usbx
2024-12-05 21:09:36,232 [INFO] CADModel:165 - CPN selected for project level
2024-12-05 21:09:36,232 [INFO] CADModel:114 - Register for checkConnection events
2024-12-05 21:09:36,233 [FATAL] Updater:308 - Updater called before beeing initialized
2024-12-05 21:09:36,233 [ERROR] CADModel:125 - Updater not yet initialized, retry later 
2024-12-05 21:09:36,440 [INFO] CADModel:165 - CPN selected for project level
2024-12-05 21:09:36,440 [INFO] CADModel:114 - Register for checkConnection events
2024-12-05 21:09:36,441 [FATAL] Updater:308 - Updater called before beeing initialized
2024-12-05 21:09:36,441 [ERROR] CADModel:125 - Updater not yet initialized, retry later 
2024-12-05 21:09:36,445 [FATAL] Updater:308 - Updater called before beeing initialized
2024-12-05 21:09:36,694 [FATAL] Updater:308 - Updater called before beeing initialized
2024-12-05 21:09:36,702 [INFO] DbMcusAds:53 - JSON generation date=Fri Sep 20 10:04:23 ART 2024 (1726837463109)
2024-12-05 21:09:36,702 [FATAL] Updater:308 - Updater called before beeing initialized
2024-12-05 21:09:36,769 [WARN] DetailPanel:346 - Failed to get advertising image, set to default
2024-12-05 21:09:36,941 [FATAL] Updater:308 - Updater called before beeing initialized
2024-12-05 21:09:36,943 [FATAL] Updater:308 - Updater called before beeing initialized
2024-12-05 21:09:36,944 [FATAL] Updater:308 - Updater called before beeing initialized
2024-12-05 21:09:36,944 [WARN] DetailPanel:346 - Failed to get advertising image, set to default
2024-12-05 21:09:36,946 [FATAL] Updater:308 - Updater called before beeing initialized
2024-12-05 21:09:37,287 [ERROR] Updater:1120 - MainUpdater not yet initialized. External WinMGr cannot be set.
2024-12-05 21:09:37,295 [INFO] Updater:1056 - Updater Version found : 6.11.1
2024-12-05 21:09:37,331 [INFO] ApplicationProperties:184 - Using Application install path: C:\ST\STM32CubeIDE_1.15.1\STM32CubeIDE\plugins\com.st.stm32cube.common.mx_6.11.1.202404110753
2024-12-05 21:09:37,879 [INFO] ThirdPartyUpdaterWithRetryManager:70 - Updater plugin not ready yet. [2/15]
2024-12-05 21:09:38,970 [ERROR] LogOutputStream:75 - [STDERR_REDIRECT] Dec 05, 2024 9:09:38 PM java.util.prefs.WindowsPreferences <init>
2024-12-05 21:09:38,975 [ERROR] LogOutputStream:75 - [STDERR_REDIRECT] WARNING: Could not open/create prefs root node Software\JavaSoft\Prefs at root 0xffffffff80000002. Windows RegCreateKeyEx(...) returned error code 5.
2024-12-05 21:09:38,976 [ERROR] LogOutputStream:75 - [STDERR_REDIRECT] 
2024-12-05 21:09:39,661 [INFO] MainUpdater:2873 - connection check result : 10
2024-12-05 21:09:39,663 [INFO] MainUpdater:290 - Updater Check For Update Now.
2024-12-05 21:09:39,663 [INFO] MicroXplorer:498 - Change Database Version : DB.6.0.111
2024-12-05 21:09:39,677 [INFO] McuFinderGlobals:63 - Set McuFinder mode to 2 (CubeIDE integrated)
2024-12-05 21:09:39,677 [INFO] UserAuth:179 - activating auth plugin
2024-12-05 21:09:39,706 [INFO] UserAuth:415 - Internet connection configuration mode: 1
2024-12-05 21:09:39,742 [INFO] JxBrowserEngine:152 - Initiate JxBrowser Engine with user profile folder
2024-12-05 21:09:40,015 [ERROR] JxBrowserEngine:70 - Can't initiate JxBrowser engine com.teamdev.jxbrowser.os.EnvironmentException: Unsupported operating system. Supported OS: Windows 10 and higher, Windows Server 2016 and higher, macOS 10.13 and higher, Linux 64-bit. Current OS: Windows 8.1, version: 6.3
2024-12-05 21:09:40,053 [INFO] CheckServerUpdateThread:120 - End of CheckServer Thread
2024-12-05 21:09:41,386 [WARN] PackLoader:240 - Cannot read IP mode file for STMicroelectronics.FP-ATR-ASTRA1.2.0.1
2024-12-05 21:09:41,411 [WARN] PackLoader:240 - Cannot read IP mode file for STMicroelectronics.X-CUBE-WB05N.1.1.0
2024-12-05 21:09:41,494 [WARN] PackLoader:240 - Cannot read IP mode file for STMicroelectronics.X-CUBE-AZRTOS-F7.1.1.0
2024-12-05 21:09:41,679 [WARN] PackLoader:240 - Cannot read IP mode file for STMicroelectronics.X-CUBE-MEMS1.11.0.0
2024-12-05 21:09:42,233 [WARN] PackLoader:240 - Cannot read IP mode file for STMicroelectronics.X-CUBE-NFC10.1.0.0
2024-12-05 21:09:42,251 [WARN] PackLoader:240 - Cannot read IP mode file for emotas.I-CUBE-CANOPEN.1.3.0
2024-12-05 21:09:42,278 [INFO] LogOutputStream:77 - [STDOUT_REDIRECT] 1 : Invalid condition id : UX_CORESTACK_Condition cause : null
2024-12-05 21:09:42,279 [INFO] LogOutputStream:77 - [STDOUT_REDIRECT] 1 : Invalid condition id : UX_CORESTACK_Condition cause : null
2024-12-05 21:09:42,283 [INFO] LogOutputStream:77 - [STDOUT_REDIRECT] 1 : Invalid condition id : UX_CORESTACK_Condition cause : null
2024-12-05 21:09:42,286 [INFO] LogOutputStream:77 - [STDOUT_REDIRECT] 1 : Invalid condition id : UX_CORESTACK_Condition cause : null
2024-12-05 21:09:42,289 [INFO] LogOutputStream:77 - [STDOUT_REDIRECT] 1 : Invalid condition id : UX_CORESTACK_Condition cause : null
2024-12-05 21:09:42,296 [WARN] PackLoader:240 - Cannot read IP mode file for STMicroelectronics.X-CUBE-AZRTOS-WL.2.0.0
2024-12-05 21:09:42,307 [WARN] PackLoader:240 - Cannot read IP mode file for wolfSSL.I-CUBE-wolfMQTT.1.19.0
2024-12-05 21:09:42,328 [WARN] PackLoader:240 - Cannot read IP mode file for WES.I-CUBE-Cesium.1.3.0
2024-12-05 21:09:42,339 [WARN] PackLoader:240 - Cannot read IP mode file for STMicroelectronics.X-CUBE-NFC9.1.0.0
2024-12-05 21:09:42,377 [WARN] PackLoader:240 - Cannot read IP mode file for STMicroelectronics.X-CUBE-AZRTOS-G0.1.1.0
2024-12-05 21:09:42,403 [WARN] PackLoader:240 - Cannot read IP mode file for EmbeddedOffice.I-CUBE-FS-RTOS.1.0.1
2024-12-05 21:09:42,403 [ERROR] ConditionMgr:805 - Attr not supported : Dmpu
2024-12-05 21:09:42,404 [ERROR] ConditionMgr:805 - Attr not supported : Dmpu
2024-12-05 21:09:42,404 [ERROR] ConditionMgr:805 - Attr not supported : Dmpu
2024-12-05 21:09:42,404 [ERROR] ConditionMgr:805 - Attr not supported : Dmpu
2024-12-05 21:09:42,404 [ERROR] ConditionMgr:805 - Attr not supported : Dmpu
2024-12-05 21:09:42,405 [ERROR] ConditionMgr:805 - Attr not supported : Dmpu
2024-12-05 21:09:42,405 [ERROR] ConditionMgr:805 - Attr not supported : Dmpu
2024-12-05 21:09:42,405 [ERROR] ConditionMgr:805 - Attr not supported : Dmpu
2024-12-05 21:09:42,405 [ERROR] ConditionMgr:805 - Attr not supported : Dmpu
2024-12-05 21:09:42,405 [ERROR] ConditionMgr:805 - Attr not supported : Dmpu
2024-12-05 21:09:42,405 [ERROR] ConditionMgr:805 - Attr not supported : Dmpu
2024-12-05 21:09:42,406 [ERROR] ConditionMgr:805 - Attr not supported : Dmpu
2024-12-05 21:09:42,406 [ERROR] ConditionMgr:805 - Attr not supported : Dmpu
2024-12-05 21:09:42,406 [ERROR] ConditionMgr:805 - Attr not supported : Dmpu
2024-12-05 21:09:42,406 [ERROR] ConditionMgr:805 - Attr not supported : Dmpu
2024-12-05 21:09:42,406 [ERROR] ConditionMgr:805 - Attr not supported : Dmpu
2024-12-05 21:09:42,406 [ERROR] ConditionMgr:805 - Attr not supported : Dmpu
2024-12-05 21:09:42,406 [ERROR] ConditionMgr:805 - Attr not supported : Dmpu
2024-12-05 21:09:42,407 [ERROR] ConditionMgr:805 - Attr not supported : Dmpu
2024-12-05 21:09:42,407 [ERROR] ConditionMgr:805 - Attr not supported : Dmpu
2024-12-05 21:09:42,407 [ERROR] ConditionMgr:805 - Attr not supported : Dmpu
2024-12-05 21:09:42,407 [ERROR] ConditionMgr:805 - Attr not supported : Dmpu
2024-12-05 21:09:42,407 [ERROR] ConditionMgr:805 - Attr not supported : Dmpu
2024-12-05 21:09:42,407 [ERROR] ConditionMgr:805 - Attr not supported : Dmpu
2024-12-05 21:09:42,408 [ERROR] ConditionMgr:805 - Attr not supported : Dmpu
2024-12-05 21:09:42,408 [ERROR] ConditionMgr:805 - Attr not supported : Dmpu
2024-12-05 21:09:42,408 [ERROR] ConditionMgr:805 - Attr not supported : Dmpu
2024-12-05 21:09:42,408 [ERROR] ConditionMgr:805 - Attr not supported : Dmpu
2024-12-05 21:09:42,408 [ERROR] ConditionMgr:805 - Attr not supported : Dmpu
2024-12-05 21:09:42,408 [ERROR] ConditionMgr:805 - Attr not supported : Dmpu
2024-12-05 21:09:42,408 [ERROR] ConditionMgr:805 - Attr not supported : Dmpu
2024-12-05 21:09:42,409 [ERROR] ConditionMgr:805 - Attr not supported : Dmpu
2024-12-05 21:09:42,409 [ERROR] ConditionMgr:805 - Attr not supported : Dmpu
2024-12-05 21:09:42,409 [ERROR] ConditionMgr:805 - Attr not supported : Dmpu
2024-12-05 21:09:42,409 [ERROR] ConditionMgr:805 - Attr not supported : Dmpu
2024-12-05 21:09:42,409 [ERROR] ConditionMgr:805 - Attr not supported : Dmpu
2024-12-05 21:09:42,409 [ERROR] ConditionMgr:805 - Attr not supported : Dmpu
2024-12-05 21:09:42,410 [ERROR] ConditionMgr:805 - Attr not supported : Dmpu
2024-12-05 21:09:42,410 [ERROR] ConditionMgr:805 - Attr not supported : Dmpu
2024-12-05 21:09:42,410 [ERROR] ConditionMgr:805 - Attr not supported : Dmpu
2024-12-05 21:09:42,410 [ERROR] ConditionMgr:805 - Attr not supported : Dmpu
2024-12-05 21:09:42,410 [ERROR] ConditionMgr:805 - Attr not supported : Dmpu
2024-12-05 21:09:42,410 [ERROR] ConditionMgr:805 - Attr not supported : Dmpu
2024-12-05 21:09:42,411 [ERROR] ConditionMgr:805 - Attr not supported : Dmpu
2024-12-05 21:09:42,411 [ERROR] ConditionMgr:805 - Attr not supported : Dmpu
2024-12-05 21:09:42,411 [ERROR] ConditionMgr:805 - Attr not supported : Dmpu
2024-12-05 21:09:42,411 [ERROR] ConditionMgr:805 - Attr not supported : Dmpu
2024-12-05 21:09:42,411 [ERROR] ConditionMgr:805 - Attr not supported : Dmpu
2024-12-05 21:09:42,412 [ERROR] ConditionMgr:805 - Attr not supported : Dmpu
2024-12-05 21:09:42,412 [ERROR] ConditionMgr:805 - Attr not supported : Dmpu
2024-12-05 21:09:42,412 [ERROR] ConditionMgr:805 - Attr not supported : Dmpu
2024-12-05 21:09:42,412 [ERROR] ConditionMgr:805 - Attr not supported : Dmpu
2024-12-05 21:09:42,412 [ERROR] ConditionMgr:805 - Attr not supported : Dmpu
2024-12-05 21:09:42,413 [ERROR] ConditionMgr:805 - Attr not supported : Dmpu
2024-12-05 21:09:42,413 [ERROR] ConditionMgr:805 - Attr not supported : Dmpu
2024-12-05 21:09:42,413 [ERROR] ConditionMgr:805 - Attr not supported : Dmpu
2024-12-05 21:09:42,413 [ERROR] ConditionMgr:805 - Attr not supported : Dmpu
2024-12-05 21:09:42,414 [ERROR] ConditionMgr:805 - Attr not supported : Dmpu
2024-12-05 21:09:42,414 [ERROR] ConditionMgr:805 - Attr not supported : Dmpu
2024-12-05 21:09:42,414 [ERROR] ConditionMgr:805 - Attr not supported : Dmpu
2024-12-05 21:09:42,414 [ERROR] ConditionMgr:805 - Attr not supported : Dmpu
2024-12-05 21:09:42,414 [ERROR] ConditionMgr:805 - Attr not supported : Dmpu
2024-12-05 21:09:42,415 [ERROR] ConditionMgr:805 - Attr not supported : Dmpu
2024-12-05 21:09:42,415 [ERROR] ConditionMgr:805 - Attr not supported : Dmpu
2024-12-05 21:09:42,429 [WARN] PackLoader:240 - Cannot read IP mode file for RealThread.X-CUBE-RT-Thread_Nano.4.1.1
2024-12-05 21:09:42,436 [WARN] PackLoader:240 - Cannot read IP mode file for wolfSSL.I-CUBE-wolfSSL.5.7.0
2024-12-05 21:09:42,444 [WARN] ConditionMgr:438 - getConditionDescription Invalid condition id : Cortex-A Device cause : null
2024-12-05 21:09:42,510 [WARN] ConditionMgr:1039 - genDependencies : Invalid condition id : Cortex-A Device cause : null
2024-12-05 21:09:42,510 [WARN] ConditionMgr:1039 - genDependencies : Invalid condition id : Cortex-A Device cause : null
2024-12-05 21:09:42,510 [WARN] ConditionMgr:1039 - genDependencies : Invalid condition id : Cortex-A Device cause : null
2024-12-05 21:09:42,522 [WARN] PackLoader:240 - Cannot read IP mode file for ITTIA_DB.I-CUBE-ITTIADB.8.9.0
2024-12-05 21:09:42,587 [WARN] PackLoader:240 - Cannot read IP mode file for SEGGER.I-CUBE-embOS.1.3.1
2024-12-05 21:09:42,740 [WARN] PackLoader:240 - Cannot read IP mode file for STMicroelectronics.X-CUBE-AZRTOS-F4.1.1.0
2024-12-05 21:09:42,751 [WARN] PackLoader:240 - Cannot read IP mode file for STMicroelectronics.X-CUBE-ISPU.2.1.0
2024-12-05 21:09:42,787 [WARN] PackLoader:240 - Cannot read IP mode file for STMicroelectronics.X-CUBE-AZRTOS-L5.2.0.0
2024-12-05 21:09:42,798 [WARN] PackLoader:240 - Cannot read IP mode file for STMicroelectronics.X-CUBE-DPower.1.2.0
2024-12-05 21:09:42,806 [WARN] PackLoader:240 - Cannot read IP mode file for wolfSSL.I-CUBE-wolfTPM.3.2.0
2024-12-05 21:09:42,841 [WARN] ConditionMgr:438 - getConditionDescription Invalid condition id : LAN8742 Phy interface Condition cause : null
2024-12-05 21:09:42,842 [WARN] PackLoader:240 - Cannot read IP mode file for STMicroelectronics.X-CUBE-AZRTOS-L4.2.0.0
2024-12-05 21:09:42,844 [WARN] ConditionMgr:1039 - genDependencies : Invalid condition id : LAN8742 Phy interface Condition cause : null
2024-12-05 21:09:42,845 [WARN] ConditionMgr:1039 - genDependencies : Invalid condition id : LAN8742 Phy interface Condition cause : null
2024-12-05 21:09:42,846 [WARN] ConditionMgr:1039 - genDependencies : Invalid condition id : LAN8742 Phy interface Condition cause : null
2024-12-05 21:09:42,893 [WARN] PackLoader:240 - Cannot read IP mode file for STMicroelectronics.X-CUBE-AZRTOS-H7.3.3.0
2024-12-05 21:09:42,926 [WARN] PackLoader:240 - Cannot read IP mode file for STMicroelectronics.X-CUBE-IPS.3.0.0
2024-12-05 21:09:42,964 [WARN] ConditionMgr:438 - getConditionDescription Invalid condition id : UX DEVICE CLASS RTOS Condition cause : null
2024-12-05 21:09:42,964 [WARN] ConditionMgr:438 - getConditionDescription Invalid condition id : UX DEVICE CLASS RTOS Condition cause : null
2024-12-05 21:09:42,969 [WARN] PackLoader:240 - Cannot read IP mode file for STMicroelectronics.X-CUBE-AZRTOS-WB.2.0.0
2024-12-05 21:09:42,970 [WARN] ConditionMgr:1039 - genDependencies : Invalid condition id : UX DEVICE CLASS RTOS Condition cause : null
2024-12-05 21:09:42,971 [WARN] ConditionMgr:1039 - genDependencies : Invalid condition id : UX DEVICE CLASS RTOS Condition cause : null
2024-12-05 21:09:42,972 [WARN] ConditionMgr:1039 - genDependencies : Invalid condition id : UX DEVICE CLASS RTOS Condition cause : null
2024-12-05 21:09:42,972 [WARN] ConditionMgr:1039 - genDependencies : Invalid condition id : UX DEVICE CLASS RTOS Condition cause : null
2024-12-05 21:09:42,973 [WARN] ConditionMgr:1039 - genDependencies : Invalid condition id : UX DEVICE CLASS RTOS Condition cause : null
2024-12-05 21:09:42,986 [WARN] PackLoader:240 - Cannot read IP mode file for STMicroelectronics.X-CUBE-GNSS1.7.0.0
2024-12-05 21:09:43,002 [WARN] PackLoader:240 - Cannot read IP mode file for STMicroelectronics.FP-SNS-STBOX1.2.0.0
2024-12-05 21:09:43,014 [WARN] PackLoader:240 - Cannot read IP mode file for Cesanta.I-CUBE-Mongoose.7.13.0
2024-12-05 21:09:43,081 [WARN] PackLoader:240 - Cannot read IP mode file for STMicroelectronics.X-CUBE-AZRTOS-G4.2.0.0
2024-12-05 21:09:43,093 [WARN] PackLoader:240 - Cannot read IP mode file for STMicroelectronics.X-CUBE-TOUCHGFX.4.24.0
2024-12-05 21:09:43,103 [WARN] PackLoader:240 - Cannot read IP mode file for portGmbH.I-Cube-SoM-uGOAL.1.1.0
2024-12-05 21:09:43,145 [WARN] PackLoader:240 - Cannot read IP mode file for STMicroelectronics.X-CUBE-AZRTOS-H7RS.1.0.0
2024-12-05 21:09:43,175 [WARN] PackLoader:240 - Cannot read IP mode file for STMicroelectronics.X-CUBE-TOF1.3.4.2
2024-12-05 21:09:43,267 [WARN] PackLoader:240 - Cannot read IP mode file for Infineon.AIROC-Wi-Fi-Bluetooth-STM32.1.6.0
2024-12-05 21:09:43,284 [WARN] PackLoader:240 - Cannot read IP mode file for wolfSSL.I-CUBE-wolfSSH.1.4.17
2024-12-05 21:09:43,285 [INFO] ThirdParty:978 - Integrity check success = true
2024-12-05 21:09:43,285 [INFO] IntegrityCheckThread:100 - exiting critical section [integrity check]
2024-12-05 21:09:43,286 [INFO] IntegrityCheckThread:103 - End integrity checks thread
2024-12-05 21:15:35,988 [ERROR] LogOutputStream:75 - [STDERR_REDIRECT] 
2024-12-05 21:15:35,991 [ERROR] LogOutputStream:75 - [STDERR_REDIRECT] 
