2024-11-25 23:54:53,433 [INFO] Activator:176 - 


2024-11-25 23:54:53,447 [INFO] Activator:177 - !SESSION log4j initialized
2024-11-25 23:55:52,553 [INFO] LogOutputStream:77 - [STDOUT_REDIRECT] 
2024-11-25 23:56:33,232 [INFO] ApplicationProperties:184 - Using Application install path: C:\ST\STM32CubeIDE_1.15.1\STM32CubeIDE\plugins\com.st.stm32cube.common.mx_6.11.1.202404110753
2024-11-25 23:56:33,287 [INFO] DbMcusXml:78 - Set database path to: C:\ST\STM32CubeIDE_1.15.1\STM32CubeIDE\plugins\com.st.stm32cube.common.mx_6.11.1.202404110753\\db\/mcu/
2024-11-25 23:56:33,288 [INFO] ApiDb:274 - Set plugin database path to: C:\ST\STM32CubeIDE_1.15.1\STM32CubeIDE\plugins\com.st.stm32cube.common.mx_6.11.1.202404110753\\db\/plugins/boardmanager/
2024-11-25 23:56:33,288 [WARN] ApiDb:259 - Overriding images path with different value:  => C:\ST\STM32CubeIDE_1.15.1\STM32CubeIDE\plugins\com.st.stm32cube.common.mx_6.11.1.202404110753\\db\/plugins/mcufinder/images/
2024-11-25 23:56:33,416 [INFO] ApiDb:250 - Set database path to: C:\Users\marcelo\.stmcufinder\plugins\mcufinder//mcu/
2024-11-25 23:56:33,419 [INFO] DbMcusAds:125 - Set database path to: C:\Users\marcelo\.stmcufinder\plugins\mcufinder//mcu/
2024-11-25 23:56:33,432 [INFO] CrossReferenceDbSqlite:203 - Set database path to: C:\Users\marcelo\.stmcufinder\plugins\mcufinder//mcu/cs/
2024-11-25 23:56:33,975 [INFO] RulesReader:64 - Compatibility file has been processed (297 Rules)
2024-11-25 23:56:42,060 [INFO] DbMcusXml:78 - Set database path to: C:\ST\STM32CubeIDE_1.15.1\STM32CubeIDE\plugins\com.st.stm32cube.common.mx_6.11.1.202404110753\\db\/mcu/
2024-11-25 23:56:42,061 [INFO] ApiDb:274 - Set plugin database path to: C:\ST\STM32CubeIDE_1.15.1\STM32CubeIDE\plugins\com.st.stm32cube.common.mx_6.11.1.202404110753\\db\/plugins/boardmanager/
2024-11-25 23:56:42,061 [INFO] ApiDb:261 - Set plugin images path to: C:\ST\STM32CubeIDE_1.15.1\STM32CubeIDE\plugins\com.st.stm32cube.common.mx_6.11.1.202404110753\\db\/plugins/mcufinder/images/
2024-11-25 23:56:42,062 [WARN] DbFile:41 - Overriding database path with different value: C:\Users\marcelo\.stmcufinder\plugins\mcufinder/ => C:\Users\marcelo\.stmcufinder\plugins\mcufinder
2024-11-25 23:56:42,063 [INFO] ApiDb:250 - Set database path to: C:\Users\marcelo\.stmcufinder\plugins\mcufinder//mcu/
2024-11-25 23:56:42,063 [WARN] DbFile:41 - Overriding database path with different value: C:\Users\marcelo\.stmcufinder\plugins\mcufinder/ => C:\Users\marcelo\.stmcufinder\plugins\mcufinder
2024-11-25 23:56:42,063 [INFO] DbMcusAds:125 - Set database path to: C:\Users\marcelo\.stmcufinder\plugins\mcufinder//mcu/
2024-11-25 23:56:42,064 [WARN] DbFile:41 - Overriding database path with different value: C:\Users\marcelo\.stmcufinder\plugins\mcufinder/ => C:\Users\marcelo\.stmcufinder\plugins\mcufinder
2024-11-25 23:56:42,064 [WARN] DbFile:41 - Overriding database path with different value: C:\Users\marcelo\.stmcufinder\plugins\mcufinder/ => C:\Users\marcelo\.stmcufinder\plugins\mcufinder
2024-11-25 23:56:42,065 [INFO] CrossReferenceDbSqlite:203 - Set database path to: C:\Users\marcelo\.stmcufinder\plugins\mcufinder//mcu/cs/
2024-11-25 23:56:47,153 [INFO] MainPanel:264 - HeapMemory: 268435456
2024-11-25 23:56:47,909 [INFO] DbMcusXml:78 - Set database path to: C:\ST\STM32CubeIDE_1.15.1\STM32CubeIDE\plugins\com.st.stm32cube.common.mx_6.11.1.202404110753\\db\/mcu/
2024-11-25 23:56:47,909 [INFO] ApiDb:274 - Set plugin database path to: C:\ST\STM32CubeIDE_1.15.1\STM32CubeIDE\plugins\com.st.stm32cube.common.mx_6.11.1.202404110753\\db\/plugins/boardmanager/
2024-11-25 23:56:47,909 [INFO] ApiDb:261 - Set plugin images path to: C:\ST\STM32CubeIDE_1.15.1\STM32CubeIDE\plugins\com.st.stm32cube.common.mx_6.11.1.202404110753\\db\/plugins/mcufinder/images/
2024-11-25 23:56:47,910 [WARN] DbFile:41 - Overriding database path with different value: C:\Users\marcelo\.stmcufinder\plugins\mcufinder/ => C:\Users\marcelo\.stmcufinder\plugins\mcufinder
2024-11-25 23:56:47,910 [INFO] ApiDb:250 - Set database path to: C:\Users\marcelo\.stmcufinder\plugins\mcufinder//mcu/
2024-11-25 23:56:47,910 [WARN] DbFile:41 - Overriding database path with different value: C:\Users\marcelo\.stmcufinder\plugins\mcufinder/ => C:\Users\marcelo\.stmcufinder\plugins\mcufinder
2024-11-25 23:56:47,910 [INFO] DbMcusAds:125 - Set database path to: C:\Users\marcelo\.stmcufinder\plugins\mcufinder//mcu/
2024-11-25 23:56:47,910 [WARN] DbFile:41 - Overriding database path with different value: C:\Users\marcelo\.stmcufinder\plugins\mcufinder/ => C:\Users\marcelo\.stmcufinder\plugins\mcufinder
2024-11-25 23:56:47,911 [WARN] DbFile:41 - Overriding database path with different value: C:\Users\marcelo\.stmcufinder\plugins\mcufinder/ => C:\Users\marcelo\.stmcufinder\plugins\mcufinder
2024-11-25 23:56:47,911 [INFO] CrossReferenceDbSqlite:203 - Set database path to: C:\Users\marcelo\.stmcufinder\plugins\mcufinder//mcu/cs/
2024-11-25 23:56:48,016 [INFO] ApplicationProperties:184 - Using Application install path: C:\ST\STM32CubeIDE_1.15.1\STM32CubeIDE\plugins\com.st.stm32cube.common.mx_6.11.1.202404110753
2024-11-25 23:56:48,025 [INFO] PluginManage:196 - Search for loadable plugins [exclusion list=, ]
2024-11-25 23:56:48,042 [INFO] PluginManage:310 - Check plugin analytics
2024-11-25 23:56:55,090 [INFO] AnalyticsPlugin:253 - Accepted Software Licenses: STM32CubeMX.5.6.1
2024-11-25 23:56:55,091 [INFO] AnalyticsPlugin:255 - Accepted CMSIS Pack Licenses: 
2024-11-25 23:56:55,091 [INFO] AnalyticsPlugin:257 - Accepted Firmware Licenses: 
2024-11-25 23:56:55,097 [INFO] PluginManage:359 - Loaded plugin analytics (category:tool,tabindex:-1)
2024-11-25 23:56:55,098 [INFO] PluginManage:310 - Check plugin cadmodel
2024-11-25 23:56:55,386 [INFO] CADModel:105 - Init CAD model plugin
2024-11-25 23:56:55,386 [INFO] PluginManage:359 - Loaded plugin cadmodel (category:power,tabindex:5)
2024-11-25 23:56:55,387 [INFO] PluginManage:310 - Check plugin clock
2024-11-25 23:56:56,530 [INFO] PluginManage:359 - Loaded plugin clock (category:base,tabindex:2)
2024-11-25 23:56:56,530 [INFO] PluginManage:310 - Check plugin ddr
2024-11-25 23:56:57,356 [INFO] PluginManage:359 - Loaded plugin ddr (category:tool,tabindex:6)
2024-11-25 23:56:57,357 [INFO] PluginManage:310 - Check plugin filemanager
2024-11-25 23:57:01,954 [INFO] PluginManage:359 - Loaded plugin filemanager (category:base,tabindex:10)
2024-11-25 23:57:01,954 [INFO] PluginManage:310 - Check plugin ipmanager
2024-11-25 23:57:02,618 [INFO] PluginManage:359 - Loaded plugin ipmanager (category:base,tabindex:5)
2024-11-25 23:57:02,618 [INFO] PluginManage:310 - Check plugin lpbam
2024-11-25 23:57:02,682 [INFO] PluginManage:359 - Loaded plugin lpbam (category:base,tabindex:0)
2024-11-25 23:57:02,683 [INFO] PluginManage:310 - Check plugin memorymap
2024-11-25 23:57:02,789 [INFO] PluginManage:359 - Loaded plugin memorymap (category:base,tabindex:4)
2024-11-25 23:57:02,790 [INFO] PluginManage:310 - Check plugin pinoutandconfiguration
2024-11-25 23:57:02,824 [INFO] PluginManage:359 - Loaded plugin pinoutandconfiguration (category:base,tabindex:1)
2024-11-25 23:57:02,824 [INFO] PluginManage:310 - Check plugin pinoutconfig
2024-11-25 23:57:03,042 [WARN] SupportedApi:132 - Cannot load RTOS API schema: s4s-elt-must-match.1: The content of 'definitions' must match (annotation?, (simpleType | complexType)?, (unique | key | keyref)*)). A problem was found starting at: attribute.
2024-11-25 23:57:03,397 [INFO] PluginManage:359 - Loaded plugin pinoutconfig (category:base,tabindex:0)
2024-11-25 23:57:03,398 [INFO] PluginManage:310 - Check plugin power
2024-11-25 23:57:03,570 [INFO] PluginManage:359 - Loaded plugin power (category:power,tabindex:4)
2024-11-25 23:57:03,570 [INFO] PluginManage:310 - Check plugin projectmanager
2024-11-25 23:57:03,661 [INFO] PluginManage:359 - Loaded plugin projectmanager (category:projectmanager,tabindex:3)
2024-11-25 23:57:03,662 [INFO] PluginManage:310 - Check plugin thirdparty
2024-11-25 23:57:04,403 [INFO] PluginManage:359 - Loaded plugin thirdparty (category:base,tabindex:-1)
2024-11-25 23:57:04,403 [WARN] IntegrityCheckThread:84 - waiting for thirdparty lock release [integrity check]
2024-11-25 23:57:04,404 [INFO] PluginManage:310 - Check plugin tools
2024-11-25 23:57:04,404 [INFO] IntegrityCheckThread:86 - entering critical section [integrity check]
2024-11-25 23:57:04,405 [INFO] ThirdPartyUpdaterWithRetryManager:70 - Updater plugin not ready yet. [1/15]
2024-11-25 23:57:04,418 [INFO] PluginManage:359 - Loaded plugin tools (category:base,tabindex:7)
2024-11-25 23:57:04,418 [INFO] PluginManage:310 - Check plugin tutovideos
2024-11-25 23:57:04,967 [INFO] PluginManage:359 - Loaded plugin tutovideos (category:base,tabindex:-1)
2024-11-25 23:57:04,967 [INFO] PluginManage:310 - Check plugin updater
2024-11-25 23:57:05,014 [INFO] PluginManage:359 - Loaded plugin updater (category:base,tabindex:12)
2024-11-25 23:57:05,014 [INFO] PluginManage:310 - Check plugin userauth
2024-11-25 23:57:05,051 [INFO] UserAuth:114 - Init User Auth plugin
2024-11-25 23:57:05,051 [INFO] PluginManage:359 - Loaded plugin userauth (category:base,tabindex:14)
2024-11-25 23:57:05,052 [INFO] PluginManage:283 - PluginManage : Loaded plugins [17]
2024-11-25 23:57:06,484 [INFO] PinOutPanel:1561 - setPackage(No Configuration,No Configuration)
2024-11-25 23:57:06,974 [INFO] CADModel:165 - CPN selected for project level
2024-11-25 23:57:06,975 [INFO] CADModel:114 - Register for checkConnection events
2024-11-25 23:57:07,218 [INFO] IPUIPlugin:80 - create IPUIPlugin
2024-11-25 23:57:07,218 [INFO] PluginManager:220 - loadIPPluginJar : add adc
2024-11-25 23:57:07,238 [INFO] IPUIPlugin:80 - create IPUIPlugin
2024-11-25 23:57:07,238 [INFO] PluginManager:220 - loadIPPluginJar : add aes
2024-11-25 23:57:07,257 [INFO] IPUIPlugin:80 - create IPUIPlugin
2024-11-25 23:57:07,257 [INFO] PluginManager:220 - loadIPPluginJar : add can
2024-11-25 23:57:07,317 [INFO] IPUIPlugin:80 - create IPUIPlugin
2024-11-25 23:57:07,317 [INFO] PluginManager:220 - loadIPPluginJar : add comp
2024-11-25 23:57:07,342 [INFO] IPUIPlugin:80 - create IPUIPlugin
2024-11-25 23:57:07,343 [INFO] PluginManager:220 - loadIPPluginJar : add cryp
2024-11-25 23:57:07,362 [INFO] IPUIPlugin:80 - create IPUIPlugin
2024-11-25 23:57:07,363 [INFO] PluginManager:220 - loadIPPluginJar : add dfsdm
2024-11-25 23:57:07,392 [INFO] IPUIPlugin:80 - create IPUIPlugin
2024-11-25 23:57:07,394 [INFO] PluginManager:220 - loadIPPluginJar : add dma
2024-11-25 23:57:07,406 [INFO] ThirdPartyUpdaterWithRetryManager:70 - Updater plugin not ready yet. [2/15]
2024-11-25 23:57:07,433 [INFO] IPUIPlugin:80 - create IPUIPlugin
2024-11-25 23:57:07,433 [INFO] PluginManager:220 - loadIPPluginJar : add dma3
2024-11-25 23:57:07,452 [INFO] IPUIPlugin:80 - create IPUIPlugin
2024-11-25 23:57:07,453 [INFO] PluginManager:220 - loadIPPluginJar : add extmemmanager
2024-11-25 23:57:07,469 [INFO] IPUIPlugin:80 - create IPUIPlugin
2024-11-25 23:57:07,469 [INFO] PluginManager:220 - loadIPPluginJar : add fatfs
2024-11-25 23:57:07,491 [INFO] IPUIPlugin:80 - create IPUIPlugin
2024-11-25 23:57:07,491 [INFO] PluginManager:220 - loadIPPluginJar : add fmc
2024-11-25 23:57:07,672 [INFO] IPUIPlugin:80 - create IPUIPlugin
2024-11-25 23:57:07,673 [INFO] PluginManager:220 - loadIPPluginJar : add freertos
2024-11-25 23:57:07,691 [INFO] IPUIPlugin:80 - create IPUIPlugin
2024-11-25 23:57:07,692 [INFO] PluginManager:220 - loadIPPluginJar : add genericplugin
2024-11-25 23:57:07,713 [INFO] IPUIPlugin:80 - create IPUIPlugin
2024-11-25 23:57:07,714 [INFO] PluginManager:220 - loadIPPluginJar : add gfxmmu
2024-11-25 23:57:07,742 [INFO] IPUIPlugin:80 - create IPUIPlugin
2024-11-25 23:57:07,743 [INFO] PluginManager:220 - loadIPPluginJar : add gic
2024-11-25 23:57:07,773 [INFO] IPUIPlugin:80 - create IPUIPlugin
2024-11-25 23:57:07,774 [INFO] PluginManager:220 - loadIPPluginJar : add gpio
2024-11-25 23:57:07,788 [INFO] IPUIPlugin:80 - create IPUIPlugin
2024-11-25 23:57:07,788 [INFO] PluginManager:220 - loadIPPluginJar : add gtzc
2024-11-25 23:57:07,807 [INFO] IPUIPlugin:80 - create IPUIPlugin
2024-11-25 23:57:07,807 [INFO] PluginManager:220 - loadIPPluginJar : add hash
2024-11-25 23:57:07,829 [INFO] IPUIPlugin:80 - create IPUIPlugin
2024-11-25 23:57:07,830 [INFO] PluginManager:220 - loadIPPluginJar : add i2c
2024-11-25 23:57:07,848 [INFO] IPUIPlugin:80 - create IPUIPlugin
2024-11-25 23:57:07,849 [INFO] PluginManager:220 - loadIPPluginJar : add i2s
2024-11-25 23:57:07,868 [INFO] IPUIPlugin:80 - create IPUIPlugin
2024-11-25 23:57:07,868 [INFO] PluginManager:220 - loadIPPluginJar : add i3c
2024-11-25 23:57:07,919 [INFO] IPUIPlugin:80 - create IPUIPlugin
2024-11-25 23:57:07,920 [INFO] PluginManager:220 - loadIPPluginJar : add ipddr
2024-11-25 23:57:07,969 [INFO] IPUIPlugin:80 - create IPUIPlugin
2024-11-25 23:57:07,970 [INFO] PluginManager:220 - loadIPPluginJar : add linkedlist
2024-11-25 23:57:07,986 [INFO] IPUIPlugin:80 - create IPUIPlugin
2024-11-25 23:57:07,986 [INFO] PluginManager:220 - loadIPPluginJar : add lorawan
2024-11-25 23:57:08,010 [INFO] IPUIPlugin:80 - create IPUIPlugin
2024-11-25 23:57:08,010 [INFO] PluginManager:220 - loadIPPluginJar : add ltdc
2024-11-25 23:57:08,068 [INFO] IPUIPlugin:80 - create IPUIPlugin
2024-11-25 23:57:08,068 [INFO] PluginManager:220 - loadIPPluginJar : add mdma
2024-11-25 23:57:08,093 [INFO] IPUIPlugin:80 - create IPUIPlugin
2024-11-25 23:57:08,093 [INFO] PluginManager:220 - loadIPPluginJar : add nvic
2024-11-25 23:57:08,115 [INFO] IPUIPlugin:80 - create IPUIPlugin
2024-11-25 23:57:08,115 [INFO] PluginManager:220 - loadIPPluginJar : add opamp
2024-11-25 23:57:08,136 [INFO] IPUIPlugin:80 - create IPUIPlugin
2024-11-25 23:57:08,136 [INFO] PluginManager:220 - loadIPPluginJar : add openamp
2024-11-25 23:57:08,162 [INFO] IPUIPlugin:80 - create IPUIPlugin
2024-11-25 23:57:08,162 [INFO] PluginManager:220 - loadIPPluginJar : add pdm2pcm
2024-11-25 23:57:08,193 [INFO] IPUIPlugin:80 - create IPUIPlugin
2024-11-25 23:57:08,196 [INFO] PluginManager:220 - loadIPPluginJar : add plateformsettings
2024-11-25 23:57:08,351 [INFO] IPUIPlugin:80 - create IPUIPlugin
2024-11-25 23:57:08,352 [INFO] PluginManager:220 - loadIPPluginJar : add quadspi
2024-11-25 23:57:08,532 [INFO] IPUIPlugin:80 - create IPUIPlugin
2024-11-25 23:57:08,532 [INFO] PluginManager:220 - loadIPPluginJar : add resmgrutility
2024-11-25 23:57:08,553 [INFO] IPUIPlugin:80 - create IPUIPlugin
2024-11-25 23:57:08,554 [INFO] PluginManager:220 - loadIPPluginJar : add sai
2024-11-25 23:57:08,580 [INFO] IPUIPlugin:80 - create IPUIPlugin
2024-11-25 23:57:08,581 [INFO] PluginManager:220 - loadIPPluginJar : add spi
2024-11-25 23:57:08,633 [INFO] IPUIPlugin:80 - create IPUIPlugin
2024-11-25 23:57:08,633 [INFO] PluginManager:220 - loadIPPluginJar : add stm32_wpan
2024-11-25 23:57:08,653 [INFO] IPUIPlugin:80 - create IPUIPlugin
2024-11-25 23:57:08,653 [INFO] PluginManager:220 - loadIPPluginJar : add tim
2024-11-25 23:57:08,673 [INFO] IPUIPlugin:80 - create IPUIPlugin
2024-11-25 23:57:08,673 [INFO] PluginManager:220 - loadIPPluginJar : add touchsensing
2024-11-25 23:57:08,692 [INFO] IPUIPlugin:80 - create IPUIPlugin
2024-11-25 23:57:08,693 [INFO] PluginManager:220 - loadIPPluginJar : add tracer_emb
2024-11-25 23:57:08,728 [INFO] IPUIPlugin:80 - create IPUIPlugin
2024-11-25 23:57:08,728 [INFO] PluginManager:220 - loadIPPluginJar : add ts
2024-11-25 23:57:08,737 [INFO] IPUIPlugin:80 - create IPUIPlugin
2024-11-25 23:57:08,737 [INFO] PluginManager:220 - loadIPPluginJar : add tsc
2024-11-25 23:57:08,742 [INFO] IPUIPlugin:80 - create IPUIPlugin
2024-11-25 23:57:08,742 [INFO] PluginManager:220 - loadIPPluginJar : add ucpd
2024-11-25 23:57:08,759 [INFO] IPUIPlugin:80 - create IPUIPlugin
2024-11-25 23:57:08,760 [INFO] PluginManager:220 - loadIPPluginJar : add usart
2024-11-25 23:57:08,773 [INFO] IPUIPlugin:80 - create IPUIPlugin
2024-11-25 23:57:08,773 [INFO] PluginManager:220 - loadIPPluginJar : add usbx
2024-11-25 23:57:09,009 [INFO] CADModel:165 - CPN selected for project level
2024-11-25 23:57:09,009 [INFO] CADModel:114 - Register for checkConnection events
2024-11-25 23:57:09,010 [FATAL] Updater:308 - Updater called before beeing initialized
2024-11-25 23:57:09,011 [ERROR] CADModel:125 - Updater not yet initialized, retry later 
2024-11-25 23:57:09,714 [INFO] CADModel:165 - CPN selected for project level
2024-11-25 23:57:09,714 [INFO] CADModel:114 - Register for checkConnection events
2024-11-25 23:57:09,714 [FATAL] Updater:308 - Updater called before beeing initialized
2024-11-25 23:57:09,714 [ERROR] CADModel:125 - Updater not yet initialized, retry later 
2024-11-25 23:57:09,733 [FATAL] Updater:308 - Updater called before beeing initialized
2024-11-25 23:57:10,275 [FATAL] Updater:308 - Updater called before beeing initialized
2024-11-25 23:57:10,407 [INFO] ThirdPartyUpdaterWithRetryManager:70 - Updater plugin not ready yet. [3/15]
2024-11-25 23:57:10,591 [INFO] DbMcusAds:53 - JSON generation date=Fri Sep 20 10:04:38 ART 2024 (1726837478367)
2024-11-25 23:57:10,591 [FATAL] Updater:308 - Updater called before beeing initialized
2024-11-25 23:57:10,962 [WARN] DetailPanel:346 - Failed to get advertising image, set to default
2024-11-25 23:57:11,181 [FATAL] Updater:308 - Updater called before beeing initialized
2024-11-25 23:57:11,199 [FATAL] Updater:308 - Updater called before beeing initialized
2024-11-25 23:57:11,199 [FATAL] Updater:308 - Updater called before beeing initialized
2024-11-25 23:57:11,199 [WARN] DetailPanel:346 - Failed to get advertising image, set to default
2024-11-25 23:57:11,201 [FATAL] Updater:308 - Updater called before beeing initialized
2024-11-25 23:57:11,682 [ERROR] Updater:1120 - MainUpdater not yet initialized. External WinMGr cannot be set.
2024-11-25 23:57:11,703 [INFO] Updater:1056 - Updater Version found : 6.11.1
2024-11-25 23:57:11,747 [INFO] ApplicationProperties:184 - Using Application install path: C:\ST\STM32CubeIDE_1.15.1\STM32CubeIDE\plugins\com.st.stm32cube.common.mx_6.11.1.202404110753
2024-11-25 23:57:13,409 [FATAL] Updater:308 - Updater called before beeing initialized
2024-11-25 23:57:13,410 [ERROR] IntegrityCheckThread:130 - Cannot retrieve database content from updater: error 21
2024-11-25 23:57:13,411 [INFO] ThirdParty:978 - Integrity check success = false
2024-11-25 23:57:13,411 [INFO] IntegrityCheckThread:100 - exiting critical section [integrity check]
2024-11-25 23:57:13,411 [INFO] IntegrityCheckThread:103 - End integrity checks thread
2024-11-25 23:57:14,914 [ERROR] LogOutputStream:75 - [STDERR_REDIRECT] Nov 25, 2024 11:57:14 PM java.util.prefs.WindowsPreferences <init>
2024-11-25 23:57:14,924 [ERROR] LogOutputStream:75 - [STDERR_REDIRECT] WARNING: Could not open/create prefs root node Software\JavaSoft\Prefs at root 0xffffffff80000002. Windows RegCreateKeyEx(...) returned error code 5.
2024-11-25 23:57:14,924 [ERROR] LogOutputStream:75 - [STDERR_REDIRECT] 
2024-11-25 23:57:24,452 [INFO] MainUpdater:2873 - connection check result : 10
2024-11-25 23:57:24,454 [INFO] MainUpdater:3567 - Updater definition file requires update
2024-11-25 23:57:24,457 [INFO] MainUpdater:290 - Updater Check For Update Now.
2024-11-25 23:57:24,458 [INFO] MicroXplorer:498 - Change Database Version : DB.6.0.111
2024-11-25 23:57:24,532 [INFO] McuFinderGlobals:63 - Set McuFinder mode to 2 (CubeIDE integrated)
2024-11-25 23:57:24,532 [INFO] UserAuth:179 - activating auth plugin
2024-11-25 23:57:24,550 [INFO] UserAuth:415 - Internet connection configuration mode: 1
2024-11-25 23:57:25,131 [INFO] JxBrowserEngine:152 - Initiate JxBrowser Engine with user profile folder
2024-11-25 23:57:25,847 [ERROR] JxBrowserEngine:70 - Can't initiate JxBrowser engine com.teamdev.jxbrowser.os.EnvironmentException: Unsupported operating system. Supported OS: Windows 10 and higher, Windows Server 2016 and higher, macOS 10.13 and higher, Linux 64-bit. Current OS: Windows 8.1, version: 6.3
2024-11-25 23:57:26,318 [INFO] ServerAccessManage:473 - Download File updaters.zip
2024-11-25 23:57:26,623 [INFO] FileExtend:240 - Unzip File : updaters.zip
2024-11-25 23:57:26,623 [INFO] FileExtend:255 - Standard Zip Deflate
2024-11-25 23:57:32,148 [INFO] ServerAccessManage:473 - Download File PacksControlFlags.xml
2024-11-25 23:57:36,033 [INFO] ServerAccessManage:473 - Download File cubemx.pidx
2024-11-25 23:57:41,317 [INFO] ServerAccessManage:473 - Download File STMicroelectronics.FP-ATR-ASTRA1.pdsc
2024-11-25 23:57:48,883 [INFO] ServerAccessManage:473 - Download File STMicroelectronics.X-CUBE-IPS.pdsc
2024-11-25 23:57:51,247 [INFO] ServerAccessManage:473 - Download File STMicroelectronics.X-CUBE-NFC9.pdsc
2024-11-25 23:57:52,009 [INFO] ServerAccessManage:473 - Download File STMicroelectronics.X-CUBE-NFC10.pdsc
2024-11-25 23:57:55,518 [INFO] ServerAccessManage:473 - Download File STMicroelectronics.X-CUBE-WB05N.pdsc
2024-11-25 23:57:58,702 [INFO] ServerAccessManage:473 - Download File quantropi.X-CUBE-qispace-sdk-base.pdsc
2024-11-25 23:58:00,094 [INFO] CheckServerUpdateThread:120 - End of CheckServer Thread
2024-11-25 23:58:03,699 [WARN] PackLoader:240 - Cannot read IP mode file for STMicroelectronics.FP-ATR-ASTRA1.2.0.1
2024-11-25 23:58:03,750 [WARN] PackLoader:240 - Cannot read IP mode file for STMicroelectronics.X-CUBE-IPS.3.0.0
2024-11-25 23:58:03,788 [WARN] PackLoader:240 - Cannot read IP mode file for STMicroelectronics.X-CUBE-NFC9.1.0.0
2024-11-25 23:58:03,809 [WARN] PackLoader:240 - Cannot read IP mode file for STMicroelectronics.X-CUBE-NFC10.1.0.0
2024-11-25 23:58:03,862 [WARN] PackLoader:240 - Cannot read IP mode file for STMicroelectronics.X-CUBE-WB05N.1.1.0
2024-11-25 23:58:03,874 [WARN] ConditionMgr:438 - getConditionDescription Invalid condition id : Cortex-A Device cause : null
2024-11-25 23:58:03,968 [WARN] ConditionMgr:1039 - genDependencies : Invalid condition id : Cortex-A Device cause : null
2024-11-25 23:58:03,968 [WARN] ConditionMgr:1039 - genDependencies : Invalid condition id : Cortex-A Device cause : null
2024-11-25 23:58:03,969 [WARN] ConditionMgr:1039 - genDependencies : Invalid condition id : Cortex-A Device cause : null
2024-11-25 23:58:03,969 [INFO] PopulateThirdPartyThread:66 - Ending populate Thread
2024-11-25 23:58:03,984 [INFO] ThirdParty:1030 - CMSIS Pack Vendor :STMicroelectronics X-CUBE-IPS 3.0.0
2024-11-25 23:58:03,984 [INFO] ThirdParty:1030 - CMSIS Pack Vendor :STMicroelectronics X-CUBE-NFC9 1.0.0
2024-11-25 23:58:03,985 [INFO] ThirdParty:1030 - CMSIS Pack Vendor :STMicroelectronics FP-ATR-ASTRA1 2.0.1
2024-11-25 23:58:03,985 [INFO] ThirdParty:1030 - CMSIS Pack Vendor :STMicroelectronics X-CUBE-NFC10 1.0.0
2024-11-25 23:58:03,985 [INFO] ThirdParty:1030 - CMSIS Pack Vendor :STMicroelectronics X-CUBE-WB05N 1.1.0
2024-11-25 23:58:03,985 [INFO] ThirdParty:1030 - CMSIS Pack Vendor :quantropi X-CUBE-qispace-sdk-base 1.9.3
2024-11-25 23:58:03,985 [INFO] LoadServerUpdatesThread:375 - End of LoadServerUpdate Thread
