2024-08-29 19:56:33,327 [INFO] Activator:176 - 


2024-08-29 19:56:33,427 [INFO] Activator:177 - !SESSION log4j initialized
2024-08-29 19:57:25,692 [INFO] LogOutputStream:77 - [STDOUT_REDIRECT] 
2024-08-29 19:58:06,748 [INFO] ApplicationProperties:184 - Using Application install path: C:\ST\STM32CubeIDE_1.15.1\STM32CubeIDE\plugins\com.st.stm32cube.common.mx_6.11.1.202404110753
2024-08-29 19:58:06,924 [INFO] DbMcusXml:78 - Set database path to: C:\ST\STM32CubeIDE_1.15.1\STM32CubeIDE\plugins\com.st.stm32cube.common.mx_6.11.1.202404110753\\db\/mcu/
2024-08-29 19:58:06,925 [INFO] ApiDb:274 - Set plugin database path to: C:\ST\STM32CubeIDE_1.15.1\STM32CubeIDE\plugins\com.st.stm32cube.common.mx_6.11.1.202404110753\\db\/plugins/boardmanager/
2024-08-29 19:58:06,926 [WARN] ApiDb:259 - Overriding images path with different value:  => C:\ST\STM32CubeIDE_1.15.1\STM32CubeIDE\plugins\com.st.stm32cube.common.mx_6.11.1.202404110753\\db\/plugins/mcufinder/images/
2024-08-29 19:58:07,359 [INFO] ApiDb:250 - Set database path to: C:\Users\marcelo\.stmcufinder\plugins\mcufinder//mcu/
2024-08-29 19:58:07,362 [INFO] DbMcusAds:125 - Set database path to: C:\Users\marcelo\.stmcufinder\plugins\mcufinder//mcu/
2024-08-29 19:58:07,369 [INFO] CrossReferenceDbSqlite:203 - Set database path to: C:\Users\marcelo\.stmcufinder\plugins\mcufinder//mcu/cs/
2024-08-29 19:58:08,069 [INFO] RulesReader:64 - Compatibility file has been processed (297 Rules)
2024-08-29 19:58:09,229 [INFO] DbMcusXml:78 - Set database path to: C:\ST\STM32CubeIDE_1.15.1\STM32CubeIDE\plugins\com.st.stm32cube.common.mx_6.11.1.202404110753\\db\/mcu/
2024-08-29 19:58:09,229 [INFO] ApiDb:274 - Set plugin database path to: C:\ST\STM32CubeIDE_1.15.1\STM32CubeIDE\plugins\com.st.stm32cube.common.mx_6.11.1.202404110753\\db\/plugins/boardmanager/
2024-08-29 19:58:09,230 [INFO] ApiDb:261 - Set plugin images path to: C:\ST\STM32CubeIDE_1.15.1\STM32CubeIDE\plugins\com.st.stm32cube.common.mx_6.11.1.202404110753\\db\/plugins/mcufinder/images/
2024-08-29 19:58:09,230 [WARN] DbFile:41 - Overriding database path with different value: C:\Users\marcelo\.stmcufinder\plugins\mcufinder/ => C:\Users\marcelo\.stmcufinder\plugins\mcufinder
2024-08-29 19:58:09,230 [INFO] ApiDb:250 - Set database path to: C:\Users\marcelo\.stmcufinder\plugins\mcufinder//mcu/
2024-08-29 19:58:09,230 [WARN] DbFile:41 - Overriding database path with different value: C:\Users\marcelo\.stmcufinder\plugins\mcufinder/ => C:\Users\marcelo\.stmcufinder\plugins\mcufinder
2024-08-29 19:58:09,230 [INFO] DbMcusAds:125 - Set database path to: C:\Users\marcelo\.stmcufinder\plugins\mcufinder//mcu/
2024-08-29 19:58:09,231 [WARN] DbFile:41 - Overriding database path with different value: C:\Users\marcelo\.stmcufinder\plugins\mcufinder/ => C:\Users\marcelo\.stmcufinder\plugins\mcufinder
2024-08-29 19:58:09,231 [WARN] DbFile:41 - Overriding database path with different value: C:\Users\marcelo\.stmcufinder\plugins\mcufinder/ => C:\Users\marcelo\.stmcufinder\plugins\mcufinder
2024-08-29 19:58:09,231 [INFO] CrossReferenceDbSqlite:203 - Set database path to: C:\Users\marcelo\.stmcufinder\plugins\mcufinder//mcu/cs/
2024-08-29 19:58:10,867 [INFO] MainPanel:264 - HeapMemory: 268435456
2024-08-29 19:58:13,080 [INFO] DbMcusXml:78 - Set database path to: C:\ST\STM32CubeIDE_1.15.1\STM32CubeIDE\plugins\com.st.stm32cube.common.mx_6.11.1.202404110753\\db\/mcu/
2024-08-29 19:58:13,080 [INFO] ApiDb:274 - Set plugin database path to: C:\ST\STM32CubeIDE_1.15.1\STM32CubeIDE\plugins\com.st.stm32cube.common.mx_6.11.1.202404110753\\db\/plugins/boardmanager/
2024-08-29 19:58:13,080 [INFO] ApiDb:261 - Set plugin images path to: C:\ST\STM32CubeIDE_1.15.1\STM32CubeIDE\plugins\com.st.stm32cube.common.mx_6.11.1.202404110753\\db\/plugins/mcufinder/images/
2024-08-29 19:58:13,081 [WARN] DbFile:41 - Overriding database path with different value: C:\Users\marcelo\.stmcufinder\plugins\mcufinder/ => C:\Users\marcelo\.stmcufinder\plugins\mcufinder
2024-08-29 19:58:13,081 [INFO] ApiDb:250 - Set database path to: C:\Users\marcelo\.stmcufinder\plugins\mcufinder//mcu/
2024-08-29 19:58:13,081 [WARN] DbFile:41 - Overriding database path with different value: C:\Users\marcelo\.stmcufinder\plugins\mcufinder/ => C:\Users\marcelo\.stmcufinder\plugins\mcufinder
2024-08-29 19:58:13,081 [INFO] DbMcusAds:125 - Set database path to: C:\Users\marcelo\.stmcufinder\plugins\mcufinder//mcu/
2024-08-29 19:58:13,081 [WARN] DbFile:41 - Overriding database path with different value: C:\Users\marcelo\.stmcufinder\plugins\mcufinder/ => C:\Users\marcelo\.stmcufinder\plugins\mcufinder
2024-08-29 19:58:13,081 [WARN] DbFile:41 - Overriding database path with different value: C:\Users\marcelo\.stmcufinder\plugins\mcufinder/ => C:\Users\marcelo\.stmcufinder\plugins\mcufinder
2024-08-29 19:58:13,082 [INFO] CrossReferenceDbSqlite:203 - Set database path to: C:\Users\marcelo\.stmcufinder\plugins\mcufinder//mcu/cs/
2024-08-29 19:58:13,475 [INFO] ApplicationProperties:184 - Using Application install path: C:\ST\STM32CubeIDE_1.15.1\STM32CubeIDE\plugins\com.st.stm32cube.common.mx_6.11.1.202404110753
2024-08-29 19:58:13,507 [INFO] PluginManage:196 - Search for loadable plugins [exclusion list=, ]
2024-08-29 19:58:13,646 [INFO] PluginManage:310 - Check plugin analytics
2024-08-29 19:58:18,814 [INFO] AnalyticsPlugin:253 - Accepted Software Licenses: STM32CubeMX.5.6.1
2024-08-29 19:58:18,815 [INFO] AnalyticsPlugin:255 - Accepted CMSIS Pack Licenses: 
2024-08-29 19:58:18,816 [INFO] AnalyticsPlugin:257 - Accepted Firmware Licenses: 
2024-08-29 19:58:18,824 [INFO] PluginManage:359 - Loaded plugin analytics (category:tool,tabindex:-1)
2024-08-29 19:58:18,825 [INFO] PluginManage:310 - Check plugin cadmodel
2024-08-29 19:58:18,934 [INFO] CADModel:105 - Init CAD model plugin
2024-08-29 19:58:18,934 [INFO] PluginManage:359 - Loaded plugin cadmodel (category:power,tabindex:5)
2024-08-29 19:58:18,935 [INFO] PluginManage:310 - Check plugin clock
2024-08-29 19:58:18,978 [INFO] PluginManage:359 - Loaded plugin clock (category:base,tabindex:2)
2024-08-29 19:58:18,978 [INFO] PluginManage:310 - Check plugin ddr
2024-08-29 19:58:19,093 [INFO] PluginManage:359 - Loaded plugin ddr (category:tool,tabindex:6)
2024-08-29 19:58:19,094 [INFO] PluginManage:310 - Check plugin filemanager
2024-08-29 19:58:20,826 [INFO] PluginManage:359 - Loaded plugin filemanager (category:base,tabindex:10)
2024-08-29 19:58:20,826 [INFO] PluginManage:310 - Check plugin ipmanager
2024-08-29 19:58:20,966 [INFO] PluginManage:359 - Loaded plugin ipmanager (category:base,tabindex:5)
2024-08-29 19:58:20,966 [INFO] PluginManage:310 - Check plugin lpbam
2024-08-29 19:58:21,060 [INFO] PluginManage:359 - Loaded plugin lpbam (category:base,tabindex:0)
2024-08-29 19:58:21,061 [INFO] PluginManage:310 - Check plugin memorymap
2024-08-29 19:58:21,354 [INFO] PluginManage:359 - Loaded plugin memorymap (category:base,tabindex:4)
2024-08-29 19:58:21,354 [INFO] PluginManage:310 - Check plugin pinoutandconfiguration
2024-08-29 19:58:21,454 [INFO] PluginManage:359 - Loaded plugin pinoutandconfiguration (category:base,tabindex:1)
2024-08-29 19:58:21,454 [INFO] PluginManage:310 - Check plugin pinoutconfig
2024-08-29 19:58:21,994 [WARN] SupportedApi:132 - Cannot load RTOS API schema: s4s-elt-must-match.1: The content of 'definitions' must match (annotation?, (simpleType | complexType)?, (unique | key | keyref)*)). A problem was found starting at: attribute.
2024-08-29 19:58:23,114 [INFO] PluginManage:359 - Loaded plugin pinoutconfig (category:base,tabindex:0)
2024-08-29 19:58:23,115 [INFO] PluginManage:310 - Check plugin power
2024-08-29 19:58:23,236 [INFO] PluginManage:359 - Loaded plugin power (category:power,tabindex:4)
2024-08-29 19:58:23,237 [INFO] PluginManage:310 - Check plugin projectmanager
2024-08-29 19:58:23,538 [INFO] PluginManage:359 - Loaded plugin projectmanager (category:projectmanager,tabindex:3)
2024-08-29 19:58:23,538 [INFO] PluginManage:310 - Check plugin thirdparty
2024-08-29 19:58:25,454 [INFO] PluginManage:359 - Loaded plugin thirdparty (category:base,tabindex:-1)
2024-08-29 19:58:25,453 [WARN] IntegrityCheckThread:84 - waiting for thirdparty lock release [integrity check]
2024-08-29 19:58:25,454 [INFO] PluginManage:310 - Check plugin tools
2024-08-29 19:58:25,455 [INFO] IntegrityCheckThread:86 - entering critical section [integrity check]
2024-08-29 19:58:25,456 [INFO] ThirdPartyUpdaterWithRetryManager:70 - Updater plugin not ready yet. [1/15]
2024-08-29 19:58:25,491 [INFO] PluginManage:359 - Loaded plugin tools (category:base,tabindex:7)
2024-08-29 19:58:25,491 [INFO] PluginManage:310 - Check plugin tutovideos
2024-08-29 19:58:26,881 [INFO] PluginManage:359 - Loaded plugin tutovideos (category:base,tabindex:-1)
2024-08-29 19:58:26,881 [INFO] PluginManage:310 - Check plugin updater
2024-08-29 19:58:27,060 [INFO] PluginManage:359 - Loaded plugin updater (category:base,tabindex:12)
2024-08-29 19:58:27,060 [INFO] PluginManage:310 - Check plugin userauth
2024-08-29 19:58:27,178 [INFO] UserAuth:114 - Init User Auth plugin
2024-08-29 19:58:27,178 [INFO] PluginManage:359 - Loaded plugin userauth (category:base,tabindex:14)
2024-08-29 19:58:27,180 [INFO] PluginManage:283 - PluginManage : Loaded plugins [17]
2024-08-29 19:58:28,457 [INFO] ThirdPartyUpdaterWithRetryManager:70 - Updater plugin not ready yet. [2/15]
2024-08-29 19:58:30,104 [INFO] PinOutPanel:1561 - setPackage(No Configuration,No Configuration)
2024-08-29 19:58:31,014 [INFO] CADModel:165 - CPN selected for project level
2024-08-29 19:58:31,014 [INFO] CADModel:114 - Register for checkConnection events
2024-08-29 19:58:31,354 [INFO] IPUIPlugin:80 - create IPUIPlugin
2024-08-29 19:58:31,355 [INFO] PluginManager:220 - loadIPPluginJar : add adc
2024-08-29 19:58:31,383 [INFO] IPUIPlugin:80 - create IPUIPlugin
2024-08-29 19:58:31,384 [INFO] PluginManager:220 - loadIPPluginJar : add aes
2024-08-29 19:58:31,406 [INFO] IPUIPlugin:80 - create IPUIPlugin
2024-08-29 19:58:31,407 [INFO] PluginManager:220 - loadIPPluginJar : add can
2024-08-29 19:58:31,461 [INFO] ThirdPartyUpdaterWithRetryManager:70 - Updater plugin not ready yet. [3/15]
2024-08-29 19:58:31,508 [INFO] IPUIPlugin:80 - create IPUIPlugin
2024-08-29 19:58:31,508 [INFO] PluginManager:220 - loadIPPluginJar : add comp
2024-08-29 19:58:31,577 [INFO] IPUIPlugin:80 - create IPUIPlugin
2024-08-29 19:58:31,577 [INFO] PluginManager:220 - loadIPPluginJar : add cryp
2024-08-29 19:58:31,618 [INFO] IPUIPlugin:80 - create IPUIPlugin
2024-08-29 19:58:31,618 [INFO] PluginManager:220 - loadIPPluginJar : add dfsdm
2024-08-29 19:58:31,674 [INFO] IPUIPlugin:80 - create IPUIPlugin
2024-08-29 19:58:31,675 [INFO] PluginManager:220 - loadIPPluginJar : add dma
2024-08-29 19:58:31,719 [INFO] IPUIPlugin:80 - create IPUIPlugin
2024-08-29 19:58:31,720 [INFO] PluginManager:220 - loadIPPluginJar : add dma3
2024-08-29 19:58:31,778 [INFO] IPUIPlugin:80 - create IPUIPlugin
2024-08-29 19:58:31,778 [INFO] PluginManager:220 - loadIPPluginJar : add extmemmanager
2024-08-29 19:58:31,843 [INFO] IPUIPlugin:80 - create IPUIPlugin
2024-08-29 19:58:31,843 [INFO] PluginManager:220 - loadIPPluginJar : add fatfs
2024-08-29 19:58:31,918 [INFO] IPUIPlugin:80 - create IPUIPlugin
2024-08-29 19:58:31,919 [INFO] PluginManager:220 - loadIPPluginJar : add fmc
2024-08-29 19:58:32,049 [INFO] IPUIPlugin:80 - create IPUIPlugin
2024-08-29 19:58:32,050 [INFO] PluginManager:220 - loadIPPluginJar : add freertos
2024-08-29 19:58:32,093 [INFO] IPUIPlugin:80 - create IPUIPlugin
2024-08-29 19:58:32,094 [INFO] PluginManager:220 - loadIPPluginJar : add genericplugin
2024-08-29 19:58:32,118 [INFO] IPUIPlugin:80 - create IPUIPlugin
2024-08-29 19:58:32,119 [INFO] PluginManager:220 - loadIPPluginJar : add gfxmmu
2024-08-29 19:58:32,132 [INFO] IPUIPlugin:80 - create IPUIPlugin
2024-08-29 19:58:32,133 [INFO] PluginManager:220 - loadIPPluginJar : add gic
2024-08-29 19:58:32,236 [INFO] IPUIPlugin:80 - create IPUIPlugin
2024-08-29 19:58:32,236 [INFO] PluginManager:220 - loadIPPluginJar : add gpio
2024-08-29 19:58:32,390 [INFO] IPUIPlugin:80 - create IPUIPlugin
2024-08-29 19:58:32,390 [INFO] PluginManager:220 - loadIPPluginJar : add gtzc
2024-08-29 19:58:32,420 [INFO] IPUIPlugin:80 - create IPUIPlugin
2024-08-29 19:58:32,420 [INFO] PluginManager:220 - loadIPPluginJar : add hash
2024-08-29 19:58:32,543 [INFO] IPUIPlugin:80 - create IPUIPlugin
2024-08-29 19:58:32,543 [INFO] PluginManager:220 - loadIPPluginJar : add i2c
2024-08-29 19:58:32,584 [INFO] IPUIPlugin:80 - create IPUIPlugin
2024-08-29 19:58:32,584 [INFO] PluginManager:220 - loadIPPluginJar : add i2s
2024-08-29 19:58:32,626 [INFO] IPUIPlugin:80 - create IPUIPlugin
2024-08-29 19:58:32,626 [INFO] PluginManager:220 - loadIPPluginJar : add i3c
2024-08-29 19:58:32,691 [INFO] IPUIPlugin:80 - create IPUIPlugin
2024-08-29 19:58:32,691 [INFO] PluginManager:220 - loadIPPluginJar : add ipddr
2024-08-29 19:58:32,755 [INFO] IPUIPlugin:80 - create IPUIPlugin
2024-08-29 19:58:32,756 [INFO] PluginManager:220 - loadIPPluginJar : add linkedlist
2024-08-29 19:58:32,774 [INFO] IPUIPlugin:80 - create IPUIPlugin
2024-08-29 19:58:32,774 [INFO] PluginManager:220 - loadIPPluginJar : add lorawan
2024-08-29 19:58:32,787 [INFO] IPUIPlugin:80 - create IPUIPlugin
2024-08-29 19:58:32,787 [INFO] PluginManager:220 - loadIPPluginJar : add ltdc
2024-08-29 19:58:33,092 [INFO] IPUIPlugin:80 - create IPUIPlugin
2024-08-29 19:58:33,092 [INFO] PluginManager:220 - loadIPPluginJar : add mdma
2024-08-29 19:58:33,134 [INFO] IPUIPlugin:80 - create IPUIPlugin
2024-08-29 19:58:33,135 [INFO] PluginManager:220 - loadIPPluginJar : add nvic
2024-08-29 19:58:33,205 [INFO] IPUIPlugin:80 - create IPUIPlugin
2024-08-29 19:58:33,205 [INFO] PluginManager:220 - loadIPPluginJar : add opamp
2024-08-29 19:58:33,288 [INFO] IPUIPlugin:80 - create IPUIPlugin
2024-08-29 19:58:33,288 [INFO] PluginManager:220 - loadIPPluginJar : add openamp
2024-08-29 19:58:33,414 [INFO] IPUIPlugin:80 - create IPUIPlugin
2024-08-29 19:58:33,414 [INFO] PluginManager:220 - loadIPPluginJar : add pdm2pcm
2024-08-29 19:58:33,456 [INFO] IPUIPlugin:80 - create IPUIPlugin
2024-08-29 19:58:33,464 [INFO] PluginManager:220 - loadIPPluginJar : add plateformsettings
2024-08-29 19:58:33,484 [INFO] IPUIPlugin:80 - create IPUIPlugin
2024-08-29 19:58:33,484 [INFO] PluginManager:220 - loadIPPluginJar : add quadspi
2024-08-29 19:58:33,543 [INFO] IPUIPlugin:80 - create IPUIPlugin
2024-08-29 19:58:33,543 [INFO] PluginManager:220 - loadIPPluginJar : add resmgrutility
2024-08-29 19:58:33,680 [INFO] IPUIPlugin:80 - create IPUIPlugin
2024-08-29 19:58:33,680 [INFO] PluginManager:220 - loadIPPluginJar : add sai
2024-08-29 19:58:33,727 [INFO] IPUIPlugin:80 - create IPUIPlugin
2024-08-29 19:58:33,727 [INFO] PluginManager:220 - loadIPPluginJar : add spi
2024-08-29 19:58:33,820 [INFO] IPUIPlugin:80 - create IPUIPlugin
2024-08-29 19:58:33,820 [INFO] PluginManager:220 - loadIPPluginJar : add stm32_wpan
2024-08-29 19:58:33,858 [INFO] IPUIPlugin:80 - create IPUIPlugin
2024-08-29 19:58:33,859 [INFO] PluginManager:220 - loadIPPluginJar : add tim
2024-08-29 19:58:33,909 [INFO] IPUIPlugin:80 - create IPUIPlugin
2024-08-29 19:58:33,910 [INFO] PluginManager:220 - loadIPPluginJar : add touchsensing
2024-08-29 19:58:33,955 [INFO] IPUIPlugin:80 - create IPUIPlugin
2024-08-29 19:58:33,955 [INFO] PluginManager:220 - loadIPPluginJar : add tracer_emb
2024-08-29 19:58:33,992 [INFO] IPUIPlugin:80 - create IPUIPlugin
2024-08-29 19:58:33,993 [INFO] PluginManager:220 - loadIPPluginJar : add ts
2024-08-29 19:58:33,997 [INFO] IPUIPlugin:80 - create IPUIPlugin
2024-08-29 19:58:33,997 [INFO] PluginManager:220 - loadIPPluginJar : add tsc
2024-08-29 19:58:34,019 [INFO] IPUIPlugin:80 - create IPUIPlugin
2024-08-29 19:58:34,019 [INFO] PluginManager:220 - loadIPPluginJar : add ucpd
2024-08-29 19:58:34,031 [INFO] IPUIPlugin:80 - create IPUIPlugin
2024-08-29 19:58:34,032 [INFO] PluginManager:220 - loadIPPluginJar : add usart
2024-08-29 19:58:34,068 [INFO] IPUIPlugin:80 - create IPUIPlugin
2024-08-29 19:58:34,069 [INFO] PluginManager:220 - loadIPPluginJar : add usbx
2024-08-29 19:58:34,437 [INFO] CADModel:165 - CPN selected for project level
2024-08-29 19:58:34,437 [INFO] CADModel:114 - Register for checkConnection events
2024-08-29 19:58:34,438 [FATAL] Updater:308 - Updater called before beeing initialized
2024-08-29 19:58:34,438 [ERROR] CADModel:125 - Updater not yet initialized, retry later 
2024-08-29 19:58:34,462 [INFO] ThirdPartyUpdaterWithRetryManager:70 - Updater plugin not ready yet. [4/15]
2024-08-29 19:58:35,919 [INFO] CADModel:165 - CPN selected for project level
2024-08-29 19:58:35,919 [INFO] CADModel:114 - Register for checkConnection events
2024-08-29 19:58:35,919 [FATAL] Updater:308 - Updater called before beeing initialized
2024-08-29 19:58:35,920 [ERROR] CADModel:125 - Updater not yet initialized, retry later 
2024-08-29 19:58:35,939 [FATAL] Updater:308 - Updater called before beeing initialized
2024-08-29 19:58:36,365 [FATAL] Updater:308 - Updater called before beeing initialized
2024-08-29 19:58:36,436 [INFO] DbMcusAds:53 - JSON generation date=Thu May 16 06:22:00 ART 2024 (1715851320667)
2024-08-29 19:58:36,437 [FATAL] Updater:308 - Updater called before beeing initialized
2024-08-29 19:58:37,105 [WARN] DetailPanel:346 - Failed to get advertising image, set to default
2024-08-29 19:58:37,366 [FATAL] Updater:308 - Updater called before beeing initialized
2024-08-29 19:58:37,463 [FATAL] Updater:308 - Updater called before beeing initialized
2024-08-29 19:58:37,463 [ERROR] IntegrityCheckThread:130 - Cannot retrieve database content from updater: error 21
2024-08-29 19:58:37,464 [INFO] ThirdParty:978 - Integrity check success = false
2024-08-29 19:58:37,464 [INFO] IntegrityCheckThread:100 - exiting critical section [integrity check]
2024-08-29 19:58:37,464 [INFO] IntegrityCheckThread:103 - End integrity checks thread
2024-08-29 19:58:37,559 [FATAL] Updater:308 - Updater called before beeing initialized
2024-08-29 19:58:37,560 [FATAL] Updater:308 - Updater called before beeing initialized
2024-08-29 19:58:37,560 [WARN] DetailPanel:346 - Failed to get advertising image, set to default
2024-08-29 19:58:37,562 [FATAL] Updater:308 - Updater called before beeing initialized
2024-08-29 19:58:38,123 [ERROR] Updater:1120 - MainUpdater not yet initialized. External WinMGr cannot be set.
2024-08-29 19:58:38,138 [INFO] Updater:1056 - Updater Version found : 6.11.1
2024-08-29 19:58:38,345 [INFO] ApplicationProperties:184 - Using Application install path: C:\ST\STM32CubeIDE_1.15.1\STM32CubeIDE\plugins\com.st.stm32cube.common.mx_6.11.1.202404110753
2024-08-29 19:58:40,090 [ERROR] LogOutputStream:75 - [STDERR_REDIRECT] Aug 29, 2024 7:58:40 PM java.util.prefs.WindowsPreferences <init>
2024-08-29 19:58:40,094 [ERROR] LogOutputStream:75 - [STDERR_REDIRECT] WARNING: Could not open/create prefs root node Software\JavaSoft\Prefs at root 0xffffffff80000002. Windows RegCreateKeyEx(...) returned error code 5.
2024-08-29 19:58:40,094 [ERROR] LogOutputStream:75 - [STDERR_REDIRECT] 
2024-08-29 19:58:42,350 [INFO] MainUpdater:2873 - connection check result : 10
2024-08-29 19:58:42,351 [INFO] MainUpdater:3567 - Updater definition file requires update
2024-08-29 19:58:42,353 [INFO] MainUpdater:290 - Updater Check For Update Now.
2024-08-29 19:58:42,354 [INFO] MicroXplorer:498 - Change Database Version : DB.6.0.111
2024-08-29 19:58:42,534 [INFO] ServerAccessManage:473 - Download File updaters.zip
2024-08-29 19:58:42,556 [INFO] McuFinderGlobals:63 - Set McuFinder mode to 2 (CubeIDE integrated)
2024-08-29 19:58:42,557 [INFO] UserAuth:179 - activating auth plugin
2024-08-29 19:58:42,581 [INFO] UserAuth:415 - Internet connection configuration mode: 1
2024-08-29 19:58:42,835 [INFO] JxBrowserEngine:152 - Initiate JxBrowser Engine with user profile folder
2024-08-29 19:58:43,283 [INFO] FileExtend:240 - Unzip File : updaters.zip
2024-08-29 19:58:43,283 [INFO] FileExtend:255 - Standard Zip Deflate
2024-08-29 19:58:44,969 [ERROR] JxBrowserEngine:70 - Can't initiate JxBrowser engine com.teamdev.jxbrowser.os.EnvironmentException: Unsupported operating system. Supported OS: Windows 10 and higher, Windows Server 2016 and higher, macOS 10.13 and higher, Linux 64-bit. Current OS: Windows 8.1, version: 6.3
2024-08-29 19:58:50,662 [INFO] ServerAccessManage:473 - Download File PacksControlFlags.xml
2024-08-29 19:58:50,858 [INFO] ServerAccessManage:473 - Download File cubemx.pidx
2024-08-29 19:58:54,910 [INFO] ServerAccessManage:473 - Download File STMicroelectronics.X-CUBE-MEMS1.pdsc
2024-08-29 19:59:01,799 [INFO] ServerAccessManage:473 - Download File STMicroelectronics.X-CUBE-AZRTOS-H7.pdsc
2024-08-29 19:59:16,173 [INFO] CheckServerUpdateThread:120 - End of CheckServer Thread
2024-08-29 19:59:16,441 [WARN] PackLoader:240 - Cannot read IP mode file for STMicroelectronics.X-CUBE-MEMS1.11.0.0
2024-08-29 19:59:17,061 [WARN] PackLoader:240 - Cannot read IP mode file for STMicroelectronics.X-CUBE-AZRTOS-H7.3.3.0
2024-08-29 19:59:17,073 [INFO] PopulateThirdPartyThread:66 - Ending populate Thread
2024-08-29 19:59:17,097 [INFO] ThirdParty:1030 - CMSIS Pack Vendor :STMicroelectronics X-CUBE-AZRTOS-H7 3.3.0
2024-08-29 19:59:17,097 [INFO] ThirdParty:1030 - CMSIS Pack Vendor :STMicroelectronics X-CUBE-MEMS1 11.0.0
2024-08-29 19:59:17,097 [INFO] LoadServerUpdatesThread:375 - End of LoadServerUpdate Thread
2024-08-29 20:30:57,288 [ERROR] LogOutputStream:75 - [STDERR_REDIRECT] 
