2024-09-19 21:42:56,004 [INFO] Activator:176 - 


2024-09-19 21:42:56,037 [INFO] Activator:177 - !SESSION log4j initialized
2024-09-19 21:43:13,592 [ERROR] LogOutputStream:75 - [STDERR_REDIRECT] [Fatal Error] :1:1: El contenido no est? permitido en el pr?logo.
2024-09-19 21:43:13,593 [ERROR] LogOutputStream:75 - [STDERR_REDIRECT] 
2024-09-19 21:43:24,049 [INFO] LogOutputStream:77 - [STDOUT_REDIRECT] 
2024-09-19 21:43:52,543 [INFO] ApplicationProperties:184 - Using Application install path: C:\ST\STM32CubeIDE_1.15.1\STM32CubeIDE\plugins\com.st.stm32cube.common.mx_6.11.1.202404110753
2024-09-19 21:43:52,602 [INFO] DbMcusXml:78 - Set database path to: C:\ST\STM32CubeIDE_1.15.1\STM32CubeIDE\plugins\com.st.stm32cube.common.mx_6.11.1.202404110753\\db\/mcu/
2024-09-19 21:43:52,603 [INFO] ApiDb:274 - Set plugin database path to: C:\ST\STM32CubeIDE_1.15.1\STM32CubeIDE\plugins\com.st.stm32cube.common.mx_6.11.1.202404110753\\db\/plugins/boardmanager/
2024-09-19 21:43:52,604 [WARN] ApiDb:259 - Overriding images path with different value:  => C:\ST\STM32CubeIDE_1.15.1\STM32CubeIDE\plugins\com.st.stm32cube.common.mx_6.11.1.202404110753\\db\/plugins/mcufinder/images/
2024-09-19 21:43:52,857 [INFO] ApiDb:250 - Set database path to: C:\Users\marcelo\.stmcufinder\plugins\mcufinder//mcu/
2024-09-19 21:43:52,859 [INFO] DbMcusAds:125 - Set database path to: C:\Users\marcelo\.stmcufinder\plugins\mcufinder//mcu/
2024-09-19 21:43:52,863 [INFO] CrossReferenceDbSqlite:203 - Set database path to: C:\Users\marcelo\.stmcufinder\plugins\mcufinder//mcu/cs/
2024-09-19 21:43:53,412 [INFO] RulesReader:64 - Compatibility file has been processed (297 Rules)
2024-09-19 21:43:53,851 [INFO] DbMcusXml:78 - Set database path to: C:\ST\STM32CubeIDE_1.15.1\STM32CubeIDE\plugins\com.st.stm32cube.common.mx_6.11.1.202404110753\\db\/mcu/
2024-09-19 21:43:53,852 [INFO] ApiDb:274 - Set plugin database path to: C:\ST\STM32CubeIDE_1.15.1\STM32CubeIDE\plugins\com.st.stm32cube.common.mx_6.11.1.202404110753\\db\/plugins/boardmanager/
2024-09-19 21:43:53,852 [INFO] ApiDb:261 - Set plugin images path to: C:\ST\STM32CubeIDE_1.15.1\STM32CubeIDE\plugins\com.st.stm32cube.common.mx_6.11.1.202404110753\\db\/plugins/mcufinder/images/
2024-09-19 21:43:53,852 [WARN] DbFile:41 - Overriding database path with different value: C:\Users\marcelo\.stmcufinder\plugins\mcufinder/ => C:\Users\marcelo\.stmcufinder\plugins\mcufinder
2024-09-19 21:43:53,853 [INFO] ApiDb:250 - Set database path to: C:\Users\marcelo\.stmcufinder\plugins\mcufinder//mcu/
2024-09-19 21:43:53,853 [WARN] DbFile:41 - Overriding database path with different value: C:\Users\marcelo\.stmcufinder\plugins\mcufinder/ => C:\Users\marcelo\.stmcufinder\plugins\mcufinder
2024-09-19 21:43:53,853 [INFO] DbMcusAds:125 - Set database path to: C:\Users\marcelo\.stmcufinder\plugins\mcufinder//mcu/
2024-09-19 21:43:53,853 [WARN] DbFile:41 - Overriding database path with different value: C:\Users\marcelo\.stmcufinder\plugins\mcufinder/ => C:\Users\marcelo\.stmcufinder\plugins\mcufinder
2024-09-19 21:43:53,853 [WARN] DbFile:41 - Overriding database path with different value: C:\Users\marcelo\.stmcufinder\plugins\mcufinder/ => C:\Users\marcelo\.stmcufinder\plugins\mcufinder
2024-09-19 21:43:53,854 [INFO] CrossReferenceDbSqlite:203 - Set database path to: C:\Users\marcelo\.stmcufinder\plugins\mcufinder//mcu/cs/
2024-09-19 21:43:54,540 [INFO] MainPanel:264 - HeapMemory: 268435456
2024-09-19 21:43:55,232 [INFO] DbMcusXml:78 - Set database path to: C:\ST\STM32CubeIDE_1.15.1\STM32CubeIDE\plugins\com.st.stm32cube.common.mx_6.11.1.202404110753\\db\/mcu/
2024-09-19 21:43:55,232 [INFO] ApiDb:274 - Set plugin database path to: C:\ST\STM32CubeIDE_1.15.1\STM32CubeIDE\plugins\com.st.stm32cube.common.mx_6.11.1.202404110753\\db\/plugins/boardmanager/
2024-09-19 21:43:55,232 [INFO] ApiDb:261 - Set plugin images path to: C:\ST\STM32CubeIDE_1.15.1\STM32CubeIDE\plugins\com.st.stm32cube.common.mx_6.11.1.202404110753\\db\/plugins/mcufinder/images/
2024-09-19 21:43:55,233 [WARN] DbFile:41 - Overriding database path with different value: C:\Users\marcelo\.stmcufinder\plugins\mcufinder/ => C:\Users\marcelo\.stmcufinder\plugins\mcufinder
2024-09-19 21:43:55,234 [INFO] ApiDb:250 - Set database path to: C:\Users\marcelo\.stmcufinder\plugins\mcufinder//mcu/
2024-09-19 21:43:55,234 [WARN] DbFile:41 - Overriding database path with different value: C:\Users\marcelo\.stmcufinder\plugins\mcufinder/ => C:\Users\marcelo\.stmcufinder\plugins\mcufinder
2024-09-19 21:43:55,234 [INFO] DbMcusAds:125 - Set database path to: C:\Users\marcelo\.stmcufinder\plugins\mcufinder//mcu/
2024-09-19 21:43:55,234 [WARN] DbFile:41 - Overriding database path with different value: C:\Users\marcelo\.stmcufinder\plugins\mcufinder/ => C:\Users\marcelo\.stmcufinder\plugins\mcufinder
2024-09-19 21:43:55,235 [WARN] DbFile:41 - Overriding database path with different value: C:\Users\marcelo\.stmcufinder\plugins\mcufinder/ => C:\Users\marcelo\.stmcufinder\plugins\mcufinder
2024-09-19 21:43:55,235 [INFO] CrossReferenceDbSqlite:203 - Set database path to: C:\Users\marcelo\.stmcufinder\plugins\mcufinder//mcu/cs/
2024-09-19 21:43:55,344 [INFO] ApplicationProperties:184 - Using Application install path: C:\ST\STM32CubeIDE_1.15.1\STM32CubeIDE\plugins\com.st.stm32cube.common.mx_6.11.1.202404110753
2024-09-19 21:43:55,357 [INFO] PluginManage:196 - Search for loadable plugins [exclusion list=, ]
2024-09-19 21:43:55,418 [INFO] PluginManage:310 - Check plugin analytics
2024-09-19 21:44:00,648 [INFO] AnalyticsPlugin:253 - Accepted Software Licenses: STM32CubeMX.5.6.1
2024-09-19 21:44:00,649 [INFO] AnalyticsPlugin:255 - Accepted CMSIS Pack Licenses: 
2024-09-19 21:44:00,649 [INFO] AnalyticsPlugin:257 - Accepted Firmware Licenses: 
2024-09-19 21:44:00,654 [INFO] PluginManage:359 - Loaded plugin analytics (category:tool,tabindex:-1)
2024-09-19 21:44:00,654 [INFO] PluginManage:310 - Check plugin cadmodel
2024-09-19 21:44:00,729 [INFO] CADModel:105 - Init CAD model plugin
2024-09-19 21:44:00,729 [INFO] PluginManage:359 - Loaded plugin cadmodel (category:power,tabindex:5)
2024-09-19 21:44:00,730 [INFO] PluginManage:310 - Check plugin clock
2024-09-19 21:44:00,758 [INFO] PluginManage:359 - Loaded plugin clock (category:base,tabindex:2)
2024-09-19 21:44:00,758 [INFO] PluginManage:310 - Check plugin ddr
2024-09-19 21:44:00,800 [INFO] PluginManage:359 - Loaded plugin ddr (category:tool,tabindex:6)
2024-09-19 21:44:00,800 [INFO] PluginManage:310 - Check plugin filemanager
2024-09-19 21:44:02,500 [INFO] PluginManage:359 - Loaded plugin filemanager (category:base,tabindex:10)
2024-09-19 21:44:02,501 [INFO] PluginManage:310 - Check plugin ipmanager
2024-09-19 21:44:02,770 [INFO] PluginManage:359 - Loaded plugin ipmanager (category:base,tabindex:5)
2024-09-19 21:44:02,770 [INFO] PluginManage:310 - Check plugin lpbam
2024-09-19 21:44:02,913 [INFO] PluginManage:359 - Loaded plugin lpbam (category:base,tabindex:0)
2024-09-19 21:44:02,914 [INFO] PluginManage:310 - Check plugin memorymap
2024-09-19 21:44:03,037 [INFO] PluginManage:359 - Loaded plugin memorymap (category:base,tabindex:4)
2024-09-19 21:44:03,038 [INFO] PluginManage:310 - Check plugin pinoutandconfiguration
2024-09-19 21:44:03,103 [INFO] PluginManage:359 - Loaded plugin pinoutandconfiguration (category:base,tabindex:1)
2024-09-19 21:44:03,104 [INFO] PluginManage:310 - Check plugin pinoutconfig
2024-09-19 21:44:03,470 [WARN] SupportedApi:132 - Cannot load RTOS API schema: s4s-elt-must-match.1: The content of 'definitions' must match (annotation?, (simpleType | complexType)?, (unique | key | keyref)*)). A problem was found starting at: attribute.
2024-09-19 21:44:03,778 [INFO] PluginManage:359 - Loaded plugin pinoutconfig (category:base,tabindex:0)
2024-09-19 21:44:03,778 [INFO] PluginManage:310 - Check plugin power
2024-09-19 21:44:03,879 [INFO] PluginManage:359 - Loaded plugin power (category:power,tabindex:4)
2024-09-19 21:44:03,879 [INFO] PluginManage:310 - Check plugin projectmanager
2024-09-19 21:44:03,971 [INFO] PluginManage:359 - Loaded plugin projectmanager (category:projectmanager,tabindex:3)
2024-09-19 21:44:03,971 [INFO] PluginManage:310 - Check plugin thirdparty
2024-09-19 21:44:04,891 [INFO] PluginManage:359 - Loaded plugin thirdparty (category:base,tabindex:-1)
2024-09-19 21:44:04,891 [WARN] IntegrityCheckThread:84 - waiting for thirdparty lock release [integrity check]
2024-09-19 21:44:04,892 [INFO] PluginManage:310 - Check plugin tools
2024-09-19 21:44:04,892 [INFO] IntegrityCheckThread:86 - entering critical section [integrity check]
2024-09-19 21:44:04,893 [INFO] ThirdPartyUpdaterWithRetryManager:70 - Updater plugin not ready yet. [1/15]
2024-09-19 21:44:04,906 [INFO] PluginManage:359 - Loaded plugin tools (category:base,tabindex:7)
2024-09-19 21:44:04,907 [INFO] PluginManage:310 - Check plugin tutovideos
2024-09-19 21:44:05,679 [INFO] PluginManage:359 - Loaded plugin tutovideos (category:base,tabindex:-1)
2024-09-19 21:44:05,679 [INFO] PluginManage:310 - Check plugin updater
2024-09-19 21:44:05,716 [INFO] PluginManage:359 - Loaded plugin updater (category:base,tabindex:12)
2024-09-19 21:44:05,717 [INFO] PluginManage:310 - Check plugin userauth
2024-09-19 21:44:05,749 [INFO] UserAuth:114 - Init User Auth plugin
2024-09-19 21:44:05,749 [INFO] PluginManage:359 - Loaded plugin userauth (category:base,tabindex:14)
2024-09-19 21:44:05,751 [INFO] PluginManage:283 - PluginManage : Loaded plugins [17]
2024-09-19 21:44:06,961 [INFO] PinOutPanel:1561 - setPackage(No Configuration,No Configuration)
2024-09-19 21:44:07,629 [INFO] CADModel:165 - CPN selected for project level
2024-09-19 21:44:07,629 [INFO] CADModel:114 - Register for checkConnection events
2024-09-19 21:44:07,736 [INFO] IPUIPlugin:80 - create IPUIPlugin
2024-09-19 21:44:07,736 [INFO] PluginManager:220 - loadIPPluginJar : add adc
2024-09-19 21:44:07,759 [INFO] IPUIPlugin:80 - create IPUIPlugin
2024-09-19 21:44:07,759 [INFO] PluginManager:220 - loadIPPluginJar : add aes
2024-09-19 21:44:07,778 [INFO] IPUIPlugin:80 - create IPUIPlugin
2024-09-19 21:44:07,779 [INFO] PluginManager:220 - loadIPPluginJar : add can
2024-09-19 21:44:07,862 [INFO] IPUIPlugin:80 - create IPUIPlugin
2024-09-19 21:44:07,862 [INFO] PluginManager:220 - loadIPPluginJar : add comp
2024-09-19 21:44:07,884 [INFO] IPUIPlugin:80 - create IPUIPlugin
2024-09-19 21:44:07,884 [INFO] PluginManager:220 - loadIPPluginJar : add cryp
2024-09-19 21:44:07,894 [INFO] ThirdPartyUpdaterWithRetryManager:70 - Updater plugin not ready yet. [2/15]
2024-09-19 21:44:07,905 [INFO] IPUIPlugin:80 - create IPUIPlugin
2024-09-19 21:44:07,905 [INFO] PluginManager:220 - loadIPPluginJar : add dfsdm
2024-09-19 21:44:07,933 [INFO] IPUIPlugin:80 - create IPUIPlugin
2024-09-19 21:44:07,934 [INFO] PluginManager:220 - loadIPPluginJar : add dma
2024-09-19 21:44:08,041 [INFO] IPUIPlugin:80 - create IPUIPlugin
2024-09-19 21:44:08,041 [INFO] PluginManager:220 - loadIPPluginJar : add dma3
2024-09-19 21:44:08,060 [INFO] IPUIPlugin:80 - create IPUIPlugin
2024-09-19 21:44:08,061 [INFO] PluginManager:220 - loadIPPluginJar : add extmemmanager
2024-09-19 21:44:08,078 [INFO] IPUIPlugin:80 - create IPUIPlugin
2024-09-19 21:44:08,079 [INFO] PluginManager:220 - loadIPPluginJar : add fatfs
2024-09-19 21:44:08,098 [INFO] IPUIPlugin:80 - create IPUIPlugin
2024-09-19 21:44:08,099 [INFO] PluginManager:220 - loadIPPluginJar : add fmc
2024-09-19 21:44:08,162 [INFO] IPUIPlugin:80 - create IPUIPlugin
2024-09-19 21:44:08,162 [INFO] PluginManager:220 - loadIPPluginJar : add freertos
2024-09-19 21:44:08,200 [INFO] IPUIPlugin:80 - create IPUIPlugin
2024-09-19 21:44:08,200 [INFO] PluginManager:220 - loadIPPluginJar : add genericplugin
2024-09-19 21:44:08,223 [INFO] IPUIPlugin:80 - create IPUIPlugin
2024-09-19 21:44:08,223 [INFO] PluginManager:220 - loadIPPluginJar : add gfxmmu
2024-09-19 21:44:08,234 [INFO] IPUIPlugin:80 - create IPUIPlugin
2024-09-19 21:44:08,234 [INFO] PluginManager:220 - loadIPPluginJar : add gic
2024-09-19 21:44:08,266 [INFO] IPUIPlugin:80 - create IPUIPlugin
2024-09-19 21:44:08,267 [INFO] PluginManager:220 - loadIPPluginJar : add gpio
2024-09-19 21:44:08,320 [INFO] IPUIPlugin:80 - create IPUIPlugin
2024-09-19 21:44:08,321 [INFO] PluginManager:220 - loadIPPluginJar : add gtzc
2024-09-19 21:44:08,340 [INFO] IPUIPlugin:80 - create IPUIPlugin
2024-09-19 21:44:08,340 [INFO] PluginManager:220 - loadIPPluginJar : add hash
2024-09-19 21:44:08,361 [INFO] IPUIPlugin:80 - create IPUIPlugin
2024-09-19 21:44:08,362 [INFO] PluginManager:220 - loadIPPluginJar : add i2c
2024-09-19 21:44:08,422 [INFO] IPUIPlugin:80 - create IPUIPlugin
2024-09-19 21:44:08,423 [INFO] PluginManager:220 - loadIPPluginJar : add i2s
2024-09-19 21:44:08,433 [INFO] IPUIPlugin:80 - create IPUIPlugin
2024-09-19 21:44:08,434 [INFO] PluginManager:220 - loadIPPluginJar : add i3c
2024-09-19 21:44:08,464 [INFO] IPUIPlugin:80 - create IPUIPlugin
2024-09-19 21:44:08,464 [INFO] PluginManager:220 - loadIPPluginJar : add ipddr
2024-09-19 21:44:08,510 [INFO] IPUIPlugin:80 - create IPUIPlugin
2024-09-19 21:44:08,511 [INFO] PluginManager:220 - loadIPPluginJar : add linkedlist
2024-09-19 21:44:08,528 [INFO] IPUIPlugin:80 - create IPUIPlugin
2024-09-19 21:44:08,528 [INFO] PluginManager:220 - loadIPPluginJar : add lorawan
2024-09-19 21:44:08,543 [INFO] IPUIPlugin:80 - create IPUIPlugin
2024-09-19 21:44:08,543 [INFO] PluginManager:220 - loadIPPluginJar : add ltdc
2024-09-19 21:44:08,584 [INFO] IPUIPlugin:80 - create IPUIPlugin
2024-09-19 21:44:08,584 [INFO] PluginManager:220 - loadIPPluginJar : add mdma
2024-09-19 21:44:08,637 [INFO] IPUIPlugin:80 - create IPUIPlugin
2024-09-19 21:44:08,638 [INFO] PluginManager:220 - loadIPPluginJar : add nvic
2024-09-19 21:44:08,660 [INFO] IPUIPlugin:80 - create IPUIPlugin
2024-09-19 21:44:08,660 [INFO] PluginManager:220 - loadIPPluginJar : add opamp
2024-09-19 21:44:08,679 [INFO] IPUIPlugin:80 - create IPUIPlugin
2024-09-19 21:44:08,679 [INFO] PluginManager:220 - loadIPPluginJar : add openamp
2024-09-19 21:44:08,795 [INFO] IPUIPlugin:80 - create IPUIPlugin
2024-09-19 21:44:08,795 [INFO] PluginManager:220 - loadIPPluginJar : add pdm2pcm
2024-09-19 21:44:08,825 [INFO] IPUIPlugin:80 - create IPUIPlugin
2024-09-19 21:44:08,830 [INFO] PluginManager:220 - loadIPPluginJar : add plateformsettings
2024-09-19 21:44:08,845 [INFO] IPUIPlugin:80 - create IPUIPlugin
2024-09-19 21:44:08,845 [INFO] PluginManager:220 - loadIPPluginJar : add quadspi
2024-09-19 21:44:08,873 [INFO] IPUIPlugin:80 - create IPUIPlugin
2024-09-19 21:44:08,873 [INFO] PluginManager:220 - loadIPPluginJar : add resmgrutility
2024-09-19 21:44:08,895 [INFO] IPUIPlugin:80 - create IPUIPlugin
2024-09-19 21:44:08,895 [INFO] PluginManager:220 - loadIPPluginJar : add sai
2024-09-19 21:44:08,954 [INFO] IPUIPlugin:80 - create IPUIPlugin
2024-09-19 21:44:08,955 [INFO] PluginManager:220 - loadIPPluginJar : add spi
2024-09-19 21:44:09,009 [INFO] IPUIPlugin:80 - create IPUIPlugin
2024-09-19 21:44:09,010 [INFO] PluginManager:220 - loadIPPluginJar : add stm32_wpan
2024-09-19 21:44:09,020 [INFO] IPUIPlugin:80 - create IPUIPlugin
2024-09-19 21:44:09,020 [INFO] PluginManager:220 - loadIPPluginJar : add tim
2024-09-19 21:44:09,212 [INFO] IPUIPlugin:80 - create IPUIPlugin
2024-09-19 21:44:09,213 [INFO] PluginManager:220 - loadIPPluginJar : add touchsensing
2024-09-19 21:44:09,235 [INFO] IPUIPlugin:80 - create IPUIPlugin
2024-09-19 21:44:09,235 [INFO] PluginManager:220 - loadIPPluginJar : add tracer_emb
2024-09-19 21:44:09,240 [INFO] IPUIPlugin:80 - create IPUIPlugin
2024-09-19 21:44:09,240 [INFO] PluginManager:220 - loadIPPluginJar : add ts
2024-09-19 21:44:09,244 [INFO] IPUIPlugin:80 - create IPUIPlugin
2024-09-19 21:44:09,244 [INFO] PluginManager:220 - loadIPPluginJar : add tsc
2024-09-19 21:44:09,258 [INFO] IPUIPlugin:80 - create IPUIPlugin
2024-09-19 21:44:09,259 [INFO] PluginManager:220 - loadIPPluginJar : add ucpd
2024-09-19 21:44:09,269 [INFO] IPUIPlugin:80 - create IPUIPlugin
2024-09-19 21:44:09,270 [INFO] PluginManager:220 - loadIPPluginJar : add usart
2024-09-19 21:44:09,284 [INFO] IPUIPlugin:80 - create IPUIPlugin
2024-09-19 21:44:09,284 [INFO] PluginManager:220 - loadIPPluginJar : add usbx
2024-09-19 21:44:09,556 [INFO] CADModel:165 - CPN selected for project level
2024-09-19 21:44:09,556 [INFO] CADModel:114 - Register for checkConnection events
2024-09-19 21:44:09,557 [FATAL] Updater:308 - Updater called before beeing initialized
2024-09-19 21:44:09,557 [ERROR] CADModel:125 - Updater not yet initialized, retry later 
2024-09-19 21:44:10,290 [INFO] CADModel:165 - CPN selected for project level
2024-09-19 21:44:10,290 [INFO] CADModel:114 - Register for checkConnection events
2024-09-19 21:44:10,291 [FATAL] Updater:308 - Updater called before beeing initialized
2024-09-19 21:44:10,291 [ERROR] CADModel:125 - Updater not yet initialized, retry later 
2024-09-19 21:44:10,310 [FATAL] Updater:308 - Updater called before beeing initialized
2024-09-19 21:44:10,772 [FATAL] Updater:308 - Updater called before beeing initialized
2024-09-19 21:44:10,863 [INFO] DbMcusAds:53 - JSON generation date=Thu May 16 06:22:00 ART 2024 (1715851320667)
2024-09-19 21:44:10,864 [FATAL] Updater:308 - Updater called before beeing initialized
2024-09-19 21:44:10,895 [INFO] ThirdPartyUpdaterWithRetryManager:70 - Updater plugin not ready yet. [3/15]
2024-09-19 21:44:11,208 [WARN] DetailPanel:346 - Failed to get advertising image, set to default
2024-09-19 21:44:11,452 [FATAL] Updater:308 - Updater called before beeing initialized
2024-09-19 21:44:11,464 [FATAL] Updater:308 - Updater called before beeing initialized
2024-09-19 21:44:11,465 [FATAL] Updater:308 - Updater called before beeing initialized
2024-09-19 21:44:11,465 [WARN] DetailPanel:346 - Failed to get advertising image, set to default
2024-09-19 21:44:11,467 [FATAL] Updater:308 - Updater called before beeing initialized
2024-09-19 21:44:11,728 [ERROR] Updater:1120 - MainUpdater not yet initialized. External WinMGr cannot be set.
2024-09-19 21:44:11,743 [INFO] Updater:1056 - Updater Version found : 6.11.1
2024-09-19 21:44:11,802 [INFO] ApplicationProperties:184 - Using Application install path: C:\ST\STM32CubeIDE_1.15.1\STM32CubeIDE\plugins\com.st.stm32cube.common.mx_6.11.1.202404110753
2024-09-19 21:44:13,896 [ERROR] LogOutputStream:75 - [STDERR_REDIRECT] Sep 19, 2024 9:44:13 PM java.util.prefs.WindowsPreferences <init>
2024-09-19 21:44:13,897 [FATAL] Updater:308 - Updater called before beeing initialized
2024-09-19 21:44:13,897 [ERROR] IntegrityCheckThread:130 - Cannot retrieve database content from updater: error 21
2024-09-19 21:44:13,898 [INFO] ThirdParty:978 - Integrity check success = false
2024-09-19 21:44:13,898 [INFO] IntegrityCheckThread:100 - exiting critical section [integrity check]
2024-09-19 21:44:13,898 [INFO] IntegrityCheckThread:103 - End integrity checks thread
2024-09-19 21:44:13,904 [ERROR] LogOutputStream:75 - [STDERR_REDIRECT] WARNING: Could not open/create prefs root node Software\JavaSoft\Prefs at root 0xffffffff80000002. Windows RegCreateKeyEx(...) returned error code 5.
2024-09-19 21:44:13,904 [ERROR] LogOutputStream:75 - [STDERR_REDIRECT] 
2024-09-19 21:44:15,264 [INFO] MainUpdater:2873 - connection check result : 10
2024-09-19 21:44:15,265 [INFO] MainUpdater:3567 - Updater definition file requires update
2024-09-19 21:44:15,267 [INFO] MainUpdater:290 - Updater Check For Update Now.
2024-09-19 21:44:15,267 [INFO] MicroXplorer:498 - Change Database Version : DB.6.0.111
2024-09-19 21:44:15,394 [INFO] McuFinderGlobals:63 - Set McuFinder mode to 2 (CubeIDE integrated)
2024-09-19 21:44:15,395 [INFO] UserAuth:179 - activating auth plugin
2024-09-19 21:44:15,417 [INFO] UserAuth:415 - Internet connection configuration mode: 1
2024-09-19 21:44:15,473 [INFO] ServerAccessManage:473 - Download File updaters.zip
2024-09-19 21:44:15,606 [INFO] JxBrowserEngine:152 - Initiate JxBrowser Engine with user profile folder
2024-09-19 21:44:15,860 [INFO] FileExtend:240 - Unzip File : updaters.zip
2024-09-19 21:44:15,861 [INFO] FileExtend:255 - Standard Zip Deflate
2024-09-19 21:44:16,748 [ERROR] JxBrowserEngine:70 - Can't initiate JxBrowser engine com.teamdev.jxbrowser.os.EnvironmentException: Unsupported operating system. Supported OS: Windows 10 and higher, Windows Server 2016 and higher, macOS 10.13 and higher, Linux 64-bit. Current OS: Windows 8.1, version: 6.3
2024-09-19 21:44:19,543 [INFO] ServerAccessManage:473 - Download File PacksControlFlags.xml
2024-09-19 21:44:19,922 [INFO] ServerAccessManage:473 - Download File cubemx.pidx
2024-09-19 21:44:23,403 [INFO] ServerAccessManage:473 - Download File STMicroelectronics.X-CUBE-GNSS1.pdsc
2024-09-19 21:44:25,778 [ERROR] ServerAccessManage:1089 - Problem, file not found on Server
2024-09-19 21:44:26,730 [ERROR] ServerAccessManage:1089 - Problem, file not found on Server
2024-09-19 21:44:27,887 [ERROR] ServerAccessManage:1089 - Problem, file not found on Server
2024-09-19 21:44:29,249 [ERROR] ServerAccessManage:1089 - Problem, file not found on Server
2024-09-19 21:44:29,890 [ERROR] ServerAccessManage:1089 - Problem, file not found on Server
2024-09-19 21:44:31,191 [ERROR] ServerAccessManage:1089 - Problem, file not found on Server
2024-09-19 21:44:31,424 [INFO] ServerAccessManage:473 - Download File STMicroelectronics.X-CUBE-ISPU.pdsc
2024-09-19 21:44:36,699 [WARN] PackLoader:240 - Cannot read IP mode file for STMicroelectronics.X-CUBE-GNSS1.7.0.0
2024-09-19 21:44:36,809 [WARN] PackLoader:240 - Cannot read IP mode file for STMicroelectronics.X-CUBE-ISPU.2.1.0
2024-09-19 21:44:36,814 [INFO] PopulateThirdPartyThread:66 - Ending populate Thread
2024-09-19 21:44:36,835 [INFO] ThirdParty:1030 - CMSIS Pack Vendor :STMicroelectronics X-CUBE-GNSS1 7.0.0
2024-09-19 21:44:36,835 [INFO] ThirdParty:1030 - CMSIS Pack Vendor :STMicroelectronics X-CUBE-ISPU 2.1.0
2024-09-19 21:44:36,836 [INFO] LoadServerUpdatesThread:375 - End of LoadServerUpdate Thread
2024-09-19 21:44:37,001 [INFO] CheckServerUpdateThread:120 - End of CheckServer Thread
2024-09-19 21:54:35,937 [ERROR] LogOutputStream:75 - [STDERR_REDIRECT] 
2024-09-19 21:54:55,347 [INFO] Activator:176 - 


2024-09-19 21:54:55,351 [INFO] Activator:177 - !SESSION log4j initialized
2024-09-19 21:55:07,862 [INFO] LogOutputStream:77 - [STDOUT_REDIRECT] 
2024-09-19 21:55:15,452 [INFO] ApplicationProperties:184 - Using Application install path: C:\ST\STM32CubeIDE_1.15.1\STM32CubeIDE\plugins\com.st.stm32cube.common.mx_6.11.1.202404110753
2024-09-19 21:55:15,519 [INFO] DbMcusXml:78 - Set database path to: C:\ST\STM32CubeIDE_1.15.1\STM32CubeIDE\plugins\com.st.stm32cube.common.mx_6.11.1.202404110753\\db\/mcu/
2024-09-19 21:55:15,519 [INFO] ApiDb:274 - Set plugin database path to: C:\ST\STM32CubeIDE_1.15.1\STM32CubeIDE\plugins\com.st.stm32cube.common.mx_6.11.1.202404110753\\db\/plugins/boardmanager/
2024-09-19 21:55:15,520 [WARN] ApiDb:259 - Overriding images path with different value:  => C:\ST\STM32CubeIDE_1.15.1\STM32CubeIDE\plugins\com.st.stm32cube.common.mx_6.11.1.202404110753\\db\/plugins/mcufinder/images/
2024-09-19 21:55:15,535 [INFO] ApiDb:250 - Set database path to: C:\Users\marcelo\.stmcufinder\plugins\mcufinder//mcu/
2024-09-19 21:55:15,538 [INFO] DbMcusAds:125 - Set database path to: C:\Users\marcelo\.stmcufinder\plugins\mcufinder//mcu/
2024-09-19 21:55:15,543 [INFO] CrossReferenceDbSqlite:203 - Set database path to: C:\Users\marcelo\.stmcufinder\plugins\mcufinder//mcu/cs/
2024-09-19 21:55:15,792 [INFO] RulesReader:64 - Compatibility file has been processed (297 Rules)
2024-09-19 21:55:16,034 [INFO] DbMcusXml:78 - Set database path to: C:\ST\STM32CubeIDE_1.15.1\STM32CubeIDE\plugins\com.st.stm32cube.common.mx_6.11.1.202404110753\\db\/mcu/
2024-09-19 21:55:16,035 [INFO] ApiDb:274 - Set plugin database path to: C:\ST\STM32CubeIDE_1.15.1\STM32CubeIDE\plugins\com.st.stm32cube.common.mx_6.11.1.202404110753\\db\/plugins/boardmanager/
2024-09-19 21:55:16,035 [INFO] ApiDb:261 - Set plugin images path to: C:\ST\STM32CubeIDE_1.15.1\STM32CubeIDE\plugins\com.st.stm32cube.common.mx_6.11.1.202404110753\\db\/plugins/mcufinder/images/
2024-09-19 21:55:16,036 [WARN] DbFile:41 - Overriding database path with different value: C:\Users\marcelo\.stmcufinder\plugins\mcufinder/ => C:\Users\marcelo\.stmcufinder\plugins\mcufinder
2024-09-19 21:55:16,036 [INFO] ApiDb:250 - Set database path to: C:\Users\marcelo\.stmcufinder\plugins\mcufinder//mcu/
2024-09-19 21:55:16,036 [WARN] DbFile:41 - Overriding database path with different value: C:\Users\marcelo\.stmcufinder\plugins\mcufinder/ => C:\Users\marcelo\.stmcufinder\plugins\mcufinder
2024-09-19 21:55:16,037 [INFO] DbMcusAds:125 - Set database path to: C:\Users\marcelo\.stmcufinder\plugins\mcufinder//mcu/
2024-09-19 21:55:16,037 [WARN] DbFile:41 - Overriding database path with different value: C:\Users\marcelo\.stmcufinder\plugins\mcufinder/ => C:\Users\marcelo\.stmcufinder\plugins\mcufinder
2024-09-19 21:55:16,037 [WARN] DbFile:41 - Overriding database path with different value: C:\Users\marcelo\.stmcufinder\plugins\mcufinder/ => C:\Users\marcelo\.stmcufinder\plugins\mcufinder
2024-09-19 21:55:16,037 [INFO] CrossReferenceDbSqlite:203 - Set database path to: C:\Users\marcelo\.stmcufinder\plugins\mcufinder//mcu/cs/
2024-09-19 21:55:16,255 [INFO] MainPanel:264 - HeapMemory: 268435456
2024-09-19 21:55:16,411 [INFO] DbMcusXml:78 - Set database path to: C:\ST\STM32CubeIDE_1.15.1\STM32CubeIDE\plugins\com.st.stm32cube.common.mx_6.11.1.202404110753\\db\/mcu/
2024-09-19 21:55:16,411 [INFO] ApiDb:274 - Set plugin database path to: C:\ST\STM32CubeIDE_1.15.1\STM32CubeIDE\plugins\com.st.stm32cube.common.mx_6.11.1.202404110753\\db\/plugins/boardmanager/
2024-09-19 21:55:16,411 [INFO] ApiDb:261 - Set plugin images path to: C:\ST\STM32CubeIDE_1.15.1\STM32CubeIDE\plugins\com.st.stm32cube.common.mx_6.11.1.202404110753\\db\/plugins/mcufinder/images/
2024-09-19 21:55:16,412 [WARN] DbFile:41 - Overriding database path with different value: C:\Users\marcelo\.stmcufinder\plugins\mcufinder/ => C:\Users\marcelo\.stmcufinder\plugins\mcufinder
2024-09-19 21:55:16,413 [INFO] ApiDb:250 - Set database path to: C:\Users\marcelo\.stmcufinder\plugins\mcufinder//mcu/
2024-09-19 21:55:16,413 [WARN] DbFile:41 - Overriding database path with different value: C:\Users\marcelo\.stmcufinder\plugins\mcufinder/ => C:\Users\marcelo\.stmcufinder\plugins\mcufinder
2024-09-19 21:55:16,413 [INFO] DbMcusAds:125 - Set database path to: C:\Users\marcelo\.stmcufinder\plugins\mcufinder//mcu/
2024-09-19 21:55:16,414 [WARN] DbFile:41 - Overriding database path with different value: C:\Users\marcelo\.stmcufinder\plugins\mcufinder/ => C:\Users\marcelo\.stmcufinder\plugins\mcufinder
2024-09-19 21:55:16,414 [WARN] DbFile:41 - Overriding database path with different value: C:\Users\marcelo\.stmcufinder\plugins\mcufinder/ => C:\Users\marcelo\.stmcufinder\plugins\mcufinder
2024-09-19 21:55:16,414 [INFO] CrossReferenceDbSqlite:203 - Set database path to: C:\Users\marcelo\.stmcufinder\plugins\mcufinder//mcu/cs/
2024-09-19 21:55:16,450 [INFO] ApplicationProperties:184 - Using Application install path: C:\ST\STM32CubeIDE_1.15.1\STM32CubeIDE\plugins\com.st.stm32cube.common.mx_6.11.1.202404110753
2024-09-19 21:55:16,453 [INFO] PluginManage:196 - Search for loadable plugins [exclusion list=, ]
2024-09-19 21:55:16,455 [INFO] PluginManage:310 - Check plugin analytics
2024-09-19 21:55:21,356 [INFO] AnalyticsPlugin:253 - Accepted Software Licenses: STM32CubeMX.5.6.1
2024-09-19 21:55:21,357 [INFO] AnalyticsPlugin:255 - Accepted CMSIS Pack Licenses: 
2024-09-19 21:55:21,362 [INFO] AnalyticsPlugin:257 - Accepted Firmware Licenses: 
2024-09-19 21:55:21,370 [INFO] PluginManage:359 - Loaded plugin analytics (category:tool,tabindex:-1)
2024-09-19 21:55:21,371 [INFO] PluginManage:310 - Check plugin cadmodel
2024-09-19 21:55:21,379 [INFO] CADModel:105 - Init CAD model plugin
2024-09-19 21:55:21,379 [INFO] PluginManage:359 - Loaded plugin cadmodel (category:power,tabindex:5)
2024-09-19 21:55:21,380 [INFO] PluginManage:310 - Check plugin clock
2024-09-19 21:55:21,399 [INFO] PluginManage:359 - Loaded plugin clock (category:base,tabindex:2)
2024-09-19 21:55:21,399 [INFO] PluginManage:310 - Check plugin ddr
2024-09-19 21:55:21,404 [INFO] PluginManage:359 - Loaded plugin ddr (category:tool,tabindex:6)
2024-09-19 21:55:21,404 [INFO] PluginManage:310 - Check plugin filemanager
2024-09-19 21:55:21,730 [INFO] PluginManage:359 - Loaded plugin filemanager (category:base,tabindex:10)
2024-09-19 21:55:21,730 [INFO] PluginManage:310 - Check plugin ipmanager
2024-09-19 21:55:21,748 [INFO] PluginManage:359 - Loaded plugin ipmanager (category:base,tabindex:5)
2024-09-19 21:55:21,749 [INFO] PluginManage:310 - Check plugin lpbam
2024-09-19 21:55:21,768 [INFO] PluginManage:359 - Loaded plugin lpbam (category:base,tabindex:0)
2024-09-19 21:55:21,768 [INFO] PluginManage:310 - Check plugin memorymap
2024-09-19 21:55:21,792 [INFO] PluginManage:359 - Loaded plugin memorymap (category:base,tabindex:4)
2024-09-19 21:55:21,792 [INFO] PluginManage:310 - Check plugin pinoutandconfiguration
2024-09-19 21:55:21,808 [INFO] PluginManage:359 - Loaded plugin pinoutandconfiguration (category:base,tabindex:1)
2024-09-19 21:55:21,808 [INFO] PluginManage:310 - Check plugin pinoutconfig
2024-09-19 21:55:22,034 [WARN] SupportedApi:132 - Cannot load RTOS API schema: s4s-elt-must-match.1: The content of 'definitions' must match (annotation?, (simpleType | complexType)?, (unique | key | keyref)*)). A problem was found starting at: attribute.
2024-09-19 21:55:22,329 [INFO] PluginManage:359 - Loaded plugin pinoutconfig (category:base,tabindex:0)
2024-09-19 21:55:22,329 [INFO] PluginManage:310 - Check plugin power
2024-09-19 21:55:22,352 [INFO] PluginManage:359 - Loaded plugin power (category:power,tabindex:4)
2024-09-19 21:55:22,352 [INFO] PluginManage:310 - Check plugin projectmanager
2024-09-19 21:55:22,404 [INFO] PluginManage:359 - Loaded plugin projectmanager (category:projectmanager,tabindex:3)
2024-09-19 21:55:22,405 [INFO] PluginManage:310 - Check plugin thirdparty
2024-09-19 21:55:22,773 [INFO] PluginManage:359 - Loaded plugin thirdparty (category:base,tabindex:-1)
2024-09-19 21:55:22,773 [INFO] PluginManage:310 - Check plugin tools
2024-09-19 21:55:22,778 [INFO] PluginManage:359 - Loaded plugin tools (category:base,tabindex:7)
2024-09-19 21:55:22,779 [INFO] PluginManage:310 - Check plugin tutovideos
2024-09-19 21:55:22,793 [WARN] IntegrityCheckThread:84 - waiting for thirdparty lock release [integrity check]
2024-09-19 21:55:22,795 [INFO] IntegrityCheckThread:86 - entering critical section [integrity check]
2024-09-19 21:55:22,798 [INFO] ThirdPartyUpdaterWithRetryManager:70 - Updater plugin not ready yet. [1/15]
2024-09-19 21:55:23,125 [INFO] PluginManage:359 - Loaded plugin tutovideos (category:base,tabindex:-1)
2024-09-19 21:55:23,125 [INFO] PluginManage:310 - Check plugin updater
2024-09-19 21:55:23,145 [INFO] PluginManage:359 - Loaded plugin updater (category:base,tabindex:12)
2024-09-19 21:55:23,146 [INFO] PluginManage:310 - Check plugin userauth
2024-09-19 21:55:23,156 [INFO] UserAuth:114 - Init User Auth plugin
2024-09-19 21:55:23,156 [INFO] PluginManage:359 - Loaded plugin userauth (category:base,tabindex:14)
2024-09-19 21:55:23,157 [INFO] PluginManage:283 - PluginManage : Loaded plugins [17]
2024-09-19 21:55:23,615 [INFO] PinOutPanel:1561 - setPackage(No Configuration,No Configuration)
2024-09-19 21:55:23,803 [INFO] CADModel:165 - CPN selected for project level
2024-09-19 21:55:23,804 [INFO] CADModel:114 - Register for checkConnection events
2024-09-19 21:55:23,840 [INFO] IPUIPlugin:80 - create IPUIPlugin
2024-09-19 21:55:23,841 [INFO] PluginManager:220 - loadIPPluginJar : add adc
2024-09-19 21:55:23,848 [INFO] IPUIPlugin:80 - create IPUIPlugin
2024-09-19 21:55:23,848 [INFO] PluginManager:220 - loadIPPluginJar : add aes
2024-09-19 21:55:23,856 [INFO] IPUIPlugin:80 - create IPUIPlugin
2024-09-19 21:55:23,856 [INFO] PluginManager:220 - loadIPPluginJar : add can
2024-09-19 21:55:23,861 [INFO] IPUIPlugin:80 - create IPUIPlugin
2024-09-19 21:55:23,861 [INFO] PluginManager:220 - loadIPPluginJar : add comp
2024-09-19 21:55:23,868 [INFO] IPUIPlugin:80 - create IPUIPlugin
2024-09-19 21:55:23,868 [INFO] PluginManager:220 - loadIPPluginJar : add cryp
2024-09-19 21:55:23,875 [INFO] IPUIPlugin:80 - create IPUIPlugin
2024-09-19 21:55:23,875 [INFO] PluginManager:220 - loadIPPluginJar : add dfsdm
2024-09-19 21:55:23,887 [INFO] IPUIPlugin:80 - create IPUIPlugin
2024-09-19 21:55:23,888 [INFO] PluginManager:220 - loadIPPluginJar : add dma
2024-09-19 21:55:23,893 [INFO] IPUIPlugin:80 - create IPUIPlugin
2024-09-19 21:55:23,894 [INFO] PluginManager:220 - loadIPPluginJar : add dma3
2024-09-19 21:55:23,901 [INFO] IPUIPlugin:80 - create IPUIPlugin
2024-09-19 21:55:23,901 [INFO] PluginManager:220 - loadIPPluginJar : add extmemmanager
2024-09-19 21:55:23,906 [INFO] IPUIPlugin:80 - create IPUIPlugin
2024-09-19 21:55:23,906 [INFO] PluginManager:220 - loadIPPluginJar : add fatfs
2024-09-19 21:55:23,916 [INFO] IPUIPlugin:80 - create IPUIPlugin
2024-09-19 21:55:23,916 [INFO] PluginManager:220 - loadIPPluginJar : add fmc
2024-09-19 21:55:23,927 [INFO] IPUIPlugin:80 - create IPUIPlugin
2024-09-19 21:55:23,927 [INFO] PluginManager:220 - loadIPPluginJar : add freertos
2024-09-19 21:55:23,931 [INFO] IPUIPlugin:80 - create IPUIPlugin
2024-09-19 21:55:23,932 [INFO] PluginManager:220 - loadIPPluginJar : add genericplugin
2024-09-19 21:55:23,938 [INFO] IPUIPlugin:80 - create IPUIPlugin
2024-09-19 21:55:23,938 [INFO] PluginManager:220 - loadIPPluginJar : add gfxmmu
2024-09-19 21:55:23,949 [INFO] IPUIPlugin:80 - create IPUIPlugin
2024-09-19 21:55:23,950 [INFO] PluginManager:220 - loadIPPluginJar : add gic
2024-09-19 21:55:23,960 [INFO] IPUIPlugin:80 - create IPUIPlugin
2024-09-19 21:55:23,960 [INFO] PluginManager:220 - loadIPPluginJar : add gpio
2024-09-19 21:55:23,967 [INFO] IPUIPlugin:80 - create IPUIPlugin
2024-09-19 21:55:23,968 [INFO] PluginManager:220 - loadIPPluginJar : add gtzc
2024-09-19 21:55:23,974 [INFO] IPUIPlugin:80 - create IPUIPlugin
2024-09-19 21:55:23,975 [INFO] PluginManager:220 - loadIPPluginJar : add hash
2024-09-19 21:55:23,982 [INFO] IPUIPlugin:80 - create IPUIPlugin
2024-09-19 21:55:23,982 [INFO] PluginManager:220 - loadIPPluginJar : add i2c
2024-09-19 21:55:23,989 [INFO] IPUIPlugin:80 - create IPUIPlugin
2024-09-19 21:55:23,989 [INFO] PluginManager:220 - loadIPPluginJar : add i2s
2024-09-19 21:55:23,997 [INFO] IPUIPlugin:80 - create IPUIPlugin
2024-09-19 21:55:23,997 [INFO] PluginManager:220 - loadIPPluginJar : add i3c
2024-09-19 21:55:24,005 [INFO] IPUIPlugin:80 - create IPUIPlugin
2024-09-19 21:55:24,006 [INFO] PluginManager:220 - loadIPPluginJar : add ipddr
2024-09-19 21:55:24,020 [INFO] IPUIPlugin:80 - create IPUIPlugin
2024-09-19 21:55:24,021 [INFO] PluginManager:220 - loadIPPluginJar : add linkedlist
2024-09-19 21:55:24,029 [INFO] IPUIPlugin:80 - create IPUIPlugin
2024-09-19 21:55:24,029 [INFO] PluginManager:220 - loadIPPluginJar : add lorawan
2024-09-19 21:55:24,034 [INFO] IPUIPlugin:80 - create IPUIPlugin
2024-09-19 21:55:24,034 [INFO] PluginManager:220 - loadIPPluginJar : add ltdc
2024-09-19 21:55:24,048 [INFO] IPUIPlugin:80 - create IPUIPlugin
2024-09-19 21:55:24,048 [INFO] PluginManager:220 - loadIPPluginJar : add mdma
2024-09-19 21:55:24,056 [INFO] IPUIPlugin:80 - create IPUIPlugin
2024-09-19 21:55:24,057 [INFO] PluginManager:220 - loadIPPluginJar : add nvic
2024-09-19 21:55:24,064 [INFO] IPUIPlugin:80 - create IPUIPlugin
2024-09-19 21:55:24,064 [INFO] PluginManager:220 - loadIPPluginJar : add opamp
2024-09-19 21:55:24,073 [INFO] IPUIPlugin:80 - create IPUIPlugin
2024-09-19 21:55:24,073 [INFO] PluginManager:220 - loadIPPluginJar : add openamp
2024-09-19 21:55:24,081 [INFO] IPUIPlugin:80 - create IPUIPlugin
2024-09-19 21:55:24,081 [INFO] PluginManager:220 - loadIPPluginJar : add pdm2pcm
2024-09-19 21:55:24,096 [INFO] IPUIPlugin:80 - create IPUIPlugin
2024-09-19 21:55:24,103 [INFO] PluginManager:220 - loadIPPluginJar : add plateformsettings
2024-09-19 21:55:24,107 [INFO] IPUIPlugin:80 - create IPUIPlugin
2024-09-19 21:55:24,108 [INFO] PluginManager:220 - loadIPPluginJar : add quadspi
2024-09-19 21:55:24,115 [INFO] IPUIPlugin:80 - create IPUIPlugin
2024-09-19 21:55:24,116 [INFO] PluginManager:220 - loadIPPluginJar : add resmgrutility
2024-09-19 21:55:24,123 [INFO] IPUIPlugin:80 - create IPUIPlugin
2024-09-19 21:55:24,123 [INFO] PluginManager:220 - loadIPPluginJar : add sai
2024-09-19 21:55:24,128 [INFO] IPUIPlugin:80 - create IPUIPlugin
2024-09-19 21:55:24,128 [INFO] PluginManager:220 - loadIPPluginJar : add spi
2024-09-19 21:55:24,140 [INFO] IPUIPlugin:80 - create IPUIPlugin
2024-09-19 21:55:24,140 [INFO] PluginManager:220 - loadIPPluginJar : add stm32_wpan
2024-09-19 21:55:24,144 [INFO] IPUIPlugin:80 - create IPUIPlugin
2024-09-19 21:55:24,145 [INFO] PluginManager:220 - loadIPPluginJar : add tim
2024-09-19 21:55:24,152 [INFO] IPUIPlugin:80 - create IPUIPlugin
2024-09-19 21:55:24,153 [INFO] PluginManager:220 - loadIPPluginJar : add touchsensing
2024-09-19 21:55:24,158 [INFO] IPUIPlugin:80 - create IPUIPlugin
2024-09-19 21:55:24,158 [INFO] PluginManager:220 - loadIPPluginJar : add tracer_emb
2024-09-19 21:55:24,163 [INFO] IPUIPlugin:80 - create IPUIPlugin
2024-09-19 21:55:24,163 [INFO] PluginManager:220 - loadIPPluginJar : add ts
2024-09-19 21:55:24,167 [INFO] IPUIPlugin:80 - create IPUIPlugin
2024-09-19 21:55:24,167 [INFO] PluginManager:220 - loadIPPluginJar : add tsc
2024-09-19 21:55:24,172 [INFO] IPUIPlugin:80 - create IPUIPlugin
2024-09-19 21:55:24,172 [INFO] PluginManager:220 - loadIPPluginJar : add ucpd
2024-09-19 21:55:24,180 [INFO] IPUIPlugin:80 - create IPUIPlugin
2024-09-19 21:55:24,181 [INFO] PluginManager:220 - loadIPPluginJar : add usart
2024-09-19 21:55:24,188 [INFO] IPUIPlugin:80 - create IPUIPlugin
2024-09-19 21:55:24,189 [INFO] PluginManager:220 - loadIPPluginJar : add usbx
2024-09-19 21:55:24,401 [INFO] CADModel:165 - CPN selected for project level
2024-09-19 21:55:24,402 [INFO] CADModel:114 - Register for checkConnection events
2024-09-19 21:55:24,402 [FATAL] Updater:308 - Updater called before beeing initialized
2024-09-19 21:55:24,403 [ERROR] CADModel:125 - Updater not yet initialized, retry later 
2024-09-19 21:55:24,672 [INFO] CADModel:165 - CPN selected for project level
2024-09-19 21:55:24,672 [INFO] CADModel:114 - Register for checkConnection events
2024-09-19 21:55:24,672 [FATAL] Updater:308 - Updater called before beeing initialized
2024-09-19 21:55:24,672 [ERROR] CADModel:125 - Updater not yet initialized, retry later 
2024-09-19 21:55:24,693 [FATAL] Updater:308 - Updater called before beeing initialized
2024-09-19 21:55:25,051 [FATAL] Updater:308 - Updater called before beeing initialized
2024-09-19 21:55:25,061 [INFO] DbMcusAds:53 - JSON generation date=Thu May 16 06:22:00 ART 2024 (1715851320667)
2024-09-19 21:55:25,061 [FATAL] Updater:308 - Updater called before beeing initialized
2024-09-19 21:55:25,147 [WARN] DetailPanel:346 - Failed to get advertising image, set to default
2024-09-19 21:55:25,350 [FATAL] Updater:308 - Updater called before beeing initialized
2024-09-19 21:55:25,353 [FATAL] Updater:308 - Updater called before beeing initialized
2024-09-19 21:55:25,353 [FATAL] Updater:308 - Updater called before beeing initialized
2024-09-19 21:55:25,353 [WARN] DetailPanel:346 - Failed to get advertising image, set to default
2024-09-19 21:55:25,355 [FATAL] Updater:308 - Updater called before beeing initialized
2024-09-19 21:55:25,471 [ERROR] Updater:1120 - MainUpdater not yet initialized. External WinMGr cannot be set.
2024-09-19 21:55:25,475 [INFO] Updater:1056 - Updater Version found : 6.11.1
2024-09-19 21:55:25,509 [INFO] ApplicationProperties:184 - Using Application install path: C:\ST\STM32CubeIDE_1.15.1\STM32CubeIDE\plugins\com.st.stm32cube.common.mx_6.11.1.202404110753
2024-09-19 21:55:25,801 [INFO] ThirdPartyUpdaterWithRetryManager:70 - Updater plugin not ready yet. [2/15]
2024-09-19 21:55:27,106 [ERROR] LogOutputStream:75 - [STDERR_REDIRECT] Sep 19, 2024 9:55:27 PM java.util.prefs.WindowsPreferences <init>
2024-09-19 21:55:27,111 [ERROR] LogOutputStream:75 - [STDERR_REDIRECT] WARNING: Could not open/create prefs root node Software\JavaSoft\Prefs at root 0xffffffff80000002. Windows RegCreateKeyEx(...) returned error code 5.
2024-09-19 21:55:27,111 [ERROR] LogOutputStream:75 - [STDERR_REDIRECT] 
2024-09-19 21:55:27,750 [INFO] MainUpdater:2873 - connection check result : 10
2024-09-19 21:55:27,751 [INFO] MainUpdater:290 - Updater Check For Update Now.
2024-09-19 21:55:27,752 [INFO] MicroXplorer:498 - Change Database Version : DB.6.0.111
2024-09-19 21:55:27,763 [INFO] McuFinderGlobals:63 - Set McuFinder mode to 2 (CubeIDE integrated)
2024-09-19 21:55:27,763 [INFO] UserAuth:179 - activating auth plugin
2024-09-19 21:55:27,772 [INFO] UserAuth:415 - Internet connection configuration mode: 1
2024-09-19 21:55:27,820 [INFO] JxBrowserEngine:152 - Initiate JxBrowser Engine with user profile folder
2024-09-19 21:55:28,241 [ERROR] JxBrowserEngine:70 - Can't initiate JxBrowser engine com.teamdev.jxbrowser.os.EnvironmentException: Unsupported operating system. Supported OS: Windows 10 and higher, Windows Server 2016 and higher, macOS 10.13 and higher, Linux 64-bit. Current OS: Windows 8.1, version: 6.3
2024-09-19 21:55:28,282 [INFO] CheckServerUpdateThread:120 - End of CheckServer Thread
2024-09-19 21:55:29,648 [WARN] PackLoader:240 - Cannot read IP mode file for STMicroelectronics.X-CUBE-AZRTOS-F4.1.1.0
2024-09-19 21:55:29,677 [WARN] PackLoader:240 - Cannot read IP mode file for STMicroelectronics.X-CUBE-ISPU.2.1.0
2024-09-19 21:55:29,808 [WARN] PackLoader:240 - Cannot read IP mode file for STMicroelectronics.X-CUBE-AZRTOS-L5.2.0.0
2024-09-19 21:55:29,913 [WARN] PackLoader:240 - Cannot read IP mode file for STMicroelectronics.X-CUBE-AZRTOS-F7.1.1.0
2024-09-19 21:55:30,122 [WARN] PackLoader:240 - Cannot read IP mode file for STMicroelectronics.X-CUBE-MEMS1.11.0.0
2024-09-19 21:55:30,716 [WARN] PackLoader:240 - Cannot read IP mode file for STMicroelectronics.X-CUBE-DPower.1.2.0
2024-09-19 21:55:30,736 [WARN] PackLoader:240 - Cannot read IP mode file for emotas.I-CUBE-CANOPEN.1.3.0
2024-09-19 21:55:30,753 [WARN] PackLoader:240 - Cannot read IP mode file for wolfSSL.I-CUBE-wolfTPM.3.2.0
2024-09-19 21:55:30,815 [INFO] LogOutputStream:77 - [STDOUT_REDIRECT] 1 : Invalid condition id : UX_CORESTACK_Condition cause : null
2024-09-19 21:55:30,816 [INFO] LogOutputStream:77 - [STDOUT_REDIRECT] 1 : Invalid condition id : UX_CORESTACK_Condition cause : null
2024-09-19 21:55:30,820 [INFO] LogOutputStream:77 - [STDOUT_REDIRECT] 1 : Invalid condition id : UX_CORESTACK_Condition cause : null
2024-09-19 21:55:30,823 [INFO] LogOutputStream:77 - [STDOUT_REDIRECT] 1 : Invalid condition id : UX_CORESTACK_Condition cause : null
2024-09-19 21:55:30,827 [INFO] LogOutputStream:77 - [STDOUT_REDIRECT] 1 : Invalid condition id : UX_CORESTACK_Condition cause : null
2024-09-19 21:55:30,832 [WARN] PackLoader:240 - Cannot read IP mode file for STMicroelectronics.X-CUBE-AZRTOS-WL.2.0.0
2024-09-19 21:55:30,850 [WARN] PackLoader:240 - Cannot read IP mode file for wolfSSL.I-CUBE-wolfMQTT.1.19.0
2024-09-19 21:55:30,919 [WARN] ConditionMgr:438 - getConditionDescription Invalid condition id : LAN8742 Phy interface Condition cause : null
2024-09-19 21:55:30,920 [WARN] PackLoader:240 - Cannot read IP mode file for STMicroelectronics.X-CUBE-AZRTOS-L4.2.0.0
2024-09-19 21:55:30,923 [WARN] ConditionMgr:1039 - genDependencies : Invalid condition id : LAN8742 Phy interface Condition cause : null
2024-09-19 21:55:30,923 [WARN] ConditionMgr:1039 - genDependencies : Invalid condition id : LAN8742 Phy interface Condition cause : null
2024-09-19 21:55:30,924 [WARN] ConditionMgr:1039 - genDependencies : Invalid condition id : LAN8742 Phy interface Condition cause : null
2024-09-19 21:55:30,953 [WARN] PackLoader:240 - Cannot read IP mode file for WES.I-CUBE-Cesium.1.3.0
2024-09-19 21:55:31,030 [WARN] PackLoader:240 - Cannot read IP mode file for STMicroelectronics.X-CUBE-AZRTOS-H7.3.3.0
2024-09-19 21:55:31,080 [WARN] ConditionMgr:438 - getConditionDescription Invalid condition id : UX DEVICE CLASS RTOS Condition cause : null
2024-09-19 21:55:31,081 [WARN] ConditionMgr:438 - getConditionDescription Invalid condition id : UX DEVICE CLASS RTOS Condition cause : null
2024-09-19 21:55:31,086 [WARN] PackLoader:240 - Cannot read IP mode file for STMicroelectronics.X-CUBE-AZRTOS-WB.2.0.0
2024-09-19 21:55:31,087 [WARN] ConditionMgr:1039 - genDependencies : Invalid condition id : UX DEVICE CLASS RTOS Condition cause : null
2024-09-19 21:55:31,088 [WARN] ConditionMgr:1039 - genDependencies : Invalid condition id : UX DEVICE CLASS RTOS Condition cause : null
2024-09-19 21:55:31,089 [WARN] ConditionMgr:1039 - genDependencies : Invalid condition id : UX DEVICE CLASS RTOS Condition cause : null
2024-09-19 21:55:31,090 [WARN] ConditionMgr:1039 - genDependencies : Invalid condition id : UX DEVICE CLASS RTOS Condition cause : null
2024-09-19 21:55:31,090 [WARN] ConditionMgr:1039 - genDependencies : Invalid condition id : UX DEVICE CLASS RTOS Condition cause : null
2024-09-19 21:55:31,104 [WARN] PackLoader:240 - Cannot read IP mode file for STMicroelectronics.X-CUBE-GNSS1.7.0.0
2024-09-19 21:55:31,137 [WARN] PackLoader:240 - Cannot read IP mode file for STMicroelectronics.FP-SNS-STBOX1.2.0.0
2024-09-19 21:55:31,197 [WARN] PackLoader:240 - Cannot read IP mode file for STMicroelectronics.X-CUBE-AZRTOS-G0.1.1.0
2024-09-19 21:55:31,222 [WARN] PackLoader:240 - Cannot read IP mode file for EmbeddedOffice.I-CUBE-FS-RTOS.1.0.1
2024-09-19 21:55:31,223 [ERROR] ConditionMgr:805 - Attr not supported : Dmpu
2024-09-19 21:55:31,223 [ERROR] ConditionMgr:805 - Attr not supported : Dmpu
2024-09-19 21:55:31,223 [ERROR] ConditionMgr:805 - Attr not supported : Dmpu
2024-09-19 21:55:31,223 [ERROR] ConditionMgr:805 - Attr not supported : Dmpu
2024-09-19 21:55:31,224 [ERROR] ConditionMgr:805 - Attr not supported : Dmpu
2024-09-19 21:55:31,224 [ERROR] ConditionMgr:805 - Attr not supported : Dmpu
2024-09-19 21:55:31,224 [ERROR] ConditionMgr:805 - Attr not supported : Dmpu
2024-09-19 21:55:31,224 [ERROR] ConditionMgr:805 - Attr not supported : Dmpu
2024-09-19 21:55:31,225 [ERROR] ConditionMgr:805 - Attr not supported : Dmpu
2024-09-19 21:55:31,225 [ERROR] ConditionMgr:805 - Attr not supported : Dmpu
2024-09-19 21:55:31,225 [ERROR] ConditionMgr:805 - Attr not supported : Dmpu
2024-09-19 21:55:31,225 [ERROR] ConditionMgr:805 - Attr not supported : Dmpu
2024-09-19 21:55:31,225 [ERROR] ConditionMgr:805 - Attr not supported : Dmpu
2024-09-19 21:55:31,225 [ERROR] ConditionMgr:805 - Attr not supported : Dmpu
2024-09-19 21:55:31,226 [ERROR] ConditionMgr:805 - Attr not supported : Dmpu
2024-09-19 21:55:31,226 [ERROR] ConditionMgr:805 - Attr not supported : Dmpu
2024-09-19 21:55:31,226 [ERROR] ConditionMgr:805 - Attr not supported : Dmpu
2024-09-19 21:55:31,226 [ERROR] ConditionMgr:805 - Attr not supported : Dmpu
2024-09-19 21:55:31,226 [ERROR] ConditionMgr:805 - Attr not supported : Dmpu
2024-09-19 21:55:31,226 [ERROR] ConditionMgr:805 - Attr not supported : Dmpu
2024-09-19 21:55:31,226 [ERROR] ConditionMgr:805 - Attr not supported : Dmpu
2024-09-19 21:55:31,227 [ERROR] ConditionMgr:805 - Attr not supported : Dmpu
2024-09-19 21:55:31,227 [ERROR] ConditionMgr:805 - Attr not supported : Dmpu
2024-09-19 21:55:31,227 [ERROR] ConditionMgr:805 - Attr not supported : Dmpu
2024-09-19 21:55:31,227 [ERROR] ConditionMgr:805 - Attr not supported : Dmpu
2024-09-19 21:55:31,227 [ERROR] ConditionMgr:805 - Attr not supported : Dmpu
2024-09-19 21:55:31,227 [ERROR] ConditionMgr:805 - Attr not supported : Dmpu
2024-09-19 21:55:31,227 [ERROR] ConditionMgr:805 - Attr not supported : Dmpu
2024-09-19 21:55:31,228 [ERROR] ConditionMgr:805 - Attr not supported : Dmpu
2024-09-19 21:55:31,228 [ERROR] ConditionMgr:805 - Attr not supported : Dmpu
2024-09-19 21:55:31,228 [ERROR] ConditionMgr:805 - Attr not supported : Dmpu
2024-09-19 21:55:31,228 [ERROR] ConditionMgr:805 - Attr not supported : Dmpu
2024-09-19 21:55:31,228 [ERROR] ConditionMgr:805 - Attr not supported : Dmpu
2024-09-19 21:55:31,228 [ERROR] ConditionMgr:805 - Attr not supported : Dmpu
2024-09-19 21:55:31,228 [ERROR] ConditionMgr:805 - Attr not supported : Dmpu
2024-09-19 21:55:31,229 [ERROR] ConditionMgr:805 - Attr not supported : Dmpu
2024-09-19 21:55:31,229 [ERROR] ConditionMgr:805 - Attr not supported : Dmpu
2024-09-19 21:55:31,229 [ERROR] ConditionMgr:805 - Attr not supported : Dmpu
2024-09-19 21:55:31,229 [ERROR] ConditionMgr:805 - Attr not supported : Dmpu
2024-09-19 21:55:31,229 [ERROR] ConditionMgr:805 - Attr not supported : Dmpu
2024-09-19 21:55:31,229 [ERROR] ConditionMgr:805 - Attr not supported : Dmpu
2024-09-19 21:55:31,230 [ERROR] ConditionMgr:805 - Attr not supported : Dmpu
2024-09-19 21:55:31,230 [ERROR] ConditionMgr:805 - Attr not supported : Dmpu
2024-09-19 21:55:31,230 [ERROR] ConditionMgr:805 - Attr not supported : Dmpu
2024-09-19 21:55:31,230 [ERROR] ConditionMgr:805 - Attr not supported : Dmpu
2024-09-19 21:55:31,230 [ERROR] ConditionMgr:805 - Attr not supported : Dmpu
2024-09-19 21:55:31,230 [ERROR] ConditionMgr:805 - Attr not supported : Dmpu
2024-09-19 21:55:31,231 [ERROR] ConditionMgr:805 - Attr not supported : Dmpu
2024-09-19 21:55:31,231 [ERROR] ConditionMgr:805 - Attr not supported : Dmpu
2024-09-19 21:55:31,231 [ERROR] ConditionMgr:805 - Attr not supported : Dmpu
2024-09-19 21:55:31,231 [ERROR] ConditionMgr:805 - Attr not supported : Dmpu
2024-09-19 21:55:31,231 [ERROR] ConditionMgr:805 - Attr not supported : Dmpu
2024-09-19 21:55:31,232 [ERROR] ConditionMgr:805 - Attr not supported : Dmpu
2024-09-19 21:55:31,232 [ERROR] ConditionMgr:805 - Attr not supported : Dmpu
2024-09-19 21:55:31,232 [ERROR] ConditionMgr:805 - Attr not supported : Dmpu
2024-09-19 21:55:31,232 [ERROR] ConditionMgr:805 - Attr not supported : Dmpu
2024-09-19 21:55:31,232 [ERROR] ConditionMgr:805 - Attr not supported : Dmpu
2024-09-19 21:55:31,232 [ERROR] ConditionMgr:805 - Attr not supported : Dmpu
2024-09-19 21:55:31,248 [ERROR] ConditionMgr:805 - Attr not supported : Dmpu
2024-09-19 21:55:31,249 [ERROR] ConditionMgr:805 - Attr not supported : Dmpu
2024-09-19 21:55:31,249 [ERROR] ConditionMgr:805 - Attr not supported : Dmpu
2024-09-19 21:55:31,250 [ERROR] ConditionMgr:805 - Attr not supported : Dmpu
2024-09-19 21:55:31,250 [ERROR] ConditionMgr:805 - Attr not supported : Dmpu
2024-09-19 21:55:31,250 [ERROR] ConditionMgr:805 - Attr not supported : Dmpu
2024-09-19 21:55:31,268 [WARN] PackLoader:240 - Cannot read IP mode file for Cesanta.I-CUBE-Mongoose.7.13.0
2024-09-19 21:55:31,313 [WARN] PackLoader:240 - Cannot read IP mode file for STMicroelectronics.X-CUBE-AZRTOS-G4.2.0.0
2024-09-19 21:55:31,349 [WARN] PackLoader:240 - Cannot read IP mode file for RealThread.X-CUBE-RT-Thread_Nano.4.1.1
2024-09-19 21:55:31,361 [WARN] PackLoader:240 - Cannot read IP mode file for wolfSSL.I-CUBE-wolfSSL.5.7.0
2024-09-19 21:55:31,385 [WARN] PackLoader:240 - Cannot read IP mode file for STMicroelectronics.X-CUBE-TOUCHGFX.4.24.0
2024-09-19 21:55:31,403 [WARN] PackLoader:240 - Cannot read IP mode file for ITTIA_DB.I-CUBE-ITTIADB.8.9.0
2024-09-19 21:55:31,422 [WARN] PackLoader:240 - Cannot read IP mode file for portGmbH.I-Cube-SoM-uGOAL.1.1.0
2024-09-19 21:55:31,512 [WARN] PackLoader:240 - Cannot read IP mode file for SEGGER.I-CUBE-embOS.1.3.1
2024-09-19 21:55:31,689 [WARN] PackLoader:240 - Cannot read IP mode file for STMicroelectronics.X-CUBE-AZRTOS-H7RS.1.0.0
2024-09-19 21:55:31,730 [WARN] PackLoader:240 - Cannot read IP mode file for STMicroelectronics.X-CUBE-TOF1.3.4.2
2024-09-19 21:55:31,805 [WARN] PackLoader:240 - Cannot read IP mode file for Infineon.AIROC-Wi-Fi-Bluetooth-STM32.1.6.0
2024-09-19 21:55:31,864 [WARN] PackLoader:240 - Cannot read IP mode file for wolfSSL.I-CUBE-wolfSSH.1.4.17
2024-09-19 21:55:31,865 [INFO] ThirdParty:978 - Integrity check success = true
2024-09-19 21:55:31,865 [INFO] IntegrityCheckThread:100 - exiting critical section [integrity check]
2024-09-19 21:55:31,865 [INFO] IntegrityCheckThread:103 - End integrity checks thread
