2024-08-09 00:33:46,744 [INFO] MainUpdater:2873 - connection check result : 10
2024-08-09 00:33:46,785 [INFO] MainUpdater:2873 - connection check result : 10
2024-08-09 00:33:47,870 [INFO] MicroXplorer:468 - Change Database Path : 
2024-08-09 00:33:47,870 [INFO] MicroXplorer:498 - Change Database Version : DB.6.0.111
2024-08-09 00:33:47,898 [ERROR] ProjectManagerView:394 - 
java.lang.NullPointerException: Cannot invoke "javax.swing.JTextField.getText()" because the return value of "java.util.List.get(int)" is null
	at com.st.microxplorer.plugins.projectmanager.gui.ProjectChoiceTab$10.caretUpdate(ProjectChoiceTab.java:2504) ~[filemanager.jar:?]
	at javax.swing.text.JTextComponent.fireCaretUpdate(JTextComponent.java:412) ~[?:?]
	at javax.swing.text.JTextComponent$MutableCaretEvent.fire(JTextComponent.java:4491) ~[?:?]
	at javax.swing.text.JTextComponent$MutableCaretEvent.stateChanged(JTextComponent.java:4513) ~[?:?]
	at javax.swing.text.DefaultCaret.fireStateChanged(DefaultCaret.java:842) ~[?:?]
	at javax.swing.text.DefaultCaret.changeCaretPosition(DefaultCaret.java:1313) ~[?:?]
	at javax.swing.text.DefaultCaret.handleSetDot(DefaultCaret.java:1212) ~[?:?]
	at javax.swing.text.DefaultCaret.setDot(DefaultCaret.java:1193) ~[?:?]
	at javax.swing.text.DefaultCaret$Handler.insertUpdate(DefaultCaret.java:1789) ~[?:?]
	at javax.swing.text.AbstractDocument.fireInsertUpdate(AbstractDocument.java:226) ~[?:?]
	at javax.swing.text.AbstractDocument.handleInsertString(AbstractDocument.java:780) ~[?:?]
	at javax.swing.text.AbstractDocument.insertString(AbstractDocument.java:739) ~[?:?]
	at javax.swing.text.PlainDocument.insertString(PlainDocument.java:131) ~[?:?]
	at javax.swing.text.AbstractDocument.replace(AbstractDocument.java:698) ~[?:?]
	at javax.swing.text.JTextComponent.setText(JTextComponent.java:1729) ~[?:?]
	at com.st.microxplorer.plugins.projectmanager.gui.ProjectChoiceTab.createHeapStackFields(ProjectChoiceTab.java:944) ~[filemanager.jar:?]
	at com.st.microxplorer.plugins.projectmanager.gui.ProjectChoiceTab.buildLinkSettingsPanel(ProjectChoiceTab.java:3475) ~[filemanager.jar:?]
	at com.st.microxplorer.plugins.projectmanager.gui.ProjectChoiceTab.defineWindowsFields(ProjectChoiceTab.java:1816) ~[filemanager.jar:?]
	at com.st.microxplorer.plugins.projectmanager.gui.ProjectChoiceTab.updateSettings(ProjectChoiceTab.java:544) ~[filemanager.jar:?]
	at com.st.microxplorer.plugins.projectmanager.gui.ProjectSettingsPanel.UpdateDialog(ProjectSettingsPanel.java:245) ~[filemanager.jar:?]
	at com.st.microxplorer.plugins.projectmanager.ProjectManagerView.propertyChange(ProjectManagerView.java:391) ~[filemanager.jar:?]
	at java.beans.PropertyChangeSupport.fire(PropertyChangeSupport.java:343) ~[?:?]
	at java.beans.PropertyChangeSupport.firePropertyChange(PropertyChangeSupport.java:335) ~[?:?]
	at java.beans.PropertyChangeSupport.firePropertyChange(PropertyChangeSupport.java:268) ~[?:?]
	at com.st.microxplorer.util.MXPropertyChangeSupport.firePropertyChange(MXPropertyChangeSupport.java:54) ~[STM32CubeMX.jar:?]
	at com.st.microxplorer.mxsystem.MxSystem.closeConfig(MxSystem.java:900) ~[STM32CubeMX.jar:?]
	at com.st.microxplorer.maingui.MainPanel.closeConfig(MainPanel.java:776) ~[STM32CubeMX.jar:?]
	at com.st.microxplorer.plugins.filemanager.engine.OpenFileManager.loadConfigurationFile(OpenFileManager.java:245) ~[filemanager.jar:?]
	at com.st.microxplorer.plugins.filemanager.engine.MainFileManager.userLoadConfig(MainFileManager.java:315) ~[filemanager.jar:?]
	at com.st.microxplorer.plugins.filemanager.engine.MainFileManager.userLoadConfig(MainFileManager.java:293) ~[filemanager.jar:?]
	at com.st.microxplorer.plugins.filemanager.FileManagerView.getSpecificTask(FileManagerView.java:247) ~[filemanager.jar:?]
	at com.st.stm32cube.common.mx.editor.CubeMxEditor.getMxTabbedPaneInstance(CubeMxEditor.java:1198) ~[com.st.stm32cube.common.mx_6.11.1.202404110753/:?]
	at com.st.stm32cube.common.mx.editor.CubeMxEditor$12$1.createSwingComponent(CubeMxEditor.java:1068) ~[com.st.stm32cube.common.mx_6.11.1.202404110753/:?]
	at com.st.stm32cube.common.mx.oss.core.awtswtbridge.EmbeddedSwingComposite.doComponentCreation(EmbeddedSwingComposite.java:492) ~[com.st.stm32cube.common.mx.oss_6.11.1.202404110753/:?]
	at com.st.stm32cube.common.mx.oss.core.awtswtbridge.EmbeddedSwingComposite$4.run(EmbeddedSwingComposite.java:291) ~[com.st.stm32cube.common.mx.oss_6.11.1.202404110753/:?]
	at com.st.stm32cube.common.mx.oss.core.awtswtbridge.AwtEnvironment$2.run(AwtEnvironment.java:166) ~[com.st.stm32cube.common.mx.oss_6.11.1.202404110753/:?]
	at java.awt.event.InvocationEvent.dispatch(InvocationEvent.java:318) ~[?:?]
	at java.awt.EventQueue.dispatchEventImpl(EventQueue.java:773) ~[?:?]
	at java.awt.EventQueue$4.run(EventQueue.java:720) ~[?:?]
	at java.awt.EventQueue$4.run(EventQueue.java:714) ~[?:?]
	at java.security.AccessController.doPrivileged(AccessController.java:399) ~[?:?]
	at java.security.ProtectionDomain$JavaSecurityAccessImpl.doIntersectionPrivilege(ProtectionDomain.java:86) ~[?:?]
	at java.awt.EventQueue.dispatchEvent(EventQueue.java:742) ~[?:?]
	at java.awt.EventDispatchThread.pumpOneEventForFilters(EventDispatchThread.java:203) ~[?:?]
	at java.awt.EventDispatchThread.pumpEventsForFilter(EventDispatchThread.java:124) ~[?:?]
	at java.awt.EventDispatchThread.pumpEventsForHierarchy(EventDispatchThread.java:113) ~[?:?]
	at java.awt.EventDispatchThread.pumpEvents(EventDispatchThread.java:109) ~[?:?]
	at java.awt.EventDispatchThread.pumpEvents(EventDispatchThread.java:101) ~[?:?]
	at java.awt.EventDispatchThread.run(EventDispatchThread.java:90) ~[?:?]
2024-08-09 00:33:47,958 [WARN] ThirdParty:871 - waiting for thirdparty lock release [close project]
2024-08-09 00:33:47,958 [INFO] ThirdParty:873 - entering critical section [close project]
2024-08-09 00:33:47,958 [INFO] ThirdParty:883 - exiting critical section [close project]
2024-08-09 00:33:47,961 [INFO] PinOutPanel:1561 - setPackage(No Configuration,No Configuration)
2024-08-09 00:33:48,000 [WARN] IpParametersView:151 - Warning: This peripheral hasn't parameters
2024-08-09 00:33:48,038 [WARN] MainPanel:272 - <html><b><center>Warning: This peripheral has no parameters to be configured<br></b></html>
2024-08-09 00:33:48,065 [INFO] UtilMem:75 - Begin LoadConfig() Used Memory: 651926352 Bytes (1073741824)
2024-08-09 00:33:48,066 [INFO] MicroXplorer:468 - Change Database Path : 
2024-08-09 00:33:48,066 [INFO] MicroXplorer:498 - Change Database Version : DB.6.0.111
2024-08-09 00:33:48,066 [INFO] OpenFileManager:312 - Change cursor
2024-08-09 00:33:48,095 [INFO] RulesReader:64 - Compatibility file has been processed (297 Rules)
2024-08-09 00:33:48,105 [INFO] Mcu:2021 - Initializing MCU STM32F429ZITx STM32F429ZITx STM32F429ZIT6
2024-08-09 00:33:51,095 [INFO] Context:663 - Trying to add GPIOservice into a context  which must be forbidden
2024-08-09 00:33:52,281 [WARN] ModelIntegratedComponent:63 - No mode defined for component null
2024-08-09 00:33:52,281 [WARN] ModelIntegratedComponent:63 - No mode defined for component null
2024-08-09 00:33:52,281 [WARN] ModelIntegratedComponent:63 - No mode defined for component null
2024-08-09 00:33:52,281 [WARN] ModelIntegratedComponent:63 - No mode defined for component null
2024-08-09 00:33:52,282 [WARN] ModelIntegratedComponent:63 - No mode defined for component null
2024-08-09 00:33:52,282 [WARN] ModelIntegratedComponent:63 - No mode defined for component null
2024-08-09 00:33:52,282 [WARN] ModelIntegratedComponent:63 - No mode defined for component null
2024-08-09 00:33:52,282 [WARN] ModelIntegratedComponent:63 - No mode defined for component null
2024-08-09 00:33:52,283 [WARN] ModelIntegratedComponent:63 - No mode defined for component null
2024-08-09 00:33:52,283 [WARN] ModelIntegratedComponent:63 - No mode defined for component null
2024-08-09 00:33:52,284 [WARN] ModelIntegratedComponent:63 - No mode defined for component null
2024-08-09 00:33:52,284 [WARN] ModelIntegratedComponent:63 - No mode defined for component null
2024-08-09 00:33:52,284 [WARN] ModelIntegratedComponent:63 - No mode defined for component null
2024-08-09 00:33:52,284 [WARN] ModelIntegratedComponent:63 - No mode defined for component null
2024-08-09 00:33:52,284 [WARN] ModelIntegratedComponent:63 - No mode defined for component null
2024-08-09 00:33:52,284 [WARN] ModelIntegratedComponent:63 - No mode defined for component null
2024-08-09 00:33:52,284 [WARN] ModelIntegratedComponent:63 - No mode defined for component null
2024-08-09 00:33:52,285 [WARN] ModelIntegratedComponent:63 - No mode defined for component null
2024-08-09 00:33:52,285 [WARN] ModelIntegratedComponent:63 - No mode defined for component null
2024-08-09 00:33:52,285 [WARN] ModelIntegratedComponent:63 - No mode defined for component null
2024-08-09 00:33:52,285 [WARN] ModelIntegratedComponent:63 - No mode defined for component null
2024-08-09 00:33:52,285 [WARN] ModelIntegratedComponent:63 - No mode defined for component null
2024-08-09 00:33:52,285 [WARN] ModelIntegratedComponent:63 - No mode defined for component null
2024-08-09 00:33:52,285 [WARN] ModelIntegratedComponent:63 - No mode defined for component null
2024-08-09 00:33:52,285 [WARN] ModelIntegratedComponent:63 - No mode defined for component null
2024-08-09 00:33:52,285 [WARN] ModelIntegratedComponent:63 - No mode defined for component null
2024-08-09 00:33:52,285 [WARN] ModelIntegratedComponent:63 - No mode defined for component null
2024-08-09 00:33:52,286 [WARN] ModelIntegratedComponent:63 - No mode defined for component null
2024-08-09 00:33:52,286 [WARN] ModelIntegratedComponent:63 - No mode defined for component null
2024-08-09 00:33:52,286 [WARN] ModelIntegratedComponent:63 - No mode defined for component null
2024-08-09 00:33:52,286 [WARN] ModelIntegratedComponent:63 - No mode defined for component null
2024-08-09 00:33:52,286 [WARN] ModelIntegratedComponent:63 - No mode defined for component null
2024-08-09 00:33:52,286 [WARN] ModelIntegratedComponent:63 - No mode defined for component null
2024-08-09 00:33:52,286 [WARN] ModelIntegratedComponent:63 - No mode defined for component null
2024-08-09 00:33:52,299 [INFO] RtosManager:555 - Registered RTOS mode: class=CMSIS, group=RTOS, mode=CMSIS_V1, owner=FREERTOS
2024-08-09 00:33:52,300 [INFO] RtosManager:555 - Registered RTOS mode: class=CMSIS, group=RTOS2, mode=CMSIS_V2, owner=FREERTOS
2024-08-09 00:33:52,300 [INFO] RtosManager:555 - Registered RTOS mode: class=RTOS, group=Core, mode=CMSIS_V1, owner=FREERTOS
2024-08-09 00:33:52,300 [INFO] RtosManager:555 - Registered RTOS mode: class=RTOS, group=Core, mode=CMSIS_V2, owner=FREERTOS
2024-08-09 00:33:52,300 [WARN] ModelIntegratedComponent:184 - Missing modes for component STMicroelectronics:FreeRTOS:0.0.1:STMicroelectronics:RTOS:FreeRTOS:Core:::10.2.0:
2024-08-09 00:33:52,336 [INFO] ThirdPartyModel:298 - Start build external matchings
2024-08-09 00:33:52,482 [INFO] ThirdPartyModel:316 - End build external matchings
2024-08-09 00:33:52,487 [INFO] ImportTextPane:194 - (OptionalMessage_ERROR) IP (ETH) : Invalid parameter (PHY_Name)
2024-08-09 00:33:52,487 [INFO] ImportTextPane:194 - (OptionalMessage_ERROR) IP (ETH) : Invalid parameter (PHY_Value)
2024-08-09 00:33:52,487 [INFO] ImportTextPane:194 - (OptionalMessage_ERROR) IP (ETH) : Invalid parameter (PhyAddress)
2024-08-09 00:33:52,489 [INFO] ImportTextPane:194 - (OptionalMessage_ERROR) IP (RCC) : Invalid parameter (ADC12outputFreq_Value)
2024-08-09 00:33:52,489 [INFO] ImportTextPane:194 - (OptionalMessage_ERROR) IP (RCC) : Invalid parameter (ADC34outputFreq_Value)
2024-08-09 00:33:52,490 [INFO] ImportTextPane:194 - (OptionalMessage_ERROR) IP (RCC) : Invalid parameter (FamilyName)
2024-08-09 00:33:52,490 [INFO] ImportTextPane:194 - (OptionalMessage_ERROR) IP (RCC) : Invalid parameter (I2C1Freq_Value)
2024-08-09 00:33:52,490 [INFO] ImportTextPane:194 - (OptionalMessage_ERROR) IP (RCC) : Invalid parameter (I2C2Freq_Value)
2024-08-09 00:33:52,490 [INFO] ImportTextPane:194 - (OptionalMessage_ERROR) IP (RCC) : Invalid parameter (I2C3Freq_Value)
2024-08-09 00:33:52,490 [INFO] ImportTextPane:194 - (OptionalMessage_ERROR) IP (RCC) : Parameter (MCO2PinFreq_Value) has invalid value (168000000)
2024-08-09 00:33:52,490 [INFO] ImportTextPane:194 - (OptionalMessage_ERROR) IP (RCC) : Invalid parameter (MCOFreq_Value)
2024-08-09 00:33:52,491 [INFO] ImportTextPane:194 - (OptionalMessage_ERROR) IP (RCC) : Invalid parameter (PLLMCOFreq_Value)
2024-08-09 00:33:52,491 [INFO] ImportTextPane:194 - (OptionalMessage_ERROR) IP (RCC) : Invalid parameter (PLLMUL)
2024-08-09 00:33:52,491 [INFO] ImportTextPane:194 - (OptionalMessage_ERROR) IP (RCC) : Invalid parameter (PRESCALERUSB)
2024-08-09 00:33:52,491 [INFO] ImportTextPane:194 - (OptionalMessage_ERROR) IP (RCC) : Parameter (RTCHSEDivFreq_Value) has invalid value (4000000)
2024-08-09 00:33:52,491 [INFO] ImportTextPane:194 - (OptionalMessage_ERROR) IP (RCC) : Invalid parameter (SYSCLKSourceVirtual)
2024-08-09 00:33:52,491 [INFO] ImportTextPane:194 - (OptionalMessage_ERROR) IP (RCC) : Invalid parameter (TIM15Freq_Value)
2024-08-09 00:33:52,492 [INFO] ImportTextPane:194 - (OptionalMessage_ERROR) IP (RCC) : Invalid parameter (TIM16Freq_Value)
2024-08-09 00:33:52,492 [INFO] ImportTextPane:194 - (OptionalMessage_ERROR) IP (RCC) : Invalid parameter (TIM17Freq_Value)
2024-08-09 00:33:52,492 [INFO] ImportTextPane:194 - (OptionalMessage_ERROR) IP (RCC) : Invalid parameter (TIM1Freq_Value)
2024-08-09 00:33:52,492 [INFO] ImportTextPane:194 - (OptionalMessage_ERROR) IP (RCC) : Invalid parameter (TIM20Freq_Value)
2024-08-09 00:33:52,492 [INFO] ImportTextPane:194 - (OptionalMessage_ERROR) IP (RCC) : Invalid parameter (TIM2Freq_Value)
2024-08-09 00:33:52,492 [INFO] ImportTextPane:194 - (OptionalMessage_ERROR) IP (RCC) : Invalid parameter (TIM3Freq_Value)
2024-08-09 00:33:52,492 [INFO] ImportTextPane:194 - (OptionalMessage_ERROR) IP (RCC) : Invalid parameter (TIM8Freq_Value)
2024-08-09 00:33:52,492 [INFO] ImportTextPane:194 - (OptionalMessage_ERROR) IP (RCC) : Invalid parameter (UART4Freq_Value)
2024-08-09 00:33:52,492 [INFO] ImportTextPane:194 - (OptionalMessage_ERROR) IP (RCC) : Invalid parameter (UART5Freq_Value)
2024-08-09 00:33:52,492 [INFO] ImportTextPane:194 - (OptionalMessage_ERROR) IP (RCC) : Invalid parameter (USART1Freq_Value)
2024-08-09 00:33:52,492 [INFO] ImportTextPane:194 - (OptionalMessage_ERROR) IP (RCC) : Invalid parameter (USART2Freq_Value)
2024-08-09 00:33:52,492 [INFO] ImportTextPane:194 - (OptionalMessage_ERROR) IP (RCC) : Invalid parameter (USART3Freq_Value)
2024-08-09 00:33:52,493 [INFO] ImportTextPane:194 - (OptionalMessage_ERROR) IP (RCC) : Invalid parameter (USBFreq_Value)
2024-08-09 00:33:52,493 [INFO] ImportTextPane:194 - (OptionalMessage_ERROR) IP (RCC) : Invalid parameter (VCOOutput2Freq_Value)
2024-08-09 00:33:52,927 [INFO] UtilMem:75 - End LoadConfig() Used Memory: 688037536 Bytes (1073741824)
2024-08-09 00:33:52,990 [WARN] ThirdParty:833 - waiting for thirdparty lock release [change project]
2024-08-09 00:33:52,991 [INFO] ThirdParty:835 - entering critical section [change project]
2024-08-09 00:33:52,991 [INFO] ThirdParty:1030 - CMSIS Pack Vendor :STMicroelectronics USBPD 4.1
2024-08-09 00:33:52,991 [INFO] ThirdParty:1030 - CMSIS Pack Vendor :RealThread X-CUBE-RT-Thread_Nano 4.1.1
2024-08-09 00:33:52,991 [INFO] ThirdParty:1030 - CMSIS Pack Vendor :STMicroelectronics USB_HOST 2.0.0
2024-08-09 00:33:52,991 [INFO] ThirdParty:1030 - CMSIS Pack Vendor :STMicroelectronics X-CUBE-AZRTOS-F4 1.1.0
2024-08-09 00:33:52,991 [INFO] ThirdParty:1030 - CMSIS Pack Vendor :wolfSSL I-CUBE-wolfSSL 5.7.0
2024-08-09 00:33:52,991 [INFO] ThirdParty:1030 - CMSIS Pack Vendor :STMicroelectronics LIBJPEG 8.0.0
2024-08-09 00:33:52,991 [INFO] ThirdParty:1030 - CMSIS Pack Vendor :STMicroelectronics USB_DEVICE 3.0.0
2024-08-09 00:33:52,992 [INFO] ThirdParty:1030 - CMSIS Pack Vendor :STMicroelectronics HAL Drivers 0.0.0
2024-08-09 00:33:52,992 [INFO] ThirdParty:1030 - CMSIS Pack Vendor :STMicroelectronics MBEDTLS 2.16.2
2024-08-09 00:33:52,992 [INFO] ThirdParty:1030 - CMSIS Pack Vendor :emotas I-CUBE-CANOPEN 1.3.0
2024-08-09 00:33:52,992 [INFO] ThirdParty:1030 - CMSIS Pack Vendor :STMicroelectronics X-CUBE-AZRTOS-WB 2.0.0
2024-08-09 00:33:52,992 [INFO] ThirdParty:1030 - CMSIS Pack Vendor :STMicroelectronics MBEDTLS 2.14.1
2024-08-09 00:33:52,992 [INFO] ThirdParty:1030 - CMSIS Pack Vendor :STMicroelectronics X-CUBE-TOUCHGFX 4.24.0
2024-08-09 00:33:52,992 [INFO] ThirdParty:1030 - CMSIS Pack Vendor :ITTIA_DB I-CUBE-ITTIADB 8.9.0
2024-08-09 00:33:52,992 [INFO] ThirdParty:1030 - CMSIS Pack Vendor :wolfSSL I-CUBE-wolfTPM 3.2.0
2024-08-09 00:33:52,992 [INFO] ThirdParty:1030 - CMSIS Pack Vendor :STMicroelectronics X-CUBE-AZRTOS-L5 2.0.0
2024-08-09 00:33:52,992 [INFO] ThirdParty:1030 - CMSIS Pack Vendor :STMicroelectronics X-CUBE-AZRTOS-F7 1.1.0
2024-08-09 00:33:52,993 [INFO] ThirdParty:1030 - CMSIS Pack Vendor :portGmbH I-Cube-SoM-uGOAL 1.1.0
2024-08-09 00:33:52,993 [INFO] ThirdParty:1030 - CMSIS Pack Vendor :STMicroelectronics USB_DEVICE 2.0.0
2024-08-09 00:33:52,993 [INFO] ThirdParty:1030 - CMSIS Pack Vendor :STMicroelectronics FP-SNS-STBOX1 2.0.0
2024-08-09 00:33:52,993 [INFO] ThirdParty:1030 - CMSIS Pack Vendor :STMicroelectronics ThreadX 1.0.0
2024-08-09 00:33:52,993 [INFO] ThirdParty:1030 - CMSIS Pack Vendor :STMicroelectronics X-CUBE-AZRTOS-WL 2.0.0
2024-08-09 00:33:52,993 [INFO] ThirdParty:1030 - CMSIS Pack Vendor :SEGGER I-CUBE-embOS 1.3.1
2024-08-09 00:33:52,993 [INFO] ThirdParty:1030 - CMSIS Pack Vendor :STMicroelectronics FreeRTOS 0.0.1
2024-08-09 00:33:52,993 [INFO] ThirdParty:1030 - CMSIS Pack Vendor :STMicroelectronics X-CUBE-AZRTOS-G0 1.1.0
2024-08-09 00:33:52,993 [INFO] ThirdParty:1030 - CMSIS Pack Vendor :STMicroelectronics USB_DEVICE 1.0.0
2024-08-09 00:33:52,993 [INFO] ThirdParty:1030 - CMSIS Pack Vendor :STMicroelectronics X-CUBE-DPower 1.2.0
2024-08-09 00:33:52,993 [INFO] ThirdParty:1030 - CMSIS Pack Vendor :STMicroelectronics STM32_WPAN 1.0.0
2024-08-09 00:33:52,994 [INFO] ThirdParty:1030 - CMSIS Pack Vendor :STMicroelectronics X-CUBE-AZRTOS-H7RS 1.0.0
2024-08-09 00:33:52,994 [INFO] ThirdParty:1030 - CMSIS Pack Vendor :wolfSSL I-CUBE-wolfMQTT 1.19.0
2024-08-09 00:33:52,994 [INFO] ThirdParty:1030 - CMSIS Pack Vendor :STMicroelectronics X-CUBE-AZRTOS-L4 2.0.0
2024-08-09 00:33:52,994 [INFO] ThirdParty:1030 - CMSIS Pack Vendor :STMicroelectronics ThreadX 0.0.2
2024-08-09 00:33:52,994 [INFO] ThirdParty:1030 - CMSIS Pack Vendor :WES I-CUBE-Cesium 1.3.0
2024-08-09 00:33:52,994 [INFO] ThirdParty:1030 - CMSIS Pack Vendor :EmbeddedOffice I-CUBE-FS-RTOS 1.0.1
2024-08-09 00:33:52,994 [INFO] ThirdParty:1030 - CMSIS Pack Vendor :STMicroelectronics lwIP 2.0.3
2024-08-09 00:33:52,994 [INFO] ThirdParty:1030 - CMSIS Pack Vendor :STMicroelectronics lwIP 2.1.2
2024-08-09 00:33:52,994 [INFO] ThirdParty:1030 - CMSIS Pack Vendor :Cesanta I-CUBE-Mongoose 7.13.0
2024-08-09 00:33:52,994 [INFO] ThirdParty:1030 - CMSIS Pack Vendor :STMicroelectronics X-CUBE-TOF1 3.4.2
2024-08-09 00:33:52,994 [INFO] ThirdParty:1030 - CMSIS Pack Vendor :STMicroelectronics USB_HOST 1.0.0
2024-08-09 00:33:52,995 [INFO] ThirdParty:1030 - CMSIS Pack Vendor :STMicroelectronics X-CUBE-AZRTOS-G4 2.0.0
2024-08-09 00:33:52,995 [INFO] ThirdParty:1030 - CMSIS Pack Vendor :STMicroelectronics PDM2PCM 3.1.0
2024-08-09 00:33:52,995 [INFO] ThirdParty:1030 - CMSIS Pack Vendor :Infineon AIROC-Wi-Fi-Bluetooth-STM32 1.6.0
2024-08-09 00:33:52,995 [INFO] ThirdParty:1030 - CMSIS Pack Vendor :STMicroelectronics PDM2PCM 3.2.0
2024-08-09 00:33:52,995 [INFO] ThirdParty:1030 - CMSIS Pack Vendor :wolfSSL I-CUBE-wolfSSH 1.4.17
2024-08-09 00:33:52,995 [INFO] ThirdParty:1030 - CMSIS Pack Vendor :STMicroelectronics PDM2PCM 3.3.0
2024-08-09 00:33:52,995 [INFO] ThirdParty:841 - exiting critical section [change project]
2024-08-09 00:33:53,660 [INFO] PinOutPanel:1561 - setPackage(No Configuration,No Configuration)
2024-08-09 00:33:53,661 [INFO] PinOutPanel:1561 - setPackage(STM32F429ZITx,LQFP144)
2024-08-09 00:33:54,557 [INFO] UtilMem:75 - Before build in PCC Used Memory: 727895776 Bytes (1073741824)
2024-08-09 00:33:55,244 [INFO] UtilMem:75 - After build in PCC Used Memory: 775614192 Bytes (1073741824)
2024-08-09 00:33:55,330 [INFO] IPUIPlugin:80 - create IPUIPlugin
2024-08-09 00:33:55,331 [INFO] IPUIPlugin:80 - create IPUIPlugin
2024-08-09 00:33:55,331 [INFO] IPUIPlugin:80 - create IPUIPlugin
2024-08-09 00:33:55,331 [INFO] IPUIPlugin:80 - create IPUIPlugin
2024-08-09 00:33:55,331 [INFO] IPUIPlugin:80 - create IPUIPlugin
2024-08-09 00:33:55,331 [INFO] IPUIPlugin:80 - create IPUIPlugin
2024-08-09 00:33:55,332 [INFO] IPUIPlugin:80 - create IPUIPlugin
2024-08-09 00:33:55,332 [INFO] IPUIPlugin:80 - create IPUIPlugin
2024-08-09 00:33:55,333 [INFO] IPUIPlugin:80 - create IPUIPlugin
2024-08-09 00:33:55,333 [INFO] IPUIPlugin:80 - create IPUIPlugin
2024-08-09 00:33:55,333 [INFO] IPUIPlugin:80 - create IPUIPlugin
2024-08-09 00:33:55,334 [INFO] IPUIPlugin:80 - create IPUIPlugin
2024-08-09 00:33:55,334 [INFO] IPUIPlugin:80 - create IPUIPlugin
2024-08-09 00:33:55,346 [INFO] IPUIPlugin:80 - create IPUIPlugin
2024-08-09 00:33:55,346 [INFO] IPUIPlugin:80 - create IPUIPlugin
2024-08-09 00:33:55,347 [INFO] IPUIPlugin:80 - create IPUIPlugin
2024-08-09 00:33:55,347 [INFO] IPUIPlugin:80 - create IPUIPlugin
2024-08-09 00:33:55,347 [INFO] IPUIPlugin:80 - create IPUIPlugin
2024-08-09 00:33:55,348 [INFO] IPUIPlugin:80 - create IPUIPlugin
2024-08-09 00:33:55,348 [INFO] IPUIPlugin:80 - create IPUIPlugin
2024-08-09 00:33:55,348 [INFO] IPUIPlugin:80 - create IPUIPlugin
2024-08-09 00:33:55,349 [INFO] IPUIPlugin:80 - create IPUIPlugin
2024-08-09 00:33:55,349 [INFO] IPUIPlugin:80 - create IPUIPlugin
2024-08-09 00:33:55,350 [INFO] IPUIPlugin:80 - create IPUIPlugin
2024-08-09 00:33:55,351 [INFO] IPUIPlugin:80 - create IPUIPlugin
2024-08-09 00:33:55,351 [INFO] IPUIPlugin:80 - create IPUIPlugin
2024-08-09 00:33:55,352 [INFO] IPUIPlugin:80 - create IPUIPlugin
2024-08-09 00:33:55,352 [INFO] IPUIPlugin:80 - create IPUIPlugin
2024-08-09 00:33:55,353 [INFO] IPUIPlugin:80 - create IPUIPlugin
2024-08-09 00:33:55,354 [INFO] IPUIPlugin:80 - create IPUIPlugin
2024-08-09 00:33:55,354 [INFO] IPUIPlugin:80 - create IPUIPlugin
2024-08-09 00:33:55,355 [INFO] IPUIPlugin:80 - create IPUIPlugin
2024-08-09 00:33:55,356 [INFO] IPUIPlugin:80 - create IPUIPlugin
2024-08-09 00:33:55,356 [INFO] IPUIPlugin:80 - create IPUIPlugin
2024-08-09 00:33:55,357 [INFO] IPUIPlugin:80 - create IPUIPlugin
2024-08-09 00:33:55,357 [INFO] IPUIPlugin:80 - create IPUIPlugin
2024-08-09 00:33:55,358 [INFO] IPUIPlugin:80 - create IPUIPlugin
2024-08-09 00:33:55,361 [INFO] IPUIPlugin:80 - create IPUIPlugin
2024-08-09 00:33:55,362 [INFO] IPUIPlugin:80 - create IPUIPlugin
2024-08-09 00:33:55,362 [INFO] IPUIPlugin:80 - create IPUIPlugin
2024-08-09 00:33:55,363 [INFO] IPUIPlugin:80 - create IPUIPlugin
2024-08-09 00:33:55,364 [INFO] IPUIPlugin:80 - create IPUIPlugin
2024-08-09 00:33:55,365 [INFO] IPUIPlugin:80 - create IPUIPlugin
2024-08-09 00:33:55,365 [INFO] IPUIPlugin:80 - create IPUIPlugin
2024-08-09 00:33:55,366 [INFO] IPUIPlugin:80 - create IPUIPlugin
2024-08-09 00:33:55,367 [INFO] IPUIPlugin:80 - create IPUIPlugin
2024-08-09 00:33:55,368 [INFO] IPUIPlugin:80 - create IPUIPlugin
2024-08-09 00:33:55,369 [INFO] IPUIPlugin:80 - create IPUIPlugin
2024-08-09 00:33:55,369 [INFO] IPUIPlugin:80 - create IPUIPlugin
2024-08-09 00:33:55,370 [INFO] IPUIPlugin:80 - create IPUIPlugin
2024-08-09 00:33:55,371 [INFO] IPUIPlugin:80 - create IPUIPlugin
2024-08-09 00:33:55,371 [INFO] IPUIPlugin:80 - create IPUIPlugin
2024-08-09 00:33:55,372 [INFO] IPUIPlugin:80 - create IPUIPlugin
2024-08-09 00:33:55,373 [INFO] IPUIPlugin:80 - create IPUIPlugin
2024-08-09 00:33:55,374 [INFO] IPUIPlugin:80 - create IPUIPlugin
2024-08-09 00:33:55,375 [INFO] IPUIPlugin:80 - create IPUIPlugin
2024-08-09 00:33:55,376 [INFO] IPUIPlugin:80 - create IPUIPlugin
2024-08-09 00:33:55,377 [INFO] IPUIPlugin:80 - create IPUIPlugin
2024-08-09 00:33:55,378 [INFO] IPUIPlugin:80 - create IPUIPlugin
2024-08-09 00:33:55,379 [INFO] IPUIPlugin:80 - create IPUIPlugin
2024-08-09 00:33:55,380 [INFO] IPUIPlugin:80 - create IPUIPlugin
2024-08-09 00:33:55,381 [INFO] IPUIPlugin:80 - create IPUIPlugin
2024-08-09 00:33:55,383 [INFO] IPUIPlugin:80 - create IPUIPlugin
2024-08-09 00:33:55,384 [INFO] IPUIPlugin:80 - create IPUIPlugin
2024-08-09 00:33:55,385 [INFO] IPUIPlugin:80 - create IPUIPlugin
2024-08-09 00:33:55,387 [INFO] IPUIPlugin:80 - create IPUIPlugin
2024-08-09 00:33:55,397 [INFO] ApiDbMcu:508 - Load IP Config File for PDM2PCM
2024-08-09 00:33:55,579 [INFO] CADModel:165 - CPN selected for project levelSTM32F429ZIT6
2024-08-09 00:33:55,579 [INFO] CADModel:114 - Register for checkConnection events
2024-08-09 00:33:55,631 [INFO] OpenFileManager:343 - Restore cursor
